***************************************************
Iteration 0: 
    Start training...
    Training done!!!
    Calculating accuracy...
    Section 0 -- Accuracy: 0.854427  ( 39689 / 46451 ) 
    Section 1 -- Accuracy: 0.866521  ( 41275 / 47633 ) 
    Section 22 -- Accuracy: 0.862178  ( 34588 / 40117 ) 
    Section 24 -- Accuracy: 0.848294  ( 27869 / 32853 ) 
    Feature Count: 3013546

***************************************************
Iteration 1: 
    Start training...
    Training done!!!
    Calculating accuracy...
    Section 0 -- Accuracy: 0.867667  ( 40304 / 46451 ) 
    Section 1 -- Accuracy: 0.875213  ( 41689 / 47633 ) 
    Section 22 -- Accuracy: 0.870977  ( 34941 / 40117 ) 
    Section 24 -- Accuracy: 0.856117  ( 28126 / 32853 ) 
    Feature Count: 3720574

***************************************************
Iteration 2: 
    Start training...
    Training done!!!
    Calculating accuracy...
    Section 0 -- Accuracy: 0.876063  ( 40694 / 46451 ) 
    Section 1 -- Accuracy: 0.884072  ( 42111 / 47633 ) 
    Section 22 -- Accuracy: 0.882693  ( 35411 / 40117 ) 
    Section 24 -- Accuracy: 0.867531  ( 28501 / 32853 ) 
    Feature Count: 4078607

***************************************************
Iteration 3: 
    Start training...
    Training done!!!
    Calculating accuracy...
    Section 0 -- Accuracy: 0.877591  ( 40765 / 46451 ) 
    Section 1 -- Accuracy: 0.886423  ( 42223 / 47633 ) 
    Section 22 -- Accuracy: 0.885535  ( 35525 / 40117 ) 
    Section 24 -- Accuracy: 0.870301  ( 28592 / 32853 ) 
    Feature Count: 4298810

***************************************************
Iteration 4: 
    Start training...
    Training done!!!
    Calculating accuracy...
    Section 0 -- Accuracy: 0.884394  ( 41081 / 46451 ) 
    Section 1 -- Accuracy: 0.893708  ( 42570 / 47633 ) 
    Section 22 -- Accuracy: 0.888401  ( 35640 / 40117 ) 
    Section 24 -- Accuracy: 0.875719  ( 28770 / 32853 ) 
    Feature Count: 4450526

***************************************************
Iteration 5: 
    Start training...
    Training done!!!
    Calculating accuracy...
    Section 0 -- Accuracy: 0.882392  ( 40988 / 46451 ) 
    Section 1 -- Accuracy: 0.891441  ( 42462 / 47633 ) 
    Section 22 -- Accuracy: 0.886133  ( 35549 / 40117 ) 
    Section 24 -- Accuracy: 0.872584  ( 28667 / 32853 ) 
    Feature Count: 4555910

***************************************************
Iteration 6: 
    Start training...
    Training done!!!
    Calculating accuracy...
    Section 0 -- Accuracy: 0.887559  ( 41228 / 46451 ) 
    Section 1 -- Accuracy: 0.896689  ( 42712 / 47633 ) 
    Section 22 -- Accuracy: 0.889523  ( 35685 / 40117 ) 
    Section 24 -- Accuracy: 0.879433  ( 28892 / 32853 ) 
    Feature Count: 4638850

***************************************************
Iteration 7: 
    Start training...
    Training done!!!
    Calculating accuracy...
    Section 0 -- Accuracy: 0.887021  ( 41203 / 46451 ) 
    Section 1 -- Accuracy: 0.898327  ( 42790 / 47633 ) 
    Section 22 -- Accuracy: 0.890620  ( 35729 / 40117 ) 
    Section 24 -- Accuracy: 0.877758  ( 28837 / 32853 ) 
    Feature Count: 4701517

***************************************************
Iteration 8: 
    Start training...
    Training done!!!
    Calculating accuracy...
    Section 0 -- Accuracy: 0.889733  ( 41329 / 46451 ) 
    Section 1 -- Accuracy: 0.897382  ( 42745 / 47633 ) 
    Section 22 -- Accuracy: 0.891841  ( 35778 / 40117 ) 
    Section 24 -- Accuracy: 0.878124  ( 28849 / 32853 ) 
    Feature Count: 4753522

***************************************************
Iteration 9: 
    Start training...
    Training done!!!
    Calculating accuracy...
    Section 0 -- Accuracy: 0.889712  ( 41328 / 46451 ) 
    Section 1 -- Accuracy: 0.900867  ( 42911 / 47633 ) 
    Section 22 -- Accuracy: 0.894209  ( 35873 / 40117 ) 
    Section 24 -- Accuracy: 0.879920  ( 28908 / 32853 ) 
    Feature Count: 4794361

***************************************************
Iteration 10: 
    Start training...
    Training done!!!
    Calculating accuracy...
    Section 0 -- Accuracy: 0.890530  ( 41366 / 46451 ) 
    Section 1 -- Accuracy: 0.901266  ( 42930 / 47633 ) 
    Section 22 -- Accuracy: 0.895456  ( 35923 / 40117 ) 
    Section 24 -- Accuracy: 0.882294  ( 28986 / 32853 ) 
    Feature Count: 4830707

***************************************************
Iteration 11: 
    Start training...
    Training done!!!
    Calculating accuracy...
    Section 0 -- Accuracy: 0.893221  ( 41491 / 46451 ) 
    Section 1 -- Accuracy: 0.900258  ( 42882 / 47633 ) 
    Section 22 -- Accuracy: 0.895057  ( 35907 / 40117 ) 
    Section 24 -- Accuracy: 0.882568  ( 28995 / 32853 ) 
    Feature Count: 4860162

***************************************************
Iteration 12: 
    Start training...
    Training done!!!
    Calculating accuracy...
    Section 0 -- Accuracy: 0.889044  ( 41297 / 46451 ) 
    Section 1 -- Accuracy: 0.901140  ( 42924 / 47633 ) 
    Section 22 -- Accuracy: 0.891816  ( 35777 / 40117 ) 
    Section 24 -- Accuracy: 0.881746  ( 28968 / 32853 ) 
    Feature Count: 4885026

***************************************************
Iteration 13: 
    Start training...
    Training done!!!
    Calculating accuracy...
    Section 0 -- Accuracy: 0.891240  ( 41399 / 46451 ) 
    Section 1 -- Accuracy: 0.902442  ( 42986 / 47633 ) 
    Section 22 -- Accuracy: 0.895132  ( 35910 / 40117 ) 
    Section 24 -- Accuracy: 0.883603  ( 29029 / 32853 ) 
    Feature Count: 4908258

***************************************************
Iteration 14: 
    Start training...
    Training done!!!
    Calculating accuracy...
    Section 0 -- Accuracy: 0.892317  ( 41449 / 46451 ) 
    Section 1 -- Accuracy: 0.903113  ( 43018 / 47633 ) 
    Section 22 -- Accuracy: 0.896079  ( 35948 / 40117 ) 
    Section 24 -- Accuracy: 0.883451  ( 29024 / 32853 ) 
    Feature Count: 4929698

***************************************************
Iteration 15: 
    Start training...
    Training done!!!
    Calculating accuracy...
    Section 0 -- Accuracy: 0.891585  ( 41415 / 46451 ) 
    Section 1 -- Accuracy: 0.901434  ( 42938 / 47633 ) 
    Section 22 -- Accuracy: 0.896253  ( 35955 / 40117 ) 
    Section 24 -- Accuracy: 0.882872  ( 29005 / 32853 ) 
    Feature Count: 4947103

***************************************************
Iteration 16: 
    Start training...
    Training done!!!
    Calculating accuracy...
    Section 0 -- Accuracy: 0.891735  ( 41422 / 46451 ) 
    Section 1 -- Accuracy: 0.901350  ( 42934 / 47633 ) 
    Section 22 -- Accuracy: 0.896129  ( 35950 / 40117 ) 
    Section 24 -- Accuracy: 0.882598  ( 28996 / 32853 ) 
    Feature Count: 4964226

***************************************************
Iteration 17: 
    Start training...
    Training done!!!
    Calculating accuracy...
    Section 0 -- Accuracy: 0.891821  ( 41426 / 46451 ) 
    Section 1 -- Accuracy: 0.901770  ( 42954 / 47633 ) 
    Section 22 -- Accuracy: 0.895231  ( 35914 / 40117 ) 
    Section 24 -- Accuracy: 0.882507  ( 28993 / 32853 ) 
    Feature Count: 4977532

***************************************************
Iteration 18: 
    Start training...
    Training done!!!
    Calculating accuracy...
    Section 0 -- Accuracy: 0.892166  ( 41442 / 46451 ) 
    Section 1 -- Accuracy: 0.902484  ( 42988 / 47633 ) 
    Section 22 -- Accuracy: 0.895755  ( 35935 / 40117 ) 
    Section 24 -- Accuracy: 0.882324  ( 28987 / 32853 ) 
    Feature Count: 4992765

***************************************************
Iteration 19: 
    Start training...
    Training done!!!
    Calculating accuracy...
    Section 0 -- Accuracy: 0.894319  ( 41542 / 46451 ) 
    Section 1 -- Accuracy: 0.902945  ( 43010 / 47633 ) 
    Section 22 -- Accuracy: 0.897674  ( 36012 / 40117 ) 
    Section 24 -- Accuracy: 0.882842  ( 29004 / 32853 ) 
    Feature Count: 5004978

***************************************************
Iteration 20: 
    Start training...
    Training done!!!
    Calculating accuracy...
    Section 0 -- Accuracy: 0.892252  ( 41446 / 46451 ) 
    Section 1 -- Accuracy: 0.901350  ( 42934 / 47633 ) 
    Section 22 -- Accuracy: 0.894882  ( 35900 / 40117 ) 
    Section 24 -- Accuracy: 0.882324  ( 28987 / 32853 ) 
    Feature Count: 5017773

***************************************************
Iteration 21: 
    Start training...
    Training done!!!
    Calculating accuracy...
    Section 0 -- Accuracy: 0.895460  ( 41595 / 46451 ) 
    Section 1 -- Accuracy: 0.904352  ( 43077 / 47633 ) 
    Section 22 -- Accuracy: 0.896229  ( 35954 / 40117 ) 
    Section 24 -- Accuracy: 0.882446  ( 28991 / 32853 ) 
    Feature Count: 5028106

***************************************************
Iteration 22: 
    Start training...
    Training done!!!
    Calculating accuracy...
    Section 0 -- Accuracy: 0.895589  ( 41601 / 46451 ) 
    Section 1 -- Accuracy: 0.904583  ( 43088 / 47633 ) 
    Section 22 -- Accuracy: 0.896303  ( 35957 / 40117 ) 
    Section 24 -- Accuracy: 0.884211  ( 29049 / 32853 ) 
    Feature Count: 5037163

***************************************************
Iteration 23: 
    Start training...
    Training done!!!
    Calculating accuracy...
    Section 0 -- Accuracy: 0.893458  ( 41502 / 46451 ) 
    Section 1 -- Accuracy: 0.903092  ( 43017 / 47633 ) 
    Section 22 -- Accuracy: 0.898273  ( 36036 / 40117 ) 
    Section 24 -- Accuracy: 0.882629  ( 28997 / 32853 ) 
    Feature Count: 5044942

***************************************************
Iteration 24: 
    Start training...
    Training done!!!
    Calculating accuracy...
    Section 0 -- Accuracy: 0.893824  ( 41519 / 46451 ) 
    Section 1 -- Accuracy: 0.903029  ( 43014 / 47633 ) 
    Section 22 -- Accuracy: 0.899569  ( 36088 / 40117 ) 
    Section 24 -- Accuracy: 0.883329  ( 29020 / 32853 ) 
    Feature Count: 5054038

***************************************************
Iteration 25: 
    Start training...
    Training done!!!
    Calculating accuracy...
    Section 0 -- Accuracy: 0.894103  ( 41532 / 46451 ) 
    Section 1 -- Accuracy: 0.903806  ( 43051 / 47633 ) 
    Section 22 -- Accuracy: 0.899195  ( 36073 / 40117 ) 
    Section 24 -- Accuracy: 0.882537  ( 28994 / 32853 ) 
    Feature Count: 5062389

***************************************************
Iteration 26: 
    Start training...
    Training done!!!
    Calculating accuracy...
    Section 0 -- Accuracy: 0.893092  ( 41485 / 46451 ) 
    Section 1 -- Accuracy: 0.902148  ( 42972 / 47633 ) 
    Section 22 -- Accuracy: 0.895655  ( 35931 / 40117 ) 
    Section 24 -- Accuracy: 0.883329  ( 29020 / 32853 ) 
    Feature Count: 5069955

***************************************************
Iteration 27: 
    Start training...
    Training done!!!
    Calculating accuracy...
    Section 0 -- Accuracy: 0.893845  ( 41520 / 46451 ) 
    Section 1 -- Accuracy: 0.904982  ( 43107 / 47633 ) 
    Section 22 -- Accuracy: 0.897051  ( 35987 / 40117 ) 
    Section 24 -- Accuracy: 0.884059  ( 29044 / 32853 ) 
    Feature Count: 5077515

***************************************************
Iteration 28: 
    Start training...
    Training done!!!
    Calculating accuracy...
    Section 0 -- Accuracy: 0.894835  ( 41566 / 46451 ) 
    Section 1 -- Accuracy: 0.905675  ( 43140 / 47633 ) 
    Section 22 -- Accuracy: 0.897924  ( 36022 / 40117 ) 
    Section 24 -- Accuracy: 0.885246  ( 29083 / 32853 ) 
    Feature Count: 5084396

***************************************************
Iteration 29: 
    Start training...
    Training done!!!
    Calculating accuracy...
    Section 0 -- Accuracy: 0.893931  ( 41524 / 46451 ) 
    Section 1 -- Accuracy: 0.903428  ( 43033 / 47633 ) 
    Section 22 -- Accuracy: 0.898871  ( 36060 / 40117 ) 
    Section 24 -- Accuracy: 0.883968  ( 29041 / 32853 ) 
    Feature Count: 5091588

***************************************************
Iteration 30: 
    Start training...
    Training done!!!
    Calculating accuracy...
    Section 0 -- Accuracy: 0.895072  ( 41577 / 46451 ) 
    Section 1 -- Accuracy: 0.903911  ( 43056 / 47633 ) 
    Section 22 -- Accuracy: 0.897251  ( 35995 / 40117 ) 
    Section 24 -- Accuracy: 0.884394  ( 29055 / 32853 ) 
    Feature Count: 5098486

***************************************************
Iteration 31: 
    Start training...
    Training done!!!
    Calculating accuracy...
    Section 0 -- Accuracy: 0.892726  ( 41468 / 46451 ) 
    Section 1 -- Accuracy: 0.904142  ( 43067 / 47633 ) 
    Section 22 -- Accuracy: 0.896702  ( 35973 / 40117 ) 
    Section 24 -- Accuracy: 0.882690  ( 28999 / 32853 ) 
    Feature Count: 5104671

***************************************************
Iteration 32: 
    Start training...
    Training done!!!
    Calculating accuracy...
    Section 0 -- Accuracy: 0.893824  ( 41519 / 46451 ) 
    Section 1 -- Accuracy: 0.902840  ( 43005 / 47633 ) 
    Section 22 -- Accuracy: 0.894583  ( 35888 / 40117 ) 
    Section 24 -- Accuracy: 0.882568  ( 28995 / 32853 ) 
    Feature Count: 5110621

***************************************************
Iteration 33: 
    Start training...
    Training done!!!
    Calculating accuracy...
    Section 0 -- Accuracy: 0.894103  ( 41532 / 46451 ) 
    Section 1 -- Accuracy: 0.903995  ( 43060 / 47633 ) 
    Section 22 -- Accuracy: 0.898073  ( 36028 / 40117 ) 
    Section 24 -- Accuracy: 0.882964  ( 29008 / 32853 ) 
    Feature Count: 5116488

***************************************************
Iteration 34: 
    Start training...
    Training done!!!
    Calculating accuracy...
    Section 0 -- Accuracy: 0.891994  ( 41434 / 46451 ) 
    Section 1 -- Accuracy: 0.904562  ( 43087 / 47633 ) 
    Section 22 -- Accuracy: 0.895830  ( 35938 / 40117 ) 
    Section 24 -- Accuracy: 0.883298  ( 29019 / 32853 ) 
    Feature Count: 5121185

***************************************************
Iteration 35: 
    Start training...
    Training done!!!
    Calculating accuracy...
    Section 0 -- Accuracy: 0.892403  ( 41453 / 46451 ) 
    Section 1 -- Accuracy: 0.902756  ( 43001 / 47633 ) 
    Section 22 -- Accuracy: 0.896852  ( 35979 / 40117 ) 
    Section 24 -- Accuracy: 0.883055  ( 29011 / 32853 ) 
    Feature Count: 5126619

***************************************************
Iteration 36: 
    Start training...
    Training done!!!
    Calculating accuracy...
    Section 0 -- Accuracy: 0.893608  ( 41509 / 46451 ) 
    Section 1 -- Accuracy: 0.903974  ( 43059 / 47633 ) 
    Section 22 -- Accuracy: 0.897699  ( 36013 / 40117 ) 
    Section 24 -- Accuracy: 0.884668  ( 29064 / 32853 ) 
    Feature Count: 5132108

***************************************************
Iteration 37: 
    Start training...
    Training done!!!
    Calculating accuracy...
    Section 0 -- Accuracy: 0.893135  ( 41487 / 46451 ) 
    Section 1 -- Accuracy: 0.902631  ( 42995 / 47633 ) 
    Section 22 -- Accuracy: 0.897151  ( 35991 / 40117 ) 
    Section 24 -- Accuracy: 0.882385  ( 28989 / 32853 ) 
    Feature Count: 5137144

***************************************************
Iteration 38: 
    Start training...
    Training done!!!
    Calculating accuracy...
    Section 0 -- Accuracy: 0.892532  ( 41459 / 46451 ) 
    Section 1 -- Accuracy: 0.903092  ( 43017 / 47633 ) 
    Section 22 -- Accuracy: 0.896029  ( 35946 / 40117 ) 
    Section 24 -- Accuracy: 0.883755  ( 29034 / 32853 ) 
    Feature Count: 5142189

***************************************************
Iteration 39: 
    Start training...
    Training done!!!
    Calculating accuracy...
    Section 0 -- Accuracy: 0.894039  ( 41529 / 46451 ) 
    Section 1 -- Accuracy: 0.903008  ( 43013 / 47633 ) 
    Section 22 -- Accuracy: 0.897724  ( 36014 / 40117 ) 
    Section 24 -- Accuracy: 0.881381  ( 28956 / 32853 ) 
    Feature Count: 5145012

***************************************************
Iteration 40: 
    Start training...
    Training done!!!
    Calculating accuracy...
    Section 0 -- Accuracy: 0.894512  ( 41551 / 46451 ) 
    Section 1 -- Accuracy: 0.904268  ( 43073 / 47633 ) 
    Section 22 -- Accuracy: 0.897575  ( 36008 / 40117 ) 
    Section 24 -- Accuracy: 0.882903  ( 29006 / 32853 ) 
    Feature Count: 5150620

***************************************************
Iteration 41: 
    Start training...
    Training done!!!
    Calculating accuracy...
    Section 0 -- Accuracy: 0.891369  ( 41405 / 46451 ) 
    Section 1 -- Accuracy: 0.901518  ( 42942 / 47633 ) 
    Section 22 -- Accuracy: 0.894658  ( 35891 / 40117 ) 
    Section 24 -- Accuracy: 0.880468  ( 28926 / 32853 ) 
    Feature Count: 5155309

***************************************************
Iteration 42: 
    Start training...
