commit 52ab30f

ran on linearb.cs.sfu.ca
used shell script glm-parser/scripts/run_linearb.sh

!! change the parameter of -i to 2 at line 16 !!

the weight output can be found at /cs/natlang-projects/glm-parser/new_result/weight/10-22-2014/ on linearb

take 2 interations

10/23/2014 03:48:08 PM DEBUG: Initialize AveragePerceptronLearner ... 
10/23/2014 03:48:08 PM DEBUG: Loading data...
10/23/2014 03:48:08 PM DEBUG: Loading section 02 
10/23/2014 03:48:16 PM DEBUG: Loading section 03 
10/23/2014 03:48:24 PM DEBUG: Loading section 04 
10/23/2014 03:48:36 PM DEBUG: Loading section 05 
10/23/2014 03:48:47 PM DEBUG: Loading section 06 
10/23/2014 03:48:57 PM DEBUG: Loading section 07 
10/23/2014 03:49:08 PM DEBUG: Loading section 08 
10/23/2014 03:49:10 PM DEBUG: Loading section 09 
10/23/2014 03:49:22 PM DEBUG: Loading section 10 
10/23/2014 03:49:30 PM DEBUG: Loading section 11 
10/23/2014 03:49:44 PM DEBUG: Loading section 12 
10/23/2014 03:49:52 PM DEBUG: Loading section 13 
10/23/2014 03:50:08 PM DEBUG: Loading section 14 
10/23/2014 03:50:17 PM DEBUG: Loading section 15 
10/23/2014 03:50:34 PM DEBUG: Loading section 16 
10/23/2014 03:50:45 PM DEBUG: Loading section 17 
10/23/2014 03:50:52 PM DEBUG: Loading section 18 
10/23/2014 03:51:11 PM DEBUG: Loading section 19 
10/23/2014 03:51:18 PM DEBUG: Loading section 20 
10/23/2014 03:51:26 PM DEBUG: Loading section 21 
10/23/2014 03:51:33 PM DEBUG: Starting sequential train ... 
10/23/2014 03:51:33 PM DEBUG: Iteration: 0
10/23/2014 03:51:33 PM DEBUG: Data size: 39832
10/23/2014 03:51:33 PM DEBUG: Data finishing 0.00% ...
10/23/2014 03:53:45 PM DEBUG: Data finishing 2.51% ...
10/23/2014 03:55:51 PM DEBUG: Data finishing 5.02% ...
10/23/2014 03:57:58 PM DEBUG: Data finishing 7.53% ...
10/23/2014 04:00:03 PM DEBUG: Data finishing 10.04% ...
10/23/2014 04:02:06 PM DEBUG: Data finishing 12.55% ...
10/23/2014 04:04:18 PM DEBUG: Data finishing 15.06% ...
10/23/2014 04:06:31 PM DEBUG: Data finishing 17.57% ...
10/23/2014 04:08:37 PM DEBUG: Data finishing 20.08% ...
10/23/2014 04:10:42 PM DEBUG: Data finishing 22.59% ...
10/23/2014 04:12:52 PM DEBUG: Data finishing 25.11% ...
10/23/2014 04:14:51 PM DEBUG: Data finishing 27.62% ...
10/23/2014 04:16:50 PM DEBUG: Data finishing 30.13% ...
10/23/2014 04:19:05 PM DEBUG: Data finishing 32.64% ...
10/23/2014 04:21:11 PM DEBUG: Data finishing 35.15% ...
10/23/2014 04:23:09 PM DEBUG: Data finishing 37.66% ...
10/23/2014 04:25:20 PM DEBUG: Data finishing 40.17% ...
10/23/2014 04:27:10 PM DEBUG: Data finishing 42.68% ...
10/23/2014 04:29:10 PM DEBUG: Data finishing 45.19% ...
10/23/2014 04:31:25 PM DEBUG: Data finishing 47.70% ...
10/23/2014 04:33:21 PM DEBUG: Data finishing 50.21% ...
10/23/2014 04:35:24 PM DEBUG: Data finishing 52.72% ...
10/23/2014 04:37:25 PM DEBUG: Data finishing 55.23% ...
10/23/2014 04:39:31 PM DEBUG: Data finishing 57.74% ...
10/23/2014 04:41:30 PM DEBUG: Data finishing 60.25% ...
10/23/2014 04:43:38 PM DEBUG: Data finishing 62.76% ...
10/23/2014 04:45:43 PM DEBUG: Data finishing 65.27% ...
10/23/2014 04:47:44 PM DEBUG: Data finishing 67.78% ...
10/23/2014 04:49:39 PM DEBUG: Data finishing 70.30% ...
10/23/2014 04:51:47 PM DEBUG: Data finishing 72.81% ...
10/23/2014 04:53:51 PM DEBUG: Data finishing 75.32% ...
10/23/2014 04:56:03 PM DEBUG: Data finishing 77.83% ...
10/23/2014 04:57:48 PM DEBUG: Data finishing 80.34% ...
10/23/2014 04:59:54 PM DEBUG: Data finishing 82.85% ...
10/23/2014 05:01:49 PM DEBUG: Data finishing 85.36% ...
10/23/2014 05:04:10 PM DEBUG: Data finishing 87.87% ...
10/23/2014 05:06:15 PM DEBUG: Data finishing 90.38% ...
10/23/2014 05:08:15 PM DEBUG: Data finishing 92.89% ...
10/23/2014 05:10:13 PM DEBUG: Data finishing 95.40% ...
10/23/2014 05:12:22 PM DEBUG: Data finishing 97.91% ...
10/23/2014 05:14:19 PM DEBUG: Iteration: 1
10/23/2014 05:14:19 PM DEBUG: Data size: 39832
10/23/2014 05:14:19 PM DEBUG: Data finishing 0.00% ...
10/23/2014 05:14:25 PM DEBUG: Dumping Weight Vector to /cs/natlang-projects/glm-parser/new_results/10-23-2014/Weight_Iter_0.db 
10/23/2014 05:14:25 PM DEBUG: Total Feature Num: 8922842 
10/23/2014 05:16:35 PM DEBUG: Data finishing 2.51% ...
10/23/2014 05:18:42 PM DEBUG: Data finishing 5.02% ...
10/23/2014 05:20:50 PM DEBUG: Data finishing 7.53% ...
10/23/2014 05:22:54 PM DEBUG: Data finishing 10.04% ...
10/23/2014 05:24:58 PM DEBUG: Data finishing 12.55% ...
10/23/2014 05:27:08 PM DEBUG: Data finishing 15.06% ...
10/23/2014 05:29:18 PM DEBUG: Data finishing 17.57% ...
10/23/2014 05:31:24 PM DEBUG: Data finishing 20.08% ...
10/23/2014 05:33:30 PM DEBUG: Data finishing 22.59% ...
10/23/2014 05:35:40 PM DEBUG: Data finishing 25.11% ...
10/23/2014 05:37:40 PM DEBUG: Data finishing 27.62% ...
10/23/2014 05:39:39 PM DEBUG: Data finishing 30.13% ...
10/23/2014 05:41:54 PM DEBUG: Data finishing 32.64% ...
10/23/2014 05:43:59 PM DEBUG: Data finishing 35.15% ...
10/23/2014 05:45:55 PM DEBUG: Data finishing 37.66% ...
10/23/2014 05:48:05 PM DEBUG: Data finishing 40.17% ...
10/23/2014 05:49:54 PM DEBUG: Data finishing 42.68% ...
10/23/2014 05:51:52 PM DEBUG: Data finishing 45.19% ...
10/23/2014 05:54:04 PM DEBUG: Data finishing 47.70% ...
10/23/2014 05:55:57 PM DEBUG: Data finishing 50.21% ...
10/23/2014 05:58:00 PM DEBUG: Data finishing 52.72% ...
10/23/2014 06:00:00 PM DEBUG: Data finishing 55.23% ...
10/23/2014 06:02:06 PM DEBUG: Data finishing 57.74% ...
10/23/2014 06:04:05 PM DEBUG: Data finishing 60.25% ...
10/23/2014 06:06:13 PM DEBUG: Data finishing 62.76% ...
10/23/2014 06:08:17 PM DEBUG: Data finishing 65.27% ...
10/23/2014 06:10:18 PM DEBUG: Data finishing 67.78% ...
10/23/2014 06:12:14 PM DEBUG: Data finishing 70.30% ...
10/23/2014 06:14:23 PM DEBUG: Data finishing 72.81% ...
10/23/2014 06:16:28 PM DEBUG: Data finishing 75.32% ...
10/23/2014 06:18:40 PM DEBUG: Data finishing 77.83% ...
10/23/2014 06:20:26 PM DEBUG: Data finishing 80.34% ...
10/23/2014 06:22:32 PM DEBUG: Data finishing 82.85% ...
10/23/2014 06:24:29 PM DEBUG: Data finishing 85.36% ...
10/23/2014 06:26:50 PM DEBUG: Data finishing 87.87% ...
10/23/2014 06:28:56 PM DEBUG: Data finishing 90.38% ...
10/23/2014 06:30:56 PM DEBUG: Data finishing 92.89% ...
10/23/2014 06:32:55 PM DEBUG: Data finishing 95.40% ...
10/23/2014 06:35:04 PM DEBUG: Data finishing 97.91% ...
10/23/2014 06:37:09 PM DEBUG: Dumping Weight Vector to /cs/natlang-projects/glm-parser/new_results/10-23-2014/Weight_Iter_1.db 
10/23/2014 06:37:09 PM DEBUG: Total Feature Num: 9423694 
10/23/2014 06:37:22 PM DEBUG: Loading data...
10/23/2014 06:37:22 PM DEBUG: Loading section 00 
10/23/2014 06:37:39 PM DEBUG: Loading section 01 
10/23/2014 06:37:58 PM DEBUG: Loading section 22 
10/23/2014 06:38:18 PM DEBUG: Loading section 24 
10/23/2014 06:38:30 PM DEBUG: Start evaluating ...
10/23/2014 06:38:30 PM INFO: Feature count: 9423694
10/23/2014 06:38:30 PM DEBUG: Data finishing 0.00% ...
10/23/2014 06:40:32 PM DEBUG: Data finishing 14.37% ...
10/23/2014 06:43:03 PM DEBUG: Data finishing 28.74% ...
10/23/2014 06:45:04 PM DEBUG: Data finishing 43.10% ...
10/23/2014 06:47:10 PM DEBUG: Data finishing 57.47% ...
10/23/2014 06:49:11 PM DEBUG: Data finishing 71.84% ...
10/23/2014 06:51:13 PM DEBUG: Data finishing 86.21% ...
10/23/2014 06:53:18 PM INFO: Unlabeled accuracy: 0.906239898476 (151391, 167054)
