commit 52ab30f

ran on linearb.cs.sfu.ca
used shell script glm-parser/scripts/run_linearb.sh
the weight output can be found at /cs/natlang-projects/glm-parser/new_result/weight/10-22-2014/ on linearb

take 30 interations

10/20/2014 04:12:04 PM DEBUG: Loading data...
10/20/2014 04:12:04 PM DEBUG: Loading data...
10/20/2014 04:12:04 PM DEBUG: Initialize AveragePerceptronLearner ... 
10/20/2014 04:12:04 PM DEBUG: Loading data...
10/20/2014 04:12:04 PM DEBUG: Loading section 02 
10/20/2014 04:12:13 PM DEBUG: Loading section 03 
10/20/2014 04:12:21 PM DEBUG: Loading section 04 
10/20/2014 04:12:33 PM DEBUG: Loading section 05 
10/20/2014 04:12:43 PM DEBUG: Loading section 06 
10/20/2014 04:12:53 PM DEBUG: Loading section 07 
10/20/2014 04:13:05 PM DEBUG: Loading section 08 
10/20/2014 04:13:07 PM DEBUG: Loading section 09 
10/20/2014 04:13:19 PM DEBUG: Loading section 10 
10/20/2014 04:13:27 PM DEBUG: Loading section 11 
10/20/2014 04:13:40 PM DEBUG: Loading section 12 
10/20/2014 04:13:49 PM DEBUG: Loading section 13 
10/20/2014 04:14:05 PM DEBUG: Loading section 14 
10/20/2014 04:14:13 PM DEBUG: Loading section 15 
10/20/2014 04:14:30 PM DEBUG: Loading section 16 
10/20/2014 04:14:41 PM DEBUG: Loading section 17 
10/20/2014 04:14:48 PM DEBUG: Loading section 18 
10/20/2014 04:15:07 PM DEBUG: Loading section 19 
10/20/2014 04:15:15 PM DEBUG: Loading section 20 
10/20/2014 04:15:23 PM DEBUG: Loading section 21 
10/20/2014 04:15:30 PM DEBUG: Starting sequential train ... 
10/20/2014 04:15:30 PM DEBUG: Iteration: 0
10/20/2014 04:15:30 PM DEBUG: Data size: 39832
10/20/2014 04:15:30 PM DEBUG: Data finishing 0.00% ...
10/20/2014 04:17:40 PM DEBUG: Data finishing 2.51% ...
10/20/2014 04:19:44 PM DEBUG: Data finishing 5.02% ...
10/20/2014 04:21:49 PM DEBUG: Data finishing 7.53% ...
10/20/2014 04:23:51 PM DEBUG: Data finishing 10.04% ...
10/20/2014 04:25:52 PM DEBUG: Data finishing 12.55% ...
10/20/2014 04:28:00 PM DEBUG: Data finishing 15.06% ...
10/20/2014 04:30:12 PM DEBUG: Data finishing 17.57% ...
10/20/2014 04:32:16 PM DEBUG: Data finishing 20.08% ...
10/20/2014 04:34:21 PM DEBUG: Data finishing 22.59% ...
10/20/2014 04:36:28 PM DEBUG: Data finishing 25.11% ...
10/20/2014 04:38:27 PM DEBUG: Data finishing 27.62% ...
10/20/2014 04:40:25 PM DEBUG: Data finishing 30.13% ...
10/20/2014 04:42:38 PM DEBUG: Data finishing 32.64% ...
10/20/2014 04:44:42 PM DEBUG: Data finishing 35.15% ...
10/20/2014 04:46:38 PM DEBUG: Data finishing 37.66% ...
10/20/2014 04:48:47 PM DEBUG: Data finishing 40.17% ...
10/20/2014 04:50:35 PM DEBUG: Data finishing 42.68% ...
10/20/2014 04:52:33 PM DEBUG: Data finishing 45.19% ...
10/20/2014 04:54:45 PM DEBUG: Data finishing 47.70% ...
10/20/2014 04:56:42 PM DEBUG: Data finishing 50.21% ...
10/20/2014 04:58:52 PM DEBUG: Data finishing 52.72% ...
10/20/2014 05:01:02 PM DEBUG: Data finishing 55.23% ...
10/20/2014 05:03:19 PM DEBUG: Data finishing 57.74% ...
10/20/2014 05:05:26 PM DEBUG: Data finishing 60.25% ...
10/20/2014 05:07:42 PM DEBUG: Data finishing 62.76% ...
10/20/2014 05:09:59 PM DEBUG: Data finishing 65.27% ...
10/20/2014 05:12:10 PM DEBUG: Data finishing 67.78% ...
10/20/2014 05:14:16 PM DEBUG: Data finishing 70.30% ...
10/20/2014 05:16:37 PM DEBUG: Data finishing 72.81% ...
10/20/2014 05:18:49 PM DEBUG: Data finishing 75.32% ...
10/20/2014 05:21:14 PM DEBUG: Data finishing 77.83% ...
10/20/2014 05:23:09 PM DEBUG: Data finishing 80.34% ...
10/20/2014 05:25:21 PM DEBUG: Data finishing 82.85% ...
10/20/2014 05:27:26 PM DEBUG: Data finishing 85.36% ...
10/20/2014 05:29:56 PM DEBUG: Data finishing 87.87% ...
10/20/2014 05:32:11 PM DEBUG: Data finishing 90.38% ...
10/20/2014 05:34:18 PM DEBUG: Data finishing 92.89% ...
10/20/2014 05:36:23 PM DEBUG: Data finishing 95.40% ...
10/20/2014 05:38:39 PM DEBUG: Data finishing 97.91% ...
10/20/2014 05:40:55 PM DEBUG: Iteration: 1
10/20/2014 05:40:55 PM DEBUG: Data size: 39832
10/20/2014 05:40:55 PM DEBUG: Data finishing 0.00% ...
10/20/2014 05:41:02 PM DEBUG: Dumping Weight Vector to /cs/natlang-projects/glm-parser/new_results/Weight_Iter_0.db 
10/20/2014 05:41:02 PM DEBUG: Total Feature Num: 8922842 
10/20/2014 05:43:24 PM DEBUG: Data finishing 2.51% ...
10/20/2014 05:45:45 PM DEBUG: Data finishing 5.02% ...
10/20/2014 05:48:00 PM DEBUG: Data finishing 7.53% ...
10/20/2014 05:50:11 PM DEBUG: Data finishing 10.04% ...
10/20/2014 05:52:23 PM DEBUG: Data finishing 12.55% ...
10/20/2014 05:54:41 PM DEBUG: Data finishing 15.06% ...
10/20/2014 05:57:03 PM DEBUG: Data finishing 17.57% ...
10/20/2014 05:59:20 PM DEBUG: Data finishing 20.08% ...
10/20/2014 06:01:39 PM DEBUG: Data finishing 22.59% ...
10/20/2014 06:04:01 PM DEBUG: Data finishing 25.11% ...
10/20/2014 06:06:11 PM DEBUG: Data finishing 27.62% ...
10/20/2014 06:08:18 PM DEBUG: Data finishing 30.13% ...
10/20/2014 06:10:45 PM DEBUG: Data finishing 32.64% ...
10/20/2014 06:12:57 PM DEBUG: Data finishing 35.15% ...
10/20/2014 06:14:53 PM DEBUG: Data finishing 37.66% ...
10/20/2014 06:17:03 PM DEBUG: Data finishing 40.17% ...
10/20/2014 06:18:57 PM DEBUG: Data finishing 42.68% ...
10/20/2014 06:21:02 PM DEBUG: Data finishing 45.19% ...
10/20/2014 06:23:23 PM DEBUG: Data finishing 47.70% ...
10/20/2014 06:25:24 PM DEBUG: Data finishing 50.21% ...
10/20/2014 06:27:32 PM DEBUG: Data finishing 52.72% ...
10/20/2014 06:29:37 PM DEBUG: Data finishing 55.23% ...
10/20/2014 06:31:47 PM DEBUG: Data finishing 57.74% ...
10/20/2014 06:33:52 PM DEBUG: Data finishing 60.25% ...
10/20/2014 06:36:05 PM DEBUG: Data finishing 62.76% ...
10/20/2014 06:38:14 PM DEBUG: Data finishing 65.27% ...
10/20/2014 06:40:19 PM DEBUG: Data finishing 67.78% ...
10/20/2014 06:42:20 PM DEBUG: Data finishing 70.30% ...
10/20/2014 06:44:36 PM DEBUG: Data finishing 72.81% ...
10/20/2014 06:46:45 PM DEBUG: Data finishing 75.32% ...
10/20/2014 06:49:05 PM DEBUG: Data finishing 77.83% ...
10/20/2014 06:50:59 PM DEBUG: Data finishing 80.34% ...
10/20/2014 06:53:16 PM DEBUG: Data finishing 82.85% ...
10/20/2014 06:55:21 PM DEBUG: Data finishing 85.36% ...
10/20/2014 06:57:53 PM DEBUG: Data finishing 87.87% ...
10/20/2014 07:00:08 PM DEBUG: Data finishing 90.38% ...
10/20/2014 07:02:16 PM DEBUG: Data finishing 92.89% ...
10/20/2014 07:04:20 PM DEBUG: Data finishing 95.40% ...
10/20/2014 07:06:36 PM DEBUG: Data finishing 97.91% ...
10/20/2014 07:08:44 PM DEBUG: Iteration: 2
10/20/2014 07:08:44 PM DEBUG: Data size: 39832
10/20/2014 07:08:44 PM DEBUG: Data finishing 0.00% ...
10/20/2014 07:08:52 PM DEBUG: Dumping Weight Vector to /cs/natlang-projects/glm-parser/new_results/Weight_Iter_1.db 
10/20/2014 07:08:52 PM DEBUG: Total Feature Num: 9423694 
10/20/2014 07:11:08 PM DEBUG: Data finishing 2.51% ...
10/20/2014 07:13:25 PM DEBUG: Data finishing 5.02% ...
10/20/2014 07:15:39 PM DEBUG: Data finishing 7.53% ...
10/20/2014 07:17:49 PM DEBUG: Data finishing 10.04% ...
10/20/2014 07:19:58 PM DEBUG: Data finishing 12.55% ...
10/20/2014 07:22:16 PM DEBUG: Data finishing 15.06% ...
10/20/2014 07:24:33 PM DEBUG: Data finishing 17.57% ...
10/20/2014 07:26:46 PM DEBUG: Data finishing 20.08% ...
10/20/2014 07:29:00 PM DEBUG: Data finishing 22.59% ...
10/20/2014 07:31:15 PM DEBUG: Data finishing 25.11% ...
10/20/2014 07:33:20 PM DEBUG: Data finishing 27.62% ...
10/20/2014 07:35:25 PM DEBUG: Data finishing 30.13% ...
10/20/2014 07:37:45 PM DEBUG: Data finishing 32.64% ...
10/20/2014 07:39:58 PM DEBUG: Data finishing 35.15% ...
10/20/2014 07:42:03 PM DEBUG: Data finishing 37.66% ...
10/20/2014 07:44:22 PM DEBUG: Data finishing 40.17% ...
10/20/2014 07:46:16 PM DEBUG: Data finishing 42.68% ...
10/20/2014 07:48:20 PM DEBUG: Data finishing 45.19% ...
10/20/2014 07:50:42 PM DEBUG: Data finishing 47.70% ...
10/20/2014 07:52:40 PM DEBUG: Data finishing 50.21% ...
10/20/2014 07:54:49 PM DEBUG: Data finishing 52.72% ...
10/20/2014 07:56:53 PM DEBUG: Data finishing 55.23% ...
10/20/2014 07:59:05 PM DEBUG: Data finishing 57.74% ...
10/20/2014 08:01:13 PM DEBUG: Data finishing 60.25% ...
10/20/2014 08:03:31 PM DEBUG: Data finishing 62.76% ...
10/20/2014 08:05:41 PM DEBUG: Data finishing 65.27% ...
10/20/2014 08:07:50 PM DEBUG: Data finishing 67.78% ...
10/20/2014 08:09:53 PM DEBUG: Data finishing 70.30% ...
10/20/2014 08:12:12 PM DEBUG: Data finishing 72.81% ...
10/20/2014 08:14:25 PM DEBUG: Data finishing 75.32% ...
10/20/2014 08:16:44 PM DEBUG: Data finishing 77.83% ...
10/20/2014 08:18:35 PM DEBUG: Data finishing 80.34% ...
10/20/2014 08:20:48 PM DEBUG: Data finishing 82.85% ...
10/20/2014 08:22:50 PM DEBUG: Data finishing 85.36% ...
10/20/2014 08:25:18 PM DEBUG: Data finishing 87.87% ...
10/20/2014 08:27:29 PM DEBUG: Data finishing 90.38% ...
10/20/2014 08:29:37 PM DEBUG: Data finishing 92.89% ...
10/20/2014 08:31:41 PM DEBUG: Data finishing 95.40% ...
10/20/2014 08:33:56 PM DEBUG: Data finishing 97.91% ...
10/20/2014 08:36:01 PM DEBUG: Iteration: 3
10/20/2014 08:36:01 PM DEBUG: Data size: 39832
10/20/2014 08:36:01 PM DEBUG: Data finishing 0.00% ...
10/20/2014 08:36:08 PM DEBUG: Dumping Weight Vector to /cs/natlang-projects/glm-parser/new_results/Weight_Iter_2.db 
10/20/2014 08:36:08 PM DEBUG: Total Feature Num: 9688890 
10/20/2014 08:38:26 PM DEBUG: Data finishing 2.51% ...
10/20/2014 08:40:44 PM DEBUG: Data finishing 5.02% ...
10/20/2014 08:43:02 PM DEBUG: Data finishing 7.53% ...
10/20/2014 08:45:12 PM DEBUG: Data finishing 10.04% ...
10/20/2014 08:47:16 PM DEBUG: Data finishing 12.55% ...
10/20/2014 08:49:27 PM DEBUG: Data finishing 15.06% ...
10/20/2014 08:51:38 PM DEBUG: Data finishing 17.57% ...
10/20/2014 08:53:45 PM DEBUG: Data finishing 20.08% ...
10/20/2014 08:55:52 PM DEBUG: Data finishing 22.59% ...
10/20/2014 08:58:03 PM DEBUG: Data finishing 25.11% ...
10/20/2014 09:00:04 PM DEBUG: Data finishing 27.62% ...
10/20/2014 09:02:04 PM DEBUG: Data finishing 30.13% ...
10/20/2014 09:04:20 PM DEBUG: Data finishing 32.64% ...
10/20/2014 09:06:26 PM DEBUG: Data finishing 35.15% ...
10/20/2014 09:08:24 PM DEBUG: Data finishing 37.66% ...
10/20/2014 09:10:35 PM DEBUG: Data finishing 40.17% ...
10/20/2014 09:12:25 PM DEBUG: Data finishing 42.68% ...
10/20/2014 09:14:24 PM DEBUG: Data finishing 45.19% ...
10/20/2014 09:16:37 PM DEBUG: Data finishing 47.70% ...
10/20/2014 09:18:31 PM DEBUG: Data finishing 50.21% ...
10/20/2014 09:20:35 PM DEBUG: Data finishing 52.72% ...
10/20/2014 09:22:36 PM DEBUG: Data finishing 55.23% ...
10/20/2014 09:24:43 PM DEBUG: Data finishing 57.74% ...
10/20/2014 09:26:43 PM DEBUG: Data finishing 60.25% ...
10/20/2014 09:28:52 PM DEBUG: Data finishing 62.76% ...
10/20/2014 09:30:57 PM DEBUG: Data finishing 65.27% ...
10/20/2014 09:32:59 PM DEBUG: Data finishing 67.78% ...
10/20/2014 09:34:55 PM DEBUG: Data finishing 70.30% ...
10/20/2014 09:37:05 PM DEBUG: Data finishing 72.81% ...
10/20/2014 09:39:10 PM DEBUG: Data finishing 75.32% ...
10/20/2014 09:41:24 PM DEBUG: Data finishing 77.83% ...
10/20/2014 09:43:10 PM DEBUG: Data finishing 80.34% ...
10/20/2014 09:45:17 PM DEBUG: Data finishing 82.85% ...
10/20/2014 09:47:14 PM DEBUG: Data finishing 85.36% ...
10/20/2014 09:49:36 PM DEBUG: Data finishing 87.87% ...
10/20/2014 09:51:42 PM DEBUG: Data finishing 90.38% ...
10/20/2014 09:53:43 PM DEBUG: Data finishing 92.89% ...
10/20/2014 09:55:42 PM DEBUG: Data finishing 95.40% ...
10/20/2014 09:57:52 PM DEBUG: Data finishing 97.91% ...
10/20/2014 09:59:53 PM DEBUG: Iteration: 4
10/20/2014 09:59:53 PM DEBUG: Data size: 39832
10/20/2014 09:59:53 PM DEBUG: Data finishing 0.00% ...
10/20/2014 10:00:00 PM DEBUG: Dumping Weight Vector to /cs/natlang-projects/glm-parser/new_results/Weight_Iter_3.db 
10/20/2014 10:00:00 PM DEBUG: Total Feature Num: 9848843 
10/20/2014 10:02:09 PM DEBUG: Data finishing 2.51% ...
10/20/2014 10:04:17 PM DEBUG: Data finishing 5.02% ...
10/20/2014 10:06:25 PM DEBUG: Data finishing 7.53% ...
10/20/2014 10:08:30 PM DEBUG: Data finishing 10.04% ...
10/20/2014 10:10:34 PM DEBUG: Data finishing 12.55% ...
10/20/2014 10:12:44 PM DEBUG: Data finishing 15.06% ...
10/20/2014 10:14:55 PM DEBUG: Data finishing 17.57% ...
10/20/2014 10:17:01 PM DEBUG: Data finishing 20.08% ...
10/20/2014 10:19:07 PM DEBUG: Data finishing 22.59% ...
10/20/2014 10:21:17 PM DEBUG: Data finishing 25.11% ...
10/20/2014 10:23:17 PM DEBUG: Data finishing 27.62% ...
10/20/2014 10:25:17 PM DEBUG: Data finishing 30.13% ...
10/20/2014 10:27:33 PM DEBUG: Data finishing 32.64% ...
10/20/2014 10:29:38 PM DEBUG: Data finishing 35.15% ...
10/20/2014 10:31:35 PM DEBUG: Data finishing 37.66% ...
10/20/2014 10:33:45 PM DEBUG: Data finishing 40.17% ...
10/20/2014 10:35:34 PM DEBUG: Data finishing 42.68% ...
10/20/2014 10:37:32 PM DEBUG: Data finishing 45.19% ...
10/20/2014 10:39:45 PM DEBUG: Data finishing 47.70% ...
10/20/2014 10:41:39 PM DEBUG: Data finishing 50.21% ...
10/20/2014 10:43:42 PM DEBUG: Data finishing 52.72% ...
10/20/2014 10:45:42 PM DEBUG: Data finishing 55.23% ...
10/20/2014 10:47:48 PM DEBUG: Data finishing 57.74% ...
10/20/2014 10:49:48 PM DEBUG: Data finishing 60.25% ...
10/20/2014 10:51:56 PM DEBUG: Data finishing 62.76% ...
10/20/2014 10:54:01 PM DEBUG: Data finishing 65.27% ...
10/20/2014 10:56:02 PM DEBUG: Data finishing 67.78% ...
10/20/2014 10:57:57 PM DEBUG: Data finishing 70.30% ...
10/20/2014 11:00:07 PM DEBUG: Data finishing 72.81% ...
10/20/2014 11:02:11 PM DEBUG: Data finishing 75.32% ...
10/20/2014 11:04:24 PM DEBUG: Data finishing 77.83% ...
10/20/2014 11:06:10 PM DEBUG: Data finishing 80.34% ...
10/20/2014 11:08:16 PM DEBUG: Data finishing 82.85% ...
10/20/2014 11:10:12 PM DEBUG: Data finishing 85.36% ...
10/20/2014 11:12:34 PM DEBUG: Data finishing 87.87% ...
10/20/2014 11:14:39 PM DEBUG: Data finishing 90.38% ...
10/20/2014 11:16:40 PM DEBUG: Data finishing 92.89% ...
10/20/2014 11:18:38 PM DEBUG: Data finishing 95.40% ...
10/20/2014 11:20:47 PM DEBUG: Data finishing 97.91% ...
10/20/2014 11:22:47 PM DEBUG: Iteration: 5
10/20/2014 11:22:47 PM DEBUG: Data size: 39832
10/20/2014 11:22:47 PM DEBUG: Data finishing 0.00% ...
10/20/2014 11:22:54 PM DEBUG: Dumping Weight Vector to /cs/natlang-projects/glm-parser/new_results/Weight_Iter_4.db 
10/20/2014 11:22:54 PM DEBUG: Total Feature Num: 9958684 
10/20/2014 11:25:03 PM DEBUG: Data finishing 2.51% ...
10/20/2014 11:27:11 PM DEBUG: Data finishing 5.02% ...
10/20/2014 11:29:19 PM DEBUG: Data finishing 7.53% ...
10/20/2014 11:31:25 PM DEBUG: Data finishing 10.04% ...
10/20/2014 11:33:29 PM DEBUG: Data finishing 12.55% ...
10/20/2014 11:35:40 PM DEBUG: Data finishing 15.06% ...
10/20/2014 11:37:51 PM DEBUG: Data finishing 17.57% ...
10/20/2014 11:39:57 PM DEBUG: Data finishing 20.08% ...
10/20/2014 11:42:09 PM DEBUG: Data finishing 22.59% ...
10/20/2014 11:44:19 PM DEBUG: Data finishing 25.11% ...
10/20/2014 11:46:20 PM DEBUG: Data finishing 27.62% ...
10/20/2014 11:48:20 PM DEBUG: Data finishing 30.13% ...
10/20/2014 11:50:36 PM DEBUG: Data finishing 32.64% ...
10/20/2014 11:52:42 PM DEBUG: Data finishing 35.15% ...
10/20/2014 11:54:39 PM DEBUG: Data finishing 37.66% ...
10/20/2014 11:56:50 PM DEBUG: Data finishing 40.17% ...
10/20/2014 11:58:40 PM DEBUG: Data finishing 42.68% ...
10/21/2014 12:00:38 AM DEBUG: Data finishing 45.19% ...
10/21/2014 12:02:52 AM DEBUG: Data finishing 47.70% ...
10/21/2014 12:04:45 AM DEBUG: Data finishing 50.21% ...
10/21/2014 12:06:49 AM DEBUG: Data finishing 52.72% ...
10/21/2014 12:08:50 AM DEBUG: Data finishing 55.23% ...
10/21/2014 12:10:56 AM DEBUG: Data finishing 57.74% ...
10/21/2014 12:12:56 AM DEBUG: Data finishing 60.25% ...
10/21/2014 12:15:05 AM DEBUG: Data finishing 62.76% ...
10/21/2014 12:17:09 AM DEBUG: Data finishing 65.27% ...
10/21/2014 12:19:11 AM DEBUG: Data finishing 67.78% ...
10/21/2014 12:21:07 AM DEBUG: Data finishing 70.30% ...
10/21/2014 12:23:17 AM DEBUG: Data finishing 72.81% ...
10/21/2014 12:25:22 AM DEBUG: Data finishing 75.32% ...
10/21/2014 12:27:35 AM DEBUG: Data finishing 77.83% ...
10/21/2014 12:29:22 AM DEBUG: Data finishing 80.34% ...
10/21/2014 12:31:28 AM DEBUG: Data finishing 82.85% ...
10/21/2014 12:33:25 AM DEBUG: Data finishing 85.36% ...
10/21/2014 12:35:47 AM DEBUG: Data finishing 87.87% ...
10/21/2014 12:37:53 AM DEBUG: Data finishing 90.38% ...
10/21/2014 12:39:54 AM DEBUG: Data finishing 92.89% ...
10/21/2014 12:41:52 AM DEBUG: Data finishing 95.40% ...
10/21/2014 12:44:02 AM DEBUG: Data finishing 97.91% ...
10/21/2014 12:46:02 AM DEBUG: Iteration: 6
10/21/2014 12:46:02 AM DEBUG: Data size: 39832
10/21/2014 12:46:02 AM DEBUG: Data finishing 0.00% ...
10/21/2014 12:46:09 AM DEBUG: Dumping Weight Vector to /cs/natlang-projects/glm-parser/new_results/Weight_Iter_5.db 
10/21/2014 12:46:09 AM DEBUG: Total Feature Num: 10034841 
10/21/2014 12:48:23 AM DEBUG: Data finishing 2.51% ...
10/21/2014 12:50:32 AM DEBUG: Data finishing 5.02% ...
10/21/2014 12:52:41 AM DEBUG: Data finishing 7.53% ...
10/21/2014 12:54:47 AM DEBUG: Data finishing 10.04% ...
10/21/2014 12:56:52 AM DEBUG: Data finishing 12.55% ...
10/21/2014 12:59:04 AM DEBUG: Data finishing 15.06% ...
10/21/2014 01:01:15 AM DEBUG: Data finishing 17.57% ...
10/21/2014 01:03:23 AM DEBUG: Data finishing 20.08% ...
10/21/2014 01:05:31 AM DEBUG: Data finishing 22.59% ...
10/21/2014 01:07:42 AM DEBUG: Data finishing 25.11% ...
10/21/2014 01:09:44 AM DEBUG: Data finishing 27.62% ...
10/21/2014 01:11:46 AM DEBUG: Data finishing 30.13% ...
10/21/2014 01:14:02 AM DEBUG: Data finishing 32.64% ...
10/21/2014 01:16:09 AM DEBUG: Data finishing 35.15% ...
10/21/2014 01:18:07 AM DEBUG: Data finishing 37.66% ...
10/21/2014 01:20:19 AM DEBUG: Data finishing 40.17% ...
10/21/2014 01:22:09 AM DEBUG: Data finishing 42.68% ...
10/21/2014 01:24:08 AM DEBUG: Data finishing 45.19% ...
10/21/2014 01:26:22 AM DEBUG: Data finishing 47.70% ...
10/21/2014 01:28:16 AM DEBUG: Data finishing 50.21% ...
10/21/2014 01:30:21 AM DEBUG: Data finishing 52.72% ...
10/21/2014 01:32:22 AM DEBUG: Data finishing 55.23% ...
10/21/2014 01:34:29 AM DEBUG: Data finishing 57.74% ...
10/21/2014 01:36:30 AM DEBUG: Data finishing 60.25% ...
10/21/2014 01:38:40 AM DEBUG: Data finishing 62.76% ...
10/21/2014 01:40:45 AM DEBUG: Data finishing 65.27% ...
10/21/2014 01:42:48 AM DEBUG: Data finishing 67.78% ...
10/21/2014 01:44:45 AM DEBUG: Data finishing 70.30% ...
10/21/2014 01:46:55 AM DEBUG: Data finishing 72.81% ...
10/21/2014 01:49:01 AM DEBUG: Data finishing 75.32% ...
10/21/2014 01:51:15 AM DEBUG: Data finishing 77.83% ...
10/21/2014 01:53:02 AM DEBUG: Data finishing 80.34% ...
10/21/2014 01:55:09 AM DEBUG: Data finishing 82.85% ...
10/21/2014 01:57:06 AM DEBUG: Data finishing 85.36% ...
10/21/2014 01:59:29 AM DEBUG: Data finishing 87.87% ...
10/21/2014 02:01:35 AM DEBUG: Data finishing 90.38% ...
10/21/2014 02:03:37 AM DEBUG: Data finishing 92.89% ...
10/21/2014 02:05:37 AM DEBUG: Data finishing 95.40% ...
10/21/2014 02:07:47 AM DEBUG: Data finishing 97.91% ...
10/21/2014 02:09:50 AM DEBUG: Iteration: 7
10/21/2014 02:09:50 AM DEBUG: Data size: 39832
10/21/2014 02:09:50 AM DEBUG: Data finishing 0.00% ...
10/21/2014 02:09:57 AM DEBUG: Dumping Weight Vector to /cs/natlang-projects/glm-parser/new_results/Weight_Iter_6.db 
10/21/2014 02:09:57 AM DEBUG: Total Feature Num: 10092868 
10/21/2014 02:12:10 AM DEBUG: Data finishing 2.51% ...
10/21/2014 02:14:20 AM DEBUG: Data finishing 5.02% ...
10/21/2014 02:16:30 AM DEBUG: Data finishing 7.53% ...
10/21/2014 02:18:37 AM DEBUG: Data finishing 10.04% ...
10/21/2014 02:20:43 AM DEBUG: Data finishing 12.55% ...
10/21/2014 02:22:55 AM DEBUG: Data finishing 15.06% ...
10/21/2014 02:25:07 AM DEBUG: Data finishing 17.57% ...
10/21/2014 02:27:16 AM DEBUG: Data finishing 20.08% ...
10/21/2014 02:29:25 AM DEBUG: Data finishing 22.59% ...
10/21/2014 02:31:37 AM DEBUG: Data finishing 25.11% ...
10/21/2014 02:33:39 AM DEBUG: Data finishing 27.62% ...
10/21/2014 02:35:41 AM DEBUG: Data finishing 30.13% ...
10/21/2014 02:37:58 AM DEBUG: Data finishing 32.64% ...
10/21/2014 02:40:06 AM DEBUG: Data finishing 35.15% ...
10/21/2014 02:42:04 AM DEBUG: Data finishing 37.66% ...
10/21/2014 02:44:17 AM DEBUG: Data finishing 40.17% ...
10/21/2014 02:46:08 AM DEBUG: Data finishing 42.68% ...
10/21/2014 02:48:08 AM DEBUG: Data finishing 45.19% ...
10/21/2014 02:50:23 AM DEBUG: Data finishing 47.70% ...
10/21/2014 02:52:18 AM DEBUG: Data finishing 50.21% ...
10/21/2014 02:54:23 AM DEBUG: Data finishing 52.72% ...
10/21/2014 02:56:25 AM DEBUG: Data finishing 55.23% ...
10/21/2014 02:58:33 AM DEBUG: Data finishing 57.74% ...
10/21/2014 03:00:34 AM DEBUG: Data finishing 60.25% ...
10/21/2014 03:02:45 AM DEBUG: Data finishing 62.76% ...
10/21/2014 03:04:51 AM DEBUG: Data finishing 65.27% ...
10/21/2014 03:06:54 AM DEBUG: Data finishing 67.78% ...
10/21/2014 03:08:52 AM DEBUG: Data finishing 70.30% ...
10/21/2014 03:11:03 AM DEBUG: Data finishing 72.81% ...
10/21/2014 03:13:10 AM DEBUG: Data finishing 75.32% ...
10/21/2014 03:15:24 AM DEBUG: Data finishing 77.83% ...
10/21/2014 03:17:12 AM DEBUG: Data finishing 80.34% ...
10/21/2014 03:19:20 AM DEBUG: Data finishing 82.85% ...
10/21/2014 03:21:17 AM DEBUG: Data finishing 85.36% ...
10/21/2014 03:23:41 AM DEBUG: Data finishing 87.87% ...
10/21/2014 03:25:49 AM DEBUG: Data finishing 90.38% ...
10/21/2014 03:27:51 AM DEBUG: Data finishing 92.89% ...
10/21/2014 03:29:52 AM DEBUG: Data finishing 95.40% ...
10/21/2014 03:32:03 AM DEBUG: Data finishing 97.91% ...
10/21/2014 03:34:07 AM DEBUG: Iteration: 8
10/21/2014 03:34:07 AM DEBUG: Data size: 39832
10/21/2014 03:34:07 AM DEBUG: Data finishing 0.00% ...
10/21/2014 03:34:14 AM DEBUG: Dumping Weight Vector to /cs/natlang-projects/glm-parser/new_results/Weight_Iter_7.db 
10/21/2014 03:34:14 AM DEBUG: Total Feature Num: 10138664 
10/21/2014 03:36:27 AM DEBUG: Data finishing 2.51% ...
10/21/2014 03:38:38 AM DEBUG: Data finishing 5.02% ...
10/21/2014 03:40:48 AM DEBUG: Data finishing 7.53% ...
10/21/2014 03:42:56 AM DEBUG: Data finishing 10.04% ...
10/21/2014 03:45:02 AM DEBUG: Data finishing 12.55% ...
10/21/2014 03:47:14 AM DEBUG: Data finishing 15.06% ...
10/21/2014 03:49:27 AM DEBUG: Data finishing 17.57% ...
10/21/2014 03:51:35 AM DEBUG: Data finishing 20.08% ...
10/21/2014 03:53:44 AM DEBUG: Data finishing 22.59% ...
10/21/2014 03:55:57 AM DEBUG: Data finishing 25.11% ...
10/21/2014 03:57:59 AM DEBUG: Data finishing 27.62% ...
10/21/2014 04:00:01 AM DEBUG: Data finishing 30.13% ...
10/21/2014 04:02:19 AM DEBUG: Data finishing 32.64% ...
10/21/2014 04:04:27 AM DEBUG: Data finishing 35.15% ...
10/21/2014 04:06:26 AM DEBUG: Data finishing 37.66% ...
10/21/2014 04:08:38 AM DEBUG: Data finishing 40.17% ...
10/21/2014 04:10:30 AM DEBUG: Data finishing 42.68% ...
10/21/2014 04:12:30 AM DEBUG: Data finishing 45.19% ...
10/21/2014 04:14:46 AM DEBUG: Data finishing 47.70% ...
10/21/2014 04:16:41 AM DEBUG: Data finishing 50.21% ...
10/21/2014 04:18:47 AM DEBUG: Data finishing 52.72% ...
10/21/2014 04:20:49 AM DEBUG: Data finishing 55.23% ...
10/21/2014 04:22:57 AM DEBUG: Data finishing 57.74% ...
10/21/2014 04:24:59 AM DEBUG: Data finishing 60.25% ...
10/21/2014 04:27:10 AM DEBUG: Data finishing 62.76% ...
10/21/2014 04:29:16 AM DEBUG: Data finishing 65.27% ...
10/21/2014 04:31:19 AM DEBUG: Data finishing 67.78% ...
10/21/2014 04:33:17 AM DEBUG: Data finishing 70.30% ...
10/21/2014 04:35:29 AM DEBUG: Data finishing 72.81% ...
10/21/2014 04:37:36 AM DEBUG: Data finishing 75.32% ...
10/21/2014 04:39:51 AM DEBUG: Data finishing 77.83% ...
10/21/2014 04:41:39 AM DEBUG: Data finishing 80.34% ...
10/21/2014 04:43:47 AM DEBUG: Data finishing 82.85% ...
10/21/2014 04:45:45 AM DEBUG: Data finishing 85.36% ...
10/21/2014 04:48:09 AM DEBUG: Data finishing 87.87% ...
10/21/2014 04:50:16 AM DEBUG: Data finishing 90.38% ...
10/21/2014 04:52:18 AM DEBUG: Data finishing 92.89% ...
10/21/2014 04:54:19 AM DEBUG: Data finishing 95.40% ...
10/21/2014 04:56:30 AM DEBUG: Data finishing 97.91% ...
10/21/2014 04:58:34 AM DEBUG: Iteration: 9
10/21/2014 04:58:34 AM DEBUG: Data size: 39832
10/21/2014 04:58:35 AM DEBUG: Data finishing 0.00% ...
10/21/2014 04:58:42 AM DEBUG: Dumping Weight Vector to /cs/natlang-projects/glm-parser/new_results/Weight_Iter_8.db 
10/21/2014 04:58:42 AM DEBUG: Total Feature Num: 10174703 
10/21/2014 05:00:52 AM DEBUG: Data finishing 2.51% ...
10/21/2014 05:03:01 AM DEBUG: Data finishing 5.02% ...
10/21/2014 05:05:10 AM DEBUG: Data finishing 7.53% ...
10/21/2014 05:07:16 AM DEBUG: Data finishing 10.04% ...
10/21/2014 05:09:20 AM DEBUG: Data finishing 12.55% ...
10/21/2014 05:11:32 AM DEBUG: Data finishing 15.06% ...
10/21/2014 05:13:43 AM DEBUG: Data finishing 17.57% ...
10/21/2014 05:15:50 AM DEBUG: Data finishing 20.08% ...
10/21/2014 05:17:58 AM DEBUG: Data finishing 22.59% ...
10/21/2014 05:20:09 AM DEBUG: Data finishing 25.11% ...
10/21/2014 05:22:10 AM DEBUG: Data finishing 27.62% ...
10/21/2014 05:24:11 AM DEBUG: Data finishing 30.13% ...
10/21/2014 05:26:27 AM DEBUG: Data finishing 32.64% ...
10/21/2014 05:28:34 AM DEBUG: Data finishing 35.15% ...
10/21/2014 05:30:31 AM DEBUG: Data finishing 37.66% ...
10/21/2014 05:32:43 AM DEBUG: Data finishing 40.17% ...
10/21/2014 05:34:33 AM DEBUG: Data finishing 42.68% ...
10/21/2014 05:36:32 AM DEBUG: Data finishing 45.19% ...
10/21/2014 05:38:46 AM DEBUG: Data finishing 47.70% ...
10/21/2014 05:40:40 AM DEBUG: Data finishing 50.21% ...
10/21/2014 05:42:45 AM DEBUG: Data finishing 52.72% ...
10/21/2014 05:44:46 AM DEBUG: Data finishing 55.23% ...
10/21/2014 05:46:53 AM DEBUG: Data finishing 57.74% ...
10/21/2014 05:48:54 AM DEBUG: Data finishing 60.25% ...
10/21/2014 05:51:03 AM DEBUG: Data finishing 62.76% ...
10/21/2014 05:53:09 AM DEBUG: Data finishing 65.27% ...
10/21/2014 05:55:11 AM DEBUG: Data finishing 67.78% ...
10/21/2014 05:57:08 AM DEBUG: Data finishing 70.30% ...
10/21/2014 05:59:18 AM DEBUG: Data finishing 72.81% ...
10/21/2014 06:01:24 AM DEBUG: Data finishing 75.32% ...
10/21/2014 06:03:38 AM DEBUG: Data finishing 77.83% ...
10/21/2014 06:05:24 AM DEBUG: Data finishing 80.34% ...
10/21/2014 06:07:31 AM DEBUG: Data finishing 82.85% ...
10/21/2014 06:09:29 AM DEBUG: Data finishing 85.36% ...
10/21/2014 06:11:51 AM DEBUG: Data finishing 87.87% ...
10/21/2014 06:13:58 AM DEBUG: Data finishing 90.38% ...
10/21/2014 06:15:59 AM DEBUG: Data finishing 92.89% ...
10/21/2014 06:17:58 AM DEBUG: Data finishing 95.40% ...
10/21/2014 06:20:09 AM DEBUG: Data finishing 97.91% ...
10/21/2014 06:22:10 AM DEBUG: Iteration: 10
10/21/2014 06:22:10 AM DEBUG: Data size: 39832
10/21/2014 06:22:10 AM DEBUG: Data finishing 0.00% ...
10/21/2014 06:22:17 AM DEBUG: Dumping Weight Vector to /cs/natlang-projects/glm-parser/new_results/Weight_Iter_9.db 
10/21/2014 06:22:17 AM DEBUG: Total Feature Num: 10204381 
10/21/2014 06:24:30 AM DEBUG: Data finishing 2.51% ...
10/21/2014 06:26:40 AM DEBUG: Data finishing 5.02% ...
10/21/2014 06:28:51 AM DEBUG: Data finishing 7.53% ...
10/21/2014 06:30:58 AM DEBUG: Data finishing 10.04% ...
10/21/2014 06:33:04 AM DEBUG: Data finishing 12.55% ...
10/21/2014 06:35:17 AM DEBUG: Data finishing 15.06% ...
10/21/2014 06:37:29 AM DEBUG: Data finishing 17.57% ...
10/21/2014 06:39:38 AM DEBUG: Data finishing 20.08% ...
10/21/2014 06:41:47 AM DEBUG: Data finishing 22.59% ...
10/21/2014 06:43:59 AM DEBUG: Data finishing 25.11% ...
10/21/2014 06:46:02 AM DEBUG: Data finishing 27.62% ...
10/21/2014 06:48:04 AM DEBUG: Data finishing 30.13% ...
10/21/2014 06:50:22 AM DEBUG: Data finishing 32.64% ...
10/21/2014 06:52:30 AM DEBUG: Data finishing 35.15% ...
10/21/2014 06:54:29 AM DEBUG: Data finishing 37.66% ...
10/21/2014 06:56:41 AM DEBUG: Data finishing 40.17% ...
10/21/2014 06:58:33 AM DEBUG: Data finishing 42.68% ...
10/21/2014 07:00:33 AM DEBUG: Data finishing 45.19% ...
10/21/2014 07:02:49 AM DEBUG: Data finishing 47.70% ...
10/21/2014 07:04:44 AM DEBUG: Data finishing 50.21% ...
10/21/2014 07:06:50 AM DEBUG: Data finishing 52.72% ...
10/21/2014 07:08:52 AM DEBUG: Data finishing 55.23% ...
10/21/2014 07:11:01 AM DEBUG: Data finishing 57.74% ...
10/21/2014 07:13:02 AM DEBUG: Data finishing 60.25% ...
10/21/2014 07:15:13 AM DEBUG: Data finishing 62.76% ...
10/21/2014 07:17:20 AM DEBUG: Data finishing 65.27% ...
10/21/2014 07:19:23 AM DEBUG: Data finishing 67.78% ...
10/21/2014 07:21:21 AM DEBUG: Data finishing 70.30% ...
10/21/2014 07:23:32 AM DEBUG: Data finishing 72.81% ...
10/21/2014 07:25:40 AM DEBUG: Data finishing 75.32% ...
10/21/2014 07:27:55 AM DEBUG: Data finishing 77.83% ...
10/21/2014 07:29:42 AM DEBUG: Data finishing 80.34% ...
10/21/2014 07:31:51 AM DEBUG: Data finishing 82.85% ...
10/21/2014 07:33:49 AM DEBUG: Data finishing 85.36% ...
10/21/2014 07:36:13 AM DEBUG: Data finishing 87.87% ...
10/21/2014 07:38:21 AM DEBUG: Data finishing 90.38% ...
10/21/2014 07:40:24 AM DEBUG: Data finishing 92.89% ...
10/21/2014 07:42:24 AM DEBUG: Data finishing 95.40% ...
10/21/2014 07:44:36 AM DEBUG: Data finishing 97.91% ...
10/21/2014 07:46:40 AM DEBUG: Iteration: 11
10/21/2014 07:46:40 AM DEBUG: Data size: 39832
10/21/2014 07:46:40 AM DEBUG: Data finishing 0.00% ...
10/21/2014 07:46:47 AM DEBUG: Dumping Weight Vector to /cs/natlang-projects/glm-parser/new_results/Weight_Iter_10.db 
10/21/2014 07:46:47 AM DEBUG: Total Feature Num: 10231442 
10/21/2014 07:48:57 AM DEBUG: Data finishing 2.51% ...
10/21/2014 07:51:06 AM DEBUG: Data finishing 5.02% ...
10/21/2014 07:53:15 AM DEBUG: Data finishing 7.53% ...
10/21/2014 07:55:21 AM DEBUG: Data finishing 10.04% ...
10/21/2014 07:57:25 AM DEBUG: Data finishing 12.55% ...
10/21/2014 07:59:36 AM DEBUG: Data finishing 15.06% ...
10/21/2014 08:01:48 AM DEBUG: Data finishing 17.57% ...
10/21/2014 08:03:55 AM DEBUG: Data finishing 20.08% ...
10/21/2014 08:06:02 AM DEBUG: Data finishing 22.59% ...
10/21/2014 08:08:13 AM DEBUG: Data finishing 25.11% ...
10/21/2014 08:10:14 AM DEBUG: Data finishing 27.62% ...
10/21/2014 08:12:16 AM DEBUG: Data finishing 30.13% ...
10/21/2014 08:14:32 AM DEBUG: Data finishing 32.64% ...
10/21/2014 08:16:38 AM DEBUG: Data finishing 35.15% ...
10/21/2014 08:18:36 AM DEBUG: Data finishing 37.66% ...
10/21/2014 08:20:47 AM DEBUG: Data finishing 40.17% ...
10/21/2014 08:22:37 AM DEBUG: Data finishing 42.68% ...
10/21/2014 08:24:36 AM DEBUG: Data finishing 45.19% ...
10/21/2014 08:26:51 AM DEBUG: Data finishing 47.70% ...
10/21/2014 08:28:45 AM DEBUG: Data finishing 50.21% ...
10/21/2014 08:30:49 AM DEBUG: Data finishing 52.72% ...
10/21/2014 08:32:51 AM DEBUG: Data finishing 55.23% ...
10/21/2014 08:34:58 AM DEBUG: Data finishing 57.74% ...
10/21/2014 08:36:59 AM DEBUG: Data finishing 60.25% ...
10/21/2014 08:39:09 AM DEBUG: Data finishing 62.76% ...
10/21/2014 08:41:15 AM DEBUG: Data finishing 65.27% ...
10/21/2014 08:43:17 AM DEBUG: Data finishing 67.78% ...
10/21/2014 08:45:15 AM DEBUG: Data finishing 70.30% ...
10/21/2014 08:47:25 AM DEBUG: Data finishing 72.81% ...
10/21/2014 08:49:31 AM DEBUG: Data finishing 75.32% ...
10/21/2014 08:51:45 AM DEBUG: Data finishing 77.83% ...
10/21/2014 08:53:32 AM DEBUG: Data finishing 80.34% ...
10/21/2014 08:55:40 AM DEBUG: Data finishing 82.85% ...
10/21/2014 08:57:37 AM DEBUG: Data finishing 85.36% ...
10/21/2014 09:00:00 AM DEBUG: Data finishing 87.87% ...
10/21/2014 09:02:07 AM DEBUG: Data finishing 90.38% ...
10/21/2014 09:04:09 AM DEBUG: Data finishing 92.89% ...
10/21/2014 09:06:08 AM DEBUG: Data finishing 95.40% ...
10/21/2014 09:08:19 AM DEBUG: Data finishing 97.91% ...
10/21/2014 09:10:21 AM DEBUG: Iteration: 12
10/21/2014 09:10:21 AM DEBUG: Data size: 39832
10/21/2014 09:10:21 AM DEBUG: Data finishing 0.00% ...
10/21/2014 09:10:28 AM DEBUG: Dumping Weight Vector to /cs/natlang-projects/glm-parser/new_results/Weight_Iter_11.db 
10/21/2014 09:10:28 AM DEBUG: Total Feature Num: 10254623 
10/21/2014 09:12:41 AM DEBUG: Data finishing 2.51% ...
10/21/2014 09:14:51 AM DEBUG: Data finishing 5.02% ...
10/21/2014 09:17:02 AM DEBUG: Data finishing 7.53% ...
10/21/2014 09:19:09 AM DEBUG: Data finishing 10.04% ...
10/21/2014 09:21:15 AM DEBUG: Data finishing 12.55% ...
10/21/2014 09:23:28 AM DEBUG: Data finishing 15.06% ...
10/21/2014 09:25:43 AM DEBUG: Data finishing 17.57% ...
10/21/2014 09:27:56 AM DEBUG: Data finishing 20.08% ...
10/21/2014 09:30:10 AM DEBUG: Data finishing 22.59% ...
10/21/2014 09:32:27 AM DEBUG: Data finishing 25.11% ...
10/21/2014 09:34:35 AM DEBUG: Data finishing 27.62% ...
10/21/2014 09:36:40 AM DEBUG: Data finishing 30.13% ...
10/21/2014 09:39:01 AM DEBUG: Data finishing 32.64% ...
10/21/2014 09:41:13 AM DEBUG: Data finishing 35.15% ...
10/21/2014 09:43:17 AM DEBUG: Data finishing 37.66% ...
10/21/2014 09:45:37 AM DEBUG: Data finishing 40.17% ...
10/21/2014 09:47:34 AM DEBUG: Data finishing 42.68% ...
10/21/2014 09:49:40 AM DEBUG: Data finishing 45.19% ...
10/21/2014 09:52:04 AM DEBUG: Data finishing 47.70% ...
10/21/2014 09:54:05 AM DEBUG: Data finishing 50.21% ...
10/21/2014 09:56:16 AM DEBUG: Data finishing 52.72% ...
10/21/2014 09:58:24 AM DEBUG: Data finishing 55.23% ...
10/21/2014 10:00:39 AM DEBUG: Data finishing 57.74% ...
10/21/2014 10:02:46 AM DEBUG: Data finishing 60.25% ...
10/21/2014 10:05:04 AM DEBUG: Data finishing 62.76% ...
10/21/2014 10:07:18 AM DEBUG: Data finishing 65.27% ...
10/21/2014 10:09:24 AM DEBUG: Data finishing 67.78% ...
10/21/2014 10:11:27 AM DEBUG: Data finishing 70.30% ...
10/21/2014 10:13:42 AM DEBUG: Data finishing 72.81% ...
10/21/2014 10:15:53 AM DEBUG: Data finishing 75.32% ...
10/21/2014 10:18:15 AM DEBUG: Data finishing 77.83% ...
10/21/2014 10:20:09 AM DEBUG: Data finishing 80.34% ...
10/21/2014 10:22:24 AM DEBUG: Data finishing 82.85% ...
10/21/2014 10:24:28 AM DEBUG: Data finishing 85.36% ...
10/21/2014 10:26:58 AM DEBUG: Data finishing 87.87% ...
10/21/2014 10:29:10 AM DEBUG: Data finishing 90.38% ...
10/21/2014 10:31:16 AM DEBUG: Data finishing 92.89% ...
10/21/2014 10:33:22 AM DEBUG: Data finishing 95.40% ...
10/21/2014 10:35:39 AM DEBUG: Data finishing 97.91% ...
10/21/2014 10:37:51 AM DEBUG: Iteration: 13
10/21/2014 10:37:51 AM DEBUG: Data size: 39832
10/21/2014 10:37:51 AM DEBUG: Data finishing 0.00% ...
10/21/2014 10:37:59 AM DEBUG: Dumping Weight Vector to /cs/natlang-projects/glm-parser/new_results/Weight_Iter_12.db 
10/21/2014 10:37:59 AM DEBUG: Total Feature Num: 10275580 
10/21/2014 10:40:16 AM DEBUG: Data finishing 2.51% ...
10/21/2014 10:42:32 AM DEBUG: Data finishing 5.02% ...
10/21/2014 10:44:47 AM DEBUG: Data finishing 7.53% ...
10/21/2014 10:47:00 AM DEBUG: Data finishing 10.04% ...
10/21/2014 10:49:12 AM DEBUG: Data finishing 12.55% ...
10/21/2014 10:51:31 AM DEBUG: Data finishing 15.06% ...
10/21/2014 10:53:49 AM DEBUG: Data finishing 17.57% ...
10/21/2014 10:56:03 AM DEBUG: Data finishing 20.08% ...
10/21/2014 10:58:17 AM DEBUG: Data finishing 22.59% ...
10/21/2014 11:00:34 AM DEBUG: Data finishing 25.11% ...
10/21/2014 11:02:41 AM DEBUG: Data finishing 27.62% ...
10/21/2014 11:04:49 AM DEBUG: Data finishing 30.13% ...
10/21/2014 11:07:12 AM DEBUG: Data finishing 32.64% ...
10/21/2014 11:09:25 AM DEBUG: Data finishing 35.15% ...
10/21/2014 11:11:29 AM DEBUG: Data finishing 37.66% ...
10/21/2014 11:13:47 AM DEBUG: Data finishing 40.17% ...
10/21/2014 11:15:42 AM DEBUG: Data finishing 42.68% ...
10/21/2014 11:17:48 AM DEBUG: Data finishing 45.19% ...
10/21/2014 11:20:09 AM DEBUG: Data finishing 47.70% ...
10/21/2014 11:22:10 AM DEBUG: Data finishing 50.21% ...
10/21/2014 11:24:20 AM DEBUG: Data finishing 52.72% ...
10/21/2014 11:26:28 AM DEBUG: Data finishing 55.23% ...
10/21/2014 11:28:42 AM DEBUG: Data finishing 57.74% ...
10/21/2014 11:30:48 AM DEBUG: Data finishing 60.25% ...
10/21/2014 11:33:05 AM DEBUG: Data finishing 62.76% ...
10/21/2014 11:35:17 AM DEBUG: Data finishing 65.27% ...
10/21/2014 11:37:25 AM DEBUG: Data finishing 67.78% ...
10/21/2014 11:39:29 AM DEBUG: Data finishing 70.30% ...
10/21/2014 11:41:47 AM DEBUG: Data finishing 72.81% ...
10/21/2014 11:43:58 AM DEBUG: Data finishing 75.32% ...
10/21/2014 11:46:19 AM DEBUG: Data finishing 77.83% ...
10/21/2014 11:48:11 AM DEBUG: Data finishing 80.34% ...
10/21/2014 11:50:25 AM DEBUG: Data finishing 82.85% ...
10/21/2014 11:52:24 AM DEBUG: Data finishing 85.36% ...
10/21/2014 11:54:50 AM DEBUG: Data finishing 87.87% ...
10/21/2014 11:56:59 AM DEBUG: Data finishing 90.38% ...
10/21/2014 11:59:05 AM DEBUG: Data finishing 92.89% ...
10/21/2014 12:01:08 PM DEBUG: Data finishing 95.40% ...
10/21/2014 12:03:23 PM DEBUG: Data finishing 97.91% ...
10/21/2014 12:05:29 PM DEBUG: Iteration: 14
10/21/2014 12:05:29 PM DEBUG: Data size: 39832
10/21/2014 12:05:29 PM DEBUG: Data finishing 0.00% ...
10/21/2014 12:05:36 PM DEBUG: Dumping Weight Vector to /cs/natlang-projects/glm-parser/new_results/Weight_Iter_13.db 
10/21/2014 12:05:36 PM DEBUG: Total Feature Num: 10291629 
10/21/2014 12:07:50 PM DEBUG: Data finishing 2.51% ...
10/21/2014 12:10:01 PM DEBUG: Data finishing 5.02% ...
10/21/2014 12:12:13 PM DEBUG: Data finishing 7.53% ...
10/21/2014 12:14:21 PM DEBUG: Data finishing 10.04% ...
10/21/2014 12:16:29 PM DEBUG: Data finishing 12.55% ...
10/21/2014 12:18:45 PM DEBUG: Data finishing 15.06% ...
10/21/2014 12:20:59 PM DEBUG: Data finishing 17.57% ...
10/21/2014 12:23:08 PM DEBUG: Data finishing 20.08% ...
10/21/2014 12:25:17 PM DEBUG: Data finishing 22.59% ...
10/21/2014 12:27:30 PM DEBUG: Data finishing 25.11% ...
10/21/2014 12:29:33 PM DEBUG: Data finishing 27.62% ...
10/21/2014 12:31:35 PM DEBUG: Data finishing 30.13% ...
10/21/2014 12:33:53 PM DEBUG: Data finishing 32.64% ...
10/21/2014 12:36:02 PM DEBUG: Data finishing 35.15% ...
10/21/2014 12:38:01 PM DEBUG: Data finishing 37.66% ...
10/21/2014 12:40:14 PM DEBUG: Data finishing 40.17% ...
10/21/2014 12:42:06 PM DEBUG: Data finishing 42.68% ...
10/21/2014 12:44:07 PM DEBUG: Data finishing 45.19% ...
10/21/2014 12:46:23 PM DEBUG: Data finishing 47.70% ...
10/21/2014 12:48:19 PM DEBUG: Data finishing 50.21% ...
10/21/2014 12:50:25 PM DEBUG: Data finishing 52.72% ...
10/21/2014 12:52:27 PM DEBUG: Data finishing 55.23% ...
10/21/2014 12:54:36 PM DEBUG: Data finishing 57.74% ...
10/21/2014 12:56:38 PM DEBUG: Data finishing 60.25% ...
10/21/2014 12:58:49 PM DEBUG: Data finishing 62.76% ...
10/21/2014 01:00:56 PM DEBUG: Data finishing 65.27% ...
10/21/2014 01:02:59 PM DEBUG: Data finishing 67.78% ...
10/21/2014 01:04:58 PM DEBUG: Data finishing 70.30% ...
10/21/2014 01:07:09 PM DEBUG: Data finishing 72.81% ...
10/21/2014 01:09:17 PM DEBUG: Data finishing 75.32% ...
10/21/2014 01:11:33 PM DEBUG: Data finishing 77.83% ...
10/21/2014 01:13:21 PM DEBUG: Data finishing 80.34% ...
10/21/2014 01:15:30 PM DEBUG: Data finishing 82.85% ...
10/21/2014 01:17:29 PM DEBUG: Data finishing 85.36% ...
10/21/2014 01:19:53 PM DEBUG: Data finishing 87.87% ...
10/21/2014 01:22:02 PM DEBUG: Data finishing 90.38% ...
10/21/2014 01:24:14 PM DEBUG: Data finishing 92.89% ...
10/21/2014 01:26:22 PM DEBUG: Data finishing 95.40% ...
10/21/2014 01:28:42 PM DEBUG: Data finishing 97.91% ...
10/21/2014 01:31:00 PM DEBUG: Iteration: 15
10/21/2014 01:31:00 PM DEBUG: Data size: 39832
10/21/2014 01:31:00 PM DEBUG: Data finishing 0.00% ...
10/21/2014 01:31:08 PM DEBUG: Dumping Weight Vector to /cs/natlang-projects/glm-parser/new_results/Weight_Iter_14.db 
10/21/2014 01:31:08 PM DEBUG: Total Feature Num: 10308504 
10/21/2014 01:33:30 PM DEBUG: Data finishing 2.51% ...
10/21/2014 01:35:48 PM DEBUG: Data finishing 5.02% ...
10/21/2014 01:38:07 PM DEBUG: Data finishing 7.53% ...
10/21/2014 01:40:24 PM DEBUG: Data finishing 10.04% ...
10/21/2014 01:42:40 PM DEBUG: Data finishing 12.55% ...
10/21/2014 01:45:03 PM DEBUG: Data finishing 15.06% ...
10/21/2014 01:47:25 PM DEBUG: Data finishing 17.57% ...
10/21/2014 01:49:44 PM DEBUG: Data finishing 20.08% ...
10/21/2014 01:52:02 PM DEBUG: Data finishing 22.59% ...
10/21/2014 01:54:24 PM DEBUG: Data finishing 25.11% ...
10/21/2014 01:56:34 PM DEBUG: Data finishing 27.62% ...
10/21/2014 01:58:47 PM DEBUG: Data finishing 30.13% ...
10/21/2014 02:01:14 PM DEBUG: Data finishing 32.64% ...
10/21/2014 02:03:30 PM DEBUG: Data finishing 35.15% ...
10/21/2014 02:05:36 PM DEBUG: Data finishing 37.66% ...
10/21/2014 02:08:00 PM DEBUG: Data finishing 40.17% ...
10/21/2014 02:09:59 PM DEBUG: Data finishing 42.68% ...
10/21/2014 02:12:08 PM DEBUG: Data finishing 45.19% ...
10/21/2014 02:14:33 PM DEBUG: Data finishing 47.70% ...
10/21/2014 02:16:39 PM DEBUG: Data finishing 50.21% ...
10/21/2014 02:18:52 PM DEBUG: Data finishing 52.72% ...
10/21/2014 02:21:04 PM DEBUG: Data finishing 55.23% ...
10/21/2014 02:23:22 PM DEBUG: Data finishing 57.74% ...
10/21/2014 02:25:34 PM DEBUG: Data finishing 60.25% ...
10/21/2014 02:27:53 PM DEBUG: Data finishing 62.76% ...
10/21/2014 02:30:09 PM DEBUG: Data finishing 65.27% ...
10/21/2014 02:32:20 PM DEBUG: Data finishing 67.78% ...
10/21/2014 02:34:28 PM DEBUG: Data finishing 70.30% ...
10/21/2014 02:36:50 PM DEBUG: Data finishing 72.81% ...
10/21/2014 02:39:06 PM DEBUG: Data finishing 75.32% ...
10/21/2014 02:41:31 PM DEBUG: Data finishing 77.83% ...
10/21/2014 02:43:26 PM DEBUG: Data finishing 80.34% ...
10/21/2014 02:45:37 PM DEBUG: Data finishing 82.85% ...
10/21/2014 02:47:38 PM DEBUG: Data finishing 85.36% ...
10/21/2014 02:50:02 PM DEBUG: Data finishing 87.87% ...
10/21/2014 02:52:12 PM DEBUG: Data finishing 90.38% ...
10/21/2014 02:54:16 PM DEBUG: Data finishing 92.89% ...
10/21/2014 02:56:16 PM DEBUG: Data finishing 95.40% ...
10/21/2014 02:58:30 PM DEBUG: Data finishing 97.91% ...
10/21/2014 03:00:41 PM DEBUG: Iteration: 16
10/21/2014 03:00:41 PM DEBUG: Data size: 39832
10/21/2014 03:00:41 PM DEBUG: Data finishing 0.00% ...
10/21/2014 03:00:48 PM DEBUG: Dumping Weight Vector to /cs/natlang-projects/glm-parser/new_results/Weight_Iter_15.db 
10/21/2014 03:00:48 PM DEBUG: Total Feature Num: 10323248 
10/21/2014 03:03:01 PM DEBUG: Data finishing 2.51% ...
10/21/2014 03:05:13 PM DEBUG: Data finishing 5.02% ...
10/21/2014 03:07:23 PM DEBUG: Data finishing 7.53% ...
10/21/2014 03:09:30 PM DEBUG: Data finishing 10.04% ...
10/21/2014 03:11:37 PM DEBUG: Data finishing 12.55% ...
10/21/2014 03:13:50 PM DEBUG: Data finishing 15.06% ...
10/21/2014 03:16:02 PM DEBUG: Data finishing 17.57% ...
10/21/2014 03:18:10 PM DEBUG: Data finishing 20.08% ...
10/21/2014 03:20:18 PM DEBUG: Data finishing 22.59% ...
10/21/2014 03:22:30 PM DEBUG: Data finishing 25.11% ...
10/21/2014 03:24:32 PM DEBUG: Data finishing 27.62% ...
10/21/2014 03:26:35 PM DEBUG: Data finishing 30.13% ...
10/21/2014 03:28:53 PM DEBUG: Data finishing 32.64% ...
10/21/2014 03:31:02 PM DEBUG: Data finishing 35.15% ...
10/21/2014 03:33:01 PM DEBUG: Data finishing 37.66% ...
10/21/2014 03:35:14 PM DEBUG: Data finishing 40.17% ...
10/21/2014 03:37:06 PM DEBUG: Data finishing 42.68% ...
10/21/2014 03:39:06 PM DEBUG: Data finishing 45.19% ...
10/21/2014 03:41:22 PM DEBUG: Data finishing 47.70% ...
10/21/2014 03:43:18 PM DEBUG: Data finishing 50.21% ...
10/21/2014 03:45:24 PM DEBUG: Data finishing 52.72% ...
10/21/2014 03:47:27 PM DEBUG: Data finishing 55.23% ...
10/21/2014 03:49:35 PM DEBUG: Data finishing 57.74% ...
10/21/2014 03:51:37 PM DEBUG: Data finishing 60.25% ...
10/21/2014 03:53:48 PM DEBUG: Data finishing 62.76% ...
10/21/2014 03:55:55 PM DEBUG: Data finishing 65.27% ...
10/21/2014 03:57:58 PM DEBUG: Data finishing 67.78% ...
10/21/2014 03:59:58 PM DEBUG: Data finishing 70.30% ...
10/21/2014 04:02:10 PM DEBUG: Data finishing 72.81% ...
10/21/2014 04:04:17 PM DEBUG: Data finishing 75.32% ...
10/21/2014 04:06:33 PM DEBUG: Data finishing 77.83% ...
10/21/2014 04:08:21 PM DEBUG: Data finishing 80.34% ...
10/21/2014 04:10:30 PM DEBUG: Data finishing 82.85% ...
10/21/2014 04:12:28 PM DEBUG: Data finishing 85.36% ...
10/21/2014 04:14:53 PM DEBUG: Data finishing 87.87% ...
10/21/2014 04:17:02 PM DEBUG: Data finishing 90.38% ...
10/21/2014 04:19:06 PM DEBUG: Data finishing 92.89% ...
10/21/2014 04:21:07 PM DEBUG: Data finishing 95.40% ...
10/21/2014 04:23:18 PM DEBUG: Data finishing 97.91% ...
10/21/2014 04:25:23 PM DEBUG: Iteration: 17
10/21/2014 04:25:23 PM DEBUG: Data size: 39832
10/21/2014 04:25:23 PM DEBUG: Data finishing 0.00% ...
10/21/2014 04:25:30 PM DEBUG: Dumping Weight Vector to /cs/natlang-projects/glm-parser/new_results/Weight_Iter_16.db 
10/21/2014 04:25:30 PM DEBUG: Total Feature Num: 10336057 
10/21/2014 04:27:43 PM DEBUG: Data finishing 2.51% ...
10/21/2014 04:29:54 PM DEBUG: Data finishing 5.02% ...
10/21/2014 04:32:05 PM DEBUG: Data finishing 7.53% ...
10/21/2014 04:34:13 PM DEBUG: Data finishing 10.04% ...
10/21/2014 04:36:20 PM DEBUG: Data finishing 12.55% ...
10/21/2014 04:38:33 PM DEBUG: Data finishing 15.06% ...
10/21/2014 04:40:47 PM DEBUG: Data finishing 17.57% ...
10/21/2014 04:42:56 PM DEBUG: Data finishing 20.08% ...
10/21/2014 04:45:06 PM DEBUG: Data finishing 22.59% ...
10/21/2014 04:47:19 PM DEBUG: Data finishing 25.11% ...
10/21/2014 04:49:22 PM DEBUG: Data finishing 27.62% ...
10/21/2014 04:51:25 PM DEBUG: Data finishing 30.13% ...
10/21/2014 04:53:43 PM DEBUG: Data finishing 32.64% ...
10/21/2014 04:55:52 PM DEBUG: Data finishing 35.15% ...
10/21/2014 04:57:51 PM DEBUG: Data finishing 37.66% ...
10/21/2014 05:00:05 PM DEBUG: Data finishing 40.17% ...
10/21/2014 05:01:57 PM DEBUG: Data finishing 42.68% ...
10/21/2014 05:03:58 PM DEBUG: Data finishing 45.19% ...
10/21/2014 05:06:14 PM DEBUG: Data finishing 47.70% ...
10/21/2014 05:08:10 PM DEBUG: Data finishing 50.21% ...
10/21/2014 05:10:16 PM DEBUG: Data finishing 52.72% ...
10/21/2014 05:12:19 PM DEBUG: Data finishing 55.23% ...
10/21/2014 05:14:28 PM DEBUG: Data finishing 57.74% ...
10/21/2014 05:16:30 PM DEBUG: Data finishing 60.25% ...
10/21/2014 05:18:41 PM DEBUG: Data finishing 62.76% ...
10/21/2014 05:20:49 PM DEBUG: Data finishing 65.27% ...
10/21/2014 05:22:52 PM DEBUG: Data finishing 67.78% ...
10/21/2014 05:24:51 PM DEBUG: Data finishing 70.30% ...
10/21/2014 05:27:03 PM DEBUG: Data finishing 72.81% ...
10/21/2014 05:29:11 PM DEBUG: Data finishing 75.32% ...
10/21/2014 05:31:26 PM DEBUG: Data finishing 77.83% ...
10/21/2014 05:33:15 PM DEBUG: Data finishing 80.34% ...
10/21/2014 05:35:23 PM DEBUG: Data finishing 82.85% ...
10/21/2014 05:37:22 PM DEBUG: Data finishing 85.36% ...
10/21/2014 05:39:47 PM DEBUG: Data finishing 87.87% ...
10/21/2014 05:41:55 PM DEBUG: Data finishing 90.38% ...
10/21/2014 05:43:58 PM DEBUG: Data finishing 92.89% ...
10/21/2014 05:45:59 PM DEBUG: Data finishing 95.40% ...
10/21/2014 05:48:11 PM DEBUG: Data finishing 97.91% ...
10/21/2014 05:50:17 PM DEBUG: Iteration: 18
10/21/2014 05:50:17 PM DEBUG: Data size: 39832
10/21/2014 05:50:17 PM DEBUG: Data finishing 0.00% ...
10/21/2014 05:50:24 PM DEBUG: Dumping Weight Vector to /cs/natlang-projects/glm-parser/new_results/Weight_Iter_17.db 
10/21/2014 05:50:24 PM DEBUG: Total Feature Num: 10347458 
10/21/2014 05:52:37 PM DEBUG: Data finishing 2.51% ...
10/21/2014 05:54:48 PM DEBUG: Data finishing 5.02% ...
10/21/2014 05:56:59 PM DEBUG: Data finishing 7.53% ...
10/21/2014 05:59:07 PM DEBUG: Data finishing 10.04% ...
10/21/2014 06:01:14 PM DEBUG: Data finishing 12.55% ...
10/21/2014 06:03:27 PM DEBUG: Data finishing 15.06% ...
10/21/2014 06:05:40 PM DEBUG: Data finishing 17.57% ...
10/21/2014 06:07:50 PM DEBUG: Data finishing 20.08% ...
10/21/2014 06:09:59 PM DEBUG: Data finishing 22.59% ...
10/21/2014 06:12:12 PM DEBUG: Data finishing 25.11% ...
10/21/2014 06:14:16 PM DEBUG: Data finishing 27.62% ...
10/21/2014 06:16:18 PM DEBUG: Data finishing 30.13% ...
10/21/2014 06:18:37 PM DEBUG: Data finishing 32.64% ...
10/21/2014 06:20:46 PM DEBUG: Data finishing 35.15% ...
10/21/2014 06:22:45 PM DEBUG: Data finishing 37.66% ...
10/21/2014 06:24:58 PM DEBUG: Data finishing 40.17% ...
10/21/2014 06:26:49 PM DEBUG: Data finishing 42.68% ...
10/21/2014 06:28:50 PM DEBUG: Data finishing 45.19% ...
10/21/2014 06:31:06 PM DEBUG: Data finishing 47.70% ...
10/21/2014 06:33:02 PM DEBUG: Data finishing 50.21% ...
10/21/2014 06:35:09 PM DEBUG: Data finishing 52.72% ...
10/21/2014 06:37:12 PM DEBUG: Data finishing 55.23% ...
10/21/2014 06:39:21 PM DEBUG: Data finishing 57.74% ...
10/21/2014 06:41:23 PM DEBUG: Data finishing 60.25% ...
10/21/2014 06:43:35 PM DEBUG: Data finishing 62.76% ...
10/21/2014 06:45:42 PM DEBUG: Data finishing 65.27% ...
10/21/2014 06:47:46 PM DEBUG: Data finishing 67.78% ...
10/21/2014 06:49:45 PM DEBUG: Data finishing 70.30% ...
10/21/2014 06:51:57 PM DEBUG: Data finishing 72.81% ...
10/21/2014 06:54:04 PM DEBUG: Data finishing 75.32% ...
10/21/2014 06:56:20 PM DEBUG: Data finishing 77.83% ...
10/21/2014 06:58:08 PM DEBUG: Data finishing 80.34% ...
10/21/2014 07:00:17 PM DEBUG: Data finishing 82.85% ...
10/21/2014 07:02:16 PM DEBUG: Data finishing 85.36% ...
10/21/2014 07:04:41 PM DEBUG: Data finishing 87.87% ...
10/21/2014 07:06:49 PM DEBUG: Data finishing 90.38% ...
10/21/2014 07:08:53 PM DEBUG: Data finishing 92.89% ...
10/21/2014 07:10:54 PM DEBUG: Data finishing 95.40% ...
10/21/2014 07:13:07 PM DEBUG: Data finishing 97.91% ...
10/21/2014 07:15:12 PM DEBUG: Iteration: 19
10/21/2014 07:15:12 PM DEBUG: Data size: 39832
10/21/2014 07:15:12 PM DEBUG: Data finishing 0.00% ...
10/21/2014 07:15:20 PM DEBUG: Dumping Weight Vector to /cs/natlang-projects/glm-parser/new_results/Weight_Iter_18.db 
10/21/2014 07:15:20 PM DEBUG: Total Feature Num: 10358023 
10/21/2014 07:17:31 PM DEBUG: Data finishing 2.51% ...
10/21/2014 07:19:41 PM DEBUG: Data finishing 5.02% ...
10/21/2014 07:21:52 PM DEBUG: Data finishing 7.53% ...
10/21/2014 07:23:59 PM DEBUG: Data finishing 10.04% ...
10/21/2014 07:26:05 PM DEBUG: Data finishing 12.55% ...
10/21/2014 07:28:17 PM DEBUG: Data finishing 15.06% ...
10/21/2014 07:30:30 PM DEBUG: Data finishing 17.57% ...
10/21/2014 07:32:38 PM DEBUG: Data finishing 20.08% ...
10/21/2014 07:34:48 PM DEBUG: Data finishing 22.59% ...
10/21/2014 07:37:00 PM DEBUG: Data finishing 25.11% ...
10/21/2014 07:39:02 PM DEBUG: Data finishing 27.62% ...
10/21/2014 07:41:05 PM DEBUG: Data finishing 30.13% ...
10/21/2014 07:43:23 PM DEBUG: Data finishing 32.64% ...
10/21/2014 07:45:30 PM DEBUG: Data finishing 35.15% ...
10/21/2014 07:47:29 PM DEBUG: Data finishing 37.66% ...
10/21/2014 07:49:42 PM DEBUG: Data finishing 40.17% ...
10/21/2014 07:51:33 PM DEBUG: Data finishing 42.68% ...
10/21/2014 07:53:33 PM DEBUG: Data finishing 45.19% ...
10/21/2014 07:55:48 PM DEBUG: Data finishing 47.70% ...
10/21/2014 07:57:43 PM DEBUG: Data finishing 50.21% ...
10/21/2014 07:59:49 PM DEBUG: Data finishing 52.72% ...
10/21/2014 08:01:51 PM DEBUG: Data finishing 55.23% ...
10/21/2014 08:03:59 PM DEBUG: Data finishing 57.74% ...
10/21/2014 08:06:01 PM DEBUG: Data finishing 60.25% ...
10/21/2014 08:08:11 PM DEBUG: Data finishing 62.76% ...
10/21/2014 08:10:18 PM DEBUG: Data finishing 65.27% ...
10/21/2014 08:12:21 PM DEBUG: Data finishing 67.78% ...
10/21/2014 08:14:19 PM DEBUG: Data finishing 70.30% ...
10/21/2014 08:16:30 PM DEBUG: Data finishing 72.81% ...
10/21/2014 08:18:37 PM DEBUG: Data finishing 75.32% ...
10/21/2014 08:20:52 PM DEBUG: Data finishing 77.83% ...
10/21/2014 08:22:40 PM DEBUG: Data finishing 80.34% ...
10/21/2014 08:24:49 PM DEBUG: Data finishing 82.85% ...
10/21/2014 08:26:47 PM DEBUG: Data finishing 85.36% ...
10/21/2014 08:29:12 PM DEBUG: Data finishing 87.87% ...
10/21/2014 08:31:19 PM DEBUG: Data finishing 90.38% ...
10/21/2014 08:33:22 PM DEBUG: Data finishing 92.89% ...
10/21/2014 08:35:22 PM DEBUG: Data finishing 95.40% ...
10/21/2014 08:37:34 PM DEBUG: Data finishing 97.91% ...
10/21/2014 08:39:37 PM DEBUG: Iteration: 20
10/21/2014 08:39:37 PM DEBUG: Data size: 39832
10/21/2014 08:39:37 PM DEBUG: Data finishing 0.00% ...
10/21/2014 08:39:45 PM DEBUG: Dumping Weight Vector to /cs/natlang-projects/glm-parser/new_results/Weight_Iter_19.db 
10/21/2014 08:39:45 PM DEBUG: Total Feature Num: 10366810 
10/21/2014 08:41:56 PM DEBUG: Data finishing 2.51% ...
10/21/2014 08:44:07 PM DEBUG: Data finishing 5.02% ...
10/21/2014 08:46:17 PM DEBUG: Data finishing 7.53% ...
10/21/2014 08:48:24 PM DEBUG: Data finishing 10.04% ...
10/21/2014 08:50:30 PM DEBUG: Data finishing 12.55% ...
10/21/2014 08:52:43 PM DEBUG: Data finishing 15.06% ...
10/21/2014 08:54:56 PM DEBUG: Data finishing 17.57% ...
10/21/2014 08:57:05 PM DEBUG: Data finishing 20.08% ...
10/21/2014 08:59:15 PM DEBUG: Data finishing 22.59% ...
10/21/2014 09:01:27 PM DEBUG: Data finishing 25.11% ...
10/21/2014 09:03:30 PM DEBUG: Data finishing 27.62% ...
10/21/2014 09:05:33 PM DEBUG: Data finishing 30.13% ...
10/21/2014 09:07:51 PM DEBUG: Data finishing 32.64% ...
10/21/2014 09:09:59 PM DEBUG: Data finishing 35.15% ...
10/21/2014 09:11:59 PM DEBUG: Data finishing 37.66% ...
10/21/2014 09:14:12 PM DEBUG: Data finishing 40.17% ...
10/21/2014 09:16:03 PM DEBUG: Data finishing 42.68% ...
10/21/2014 09:18:04 PM DEBUG: Data finishing 45.19% ...
10/21/2014 09:20:20 PM DEBUG: Data finishing 47.70% ...
10/21/2014 09:22:16 PM DEBUG: Data finishing 50.21% ...
10/21/2014 09:24:22 PM DEBUG: Data finishing 52.72% ...
10/21/2014 09:26:25 PM DEBUG: Data finishing 55.23% ...
10/21/2014 09:28:33 PM DEBUG: Data finishing 57.74% ...
10/21/2014 09:30:35 PM DEBUG: Data finishing 60.25% ...
10/21/2014 09:32:45 PM DEBUG: Data finishing 62.76% ...
10/21/2014 09:34:52 PM DEBUG: Data finishing 65.27% ...
10/21/2014 09:36:55 PM DEBUG: Data finishing 67.78% ...
10/21/2014 09:38:53 PM DEBUG: Data finishing 70.30% ...
10/21/2014 09:41:04 PM DEBUG: Data finishing 72.81% ...
10/21/2014 09:43:11 PM DEBUG: Data finishing 75.32% ...
10/21/2014 09:45:26 PM DEBUG: Data finishing 77.83% ...
10/21/2014 09:47:14 PM DEBUG: Data finishing 80.34% ...
10/21/2014 09:49:22 PM DEBUG: Data finishing 82.85% ...
10/21/2014 09:51:20 PM DEBUG: Data finishing 85.36% ...
10/21/2014 09:53:44 PM DEBUG: Data finishing 87.87% ...
10/21/2014 09:55:51 PM DEBUG: Data finishing 90.38% ...
10/21/2014 09:57:54 PM DEBUG: Data finishing 92.89% ...
10/21/2014 09:59:54 PM DEBUG: Data finishing 95.40% ...
10/21/2014 10:02:05 PM DEBUG: Data finishing 97.91% ...
10/21/2014 10:04:08 PM DEBUG: Iteration: 21
10/21/2014 10:04:08 PM DEBUG: Data size: 39832
10/21/2014 10:04:08 PM DEBUG: Data finishing 0.00% ...
10/21/2014 10:04:15 PM DEBUG: Dumping Weight Vector to /cs/natlang-projects/glm-parser/new_results/Weight_Iter_20.db 
10/21/2014 10:04:15 PM DEBUG: Total Feature Num: 10376126 
10/21/2014 10:06:28 PM DEBUG: Data finishing 2.51% ...
10/21/2014 10:08:39 PM DEBUG: Data finishing 5.02% ...
10/21/2014 10:10:49 PM DEBUG: Data finishing 7.53% ...
10/21/2014 10:12:57 PM DEBUG: Data finishing 10.04% ...
10/21/2014 10:15:03 PM DEBUG: Data finishing 12.55% ...
10/21/2014 10:17:16 PM DEBUG: Data finishing 15.06% ...
10/21/2014 10:19:29 PM DEBUG: Data finishing 17.57% ...
10/21/2014 10:21:38 PM DEBUG: Data finishing 20.08% ...
10/21/2014 10:23:47 PM DEBUG: Data finishing 22.59% ...
10/21/2014 10:25:59 PM DEBUG: Data finishing 25.11% ...
10/21/2014 10:28:03 PM DEBUG: Data finishing 27.62% ...
10/21/2014 10:30:06 PM DEBUG: Data finishing 30.13% ...
10/21/2014 10:32:23 PM DEBUG: Data finishing 32.64% ...
10/21/2014 10:34:31 PM DEBUG: Data finishing 35.15% ...
10/21/2014 10:36:30 PM DEBUG: Data finishing 37.66% ...
10/21/2014 10:38:43 PM DEBUG: Data finishing 40.17% ...
10/21/2014 10:40:35 PM DEBUG: Data finishing 42.68% ...
10/21/2014 10:42:36 PM DEBUG: Data finishing 45.19% ...
10/21/2014 10:44:51 PM DEBUG: Data finishing 47.70% ...
10/21/2014 10:46:47 PM DEBUG: Data finishing 50.21% ...
10/21/2014 10:48:53 PM DEBUG: Data finishing 52.72% ...
10/21/2014 10:50:55 PM DEBUG: Data finishing 55.23% ...
10/21/2014 10:53:04 PM DEBUG: Data finishing 57.74% ...
10/21/2014 10:55:05 PM DEBUG: Data finishing 60.25% ...
10/21/2014 10:57:17 PM DEBUG: Data finishing 62.76% ...
10/21/2014 10:59:23 PM DEBUG: Data finishing 65.27% ...
10/21/2014 11:01:27 PM DEBUG: Data finishing 67.78% ...
10/21/2014 11:03:25 PM DEBUG: Data finishing 70.30% ...
10/21/2014 11:05:38 PM DEBUG: Data finishing 72.81% ...
10/21/2014 11:07:45 PM DEBUG: Data finishing 75.32% ...
10/21/2014 11:10:01 PM DEBUG: Data finishing 77.83% ...
10/21/2014 11:11:49 PM DEBUG: Data finishing 80.34% ...
10/21/2014 11:13:58 PM DEBUG: Data finishing 82.85% ...
10/21/2014 11:15:56 PM DEBUG: Data finishing 85.36% ...
10/21/2014 11:18:21 PM DEBUG: Data finishing 87.87% ...
10/21/2014 11:20:29 PM DEBUG: Data finishing 90.38% ...
10/21/2014 11:22:32 PM DEBUG: Data finishing 92.89% ...
10/21/2014 11:24:33 PM DEBUG: Data finishing 95.40% ...
10/21/2014 11:26:44 PM DEBUG: Data finishing 97.91% ...
10/21/2014 11:28:49 PM DEBUG: Iteration: 22
10/21/2014 11:28:49 PM DEBUG: Data size: 39832
10/21/2014 11:28:49 PM DEBUG: Data finishing 0.00% ...
10/21/2014 11:28:56 PM DEBUG: Dumping Weight Vector to /cs/natlang-projects/glm-parser/new_results/Weight_Iter_21.db 
10/21/2014 11:28:56 PM DEBUG: Total Feature Num: 10384311 
10/21/2014 11:31:10 PM DEBUG: Data finishing 2.51% ...
10/21/2014 11:33:21 PM DEBUG: Data finishing 5.02% ...
10/21/2014 11:35:33 PM DEBUG: Data finishing 7.53% ...
10/21/2014 11:37:41 PM DEBUG: Data finishing 10.04% ...
10/21/2014 11:39:48 PM DEBUG: Data finishing 12.55% ...
10/21/2014 11:42:02 PM DEBUG: Data finishing 15.06% ...
10/21/2014 11:44:15 PM DEBUG: Data finishing 17.57% ...
10/21/2014 11:46:24 PM DEBUG: Data finishing 20.08% ...
10/21/2014 11:48:34 PM DEBUG: Data finishing 22.59% ...
10/21/2014 11:50:47 PM DEBUG: Data finishing 25.11% ...
10/21/2014 11:52:51 PM DEBUG: Data finishing 27.62% ...
10/21/2014 11:54:53 PM DEBUG: Data finishing 30.13% ...
10/21/2014 11:57:12 PM DEBUG: Data finishing 32.64% ...
10/21/2014 11:59:20 PM DEBUG: Data finishing 35.15% ...
10/22/2014 12:01:20 AM DEBUG: Data finishing 37.66% ...
10/22/2014 12:03:33 AM DEBUG: Data finishing 40.17% ...
10/22/2014 12:05:27 AM DEBUG: Data finishing 42.68% ...
10/22/2014 12:07:27 AM DEBUG: Data finishing 45.19% ...
10/22/2014 12:09:43 AM DEBUG: Data finishing 47.70% ...
10/22/2014 12:11:39 AM DEBUG: Data finishing 50.21% ...
10/22/2014 12:13:46 AM DEBUG: Data finishing 52.72% ...
10/22/2014 12:15:49 AM DEBUG: Data finishing 55.23% ...
10/22/2014 12:17:58 AM DEBUG: Data finishing 57.74% ...
10/22/2014 12:20:00 AM DEBUG: Data finishing 60.25% ...
10/22/2014 12:22:12 AM DEBUG: Data finishing 62.76% ...
10/22/2014 12:24:19 AM DEBUG: Data finishing 65.27% ...
10/22/2014 12:26:22 AM DEBUG: Data finishing 67.78% ...
10/22/2014 12:28:21 AM DEBUG: Data finishing 70.30% ...
10/22/2014 12:30:33 AM DEBUG: Data finishing 72.81% ...
10/22/2014 12:32:41 AM DEBUG: Data finishing 75.32% ...
10/22/2014 12:34:57 AM DEBUG: Data finishing 77.83% ...
10/22/2014 12:36:45 AM DEBUG: Data finishing 80.34% ...
10/22/2014 12:38:54 AM DEBUG: Data finishing 82.85% ...
10/22/2014 12:40:53 AM DEBUG: Data finishing 85.36% ...
10/22/2014 12:43:18 AM DEBUG: Data finishing 87.87% ...
10/22/2014 12:45:27 AM DEBUG: Data finishing 90.38% ...
10/22/2014 12:47:30 AM DEBUG: Data finishing 92.89% ...
10/22/2014 12:49:32 AM DEBUG: Data finishing 95.40% ...
10/22/2014 12:51:44 AM DEBUG: Data finishing 97.91% ...
10/22/2014 12:53:50 AM DEBUG: Iteration: 23
10/22/2014 12:53:50 AM DEBUG: Data size: 39832
10/22/2014 12:53:50 AM DEBUG: Data finishing 0.00% ...
10/22/2014 12:53:57 AM DEBUG: Dumping Weight Vector to /cs/natlang-projects/glm-parser/new_results/Weight_Iter_22.db 
10/22/2014 12:53:57 AM DEBUG: Total Feature Num: 10392164 
10/22/2014 12:56:10 AM DEBUG: Data finishing 2.51% ...
10/22/2014 12:58:22 AM DEBUG: Data finishing 5.02% ...
10/22/2014 01:00:33 AM DEBUG: Data finishing 7.53% ...
10/22/2014 01:02:41 AM DEBUG: Data finishing 10.04% ...
10/22/2014 01:04:48 AM DEBUG: Data finishing 12.55% ...
10/22/2014 01:07:02 AM DEBUG: Data finishing 15.06% ...
10/22/2014 01:09:16 AM DEBUG: Data finishing 17.57% ...
10/22/2014 01:11:25 AM DEBUG: Data finishing 20.08% ...
10/22/2014 01:13:35 AM DEBUG: Data finishing 22.59% ...
10/22/2014 01:15:48 AM DEBUG: Data finishing 25.11% ...
10/22/2014 01:17:51 AM DEBUG: Data finishing 27.62% ...
10/22/2014 01:19:54 AM DEBUG: Data finishing 30.13% ...
10/22/2014 01:22:13 AM DEBUG: Data finishing 32.64% ...
10/22/2014 01:24:22 AM DEBUG: Data finishing 35.15% ...
10/22/2014 01:26:21 AM DEBUG: Data finishing 37.66% ...
10/22/2014 01:28:35 AM DEBUG: Data finishing 40.17% ...
10/22/2014 01:30:27 AM DEBUG: Data finishing 42.68% ...
10/22/2014 01:32:28 AM DEBUG: Data finishing 45.19% ...
10/22/2014 01:34:44 AM DEBUG: Data finishing 47.70% ...
10/22/2014 01:36:40 AM DEBUG: Data finishing 50.21% ...
10/22/2014 01:38:46 AM DEBUG: Data finishing 52.72% ...
10/22/2014 01:40:49 AM DEBUG: Data finishing 55.23% ...
10/22/2014 01:42:58 AM DEBUG: Data finishing 57.74% ...
10/22/2014 01:45:01 AM DEBUG: Data finishing 60.25% ...
10/22/2014 01:47:12 AM DEBUG: Data finishing 62.76% ...
10/22/2014 01:49:19 AM DEBUG: Data finishing 65.27% ...
10/22/2014 01:51:24 AM DEBUG: Data finishing 67.78% ...
10/22/2014 01:53:22 AM DEBUG: Data finishing 70.30% ...
10/22/2014 01:55:35 AM DEBUG: Data finishing 72.81% ...
10/22/2014 01:57:43 AM DEBUG: Data finishing 75.32% ...
10/22/2014 01:59:59 AM DEBUG: Data finishing 77.83% ...
10/22/2014 02:01:47 AM DEBUG: Data finishing 80.34% ...
10/22/2014 02:03:56 AM DEBUG: Data finishing 82.85% ...
10/22/2014 02:05:55 AM DEBUG: Data finishing 85.36% ...
10/22/2014 02:08:21 AM DEBUG: Data finishing 87.87% ...
10/22/2014 02:10:29 AM DEBUG: Data finishing 90.38% ...
10/22/2014 02:12:33 AM DEBUG: Data finishing 92.89% ...
10/22/2014 02:14:34 AM DEBUG: Data finishing 95.40% ...
10/22/2014 02:16:46 AM DEBUG: Data finishing 97.91% ...
10/22/2014 02:18:52 AM DEBUG: Iteration: 24
10/22/2014 02:18:52 AM DEBUG: Data size: 39832
10/22/2014 02:18:52 AM DEBUG: Data finishing 0.00% ...
10/22/2014 02:18:59 AM DEBUG: Dumping Weight Vector to /cs/natlang-projects/glm-parser/new_results/Weight_Iter_23.db 
10/22/2014 02:18:59 AM DEBUG: Total Feature Num: 10399603 
10/22/2014 02:21:13 AM DEBUG: Data finishing 2.51% ...
10/22/2014 02:23:25 AM DEBUG: Data finishing 5.02% ...
10/22/2014 02:25:36 AM DEBUG: Data finishing 7.53% ...
10/22/2014 02:27:44 AM DEBUG: Data finishing 10.04% ...
10/22/2014 02:29:51 AM DEBUG: Data finishing 12.55% ...
10/22/2014 02:32:05 AM DEBUG: Data finishing 15.06% ...
10/22/2014 02:34:19 AM DEBUG: Data finishing 17.57% ...
10/22/2014 02:36:29 AM DEBUG: Data finishing 20.08% ...
10/22/2014 02:38:39 AM DEBUG: Data finishing 22.59% ...
10/22/2014 02:40:52 AM DEBUG: Data finishing 25.11% ...
10/22/2014 02:42:56 AM DEBUG: Data finishing 27.62% ...
10/22/2014 02:44:59 AM DEBUG: Data finishing 30.13% ...
10/22/2014 02:47:18 AM DEBUG: Data finishing 32.64% ...
10/22/2014 02:49:27 AM DEBUG: Data finishing 35.15% ...
10/22/2014 02:51:27 AM DEBUG: Data finishing 37.66% ...
10/22/2014 02:53:41 AM DEBUG: Data finishing 40.17% ...
10/22/2014 02:55:33 AM DEBUG: Data finishing 42.68% ...
10/22/2014 02:57:34 AM DEBUG: Data finishing 45.19% ...
10/22/2014 02:59:51 AM DEBUG: Data finishing 47.70% ...
10/22/2014 03:01:47 AM DEBUG: Data finishing 50.21% ...
10/22/2014 03:03:54 AM DEBUG: Data finishing 52.72% ...
10/22/2014 03:05:57 AM DEBUG: Data finishing 55.23% ...
10/22/2014 03:08:06 AM DEBUG: Data finishing 57.74% ...
10/22/2014 03:10:09 AM DEBUG: Data finishing 60.25% ...
10/22/2014 03:12:21 AM DEBUG: Data finishing 62.76% ...
10/22/2014 03:14:28 AM DEBUG: Data finishing 65.27% ...
10/22/2014 03:16:32 AM DEBUG: Data finishing 67.78% ...
10/22/2014 03:18:31 AM DEBUG: Data finishing 70.30% ...
10/22/2014 03:20:44 AM DEBUG: Data finishing 72.81% ...
10/22/2014 03:22:52 AM DEBUG: Data finishing 75.32% ...
10/22/2014 03:25:08 AM DEBUG: Data finishing 77.83% ...
10/22/2014 03:26:56 AM DEBUG: Data finishing 80.34% ...
10/22/2014 03:29:06 AM DEBUG: Data finishing 82.85% ...
10/22/2014 03:31:05 AM DEBUG: Data finishing 85.36% ...
10/22/2014 03:33:30 AM DEBUG: Data finishing 87.87% ...
10/22/2014 03:35:38 AM DEBUG: Data finishing 90.38% ...
10/22/2014 03:37:42 AM DEBUG: Data finishing 92.89% ...
10/22/2014 03:39:43 AM DEBUG: Data finishing 95.40% ...
10/22/2014 03:41:56 AM DEBUG: Data finishing 97.91% ...
10/22/2014 03:44:02 AM DEBUG: Iteration: 25
10/22/2014 03:44:02 AM DEBUG: Data size: 39832
10/22/2014 03:44:02 AM DEBUG: Data finishing 0.00% ...
10/22/2014 03:44:09 AM DEBUG: Dumping Weight Vector to /cs/natlang-projects/glm-parser/new_results/Weight_Iter_24.db 
10/22/2014 03:44:09 AM DEBUG: Total Feature Num: 10405778 
10/22/2014 03:46:20 AM DEBUG: Data finishing 2.51% ...
10/22/2014 03:48:31 AM DEBUG: Data finishing 5.02% ...
10/22/2014 03:50:42 AM DEBUG: Data finishing 7.53% ...
10/22/2014 03:52:49 AM DEBUG: Data finishing 10.04% ...
10/22/2014 03:54:56 AM DEBUG: Data finishing 12.55% ...
10/22/2014 03:57:09 AM DEBUG: Data finishing 15.06% ...
10/22/2014 03:59:22 AM DEBUG: Data finishing 17.57% ...
10/22/2014 04:01:31 AM DEBUG: Data finishing 20.08% ...
10/22/2014 04:03:40 AM DEBUG: Data finishing 22.59% ...
10/22/2014 04:05:53 AM DEBUG: Data finishing 25.11% ...
10/22/2014 04:07:56 AM DEBUG: Data finishing 27.62% ...
10/22/2014 04:09:58 AM DEBUG: Data finishing 30.13% ...
10/22/2014 04:12:16 AM DEBUG: Data finishing 32.64% ...
10/22/2014 04:14:25 AM DEBUG: Data finishing 35.15% ...
10/22/2014 04:16:24 AM DEBUG: Data finishing 37.66% ...
10/22/2014 04:18:37 AM DEBUG: Data finishing 40.17% ...
10/22/2014 04:20:28 AM DEBUG: Data finishing 42.68% ...
10/22/2014 04:22:29 AM DEBUG: Data finishing 45.19% ...
10/22/2014 04:24:44 AM DEBUG: Data finishing 47.70% ...
10/22/2014 04:26:40 AM DEBUG: Data finishing 50.21% ...
10/22/2014 04:28:46 AM DEBUG: Data finishing 52.72% ...
10/22/2014 04:30:49 AM DEBUG: Data finishing 55.23% ...
10/22/2014 04:32:57 AM DEBUG: Data finishing 57.74% ...
10/22/2014 04:34:59 AM DEBUG: Data finishing 60.25% ...
10/22/2014 04:37:10 AM DEBUG: Data finishing 62.76% ...
10/22/2014 04:39:17 AM DEBUG: Data finishing 65.27% ...
10/22/2014 04:41:21 AM DEBUG: Data finishing 67.78% ...
10/22/2014 04:43:19 AM DEBUG: Data finishing 70.30% ...
10/22/2014 04:45:32 AM DEBUG: Data finishing 72.81% ...
10/22/2014 04:47:39 AM DEBUG: Data finishing 75.32% ...
10/22/2014 04:49:54 AM DEBUG: Data finishing 77.83% ...
10/22/2014 04:51:42 AM DEBUG: Data finishing 80.34% ...
10/22/2014 04:53:51 AM DEBUG: Data finishing 82.85% ...
10/22/2014 04:55:50 AM DEBUG: Data finishing 85.36% ...
10/22/2014 04:58:15 AM DEBUG: Data finishing 87.87% ...
10/22/2014 05:00:23 AM DEBUG: Data finishing 90.38% ...
10/22/2014 05:02:27 AM DEBUG: Data finishing 92.89% ...
10/22/2014 05:04:27 AM DEBUG: Data finishing 95.40% ...
10/22/2014 05:06:39 AM DEBUG: Data finishing 97.91% ...
10/22/2014 05:08:43 AM DEBUG: Iteration: 26
10/22/2014 05:08:43 AM DEBUG: Data size: 39832
10/22/2014 05:08:43 AM DEBUG: Data finishing 0.00% ...
10/22/2014 05:08:50 AM DEBUG: Dumping Weight Vector to /cs/natlang-projects/glm-parser/new_results/Weight_Iter_25.db 
10/22/2014 05:08:50 AM DEBUG: Total Feature Num: 10411945 
10/22/2014 05:11:04 AM DEBUG: Data finishing 2.51% ...
10/22/2014 05:13:15 AM DEBUG: Data finishing 5.02% ...
10/22/2014 05:15:26 AM DEBUG: Data finishing 7.53% ...
10/22/2014 05:17:34 AM DEBUG: Data finishing 10.04% ...
10/22/2014 05:19:41 AM DEBUG: Data finishing 12.55% ...
10/22/2014 05:21:55 AM DEBUG: Data finishing 15.06% ...
10/22/2014 05:24:09 AM DEBUG: Data finishing 17.57% ...
10/22/2014 05:26:18 AM DEBUG: Data finishing 20.08% ...
10/22/2014 05:28:28 AM DEBUG: Data finishing 22.59% ...
10/22/2014 05:30:41 AM DEBUG: Data finishing 25.11% ...
10/22/2014 05:32:45 AM DEBUG: Data finishing 27.62% ...
10/22/2014 05:34:48 AM DEBUG: Data finishing 30.13% ...
10/22/2014 05:37:07 AM DEBUG: Data finishing 32.64% ...
10/22/2014 05:39:15 AM DEBUG: Data finishing 35.15% ...
10/22/2014 05:41:14 AM DEBUG: Data finishing 37.66% ...
10/22/2014 05:43:27 AM DEBUG: Data finishing 40.17% ...
10/22/2014 05:45:19 AM DEBUG: Data finishing 42.68% ...
10/22/2014 05:47:20 AM DEBUG: Data finishing 45.19% ...
10/22/2014 05:49:36 AM DEBUG: Data finishing 47.70% ...
10/22/2014 05:51:32 AM DEBUG: Data finishing 50.21% ...
10/22/2014 05:53:38 AM DEBUG: Data finishing 52.72% ...
10/22/2014 05:55:41 AM DEBUG: Data finishing 55.23% ...
10/22/2014 05:57:51 AM DEBUG: Data finishing 57.74% ...
10/22/2014 05:59:53 AM DEBUG: Data finishing 60.25% ...
10/22/2014 06:02:05 AM DEBUG: Data finishing 62.76% ...
10/22/2014 06:04:12 AM DEBUG: Data finishing 65.27% ...
10/22/2014 06:06:16 AM DEBUG: Data finishing 67.78% ...
10/22/2014 06:08:15 AM DEBUG: Data finishing 70.30% ...
10/22/2014 06:10:28 AM DEBUG: Data finishing 72.81% ...
10/22/2014 06:12:36 AM DEBUG: Data finishing 75.32% ...
10/22/2014 06:14:51 AM DEBUG: Data finishing 77.83% ...
10/22/2014 06:16:40 AM DEBUG: Data finishing 80.34% ...
10/22/2014 06:18:49 AM DEBUG: Data finishing 82.85% ...
10/22/2014 06:20:48 AM DEBUG: Data finishing 85.36% ...
10/22/2014 06:23:13 AM DEBUG: Data finishing 87.87% ...
10/22/2014 06:25:21 AM DEBUG: Data finishing 90.38% ...
10/22/2014 06:27:25 AM DEBUG: Data finishing 92.89% ...
10/22/2014 06:29:26 AM DEBUG: Data finishing 95.40% ...
10/22/2014 06:31:39 AM DEBUG: Data finishing 97.91% ...
10/22/2014 06:33:44 AM DEBUG: Iteration: 27
10/22/2014 06:33:44 AM DEBUG: Data size: 39832
10/22/2014 06:33:44 AM DEBUG: Data finishing 0.00% ...
10/22/2014 06:33:52 AM DEBUG: Dumping Weight Vector to /cs/natlang-projects/glm-parser/new_results/Weight_Iter_26.db 
10/22/2014 06:33:52 AM DEBUG: Total Feature Num: 10417473 
10/22/2014 06:36:05 AM DEBUG: Data finishing 2.51% ...
10/22/2014 06:38:16 AM DEBUG: Data finishing 5.02% ...
10/22/2014 06:40:27 AM DEBUG: Data finishing 7.53% ...
10/22/2014 06:42:35 AM DEBUG: Data finishing 10.04% ...
10/22/2014 06:44:42 AM DEBUG: Data finishing 12.55% ...
10/22/2014 06:46:56 AM DEBUG: Data finishing 15.06% ...
10/22/2014 06:49:09 AM DEBUG: Data finishing 17.57% ...
10/22/2014 06:51:18 AM DEBUG: Data finishing 20.08% ...
10/22/2014 06:53:28 AM DEBUG: Data finishing 22.59% ...
10/22/2014 06:55:41 AM DEBUG: Data finishing 25.11% ...
10/22/2014 06:57:44 AM DEBUG: Data finishing 27.62% ...
10/22/2014 06:59:47 AM DEBUG: Data finishing 30.13% ...
10/22/2014 07:02:06 AM DEBUG: Data finishing 32.64% ...
10/22/2014 07:04:15 AM DEBUG: Data finishing 35.15% ...
10/22/2014 07:06:14 AM DEBUG: Data finishing 37.66% ...
10/22/2014 07:08:28 AM DEBUG: Data finishing 40.17% ...
10/22/2014 07:10:20 AM DEBUG: Data finishing 42.68% ...
10/22/2014 07:12:21 AM DEBUG: Data finishing 45.19% ...
10/22/2014 07:14:37 AM DEBUG: Data finishing 47.70% ...
10/22/2014 07:16:33 AM DEBUG: Data finishing 50.21% ...
10/22/2014 07:18:39 AM DEBUG: Data finishing 52.72% ...
10/22/2014 07:20:43 AM DEBUG: Data finishing 55.23% ...
10/22/2014 07:22:52 AM DEBUG: Data finishing 57.74% ...
10/22/2014 07:24:54 AM DEBUG: Data finishing 60.25% ...
10/22/2014 07:27:06 AM DEBUG: Data finishing 62.76% ...
10/22/2014 07:29:13 AM DEBUG: Data finishing 65.27% ...
10/22/2014 07:31:17 AM DEBUG: Data finishing 67.78% ...
10/22/2014 07:33:16 AM DEBUG: Data finishing 70.30% ...
10/22/2014 07:35:28 AM DEBUG: Data finishing 72.81% ...
10/22/2014 07:37:36 AM DEBUG: Data finishing 75.32% ...
10/22/2014 07:39:52 AM DEBUG: Data finishing 77.83% ...
10/22/2014 07:41:40 AM DEBUG: Data finishing 80.34% ...
10/22/2014 07:43:49 AM DEBUG: Data finishing 82.85% ...
10/22/2014 07:45:48 AM DEBUG: Data finishing 85.36% ...
10/22/2014 07:48:12 AM DEBUG: Data finishing 87.87% ...
10/22/2014 07:50:21 AM DEBUG: Data finishing 90.38% ...
10/22/2014 07:52:24 AM DEBUG: Data finishing 92.89% ...
10/22/2014 07:54:26 AM DEBUG: Data finishing 95.40% ...
10/22/2014 07:56:38 AM DEBUG: Data finishing 97.91% ...
10/22/2014 07:58:44 AM DEBUG: Iteration: 28
10/22/2014 07:58:44 AM DEBUG: Data size: 39832
10/22/2014 07:58:44 AM DEBUG: Data finishing 0.00% ...
10/22/2014 07:58:51 AM DEBUG: Dumping Weight Vector to /cs/natlang-projects/glm-parser/new_results/Weight_Iter_27.db 
10/22/2014 07:58:51 AM DEBUG: Total Feature Num: 10422757 
10/22/2014 08:01:03 AM DEBUG: Data finishing 2.51% ...
10/22/2014 08:03:14 AM DEBUG: Data finishing 5.02% ...
10/22/2014 08:05:24 AM DEBUG: Data finishing 7.53% ...
10/22/2014 08:07:31 AM DEBUG: Data finishing 10.04% ...
10/22/2014 08:09:37 AM DEBUG: Data finishing 12.55% ...
10/22/2014 08:11:50 AM DEBUG: Data finishing 15.06% ...
10/22/2014 08:14:03 AM DEBUG: Data finishing 17.57% ...
10/22/2014 08:16:12 AM DEBUG: Data finishing 20.08% ...
10/22/2014 08:18:20 AM DEBUG: Data finishing 22.59% ...
10/22/2014 08:20:33 AM DEBUG: Data finishing 25.11% ...
10/22/2014 08:22:36 AM DEBUG: Data finishing 27.62% ...
10/22/2014 08:24:38 AM DEBUG: Data finishing 30.13% ...
10/22/2014 08:26:56 AM DEBUG: Data finishing 32.64% ...
10/22/2014 08:29:04 AM DEBUG: Data finishing 35.15% ...
10/22/2014 08:31:04 AM DEBUG: Data finishing 37.66% ...
10/22/2014 08:33:17 AM DEBUG: Data finishing 40.17% ...
10/22/2014 08:35:08 AM DEBUG: Data finishing 42.68% ...
10/22/2014 08:37:09 AM DEBUG: Data finishing 45.19% ...
10/22/2014 08:39:24 AM DEBUG: Data finishing 47.70% ...
10/22/2014 08:41:20 AM DEBUG: Data finishing 50.21% ...
10/22/2014 08:43:26 AM DEBUG: Data finishing 52.72% ...
10/22/2014 08:45:29 AM DEBUG: Data finishing 55.23% ...
10/22/2014 08:47:37 AM DEBUG: Data finishing 57.74% ...
10/22/2014 08:49:39 AM DEBUG: Data finishing 60.25% ...
10/22/2014 08:51:50 AM DEBUG: Data finishing 62.76% ...
10/22/2014 08:53:57 AM DEBUG: Data finishing 65.27% ...
10/22/2014 08:56:01 AM DEBUG: Data finishing 67.78% ...
10/22/2014 08:57:59 AM DEBUG: Data finishing 70.30% ...
10/22/2014 09:00:11 AM DEBUG: Data finishing 72.81% ...
10/22/2014 09:02:18 AM DEBUG: Data finishing 75.32% ...
10/22/2014 09:04:34 AM DEBUG: Data finishing 77.83% ...
10/22/2014 09:06:22 AM DEBUG: Data finishing 80.34% ...
10/22/2014 09:08:31 AM DEBUG: Data finishing 82.85% ...
10/22/2014 09:10:30 AM DEBUG: Data finishing 85.36% ...
10/22/2014 09:12:54 AM DEBUG: Data finishing 87.87% ...
10/22/2014 09:15:02 AM DEBUG: Data finishing 90.38% ...
10/22/2014 09:17:04 AM DEBUG: Data finishing 92.89% ...
10/22/2014 09:19:05 AM DEBUG: Data finishing 95.40% ...
10/22/2014 09:21:17 AM DEBUG: Data finishing 97.91% ...
10/22/2014 09:23:20 AM DEBUG: Iteration: 29
10/22/2014 09:23:20 AM DEBUG: Data size: 39832
10/22/2014 09:23:20 AM DEBUG: Data finishing 0.00% ...
10/22/2014 09:23:28 AM DEBUG: Dumping Weight Vector to /cs/natlang-projects/glm-parser/new_results/Weight_Iter_28.db 
10/22/2014 09:23:28 AM DEBUG: Total Feature Num: 10427986 
10/22/2014 09:25:41 AM DEBUG: Data finishing 2.51% ...
10/22/2014 09:27:53 AM DEBUG: Data finishing 5.02% ...
10/22/2014 09:30:04 AM DEBUG: Data finishing 7.53% ...
10/22/2014 09:32:12 AM DEBUG: Data finishing 10.04% ...
10/22/2014 09:34:19 AM DEBUG: Data finishing 12.55% ...
10/22/2014 09:36:32 AM DEBUG: Data finishing 15.06% ...
10/22/2014 09:38:45 AM DEBUG: Data finishing 17.57% ...
10/22/2014 09:40:54 AM DEBUG: Data finishing 20.08% ...
10/22/2014 09:43:04 AM DEBUG: Data finishing 22.59% ...
10/22/2014 09:45:17 AM DEBUG: Data finishing 25.11% ...
10/22/2014 09:47:20 AM DEBUG: Data finishing 27.62% ...
10/22/2014 09:49:23 AM DEBUG: Data finishing 30.13% ...
10/22/2014 09:51:42 AM DEBUG: Data finishing 32.64% ...
10/22/2014 09:53:51 AM DEBUG: Data finishing 35.15% ...
10/22/2014 09:55:51 AM DEBUG: Data finishing 37.66% ...
10/22/2014 09:58:04 AM DEBUG: Data finishing 40.17% ...
10/22/2014 09:59:56 AM DEBUG: Data finishing 42.68% ...
10/22/2014 10:01:57 AM DEBUG: Data finishing 45.19% ...
10/22/2014 10:04:14 AM DEBUG: Data finishing 47.70% ...
10/22/2014 10:06:10 AM DEBUG: Data finishing 50.21% ...
10/22/2014 10:08:17 AM DEBUG: Data finishing 52.72% ...
10/22/2014 10:10:20 AM DEBUG: Data finishing 55.23% ...
10/22/2014 10:12:29 AM DEBUG: Data finishing 57.74% ...
10/22/2014 10:14:31 AM DEBUG: Data finishing 60.25% ...
10/22/2014 10:16:43 AM DEBUG: Data finishing 62.76% ...
10/22/2014 10:18:50 AM DEBUG: Data finishing 65.27% ...
10/22/2014 10:20:54 AM DEBUG: Data finishing 67.78% ...
10/22/2014 10:22:52 AM DEBUG: Data finishing 70.30% ...
10/22/2014 10:25:05 AM DEBUG: Data finishing 72.81% ...
10/22/2014 10:27:13 AM DEBUG: Data finishing 75.32% ...
10/22/2014 10:29:28 AM DEBUG: Data finishing 77.83% ...
10/22/2014 10:31:17 AM DEBUG: Data finishing 80.34% ...
10/22/2014 10:33:26 AM DEBUG: Data finishing 82.85% ...
10/22/2014 10:35:25 AM DEBUG: Data finishing 85.36% ...
10/22/2014 10:37:51 AM DEBUG: Data finishing 87.87% ...
10/22/2014 10:39:59 AM DEBUG: Data finishing 90.38% ...
10/22/2014 10:42:02 AM DEBUG: Data finishing 92.89% ...
10/22/2014 10:44:03 AM DEBUG: Data finishing 95.40% ...
10/22/2014 10:46:16 AM DEBUG: Data finishing 97.91% ...
10/22/2014 10:48:29 AM DEBUG: Dumping Weight Vector to /cs/natlang-projects/glm-parser/new_results/Weight_Iter_29.db 
10/22/2014 10:48:29 AM DEBUG: Total Feature Num: 10433878 
10/22/2014 10:48:41 AM DEBUG: Loading data...
10/22/2014 10:48:41 AM DEBUG: Loading section 00 
10/22/2014 10:48:58 AM DEBUG: Loading section 01 
10/22/2014 10:49:17 AM DEBUG: Loading section 22 
10/22/2014 10:49:36 AM DEBUG: Loading section 24 
10/22/2014 10:49:48 AM DEBUG: Start evaluating ...
10/22/2014 10:49:48 AM INFO: Feature count: 10433878
10/22/2014 10:49:48 AM DEBUG: Data finishing 0.00% ...
10/22/2014 10:51:49 AM DEBUG: Data finishing 14.37% ...
10/22/2014 10:54:19 AM DEBUG: Data finishing 28.74% ...
10/22/2014 10:56:20 AM DEBUG: Data finishing 43.10% ...
10/22/2014 10:58:26 AM DEBUG: Data finishing 57.47% ...
10/22/2014 11:00:28 AM DEBUG: Data finishing 71.84% ...
10/22/2014 11:02:31 AM DEBUG: Data finishing 86.21% ...
10/22/2014 11:04:36 AM INFO: Unlabeled accuracy: 0.906054329738 (151360, 167054)

