===============================================
Iter 1 :
12/14/2014 11:00:46 PM DEBUG: Loading Weight Vector from /cs/natlang-projects/glm-parser/new_results/weight/12-14-2014/Spinal_Weight_Iter_0.db 
12/14/2014 11:01:02 PM DEBUG: Loading data...
12/14/2014 11:01:02 PM DEBUG: Loading data...
12/14/2014 11:01:02 PM DEBUG: Initialize AveragePerceptronLearner ... 
12/14/2014 11:01:02 PM DEBUG: Loading data...
12/14/2014 11:01:02 PM DEBUG: Loading section 23 
12/14/2014 11:01:19 PM DEBUG: Start evaluating ...
12/14/2014 11:01:19 PM INFO: Feature count: 9534142
12/14/2014 11:01:19 PM DEBUG: Data finishing 0.00% ...
12/14/2014 11:03:36 PM DEBUG: Data finishing 41.39% ...
12/14/2014 11:06:08 PM DEBUG: Data finishing 82.78% ...
12/14/2014 11:07:04 PM INFO: Unlabeled accuracy: 0.937936631148 (53166, 56684)
12/14/2014 11:07:04 PM INFO: Unlabeled attachment accuracy: 0.940473773266 (55582, 59100)
===============================================
Iter 2 :
12/14/2014 11:07:07 PM DEBUG: Loading Weight Vector from /cs/natlang-projects/glm-parser/new_results/weight/12-14-2014/Spinal_Weight_Iter_1.db 
12/14/2014 11:07:24 PM DEBUG: Loading data...
12/14/2014 11:07:24 PM DEBUG: Loading data...
12/14/2014 11:07:24 PM DEBUG: Initialize AveragePerceptronLearner ... 
12/14/2014 11:07:24 PM DEBUG: Loading data...
12/14/2014 11:07:24 PM DEBUG: Loading section 23 
12/14/2014 11:07:42 PM DEBUG: Start evaluating ...
12/14/2014 11:07:42 PM INFO: Feature count: 9886118
12/14/2014 11:07:42 PM DEBUG: Data finishing 0.00% ...
12/14/2014 11:09:56 PM DEBUG: Data finishing 41.39% ...
12/14/2014 11:12:26 PM DEBUG: Data finishing 82.78% ...
12/14/2014 11:13:21 PM INFO: Unlabeled accuracy: 0.942541105074 (53427, 56684)
12/14/2014 11:13:21 PM INFO: Unlabeled attachment accuracy: 0.944890016920 (55843, 59100)
===============================================
Iter 3 :
12/14/2014 11:13:24 PM DEBUG: Loading Weight Vector from /cs/natlang-projects/glm-parser/new_results/weight/12-14-2014/Spinal_Weight_Iter_2.db 
12/14/2014 11:13:40 PM DEBUG: Loading data...
12/14/2014 11:13:40 PM DEBUG: Loading data...
12/14/2014 11:13:40 PM DEBUG: Initialize AveragePerceptronLearner ... 
12/14/2014 11:13:40 PM DEBUG: Loading data...
12/14/2014 11:13:40 PM DEBUG: Loading section 23 
12/14/2014 11:13:57 PM DEBUG: Start evaluating ...
12/14/2014 11:13:57 PM INFO: Feature count: 10066840
12/14/2014 11:13:57 PM DEBUG: Data finishing 0.00% ...
12/14/2014 11:16:05 PM DEBUG: Data finishing 41.39% ...
12/14/2014 11:18:29 PM DEBUG: Data finishing 82.78% ...
12/14/2014 11:19:21 PM INFO: Unlabeled accuracy: 0.944605179592 (53544, 56684)
12/14/2014 11:19:21 PM INFO: Unlabeled attachment accuracy: 0.946869712352 (55960, 59100)
===============================================
Iter 4 :
12/14/2014 11:19:25 PM DEBUG: Loading Weight Vector from /cs/natlang-projects/glm-parser/new_results/weight/12-14-2014/Spinal_Weight_Iter_3.db 
12/14/2014 11:19:40 PM DEBUG: Loading data...
12/14/2014 11:19:40 PM DEBUG: Loading data...
12/14/2014 11:19:40 PM DEBUG: Initialize AveragePerceptronLearner ... 
12/14/2014 11:19:40 PM DEBUG: Loading data...
12/14/2014 11:19:40 PM DEBUG: Loading section 23 
12/14/2014 11:19:58 PM DEBUG: Start evaluating ...
12/14/2014 11:19:58 PM INFO: Feature count: 10174094
12/14/2014 11:19:58 PM DEBUG: Data finishing 0.00% ...
12/14/2014 11:22:06 PM DEBUG: Data finishing 41.39% ...
12/14/2014 11:24:31 PM DEBUG: Data finishing 82.78% ...
12/14/2014 11:25:23 PM INFO: Unlabeled accuracy: 0.944658104580 (53547, 56684)
12/14/2014 11:25:23 PM INFO: Unlabeled attachment accuracy: 0.946920473773 (55963, 59100)
===============================================
Iter 5 :
12/14/2014 11:25:26 PM DEBUG: Loading Weight Vector from /cs/natlang-projects/glm-parser/new_results/weight/12-14-2014/Spinal_Weight_Iter_4.db 
12/14/2014 11:25:42 PM DEBUG: Loading data...
12/14/2014 11:25:42 PM DEBUG: Loading data...
12/14/2014 11:25:42 PM DEBUG: Initialize AveragePerceptronLearner ... 
12/14/2014 11:25:42 PM DEBUG: Loading data...
12/14/2014 11:25:42 PM DEBUG: Loading section 23 
12/14/2014 11:26:00 PM DEBUG: Start evaluating ...
12/14/2014 11:26:00 PM INFO: Feature count: 10248242
12/14/2014 11:26:00 PM DEBUG: Data finishing 0.00% ...
12/14/2014 11:28:13 PM DEBUG: Data finishing 41.39% ...
12/14/2014 11:30:44 PM DEBUG: Data finishing 82.78% ...
12/14/2014 11:31:38 PM INFO: Unlabeled accuracy: 0.944975654506 (53565, 56684)
12/14/2014 11:31:38 PM INFO: Unlabeled attachment accuracy: 0.947225042301 (55981, 59100)
===============================================
Iter 6 :
12/14/2014 11:31:42 PM DEBUG: Loading Weight Vector from /cs/natlang-projects/glm-parser/new_results/weight/12-14-2014/Spinal_Weight_Iter_5.db 
12/14/2014 11:31:59 PM DEBUG: Loading data...
12/14/2014 11:31:59 PM DEBUG: Loading data...
12/14/2014 11:31:59 PM DEBUG: Initialize AveragePerceptronLearner ... 
12/14/2014 11:31:59 PM DEBUG: Loading data...
12/14/2014 11:31:59 PM DEBUG: Loading section 23 
12/14/2014 11:32:16 PM DEBUG: Start evaluating ...
12/14/2014 11:32:16 PM INFO: Feature count: 10302575
12/14/2014 11:32:16 PM DEBUG: Data finishing 0.00% ...
12/14/2014 11:34:30 PM DEBUG: Data finishing 41.39% ...
12/14/2014 11:37:00 PM DEBUG: Data finishing 82.78% ...
12/14/2014 11:37:55 PM INFO: Unlabeled accuracy: 0.944569896267 (53542, 56684)
12/14/2014 11:37:55 PM INFO: Unlabeled attachment accuracy: 0.946835871404 (55958, 59100)
===============================================
Iter 7 :
12/14/2014 11:37:58 PM DEBUG: Loading Weight Vector from /cs/natlang-projects/glm-parser/new_results/weight/12-14-2014/Spinal_Weight_Iter_6.db 
12/14/2014 11:38:14 PM DEBUG: Loading data...
12/14/2014 11:38:14 PM DEBUG: Loading data...
12/14/2014 11:38:14 PM DEBUG: Initialize AveragePerceptronLearner ... 
12/14/2014 11:38:14 PM DEBUG: Loading data...
12/14/2014 11:38:14 PM DEBUG: Loading section 23 
12/14/2014 11:38:32 PM DEBUG: Start evaluating ...
12/14/2014 11:38:32 PM INFO: Feature count: 10342271
12/14/2014 11:38:32 PM DEBUG: Data finishing 0.00% ...
12/14/2014 11:40:42 PM DEBUG: Data finishing 41.39% ...
12/14/2014 11:43:09 PM DEBUG: Data finishing 82.78% ...
12/14/2014 11:44:03 PM INFO: Unlabeled accuracy: 0.944164138028 (53519, 56684)
12/14/2014 11:44:03 PM INFO: Unlabeled attachment accuracy: 0.946446700508 (55935, 59100)
===============================================
Iter 8 :
12/14/2014 11:44:06 PM DEBUG: Loading Weight Vector from /cs/natlang-projects/glm-parser/new_results/weight/12-14-2014/Spinal_Weight_Iter_7.db 
12/14/2014 11:44:22 PM DEBUG: Loading data...
12/14/2014 11:44:22 PM DEBUG: Loading data...
12/14/2014 11:44:22 PM DEBUG: Initialize AveragePerceptronLearner ... 
12/14/2014 11:44:22 PM DEBUG: Loading data...
12/14/2014 11:44:22 PM DEBUG: Loading section 23 
12/14/2014 11:44:40 PM DEBUG: Start evaluating ...
12/14/2014 11:44:40 PM INFO: Feature count: 10373455
12/14/2014 11:44:40 PM DEBUG: Data finishing 0.00% ...
12/14/2014 11:46:52 PM DEBUG: Data finishing 41.39% ...
12/14/2014 11:49:23 PM DEBUG: Data finishing 82.78% ...
12/14/2014 11:50:18 PM INFO: Unlabeled accuracy: 0.944181779691 (53520, 56684)
12/14/2014 11:50:18 PM INFO: Unlabeled attachment accuracy: 0.946463620981 (55936, 59100)
===============================================
Iter 9 :
12/14/2014 11:50:21 PM DEBUG: Loading Weight Vector from /cs/natlang-projects/glm-parser/new_results/weight/12-14-2014/Spinal_Weight_Iter_8.db 
12/14/2014 11:50:36 PM DEBUG: Loading data...
12/14/2014 11:50:36 PM DEBUG: Loading data...
12/14/2014 11:50:36 PM DEBUG: Initialize AveragePerceptronLearner ... 
12/14/2014 11:50:36 PM DEBUG: Loading data...
12/14/2014 11:50:36 PM DEBUG: Loading section 23 
12/14/2014 11:50:54 PM DEBUG: Start evaluating ...
12/14/2014 11:50:54 PM INFO: Feature count: 10398905
12/14/2014 11:50:54 PM DEBUG: Data finishing 0.00% ...
12/14/2014 11:53:02 PM DEBUG: Data finishing 41.39% ...
12/14/2014 11:55:27 PM DEBUG: Data finishing 82.78% ...
12/14/2014 11:56:19 PM INFO: Unlabeled accuracy: 0.943970079740 (53508, 56684)
12/14/2014 11:56:19 PM INFO: Unlabeled attachment accuracy: 0.946260575296 (55924, 59100)
===============================================
Iter 10 :
12/14/2014 11:56:22 PM DEBUG: Loading Weight Vector from /cs/natlang-projects/glm-parser/new_results/weight/12-14-2014/Spinal_Weight_Iter_9.db 
12/14/2014 11:56:39 PM DEBUG: Loading data...
12/14/2014 11:56:39 PM DEBUG: Loading data...
12/14/2014 11:56:39 PM DEBUG: Initialize AveragePerceptronLearner ... 
12/14/2014 11:56:39 PM DEBUG: Loading data...
12/14/2014 11:56:39 PM DEBUG: Loading section 23 
12/14/2014 11:56:56 PM DEBUG: Start evaluating ...
12/14/2014 11:56:56 PM INFO: Feature count: 10420623
12/14/2014 11:56:56 PM DEBUG: Data finishing 0.00% ...
12/14/2014 11:59:08 PM DEBUG: Data finishing 41.39% ...
12/15/2014 12:01:37 AM DEBUG: Data finishing 82.78% ...
12/15/2014 12:02:31 AM INFO: Unlabeled accuracy: 0.943811304777 (53499, 56684)
12/15/2014 12:02:31 AM INFO: Unlabeled attachment accuracy: 0.946108291032 (55915, 59100)
===============================================
Iter 11 :
12/15/2014 12:02:34 AM DEBUG: Loading Weight Vector from /cs/natlang-projects/glm-parser/new_results/weight/12-14-2014/Spinal_Weight_Iter_10.db 
12/15/2014 12:02:50 AM DEBUG: Loading data...
12/15/2014 12:02:50 AM DEBUG: Loading data...
12/15/2014 12:02:50 AM DEBUG: Initialize AveragePerceptronLearner ... 
12/15/2014 12:02:50 AM DEBUG: Loading data...
12/15/2014 12:02:50 AM DEBUG: Loading section 23 
12/15/2014 12:03:08 AM DEBUG: Start evaluating ...
12/15/2014 12:03:08 AM INFO: Feature count: 10437224
12/15/2014 12:03:08 AM DEBUG: Data finishing 0.00% ...
12/15/2014 12:05:25 AM DEBUG: Data finishing 41.39% ...
12/15/2014 12:07:58 AM DEBUG: Data finishing 82.78% ...
12/15/2014 12:08:54 AM INFO: Unlabeled accuracy: 0.943652529814 (53490, 56684)
12/15/2014 12:08:54 AM INFO: Unlabeled attachment accuracy: 0.945956006768 (55906, 59100)
===============================================
Iter 12 :
12/15/2014 12:08:57 AM DEBUG: Loading Weight Vector from /cs/natlang-projects/glm-parser/new_results/weight/12-14-2014/Spinal_Weight_Iter_11.db 
12/15/2014 12:09:15 AM DEBUG: Loading data...
12/15/2014 12:09:15 AM DEBUG: Loading data...
12/15/2014 12:09:15 AM DEBUG: Initialize AveragePerceptronLearner ... 
12/15/2014 12:09:15 AM DEBUG: Loading data...
12/15/2014 12:09:15 AM DEBUG: Loading section 23 
12/15/2014 12:09:33 AM DEBUG: Start evaluating ...
12/15/2014 12:09:33 AM INFO: Feature count: 10451538
12/15/2014 12:09:33 AM DEBUG: Data finishing 0.00% ...
12/15/2014 12:11:46 AM DEBUG: Data finishing 41.39% ...
12/15/2014 12:14:15 AM DEBUG: Data finishing 82.78% ...
12/15/2014 12:15:10 AM INFO: Unlabeled accuracy: 0.943158563263 (53462, 56684)
12/15/2014 12:15:10 AM INFO: Unlabeled attachment accuracy: 0.945482233503 (55878, 59100)
===============================================
Iter 13 :
12/15/2014 12:15:13 AM DEBUG: Loading Weight Vector from /cs/natlang-projects/glm-parser/new_results/weight/12-14-2014/Spinal_Weight_Iter_12.db 
12/15/2014 12:15:29 AM DEBUG: Loading data...
12/15/2014 12:15:29 AM DEBUG: Loading data...
12/15/2014 12:15:29 AM DEBUG: Initialize AveragePerceptronLearner ... 
12/15/2014 12:15:29 AM DEBUG: Loading data...
12/15/2014 12:15:29 AM DEBUG: Loading section 23 
12/15/2014 12:15:47 AM DEBUG: Start evaluating ...
12/15/2014 12:15:47 AM INFO: Feature count: 10465201
12/15/2014 12:15:47 AM DEBUG: Data finishing 0.00% ...
12/15/2014 12:17:59 AM DEBUG: Data finishing 41.39% ...
12/15/2014 12:20:27 AM DEBUG: Data finishing 82.78% ...
12/15/2014 12:21:21 AM INFO: Unlabeled accuracy: 0.943070354950 (53457, 56684)
12/15/2014 12:21:21 AM INFO: Unlabeled attachment accuracy: 0.945397631134 (55873, 59100)
===============================================
Iter 14 :
12/15/2014 12:21:24 AM DEBUG: Loading Weight Vector from /cs/natlang-projects/glm-parser/new_results/weight/12-14-2014/Spinal_Weight_Iter_13.db 
12/15/2014 12:21:41 AM DEBUG: Loading data...
12/15/2014 12:21:41 AM DEBUG: Loading data...
12/15/2014 12:21:41 AM DEBUG: Initialize AveragePerceptronLearner ... 
12/15/2014 12:21:41 AM DEBUG: Loading data...
12/15/2014 12:21:41 AM DEBUG: Loading section 23 
12/15/2014 12:21:59 AM DEBUG: Start evaluating ...
12/15/2014 12:21:59 AM INFO: Feature count: 10476563
12/15/2014 12:21:59 AM DEBUG: Data finishing 0.00% ...
12/15/2014 12:24:09 AM DEBUG: Data finishing 41.39% ...
12/15/2014 12:26:35 AM DEBUG: Data finishing 82.78% ...
12/15/2014 12:27:28 AM INFO: Unlabeled accuracy: 0.942364688448 (53417, 56684)
12/15/2014 12:27:28 AM INFO: Unlabeled attachment accuracy: 0.944720812183 (55833, 59100)
===============================================
Iter 15 :
12/15/2014 12:27:31 AM DEBUG: Loading Weight Vector from /cs/natlang-projects/glm-parser/new_results/weight/12-14-2014/Spinal_Weight_Iter_14.db 
12/15/2014 12:27:48 AM DEBUG: Loading data...
12/15/2014 12:27:48 AM DEBUG: Loading data...
12/15/2014 12:27:48 AM DEBUG: Initialize AveragePerceptronLearner ... 
12/15/2014 12:27:48 AM DEBUG: Loading data...
12/15/2014 12:27:48 AM DEBUG: Loading section 23 
12/15/2014 12:28:06 AM DEBUG: Start evaluating ...
12/15/2014 12:28:06 AM INFO: Feature count: 10487148
12/15/2014 12:28:06 AM DEBUG: Data finishing 0.00% ...
12/15/2014 12:30:20 AM DEBUG: Data finishing 41.39% ...
12/15/2014 12:32:50 AM DEBUG: Data finishing 82.78% ...
12/15/2014 12:33:45 AM INFO: Unlabeled accuracy: 0.941958930210 (53394, 56684)
12/15/2014 12:33:45 AM INFO: Unlabeled attachment accuracy: 0.944331641286 (55810, 59100)
===============================================
Iter 16 :
12/15/2014 12:33:48 AM DEBUG: Loading Weight Vector from /cs/natlang-projects/glm-parser/new_results/weight/12-14-2014/Spinal_Weight_Iter_15.db 
12/15/2014 12:34:05 AM DEBUG: Loading data...
12/15/2014 12:34:05 AM DEBUG: Loading data...
12/15/2014 12:34:05 AM DEBUG: Initialize AveragePerceptronLearner ... 
12/15/2014 12:34:05 AM DEBUG: Loading data...
12/15/2014 12:34:05 AM DEBUG: Loading section 23 
12/15/2014 12:34:23 AM DEBUG: Start evaluating ...
12/15/2014 12:34:23 AM INFO: Feature count: 10496335
12/15/2014 12:34:23 AM DEBUG: Data finishing 0.00% ...
12/15/2014 12:36:37 AM DEBUG: Data finishing 41.39% ...
12/15/2014 12:39:08 AM DEBUG: Data finishing 82.78% ...
12/15/2014 12:40:03 AM INFO: Unlabeled accuracy: 0.941729588596 (53381, 56684)
12/15/2014 12:40:03 AM INFO: Unlabeled attachment accuracy: 0.944111675127 (55797, 59100)
===============================================
Iter 17 :
12/15/2014 12:40:06 AM DEBUG: Loading Weight Vector from /cs/natlang-projects/glm-parser/new_results/weight/12-14-2014/Spinal_Weight_Iter_16.db 
12/15/2014 12:40:22 AM DEBUG: Loading data...
12/15/2014 12:40:22 AM DEBUG: Loading data...
12/15/2014 12:40:22 AM DEBUG: Initialize AveragePerceptronLearner ... 
12/15/2014 12:40:22 AM DEBUG: Loading data...
12/15/2014 12:40:22 AM DEBUG: Loading section 23 
12/15/2014 12:40:40 AM DEBUG: Start evaluating ...
12/15/2014 12:40:40 AM INFO: Feature count: 10505453
12/15/2014 12:40:40 AM DEBUG: Data finishing 0.00% ...
12/15/2014 12:42:54 AM DEBUG: Data finishing 41.39% ...
12/15/2014 12:45:24 AM DEBUG: Data finishing 82.78% ...
12/15/2014 12:46:19 AM INFO: Unlabeled accuracy: 0.941412038671 (53363, 56684)
12/15/2014 12:46:19 AM INFO: Unlabeled attachment accuracy: 0.943807106599 (55779, 59100)
===============================================
Iter 18 :
12/15/2014 12:46:22 AM DEBUG: Loading Weight Vector from /cs/natlang-projects/glm-parser/new_results/weight/12-14-2014/Spinal_Weight_Iter_17.db 
12/15/2014 12:46:38 AM DEBUG: Loading data...
12/15/2014 12:46:38 AM DEBUG: Loading data...
12/15/2014 12:46:38 AM DEBUG: Initialize AveragePerceptronLearner ... 
12/15/2014 12:46:38 AM DEBUG: Loading data...
12/15/2014 12:46:38 AM DEBUG: Loading section 23 
12/15/2014 12:46:56 AM DEBUG: Start evaluating ...
12/15/2014 12:46:56 AM INFO: Feature count: 10513245
12/15/2014 12:46:56 AM DEBUG: Data finishing 0.00% ...
12/15/2014 12:49:08 AM DEBUG: Data finishing 41.39% ...
12/15/2014 12:51:37 AM DEBUG: Data finishing 82.78% ...
12/15/2014 12:52:32 AM INFO: Unlabeled accuracy: 0.941341472020 (53359, 56684)
12/15/2014 12:52:32 AM INFO: Unlabeled attachment accuracy: 0.943739424704 (55775, 59100)
===============================================
Iter 19 :
12/15/2014 12:52:35 AM DEBUG: Loading Weight Vector from /cs/natlang-projects/glm-parser/new_results/weight/12-14-2014/Spinal_Weight_Iter_18.db 
12/15/2014 12:52:52 AM DEBUG: Loading data...
12/15/2014 12:52:52 AM DEBUG: Loading data...
12/15/2014 12:52:52 AM DEBUG: Initialize AveragePerceptronLearner ... 
12/15/2014 12:52:52 AM DEBUG: Loading data...
12/15/2014 12:52:52 AM DEBUG: Loading section 23 
12/15/2014 12:53:10 AM DEBUG: Start evaluating ...
12/15/2014 12:53:10 AM INFO: Feature count: 10520667
12/15/2014 12:53:10 AM DEBUG: Data finishing 0.00% ...
12/15/2014 12:55:25 AM DEBUG: Data finishing 41.39% ...
12/15/2014 12:57:57 AM DEBUG: Data finishing 82.78% ...
12/15/2014 12:58:53 AM INFO: Unlabeled accuracy: 0.941288547033 (53356, 56684)
12/15/2014 12:58:53 AM INFO: Unlabeled attachment accuracy: 0.943688663283 (55772, 59100)
===============================================
Iter 20 :
12/15/2014 12:58:57 AM DEBUG: Loading Weight Vector from /cs/natlang-projects/glm-parser/new_results/weight/12-14-2014/Spinal_Weight_Iter_19.db 
12/15/2014 12:59:14 AM DEBUG: Loading data...
12/15/2014 12:59:14 AM DEBUG: Loading data...
12/15/2014 12:59:14 AM DEBUG: Initialize AveragePerceptronLearner ... 
12/15/2014 12:59:14 AM DEBUG: Loading data...
12/15/2014 12:59:14 AM DEBUG: Loading section 23 
12/15/2014 12:59:32 AM DEBUG: Start evaluating ...
12/15/2014 12:59:32 AM INFO: Feature count: 10527897
12/15/2014 12:59:32 AM DEBUG: Data finishing 0.00% ...
12/15/2014 01:01:44 AM DEBUG: Data finishing 41.39% ...
12/15/2014 01:04:12 AM DEBUG: Data finishing 82.78% ...
12/15/2014 01:05:06 AM INFO: Unlabeled accuracy: 0.941182697057 (53350, 56684)
12/15/2014 01:05:06 AM INFO: Unlabeled attachment accuracy: 0.943587140440 (55766, 59100)
===============================================
Section 24
===============================================
Iter 1 :
12/15/2014 01:05:09 AM DEBUG: Loading Weight Vector from /cs/natlang-projects/glm-parser/new_results/weight/12-14-2014/Spinal_Weight_Iter_0.db 
12/15/2014 01:05:24 AM DEBUG: Loading data...
12/15/2014 01:05:24 AM DEBUG: Loading data...
12/15/2014 01:05:24 AM DEBUG: Initialize AveragePerceptronLearner ... 
12/15/2014 01:05:24 AM DEBUG: Loading data...
12/15/2014 01:05:24 AM DEBUG: Loading section 24 
12/15/2014 01:05:35 AM DEBUG: Start evaluating ...
12/15/2014 01:05:35 AM INFO: Feature count: 9534142
12/15/2014 01:05:35 AM DEBUG: Data finishing 0.00% ...
12/15/2014 01:08:06 AM DEBUG: Data finishing 74.29% ...
12/15/2014 01:09:08 AM INFO: Unlabeled accuracy: 0.928134416948 (30492, 32853)
12/15/2014 01:09:08 AM INFO: Unlabeled attachment accuracy: 0.930962893652 (31838, 34199)
===============================================
Iter 2 :
12/15/2014 01:09:10 AM DEBUG: Loading Weight Vector from /cs/natlang-projects/glm-parser/new_results/weight/12-14-2014/Spinal_Weight_Iter_1.db 
12/15/2014 01:09:26 AM DEBUG: Loading data...
12/15/2014 01:09:26 AM DEBUG: Loading data...
12/15/2014 01:09:26 AM DEBUG: Initialize AveragePerceptronLearner ... 
12/15/2014 01:09:26 AM DEBUG: Loading data...
12/15/2014 01:09:26 AM DEBUG: Loading section 24 
12/15/2014 01:09:37 AM DEBUG: Start evaluating ...
12/15/2014 01:09:37 AM INFO: Feature count: 9886118
12/15/2014 01:09:37 AM DEBUG: Data finishing 0.00% ...
12/15/2014 01:12:05 AM DEBUG: Data finishing 74.29% ...
12/15/2014 01:13:05 AM INFO: Unlabeled accuracy: 0.931695735549 (30609, 32853)
12/15/2014 01:13:05 AM INFO: Unlabeled attachment accuracy: 0.934384046317 (31955, 34199)
===============================================
Iter 3 :
12/15/2014 01:13:07 AM DEBUG: Loading Weight Vector from /cs/natlang-projects/glm-parser/new_results/weight/12-14-2014/Spinal_Weight_Iter_2.db 
12/15/2014 01:13:23 AM DEBUG: Loading data...
12/15/2014 01:13:23 AM DEBUG: Loading data...
12/15/2014 01:13:23 AM DEBUG: Initialize AveragePerceptronLearner ... 
12/15/2014 01:13:23 AM DEBUG: Loading data...
12/15/2014 01:13:23 AM DEBUG: Loading section 24 
12/15/2014 01:13:34 AM DEBUG: Start evaluating ...
12/15/2014 01:13:34 AM INFO: Feature count: 10066840
12/15/2014 01:13:34 AM DEBUG: Data finishing 0.00% ...
12/15/2014 01:15:59 AM DEBUG: Data finishing 74.29% ...
12/15/2014 01:16:58 AM INFO: Unlabeled accuracy: 0.933156789334 (30657, 32853)
12/15/2014 01:16:58 AM INFO: Unlabeled attachment accuracy: 0.935787596129 (32003, 34199)
===============================================
Iter 4 :
12/15/2014 01:17:02 AM DEBUG: Loading Weight Vector from /cs/natlang-projects/glm-parser/new_results/weight/12-14-2014/Spinal_Weight_Iter_3.db 
12/15/2014 01:17:18 AM DEBUG: Loading data...
12/15/2014 01:17:18 AM DEBUG: Loading data...
12/15/2014 01:17:18 AM DEBUG: Initialize AveragePerceptronLearner ... 
12/15/2014 01:17:18 AM DEBUG: Loading data...
12/15/2014 01:17:18 AM DEBUG: Loading section 24 
12/15/2014 01:17:29 AM DEBUG: Start evaluating ...
12/15/2014 01:17:29 AM INFO: Feature count: 10174094
12/15/2014 01:17:29 AM DEBUG: Data finishing 0.00% ...
12/15/2014 01:20:01 AM DEBUG: Data finishing 74.29% ...
12/15/2014 01:21:02 AM INFO: Unlabeled accuracy: 0.932517578303 (30636, 32853)
12/15/2014 01:21:02 AM INFO: Unlabeled attachment accuracy: 0.935173543086 (31982, 34199)
===============================================
Iter 5 :
12/15/2014 01:21:05 AM DEBUG: Loading Weight Vector from /cs/natlang-projects/glm-parser/new_results/weight/12-14-2014/Spinal_Weight_Iter_4.db 
12/15/2014 01:21:20 AM DEBUG: Loading data...
12/15/2014 01:21:20 AM DEBUG: Loading data...
12/15/2014 01:21:20 AM DEBUG: Initialize AveragePerceptronLearner ... 
12/15/2014 01:21:20 AM DEBUG: Loading data...
12/15/2014 01:21:20 AM DEBUG: Loading section 24 
12/15/2014 01:21:31 AM DEBUG: Start evaluating ...
12/15/2014 01:21:31 AM INFO: Feature count: 10248242
12/15/2014 01:21:31 AM DEBUG: Data finishing 0.00% ...
12/15/2014 01:23:57 AM DEBUG: Data finishing 74.29% ...
12/15/2014 01:24:57 AM INFO: Unlabeled accuracy: 0.932669771406 (30641, 32853)
12/15/2014 01:24:57 AM INFO: Unlabeled attachment accuracy: 0.935319746191 (31987, 34199)
===============================================
Iter 6 :
12/15/2014 01:24:59 AM DEBUG: Loading Weight Vector from /cs/natlang-projects/glm-parser/new_results/weight/12-14-2014/Spinal_Weight_Iter_5.db 
12/15/2014 01:25:14 AM DEBUG: Loading data...
12/15/2014 01:25:14 AM DEBUG: Loading data...
12/15/2014 01:25:14 AM DEBUG: Initialize AveragePerceptronLearner ... 
12/15/2014 01:25:14 AM DEBUG: Loading data...
12/15/2014 01:25:14 AM DEBUG: Loading section 24 
12/15/2014 01:25:25 AM DEBUG: Start evaluating ...
12/15/2014 01:25:25 AM INFO: Feature count: 10302575
12/15/2014 01:25:25 AM DEBUG: Data finishing 0.00% ...
12/15/2014 01:27:50 AM DEBUG: Data finishing 74.29% ...
12/15/2014 01:28:49 AM INFO: Unlabeled accuracy: 0.933369859678 (30664, 32853)
12/15/2014 01:28:49 AM INFO: Unlabeled attachment accuracy: 0.935992280476 (32010, 34199)
===============================================
Iter 7 :
12/15/2014 01:28:51 AM DEBUG: Loading Weight Vector from /cs/natlang-projects/glm-parser/new_results/weight/12-14-2014/Spinal_Weight_Iter_6.db 
12/15/2014 01:29:07 AM DEBUG: Loading data...
12/15/2014 01:29:07 AM DEBUG: Loading data...
12/15/2014 01:29:07 AM DEBUG: Initialize AveragePerceptronLearner ... 
12/15/2014 01:29:07 AM DEBUG: Loading data...
12/15/2014 01:29:07 AM DEBUG: Loading section 24 
12/15/2014 01:29:18 AM DEBUG: Start evaluating ...
12/15/2014 01:29:18 AM INFO: Feature count: 10342271
12/15/2014 01:29:18 AM DEBUG: Data finishing 0.00% ...
12/15/2014 01:31:44 AM DEBUG: Data finishing 74.29% ...
12/15/2014 01:32:43 AM INFO: Unlabeled accuracy: 0.933156789334 (30657, 32853)
12/15/2014 01:32:43 AM INFO: Unlabeled attachment accuracy: 0.935787596129 (32003, 34199)
===============================================
Iter 8 :
12/15/2014 01:32:46 AM DEBUG: Loading Weight Vector from /cs/natlang-projects/glm-parser/new_results/weight/12-14-2014/Spinal_Weight_Iter_7.db 
12/15/2014 01:33:02 AM DEBUG: Loading data...
12/15/2014 01:33:02 AM DEBUG: Loading data...
12/15/2014 01:33:02 AM DEBUG: Initialize AveragePerceptronLearner ... 
12/15/2014 01:33:02 AM DEBUG: Loading data...
12/15/2014 01:33:02 AM DEBUG: Loading section 24 
12/15/2014 01:33:13 AM DEBUG: Start evaluating ...
12/15/2014 01:33:13 AM INFO: Feature count: 10373455
12/15/2014 01:33:13 AM DEBUG: Data finishing 0.00% ...
12/15/2014 01:35:36 AM DEBUG: Data finishing 74.29% ...
12/15/2014 01:36:35 AM INFO: Unlabeled accuracy: 0.933369859678 (30664, 32853)
12/15/2014 01:36:35 AM INFO: Unlabeled attachment accuracy: 0.935992280476 (32010, 34199)
===============================================
Iter 9 :
12/15/2014 01:36:37 AM DEBUG: Loading Weight Vector from /cs/natlang-projects/glm-parser/new_results/weight/12-14-2014/Spinal_Weight_Iter_8.db 
12/15/2014 01:36:52 AM DEBUG: Loading data...
12/15/2014 01:36:52 AM DEBUG: Loading data...
12/15/2014 01:36:52 AM DEBUG: Initialize AveragePerceptronLearner ... 
12/15/2014 01:36:52 AM DEBUG: Loading data...
12/15/2014 01:36:52 AM DEBUG: Loading section 24 
12/15/2014 01:37:03 AM DEBUG: Start evaluating ...
12/15/2014 01:37:03 AM INFO: Feature count: 10398905
12/15/2014 01:37:03 AM DEBUG: Data finishing 0.00% ...
12/15/2014 01:39:32 AM DEBUG: Data finishing 74.29% ...
12/15/2014 01:40:32 AM INFO: Unlabeled accuracy: 0.933278543816 (30661, 32853)
12/15/2014 01:40:32 AM INFO: Unlabeled attachment accuracy: 0.935904558613 (32007, 34199)
===============================================
Iter 10 :
12/15/2014 01:40:37 AM DEBUG: Loading Weight Vector from /cs/natlang-projects/glm-parser/new_results/weight/12-14-2014/Spinal_Weight_Iter_9.db 
12/15/2014 01:40:52 AM DEBUG: Loading data...
12/15/2014 01:40:52 AM DEBUG: Loading data...
12/15/2014 01:40:52 AM DEBUG: Initialize AveragePerceptronLearner ... 
12/15/2014 01:40:52 AM DEBUG: Loading data...
12/15/2014 01:40:52 AM DEBUG: Loading section 24 
12/15/2014 01:41:04 AM DEBUG: Start evaluating ...
12/15/2014 01:41:04 AM INFO: Feature count: 10420623
12/15/2014 01:41:04 AM DEBUG: Data finishing 0.00% ...
12/15/2014 01:43:29 AM DEBUG: Data finishing 74.29% ...
12/15/2014 01:44:29 AM INFO: Unlabeled accuracy: 0.933491614160 (30668, 32853)
12/15/2014 01:44:29 AM INFO: Unlabeled attachment accuracy: 0.936109242960 (32014, 34199)
===============================================
Iter 11 :
12/15/2014 01:44:31 AM DEBUG: Loading Weight Vector from /cs/natlang-projects/glm-parser/new_results/weight/12-14-2014/Spinal_Weight_Iter_10.db 
12/15/2014 01:44:46 AM DEBUG: Loading data...
12/15/2014 01:44:46 AM DEBUG: Loading data...
12/15/2014 01:44:46 AM DEBUG: Initialize AveragePerceptronLearner ... 
12/15/2014 01:44:46 AM DEBUG: Loading data...
12/15/2014 01:44:46 AM DEBUG: Loading section 24 
12/15/2014 01:44:57 AM DEBUG: Start evaluating ...
12/15/2014 01:44:57 AM INFO: Feature count: 10437224
12/15/2014 01:44:57 AM DEBUG: Data finishing 0.00% ...
12/15/2014 01:47:21 AM DEBUG: Data finishing 74.29% ...
12/15/2014 01:48:20 AM INFO: Unlabeled accuracy: 0.933826438986 (30679, 32853)
12/15/2014 01:48:20 AM INFO: Unlabeled attachment accuracy: 0.936430889792 (32025, 34199)
===============================================
Iter 12 :
12/15/2014 01:48:22 AM DEBUG: Loading Weight Vector from /cs/natlang-projects/glm-parser/new_results/weight/12-14-2014/Spinal_Weight_Iter_11.db 
12/15/2014 01:48:37 AM DEBUG: Loading data...
12/15/2014 01:48:37 AM DEBUG: Loading data...
12/15/2014 01:48:37 AM DEBUG: Initialize AveragePerceptronLearner ... 
12/15/2014 01:48:37 AM DEBUG: Loading data...
12/15/2014 01:48:37 AM DEBUG: Loading section 24 
12/15/2014 01:48:48 AM DEBUG: Start evaluating ...
12/15/2014 01:48:48 AM INFO: Feature count: 10451538
12/15/2014 01:48:48 AM DEBUG: Data finishing 0.00% ...
12/15/2014 01:51:10 AM DEBUG: Data finishing 74.29% ...
12/15/2014 01:52:07 AM INFO: Unlabeled accuracy: 0.933278543816 (30661, 32853)
12/15/2014 01:52:07 AM INFO: Unlabeled attachment accuracy: 0.935904558613 (32007, 34199)
===============================================
Iter 13 :
12/15/2014 01:52:10 AM DEBUG: Loading Weight Vector from /cs/natlang-projects/glm-parser/new_results/weight/12-14-2014/Spinal_Weight_Iter_12.db 
12/15/2014 01:52:26 AM DEBUG: Loading data...
12/15/2014 01:52:26 AM DEBUG: Loading data...
12/15/2014 01:52:26 AM DEBUG: Initialize AveragePerceptronLearner ... 
12/15/2014 01:52:26 AM DEBUG: Loading data...
12/15/2014 01:52:26 AM DEBUG: Loading section 24 
12/15/2014 01:52:37 AM DEBUG: Start evaluating ...
12/15/2014 01:52:37 AM INFO: Feature count: 10465201
12/15/2014 01:52:37 AM DEBUG: Data finishing 0.00% ...
12/15/2014 01:55:01 AM DEBUG: Data finishing 74.29% ...
12/15/2014 01:56:00 AM INFO: Unlabeled accuracy: 0.933552491401 (30670, 32853)
12/15/2014 01:56:00 AM INFO: Unlabeled attachment accuracy: 0.936167724202 (32016, 34199)
===============================================
Iter 14 :
12/15/2014 01:56:03 AM DEBUG: Loading Weight Vector from /cs/natlang-projects/glm-parser/new_results/weight/12-14-2014/Spinal_Weight_Iter_13.db 
12/15/2014 01:56:18 AM DEBUG: Loading data...
12/15/2014 01:56:18 AM DEBUG: Loading data...
12/15/2014 01:56:18 AM DEBUG: Initialize AveragePerceptronLearner ... 
12/15/2014 01:56:18 AM DEBUG: Loading data...
12/15/2014 01:56:18 AM DEBUG: Loading section 24 
12/15/2014 01:56:30 AM DEBUG: Start evaluating ...
12/15/2014 01:56:30 AM INFO: Feature count: 10476563
12/15/2014 01:56:30 AM DEBUG: Data finishing 0.00% ...
12/15/2014 01:58:56 AM DEBUG: Data finishing 74.29% ...
12/15/2014 01:59:55 AM INFO: Unlabeled accuracy: 0.933917754847 (30682, 32853)
12/15/2014 01:59:55 AM INFO: Unlabeled attachment accuracy: 0.936518611655 (32028, 34199)
===============================================
Iter 15 :
12/15/2014 01:59:57 AM DEBUG: Loading Weight Vector from /cs/natlang-projects/glm-parser/new_results/weight/12-14-2014/Spinal_Weight_Iter_14.db 
12/15/2014 02:00:14 AM DEBUG: Loading data...
12/15/2014 02:00:14 AM DEBUG: Loading data...
12/15/2014 02:00:14 AM DEBUG: Initialize AveragePerceptronLearner ... 
12/15/2014 02:00:14 AM DEBUG: Loading data...
12/15/2014 02:00:14 AM DEBUG: Loading section 24 
12/15/2014 02:00:25 AM DEBUG: Start evaluating ...
12/15/2014 02:00:25 AM INFO: Feature count: 10487148
12/15/2014 02:00:25 AM DEBUG: Data finishing 0.00% ...
12/15/2014 02:02:50 AM DEBUG: Data finishing 74.29% ...
12/15/2014 02:03:49 AM INFO: Unlabeled accuracy: 0.934161263812 (30690, 32853)
12/15/2014 02:03:49 AM INFO: Unlabeled attachment accuracy: 0.936752536624 (32036, 34199)
===============================================
Iter 16 :
12/15/2014 02:03:51 AM DEBUG: Loading Weight Vector from /cs/natlang-projects/glm-parser/new_results/weight/12-14-2014/Spinal_Weight_Iter_15.db 
12/15/2014 02:04:07 AM DEBUG: Loading data...
12/15/2014 02:04:07 AM DEBUG: Loading data...
12/15/2014 02:04:07 AM DEBUG: Initialize AveragePerceptronLearner ... 
12/15/2014 02:04:07 AM DEBUG: Loading data...
12/15/2014 02:04:07 AM DEBUG: Loading section 24 
12/15/2014 02:04:18 AM DEBUG: Start evaluating ...
12/15/2014 02:04:18 AM INFO: Feature count: 10496335
12/15/2014 02:04:18 AM DEBUG: Data finishing 0.00% ...
12/15/2014 02:06:44 AM DEBUG: Data finishing 74.29% ...
12/15/2014 02:07:43 AM INFO: Unlabeled accuracy: 0.934252579673 (30693, 32853)
12/15/2014 02:07:43 AM INFO: Unlabeled attachment accuracy: 0.936840258487 (32039, 34199)
===============================================
Iter 17 :
12/15/2014 02:07:45 AM DEBUG: Loading Weight Vector from /cs/natlang-projects/glm-parser/new_results/weight/12-14-2014/Spinal_Weight_Iter_16.db 
12/15/2014 02:08:01 AM DEBUG: Loading data...
12/15/2014 02:08:01 AM DEBUG: Loading data...
12/15/2014 02:08:01 AM DEBUG: Initialize AveragePerceptronLearner ... 
12/15/2014 02:08:01 AM DEBUG: Loading data...
12/15/2014 02:08:01 AM DEBUG: Loading section 24 
12/15/2014 02:08:12 AM DEBUG: Start evaluating ...
12/15/2014 02:08:12 AM INFO: Feature count: 10505453
12/15/2014 02:08:12 AM DEBUG: Data finishing 0.00% ...
12/15/2014 02:10:40 AM DEBUG: Data finishing 74.29% ...
12/15/2014 02:11:40 AM INFO: Unlabeled accuracy: 0.934191702432 (30691, 32853)
12/15/2014 02:11:40 AM INFO: Unlabeled attachment accuracy: 0.936781777245 (32037, 34199)
===============================================
Iter 18 :
12/15/2014 02:11:43 AM DEBUG: Loading Weight Vector from /cs/natlang-projects/glm-parser/new_results/weight/12-14-2014/Spinal_Weight_Iter_17.db 
12/15/2014 02:11:59 AM DEBUG: Loading data...
12/15/2014 02:11:59 AM DEBUG: Loading data...
12/15/2014 02:11:59 AM DEBUG: Initialize AveragePerceptronLearner ... 
12/15/2014 02:11:59 AM DEBUG: Loading data...
12/15/2014 02:11:59 AM DEBUG: Loading section 24 
12/15/2014 02:12:10 AM DEBUG: Start evaluating ...
12/15/2014 02:12:10 AM INFO: Feature count: 10513245
12/15/2014 02:12:10 AM DEBUG: Data finishing 0.00% ...
12/15/2014 02:14:38 AM DEBUG: Data finishing 74.29% ...
12/15/2014 02:15:38 AM INFO: Unlabeled accuracy: 0.934161263812 (30690, 32853)
12/15/2014 02:15:38 AM INFO: Unlabeled attachment accuracy: 0.936752536624 (32036, 34199)
===============================================
Iter 19 :
12/15/2014 02:15:41 AM DEBUG: Loading Weight Vector from /cs/natlang-projects/glm-parser/new_results/weight/12-14-2014/Spinal_Weight_Iter_18.db 
12/15/2014 02:15:56 AM DEBUG: Loading data...
12/15/2014 02:15:56 AM DEBUG: Loading data...
12/15/2014 02:15:56 AM DEBUG: Initialize AveragePerceptronLearner ... 
12/15/2014 02:15:56 AM DEBUG: Loading data...
12/15/2014 02:15:56 AM DEBUG: Loading section 24 
12/15/2014 02:16:07 AM DEBUG: Start evaluating ...
12/15/2014 02:16:07 AM INFO: Feature count: 10520667
12/15/2014 02:16:07 AM DEBUG: Data finishing 0.00% ...
12/15/2014 02:18:30 AM DEBUG: Data finishing 74.29% ...
12/15/2014 02:19:29 AM INFO: Unlabeled accuracy: 0.933643807263 (30673, 32853)
12/15/2014 02:19:29 AM INFO: Unlabeled attachment accuracy: 0.936255446066 (32019, 34199)
===============================================
Iter 20 :
12/15/2014 02:19:31 AM DEBUG: Loading Weight Vector from /cs/natlang-projects/glm-parser/new_results/weight/12-14-2014/Spinal_Weight_Iter_19.db 
12/15/2014 02:19:47 AM DEBUG: Loading data...
12/15/2014 02:19:47 AM DEBUG: Loading data...
12/15/2014 02:19:47 AM DEBUG: Initialize AveragePerceptronLearner ... 
12/15/2014 02:19:47 AM DEBUG: Loading data...
12/15/2014 02:19:47 AM DEBUG: Loading section 24 
12/15/2014 02:19:59 AM DEBUG: Start evaluating ...
12/15/2014 02:19:59 AM INFO: Feature count: 10527897
12/15/2014 02:19:59 AM DEBUG: Data finishing 0.00% ...
12/15/2014 02:22:30 AM DEBUG: Data finishing 74.29% ...
12/15/2014 02:23:31 AM INFO: Unlabeled accuracy: 0.933461175540 (30667, 32853)
12/15/2014 02:23:31 AM INFO: Unlabeled attachment accuracy: 0.936080002339 (32013, 34199)
