12/02/2014 04:46:42 PM DEBUG: Loading data...
12/02/2014 04:46:42 PM DEBUG: Loading data...
12/02/2014 04:46:42 PM DEBUG: Initialize AveragePerceptronLearner ... 
12/02/2014 04:46:42 PM DEBUG: Loading data...
12/02/2014 04:46:42 PM DEBUG: Loading section 02 
12/02/2014 04:46:51 PM DEBUG: Loading section 03 
12/02/2014 04:47:00 PM DEBUG: Loading section 04 
12/02/2014 04:47:12 PM DEBUG: Loading section 05 
12/02/2014 04:47:23 PM DEBUG: Loading section 06 
12/02/2014 04:47:33 PM DEBUG: Loading section 07 
12/02/2014 04:47:45 PM DEBUG: Loading section 08 
12/02/2014 04:47:47 PM DEBUG: Loading section 09 
12/02/2014 04:48:00 PM DEBUG: Loading section 10 
12/02/2014 04:48:08 PM DEBUG: Loading section 11 
12/02/2014 04:48:22 PM DEBUG: Loading section 12 
12/02/2014 04:48:31 PM DEBUG: Loading section 13 
12/02/2014 04:48:47 PM DEBUG: Loading section 14 
12/02/2014 04:48:57 PM DEBUG: Loading section 15 
12/02/2014 04:49:13 PM DEBUG: Loading section 16 
12/02/2014 04:49:25 PM DEBUG: Loading section 17 
12/02/2014 04:49:32 PM DEBUG: Loading section 18 
12/02/2014 04:49:52 PM DEBUG: Loading section 19 
12/02/2014 04:50:00 PM DEBUG: Loading section 20 
12/02/2014 04:50:08 PM DEBUG: Loading section 21 
12/02/2014 04:50:15 PM DEBUG: Starting sequential train ... 
12/02/2014 04:50:15 PM DEBUG: Iteration: 0
12/02/2014 04:50:15 PM DEBUG: Data size: 39832
12/02/2014 04:50:15 PM DEBUG: Data finishing 0.00% ...
12/02/2014 04:52:36 PM DEBUG: Data finishing 2.51% ...
12/02/2014 04:54:50 PM DEBUG: Data finishing 5.02% ...
12/02/2014 04:57:05 PM DEBUG: Data finishing 7.53% ...
12/02/2014 04:59:19 PM DEBUG: Data finishing 10.04% ...
12/02/2014 05:01:30 PM DEBUG: Data finishing 12.55% ...
12/02/2014 05:03:51 PM DEBUG: Data finishing 15.06% ...
12/02/2014 05:06:10 PM DEBUG: Data finishing 17.57% ...
12/02/2014 05:08:23 PM DEBUG: Data finishing 20.08% ...
12/02/2014 05:10:39 PM DEBUG: Data finishing 22.59% ...
12/02/2014 05:12:57 PM DEBUG: Data finishing 25.11% ...
12/02/2014 05:15:04 PM DEBUG: Data finishing 27.62% ...
12/02/2014 05:17:11 PM DEBUG: Data finishing 30.13% ...
12/02/2014 05:19:34 PM DEBUG: Data finishing 32.64% ...
12/02/2014 05:21:54 PM DEBUG: Data finishing 35.15% ...
12/02/2014 05:23:58 PM DEBUG: Data finishing 37.66% ...
12/02/2014 05:26:19 PM DEBUG: Data finishing 40.17% ...
12/02/2014 05:28:18 PM DEBUG: Data finishing 42.68% ...
12/02/2014 05:30:25 PM DEBUG: Data finishing 45.19% ...
12/02/2014 05:32:48 PM DEBUG: Data finishing 47.70% ...
12/02/2014 05:34:55 PM DEBUG: Data finishing 50.21% ...
12/02/2014 05:37:12 PM DEBUG: Data finishing 52.72% ...
12/02/2014 05:39:22 PM DEBUG: Data finishing 55.23% ...
12/02/2014 05:41:40 PM DEBUG: Data finishing 57.74% ...
12/02/2014 05:43:52 PM DEBUG: Data finishing 60.25% ...
12/02/2014 05:46:14 PM DEBUG: Data finishing 62.76% ...
12/02/2014 05:48:31 PM DEBUG: Data finishing 65.27% ...
12/02/2014 05:50:45 PM DEBUG: Data finishing 67.78% ...
12/02/2014 05:52:53 PM DEBUG: Data finishing 70.30% ...
12/02/2014 05:55:15 PM DEBUG: Data finishing 72.81% ...
12/02/2014 05:57:33 PM DEBUG: Data finishing 75.32% ...
12/02/2014 06:00:00 PM DEBUG: Data finishing 77.83% ...
12/02/2014 06:01:56 PM DEBUG: Data finishing 80.34% ...
12/02/2014 06:04:15 PM DEBUG: Data finishing 82.85% ...
12/02/2014 06:06:24 PM DEBUG: Data finishing 85.36% ...
12/02/2014 06:09:01 PM DEBUG: Data finishing 87.87% ...
12/02/2014 06:11:18 PM DEBUG: Data finishing 90.38% ...
12/02/2014 06:13:31 PM DEBUG: Data finishing 92.89% ...
12/02/2014 06:15:42 PM DEBUG: Data finishing 95.40% ...
12/02/2014 06:18:04 PM DEBUG: Data finishing 97.91% ...
12/02/2014 06:20:21 PM DEBUG: Dumping Weight Vector to /cs/natlang-projects/glm-parser/new_results/weight/OneIter0_Iter_0.db 
12/02/2014 06:20:21 PM DEBUG: Total Feature Num: 8922842 
12/02/2014 06:20:34 PM DEBUG: Loading data...
12/02/2014 06:20:34 PM DEBUG: Loading section 00 
12/02/2014 06:20:50 PM DEBUG: Loading section 01 
12/02/2014 06:21:09 PM DEBUG: Loading section 22 
12/02/2014 06:21:28 PM DEBUG: Loading section 24 
12/02/2014 06:21:40 PM DEBUG: Start evaluating ...
12/02/2014 06:21:40 PM INFO: Feature count: 8922842
12/02/2014 06:21:40 PM DEBUG: Data finishing 0.00% ...
12/02/2014 06:23:49 PM DEBUG: Data finishing 14.37% ...
12/02/2014 06:26:27 PM DEBUG: Data finishing 28.74% ...
12/02/2014 06:28:34 PM DEBUG: Data finishing 43.10% ...
12/02/2014 06:30:47 PM DEBUG: Data finishing 57.47% ...
12/02/2014 06:32:57 PM DEBUG: Data finishing 71.84% ...
12/02/2014 06:35:10 PM DEBUG: Data finishing 86.21% ...
12/02/2014 06:37:25 PM INFO: Unlabeled accuracy: 0.900301698852 (150399, 167054)
12/02/2014 06:37:25 PM INFO: Unlabeled attachment accuracy: 0.904289310056 (157359, 174014)
===============================================
Iter 1 :
12/02/2014 06:38:01 PM DEBUG: Loading Weight Vector from /cs/natlang-projects/glm-parser/new_results/weight/11-18-2014/Weight_Iter_0.db 
12/02/2014 06:38:15 PM DEBUG: Loading data...
12/02/2014 06:38:15 PM DEBUG: Loading data...
12/02/2014 06:38:15 PM DEBUG: Initialize AveragePerceptronLearner ... 
12/02/2014 06:38:15 PM DEBUG: Loading data...
12/02/2014 06:38:15 PM DEBUG: Loading section 00 
12/02/2014 06:38:27 PM DEBUG: Loading section 01 
12/02/2014 06:38:41 PM DEBUG: Loading section 22 
12/02/2014 06:38:53 PM DEBUG: Loading section 24 
12/02/2014 06:39:02 PM DEBUG: Start evaluating ...
12/02/2014 06:39:02 PM INFO: Feature count: 8922842
12/02/2014 06:39:02 PM DEBUG: Data finishing 0.00% ...
12/02/2014 06:41:11 PM DEBUG: Data finishing 14.37% ...
12/02/2014 06:43:51 PM DEBUG: Data finishing 28.74% ...
12/02/2014 06:45:58 PM DEBUG: Data finishing 43.10% ...
12/02/2014 06:48:11 PM DEBUG: Data finishing 57.47% ...
12/02/2014 06:50:18 PM DEBUG: Data finishing 71.84% ...
12/02/2014 06:52:26 PM DEBUG: Data finishing 86.21% ...
12/02/2014 06:54:37 PM INFO: Unlabeled accuracy: 0.900301698852 (150399, 167054)
12/02/2014 06:54:37 PM INFO: Unlabeled attachment accuracy: 0.904289310056 (157359, 174014)
===============================================
Iter 2 :
12/02/2014 06:54:39 PM DEBUG: Loading Weight Vector from /cs/natlang-projects/glm-parser/new_results/weight/11-18-2014/Weight_Iter_1.db 
12/02/2014 06:54:54 PM DEBUG: Loading data...
12/02/2014 06:54:54 PM DEBUG: Loading data...
12/02/2014 06:54:54 PM DEBUG: Initialize AveragePerceptronLearner ... 
12/02/2014 06:54:54 PM DEBUG: Loading data...
12/02/2014 06:54:54 PM DEBUG: Loading section 00 
12/02/2014 06:55:06 PM DEBUG: Loading section 01 
12/02/2014 06:55:19 PM DEBUG: Loading section 22 
12/02/2014 06:55:31 PM DEBUG: Loading section 24 
12/02/2014 06:55:40 PM DEBUG: Start evaluating ...
12/02/2014 06:55:40 PM INFO: Feature count: 9423694
12/02/2014 06:55:40 PM DEBUG: Data finishing 0.00% ...
12/02/2014 06:57:46 PM DEBUG: Data finishing 14.37% ...
12/02/2014 07:00:16 PM DEBUG: Data finishing 28.74% ...
12/02/2014 07:02:17 PM DEBUG: Data finishing 43.10% ...
12/02/2014 07:04:24 PM DEBUG: Data finishing 57.47% ...
12/02/2014 07:06:25 PM DEBUG: Data finishing 71.84% ...
12/02/2014 07:08:25 PM DEBUG: Data finishing 86.21% ...
12/02/2014 07:10:28 PM INFO: Unlabeled accuracy: 0.906239898476 (151391, 167054)
12/02/2014 07:10:28 PM INFO: Unlabeled attachment accuracy: 0.909990000805 (158351, 174014)
===============================================
Iter 3 :
12/02/2014 07:10:31 PM DEBUG: Loading Weight Vector from /cs/natlang-projects/glm-parser/new_results/weight/11-18-2014/Weight_Iter_2.db 
12/02/2014 07:10:46 PM DEBUG: Loading data...
12/02/2014 07:10:46 PM DEBUG: Loading data...
12/02/2014 07:10:46 PM DEBUG: Initialize AveragePerceptronLearner ... 
12/02/2014 07:10:46 PM DEBUG: Loading data...
12/02/2014 07:10:46 PM DEBUG: Loading section 00 
12/02/2014 07:10:58 PM DEBUG: Loading section 01 
12/02/2014 07:11:12 PM DEBUG: Loading section 22 
12/02/2014 07:11:24 PM DEBUG: Loading section 24 
12/02/2014 07:11:32 PM DEBUG: Start evaluating ...
12/02/2014 07:11:32 PM INFO: Feature count: 9688890
12/02/2014 07:11:32 PM DEBUG: Data finishing 0.00% ...
12/02/2014 07:13:38 PM DEBUG: Data finishing 14.37% ...
12/02/2014 07:16:10 PM DEBUG: Data finishing 28.74% ...
12/02/2014 07:18:13 PM DEBUG: Data finishing 43.10% ...
12/02/2014 07:20:20 PM DEBUG: Data finishing 57.47% ...
12/02/2014 07:22:21 PM DEBUG: Data finishing 71.84% ...
12/02/2014 07:24:22 PM DEBUG: Data finishing 86.21% ...
12/02/2014 07:26:26 PM INFO: Unlabeled accuracy: 0.907473032672 (151597, 167054)
12/02/2014 07:26:26 PM INFO: Unlabeled attachment accuracy: 0.911173813601 (158557, 174014)
===============================================
Iter 4 :
12/02/2014 07:26:29 PM DEBUG: Loading Weight Vector from /cs/natlang-projects/glm-parser/new_results/weight/11-18-2014/Weight_Iter_3.db 
12/02/2014 07:26:44 PM DEBUG: Loading data...
12/02/2014 07:26:44 PM DEBUG: Loading data...
12/02/2014 07:26:44 PM DEBUG: Initialize AveragePerceptronLearner ... 
12/02/2014 07:26:44 PM DEBUG: Loading data...
12/02/2014 07:26:44 PM DEBUG: Loading section 00 
12/02/2014 07:26:57 PM DEBUG: Loading section 01 
12/02/2014 07:27:10 PM DEBUG: Loading section 22 
12/02/2014 07:27:22 PM DEBUG: Loading section 24 
12/02/2014 07:27:31 PM DEBUG: Start evaluating ...
12/02/2014 07:27:31 PM INFO: Feature count: 9848843
12/02/2014 07:27:31 PM DEBUG: Data finishing 0.00% ...
12/02/2014 07:29:32 PM DEBUG: Data finishing 14.37% ...
12/02/2014 07:32:02 PM DEBUG: Data finishing 28.74% ...
12/02/2014 07:34:03 PM DEBUG: Data finishing 43.10% ...
12/02/2014 07:36:15 PM DEBUG: Data finishing 57.47% ...
12/02/2014 07:38:16 PM DEBUG: Data finishing 71.84% ...
12/02/2014 07:40:18 PM DEBUG: Data finishing 86.21% ...
12/02/2014 07:42:22 PM INFO: Unlabeled accuracy: 0.908329043303 (151740, 167054)
12/02/2014 07:42:22 PM INFO: Unlabeled attachment accuracy: 0.911995586562 (158700, 174014)
===============================================
Iter 5 :
12/02/2014 07:42:25 PM DEBUG: Loading Weight Vector from /cs/natlang-projects/glm-parser/new_results/weight/11-18-2014/Weight_Iter_4.db 
12/02/2014 07:42:40 PM DEBUG: Loading data...
12/02/2014 07:42:40 PM DEBUG: Loading data...
12/02/2014 07:42:40 PM DEBUG: Initialize AveragePerceptronLearner ... 
12/02/2014 07:42:40 PM DEBUG: Loading data...
12/02/2014 07:42:40 PM DEBUG: Loading section 00 
12/02/2014 07:42:52 PM DEBUG: Loading section 01 
12/02/2014 07:43:06 PM DEBUG: Loading section 22 
12/02/2014 07:43:17 PM DEBUG: Loading section 24 
12/02/2014 07:43:26 PM DEBUG: Start evaluating ...
12/02/2014 07:43:26 PM INFO: Feature count: 9958684
12/02/2014 07:43:26 PM DEBUG: Data finishing 0.00% ...
12/02/2014 07:45:33 PM DEBUG: Data finishing 14.37% ...
12/02/2014 07:48:04 PM DEBUG: Data finishing 28.74% ...
12/02/2014 07:50:06 PM DEBUG: Data finishing 43.10% ...
12/02/2014 07:52:14 PM DEBUG: Data finishing 57.47% ...
12/02/2014 07:54:14 PM DEBUG: Data finishing 71.84% ...
12/02/2014 07:56:15 PM DEBUG: Data finishing 86.21% ...
12/02/2014 07:58:18 PM INFO: Unlabeled accuracy: 0.908801944281 (151819, 167054)
12/02/2014 07:58:18 PM INFO: Unlabeled attachment accuracy: 0.912449573023 (158779, 174014)
===============================================
Iter 6 :
12/02/2014 07:58:21 PM DEBUG: Loading Weight Vector from /cs/natlang-projects/glm-parser/new_results/weight/11-18-2014/Weight_Iter_5.db 
12/02/2014 07:58:36 PM DEBUG: Loading data...
12/02/2014 07:58:36 PM DEBUG: Loading data...
12/02/2014 07:58:36 PM DEBUG: Initialize AveragePerceptronLearner ... 
12/02/2014 07:58:36 PM DEBUG: Loading data...
12/02/2014 07:58:36 PM DEBUG: Loading section 00 
12/02/2014 07:58:49 PM DEBUG: Loading section 01 
12/02/2014 07:59:03 PM DEBUG: Loading section 22 
12/02/2014 07:59:15 PM DEBUG: Loading section 24 
12/02/2014 07:59:24 PM DEBUG: Start evaluating ...
12/02/2014 07:59:24 PM INFO: Feature count: 10034841
12/02/2014 07:59:24 PM DEBUG: Data finishing 0.00% ...
12/02/2014 08:01:29 PM DEBUG: Data finishing 14.37% ...
12/02/2014 08:04:02 PM DEBUG: Data finishing 28.74% ...
12/02/2014 08:06:05 PM DEBUG: Data finishing 43.10% ...
12/02/2014 08:08:12 PM DEBUG: Data finishing 57.47% ...
12/02/2014 08:10:15 PM DEBUG: Data finishing 71.84% ...
12/02/2014 08:12:17 PM DEBUG: Data finishing 86.21% ...
12/02/2014 08:14:23 PM INFO: Unlabeled accuracy: 0.908843846900 (151826, 167054)
12/02/2014 08:14:23 PM INFO: Unlabeled attachment accuracy: 0.912489799671 (158786, 174014)
===============================================
Iter 7 :
12/02/2014 08:14:26 PM DEBUG: Loading Weight Vector from /cs/natlang-projects/glm-parser/new_results/weight/11-18-2014/Weight_Iter_6.db 
12/02/2014 08:14:40 PM DEBUG: Loading data...
12/02/2014 08:14:40 PM DEBUG: Loading data...
12/02/2014 08:14:40 PM DEBUG: Initialize AveragePerceptronLearner ... 
12/02/2014 08:14:40 PM DEBUG: Loading data...
12/02/2014 08:14:40 PM DEBUG: Loading section 00 
12/02/2014 08:14:52 PM DEBUG: Loading section 01 
12/02/2014 08:15:06 PM DEBUG: Loading section 22 
12/02/2014 08:15:17 PM DEBUG: Loading section 24 
12/02/2014 08:15:26 PM DEBUG: Start evaluating ...
12/02/2014 08:15:26 PM INFO: Feature count: 10092868
12/02/2014 08:15:26 PM DEBUG: Data finishing 0.00% ...
12/02/2014 08:17:27 PM DEBUG: Data finishing 14.37% ...
12/02/2014 08:20:01 PM DEBUG: Data finishing 28.74% ...
12/02/2014 08:22:04 PM DEBUG: Data finishing 43.10% ...
12/02/2014 08:24:12 PM DEBUG: Data finishing 57.47% ...
12/02/2014 08:26:15 PM DEBUG: Data finishing 71.84% ...
12/02/2014 08:28:17 PM DEBUG: Data finishing 86.21% ...
12/02/2014 08:30:20 PM INFO: Unlabeled accuracy: 0.908233265890 (151724, 167054)
12/02/2014 08:30:20 PM INFO: Unlabeled attachment accuracy: 0.911903639937 (158684, 174014)
===============================================
Iter 8 :
12/02/2014 08:30:24 PM DEBUG: Loading Weight Vector from /cs/natlang-projects/glm-parser/new_results/weight/11-18-2014/Weight_Iter_7.db 
12/02/2014 08:30:39 PM DEBUG: Loading data...
12/02/2014 08:30:39 PM DEBUG: Loading data...
12/02/2014 08:30:39 PM DEBUG: Initialize AveragePerceptronLearner ... 
12/02/2014 08:30:39 PM DEBUG: Loading data...
12/02/2014 08:30:39 PM DEBUG: Loading section 00 
12/02/2014 08:30:51 PM DEBUG: Loading section 01 
12/02/2014 08:31:04 PM DEBUG: Loading section 22 
12/02/2014 08:31:15 PM DEBUG: Loading section 24 
12/02/2014 08:31:23 PM DEBUG: Start evaluating ...
12/02/2014 08:31:23 PM INFO: Feature count: 10138664
12/02/2014 08:31:23 PM DEBUG: Data finishing 0.00% ...
12/02/2014 08:33:20 PM DEBUG: Data finishing 14.37% ...
12/02/2014 08:35:45 PM DEBUG: Data finishing 28.74% ...
12/02/2014 08:37:42 PM DEBUG: Data finishing 43.10% ...
12/02/2014 08:39:44 PM DEBUG: Data finishing 57.47% ...
12/02/2014 08:41:41 PM DEBUG: Data finishing 71.84% ...
12/02/2014 08:43:39 PM DEBUG: Data finishing 86.21% ...
12/02/2014 08:45:38 PM INFO: Unlabeled accuracy: 0.908311085038 (151737, 167054)
12/02/2014 08:45:38 PM INFO: Unlabeled attachment accuracy: 0.911978346570 (158697, 174014)
===============================================
Iter 9 :
12/02/2014 08:45:42 PM DEBUG: Loading Weight Vector from /cs/natlang-projects/glm-parser/new_results/weight/11-18-2014/Weight_Iter_8.db 
12/02/2014 08:45:58 PM DEBUG: Loading data...
12/02/2014 08:45:58 PM DEBUG: Loading data...
12/02/2014 08:45:58 PM DEBUG: Initialize AveragePerceptronLearner ... 
12/02/2014 08:45:58 PM DEBUG: Loading data...
12/02/2014 08:45:58 PM DEBUG: Loading section 00 
12/02/2014 08:46:09 PM DEBUG: Loading section 01 
12/02/2014 08:46:22 PM DEBUG: Loading section 22 
12/02/2014 08:46:34 PM DEBUG: Loading section 24 
12/02/2014 08:46:42 PM DEBUG: Start evaluating ...
12/02/2014 08:46:42 PM INFO: Feature count: 10174703
12/02/2014 08:46:42 PM DEBUG: Data finishing 0.00% ...
12/02/2014 08:48:40 PM DEBUG: Data finishing 14.37% ...
12/02/2014 08:51:06 PM DEBUG: Data finishing 28.74% ...
12/02/2014 08:53:04 PM DEBUG: Data finishing 43.10% ...
12/02/2014 08:55:06 PM DEBUG: Data finishing 57.47% ...
12/02/2014 08:57:05 PM DEBUG: Data finishing 71.84% ...
12/02/2014 08:59:04 PM DEBUG: Data finishing 86.21% ...
12/02/2014 09:01:05 PM INFO: Unlabeled accuracy: 0.908329043303 (151740, 167054)
12/02/2014 09:01:05 PM INFO: Unlabeled attachment accuracy: 0.911995586562 (158700, 174014)
===============================================
Iter 10 :
12/02/2014 09:01:09 PM DEBUG: Loading Weight Vector from /cs/natlang-projects/glm-parser/new_results/weight/11-18-2014/Weight_Iter_9.db 
12/02/2014 09:01:23 PM DEBUG: Loading data...
12/02/2014 09:01:23 PM DEBUG: Loading data...
12/02/2014 09:01:23 PM DEBUG: Initialize AveragePerceptronLearner ... 
12/02/2014 09:01:23 PM DEBUG: Loading data...
12/02/2014 09:01:23 PM DEBUG: Loading section 00 
12/02/2014 09:01:35 PM DEBUG: Loading section 01 
12/02/2014 09:01:48 PM DEBUG: Loading section 22 
12/02/2014 09:02:00 PM DEBUG: Loading section 24 
12/02/2014 09:02:08 PM DEBUG: Start evaluating ...
12/02/2014 09:02:08 PM INFO: Feature count: 10204381
12/02/2014 09:02:08 PM DEBUG: Data finishing 0.00% ...
12/02/2014 09:04:08 PM DEBUG: Data finishing 14.37% ...
12/02/2014 09:06:37 PM DEBUG: Data finishing 28.74% ...
12/02/2014 09:08:37 PM DEBUG: Data finishing 43.10% ...
12/02/2014 09:10:42 PM DEBUG: Data finishing 57.47% ...
12/02/2014 09:12:43 PM DEBUG: Data finishing 71.84% ...
12/02/2014 09:14:43 PM DEBUG: Data finishing 86.21% ...
12/02/2014 09:16:46 PM INFO: Unlabeled accuracy: 0.908376932010 (151748, 167054)
12/02/2014 09:16:46 PM INFO: Unlabeled attachment accuracy: 0.912041559874 (158708, 174014)
