===============================================
Iter 1 :
12/14/2014 01:12:32 AM DEBUG: Loading Weight Vector from /cs/natlang-projects/glm-parser/new_results/weight/Spinal_Weight_Iter_0.db 
12/14/2014 01:12:46 AM DEBUG: Loading data...
12/14/2014 01:12:46 AM DEBUG: Loading data...
12/14/2014 01:12:46 AM DEBUG: Initialize AveragePerceptronLearner ... 
12/14/2014 01:12:46 AM DEBUG: Loading data...
12/14/2014 01:12:46 AM DEBUG: Loading section 23 
12/14/2014 01:13:04 AM DEBUG: Start evaluating ...
12/14/2014 01:13:04 AM INFO: Feature count: 9534142
12/14/2014 01:13:04 AM DEBUG: Data finishing 0.00% ...
12/14/2014 01:15:16 AM DEBUG: Data finishing 41.39% ...
12/14/2014 01:17:45 AM DEBUG: Data finishing 82.78% ...
12/14/2014 01:18:39 AM INFO: Unlabeled accuracy: 0.937936631148 (53166, 56684)
12/14/2014 01:18:39 AM INFO: Unlabeled attachment accuracy: 0.940473773266 (55582, 59100)
===============================================
Iter 2 :
12/14/2014 01:18:42 AM DEBUG: Loading Weight Vector from /cs/natlang-projects/glm-parser/new_results/weight/Spinal_Weight_Iter_1.db 
12/14/2014 01:18:57 AM DEBUG: Loading data...
12/14/2014 01:18:57 AM DEBUG: Loading data...
12/14/2014 01:18:57 AM DEBUG: Initialize AveragePerceptronLearner ... 
12/14/2014 01:18:57 AM DEBUG: Loading data...
12/14/2014 01:18:57 AM DEBUG: Loading section 23 
12/14/2014 01:19:14 AM DEBUG: Start evaluating ...
12/14/2014 01:19:14 AM INFO: Feature count: 9886118
12/14/2014 01:19:14 AM DEBUG: Data finishing 0.00% ...
12/14/2014 01:21:26 AM DEBUG: Data finishing 41.39% ...
12/14/2014 01:23:54 AM DEBUG: Data finishing 82.78% ...
12/14/2014 01:24:48 AM INFO: Unlabeled accuracy: 0.942541105074 (53427, 56684)
12/14/2014 01:24:48 AM INFO: Unlabeled attachment accuracy: 0.944890016920 (55843, 59100)
===============================================
Iter 3 :
12/14/2014 01:24:51 AM DEBUG: Loading Weight Vector from /cs/natlang-projects/glm-parser/new_results/weight/Spinal_Weight_Iter_2.db 
12/14/2014 01:25:07 AM DEBUG: Loading data...
12/14/2014 01:25:07 AM DEBUG: Loading data...
12/14/2014 01:25:07 AM DEBUG: Initialize AveragePerceptronLearner ... 
12/14/2014 01:25:07 AM DEBUG: Loading data...
12/14/2014 01:25:07 AM DEBUG: Loading section 23 
12/14/2014 01:25:24 AM DEBUG: Start evaluating ...
12/14/2014 01:25:24 AM INFO: Feature count: 10066840
12/14/2014 01:25:24 AM DEBUG: Data finishing 0.00% ...
12/14/2014 01:27:35 AM DEBUG: Data finishing 41.39% ...
12/14/2014 01:30:03 AM DEBUG: Data finishing 82.78% ...
12/14/2014 01:30:57 AM INFO: Unlabeled accuracy: 0.944605179592 (53544, 56684)
12/14/2014 01:30:57 AM INFO: Unlabeled attachment accuracy: 0.946869712352 (55960, 59100)
===============================================
Iter 4 :
12/14/2014 01:30:59 AM DEBUG: Loading Weight Vector from /cs/natlang-projects/glm-parser/new_results/weight/Spinal_Weight_Iter_3.db 
12/14/2014 01:31:16 AM DEBUG: Loading data...
12/14/2014 01:31:16 AM DEBUG: Loading data...
12/14/2014 01:31:16 AM DEBUG: Initialize AveragePerceptronLearner ... 
12/14/2014 01:31:16 AM DEBUG: Loading data...
12/14/2014 01:31:16 AM DEBUG: Loading section 23 
12/14/2014 01:31:34 AM DEBUG: Start evaluating ...
12/14/2014 01:31:34 AM INFO: Feature count: 10174094
12/14/2014 01:31:34 AM DEBUG: Data finishing 0.00% ...
12/14/2014 01:33:47 AM DEBUG: Data finishing 41.39% ...
12/14/2014 01:36:17 AM DEBUG: Data finishing 82.78% ...
12/14/2014 01:37:12 AM INFO: Unlabeled accuracy: 0.944658104580 (53547, 56684)
12/14/2014 01:37:12 AM INFO: Unlabeled attachment accuracy: 0.946920473773 (55963, 59100)
===============================================
Iter 5 :
12/14/2014 01:37:18 AM DEBUG: Loading Weight Vector from /cs/natlang-projects/glm-parser/new_results/weight/Spinal_Weight_Iter_4.db 
12/14/2014 01:37:33 AM DEBUG: Loading data...
12/14/2014 01:37:33 AM DEBUG: Loading data...
12/14/2014 01:37:33 AM DEBUG: Initialize AveragePerceptronLearner ... 
12/14/2014 01:37:33 AM DEBUG: Loading data...
12/14/2014 01:37:33 AM DEBUG: Loading section 23 
12/14/2014 01:37:51 AM DEBUG: Start evaluating ...
12/14/2014 01:37:51 AM INFO: Feature count: 10248242
12/14/2014 01:37:51 AM DEBUG: Data finishing 0.00% ...
12/14/2014 01:40:04 AM DEBUG: Data finishing 41.39% ...
12/14/2014 01:42:36 AM DEBUG: Data finishing 82.78% ...
12/14/2014 01:43:31 AM INFO: Unlabeled accuracy: 0.944975654506 (53565, 56684)
12/14/2014 01:43:31 AM INFO: Unlabeled attachment accuracy: 0.947225042301 (55981, 59100)
===============================================
Iter 6 :
12/14/2014 01:43:34 AM DEBUG: Loading Weight Vector from /cs/natlang-projects/glm-parser/new_results/weight/Spinal_Weight_Iter_5.db 
12/14/2014 01:43:50 AM DEBUG: Loading data...
12/14/2014 01:43:50 AM DEBUG: Loading data...
12/14/2014 01:43:50 AM DEBUG: Initialize AveragePerceptronLearner ... 
12/14/2014 01:43:50 AM DEBUG: Loading data...
12/14/2014 01:43:50 AM DEBUG: Loading section 23 
12/14/2014 01:44:08 AM DEBUG: Start evaluating ...
12/14/2014 01:44:08 AM INFO: Feature count: 10302575
12/14/2014 01:44:08 AM DEBUG: Data finishing 0.00% ...
12/14/2014 01:46:20 AM DEBUG: Data finishing 41.39% ...
12/14/2014 01:48:49 AM DEBUG: Data finishing 82.78% ...
12/14/2014 01:49:44 AM INFO: Unlabeled accuracy: 0.944569896267 (53542, 56684)
12/14/2014 01:49:44 AM INFO: Unlabeled attachment accuracy: 0.946835871404 (55958, 59100)
===============================================
Iter 7 :
12/14/2014 01:49:52 AM DEBUG: Loading Weight Vector from /cs/natlang-projects/glm-parser/new_results/weight/Spinal_Weight_Iter_6.db 
12/14/2014 01:50:08 AM DEBUG: Loading data...
12/14/2014 01:50:08 AM DEBUG: Loading data...
12/14/2014 01:50:08 AM DEBUG: Initialize AveragePerceptronLearner ... 
12/14/2014 01:50:08 AM DEBUG: Loading data...
12/14/2014 01:50:08 AM DEBUG: Loading section 23 
12/14/2014 01:50:26 AM DEBUG: Start evaluating ...
12/14/2014 01:50:26 AM INFO: Feature count: 10342271
12/14/2014 01:50:26 AM DEBUG: Data finishing 0.00% ...
12/14/2014 01:52:36 AM DEBUG: Data finishing 41.39% ...
12/14/2014 01:55:02 AM DEBUG: Data finishing 82.78% ...
12/14/2014 01:55:56 AM INFO: Unlabeled accuracy: 0.944164138028 (53519, 56684)
12/14/2014 01:55:56 AM INFO: Unlabeled attachment accuracy: 0.946446700508 (55935, 59100)
===============================================
Iter 8 :
12/14/2014 01:55:59 AM DEBUG: Loading Weight Vector from /cs/natlang-projects/glm-parser/new_results/weight/Spinal_Weight_Iter_7.db 
12/14/2014 01:56:15 AM DEBUG: Loading data...
12/14/2014 01:56:15 AM DEBUG: Loading data...
12/14/2014 01:56:15 AM DEBUG: Initialize AveragePerceptronLearner ... 
12/14/2014 01:56:15 AM DEBUG: Loading data...
12/14/2014 01:56:15 AM DEBUG: Loading section 23 
12/14/2014 01:56:33 AM DEBUG: Start evaluating ...
12/14/2014 01:56:33 AM INFO: Feature count: 10373455
12/14/2014 01:56:33 AM DEBUG: Data finishing 0.00% ...
12/14/2014 01:58:47 AM DEBUG: Data finishing 41.39% ...
12/14/2014 02:01:17 AM DEBUG: Data finishing 82.78% ...
12/14/2014 02:02:12 AM INFO: Unlabeled accuracy: 0.944181779691 (53520, 56684)
12/14/2014 02:02:12 AM INFO: Unlabeled attachment accuracy: 0.946463620981 (55936, 59100)
===============================================
Iter 9 :
12/14/2014 02:02:16 AM DEBUG: Loading Weight Vector from /cs/natlang-projects/glm-parser/new_results/weight/Spinal_Weight_Iter_8.db 
12/14/2014 02:02:32 AM DEBUG: Loading data...
12/14/2014 02:02:32 AM DEBUG: Loading data...
12/14/2014 02:02:32 AM DEBUG: Initialize AveragePerceptronLearner ... 
12/14/2014 02:02:32 AM DEBUG: Loading data...
12/14/2014 02:02:32 AM DEBUG: Loading section 23 
12/14/2014 02:02:50 AM DEBUG: Start evaluating ...
12/14/2014 02:02:50 AM INFO: Feature count: 10398905
12/14/2014 02:02:50 AM DEBUG: Data finishing 0.00% ...
12/14/2014 02:05:02 AM DEBUG: Data finishing 41.39% ...
12/14/2014 02:07:30 AM DEBUG: Data finishing 82.78% ...
12/14/2014 02:08:24 AM INFO: Unlabeled accuracy: 0.943970079740 (53508, 56684)
12/14/2014 02:08:24 AM INFO: Unlabeled attachment accuracy: 0.946260575296 (55924, 59100)
===============================================
Iter 10 :
12/14/2014 02:08:26 AM DEBUG: Loading Weight Vector from /cs/natlang-projects/glm-parser/new_results/weight/Spinal_Weight_Iter_9.db 
12/14/2014 02:08:42 AM DEBUG: Loading data...
12/14/2014 02:08:42 AM DEBUG: Loading data...
12/14/2014 02:08:42 AM DEBUG: Initialize AveragePerceptronLearner ... 
12/14/2014 02:08:42 AM DEBUG: Loading data...
12/14/2014 02:08:42 AM DEBUG: Loading section 23 
12/14/2014 02:09:00 AM DEBUG: Start evaluating ...
12/14/2014 02:09:00 AM INFO: Feature count: 10420623
12/14/2014 02:09:00 AM DEBUG: Data finishing 0.00% ...
12/14/2014 02:11:09 AM DEBUG: Data finishing 41.39% ...
12/14/2014 02:13:34 AM DEBUG: Data finishing 82.78% ...
12/14/2014 02:14:27 AM INFO: Unlabeled accuracy: 0.943811304777 (53499, 56684)
12/14/2014 02:14:27 AM INFO: Unlabeled attachment accuracy: 0.946108291032 (55915, 59100)
