11/02/2015 10:57:56 PM DEBUG: Loading data...
11/02/2015 10:57:56 PM DEBUG: Loading section 02 
11/02/2015 10:58:05 PM DEBUG: Loading section 03 
11/02/2015 10:58:14 PM DEBUG: Data finishing 0.00% ...
11/02/2015 10:58:14 PM DEBUG: Data finishing 28.83% ...
11/02/2015 10:58:14 PM DEBUG: Data finishing 57.65% ...
11/02/2015 10:58:14 PM DEBUG: Data finishing 86.48% ...
11/02/2015 11:00:03 PM DEBUG: Loading data...
11/02/2015 11:00:03 PM DEBUG: Loading section 02 
11/02/2015 11:00:12 PM DEBUG: Loading section 03 
11/02/2015 11:00:19 PM DEBUG: Data finishing 0.00% ...
11/02/2015 11:00:19 PM DEBUG: Data finishing 28.83% ...
11/02/2015 11:00:19 PM DEBUG: Data finishing 57.65% ...
11/02/2015 11:00:19 PM DEBUG: Data finishing 86.48% ...
11/02/2015 11:01:03 PM DEBUG: Loading data...
11/02/2015 11:01:03 PM DEBUG: Loading section 02 
11/02/2015 11:01:12 PM DEBUG: Loading section 03 
11/02/2015 11:01:20 PM DEBUG: Data finishing 0.00% ...
11/02/2015 11:01:20 PM DEBUG: Data finishing 28.83% ...
11/02/2015 11:01:20 PM DEBUG: Data finishing 57.65% ...
11/02/2015 11:01:20 PM DEBUG: Data finishing 86.48% ...
11/02/2015 11:03:14 PM DEBUG: Loading data...
11/02/2015 11:03:14 PM DEBUG: Loading section 02 
11/02/2015 11:03:22 PM DEBUG: Loading section 03 
11/02/2015 11:03:29 PM DEBUG: Data finishing 0.00% ...
11/02/2015 11:03:29 PM DEBUG: Data finishing 28.83% ...
11/02/2015 11:03:29 PM DEBUG: Data finishing 57.65% ...
11/02/2015 11:03:29 PM DEBUG: Data finishing 86.48% ...
11/02/2015 11:03:41 PM DEBUG: Loading data...
11/02/2015 11:03:41 PM DEBUG: Loading section 02 
11/02/2015 11:03:50 PM DEBUG: Loading section 03 
11/02/2015 11:03:57 PM DEBUG: Data finishing 0.00% ...
11/02/2015 11:03:57 PM DEBUG: Data finishing 28.83% ...
11/02/2015 11:03:57 PM DEBUG: Data finishing 57.65% ...
11/02/2015 11:03:57 PM DEBUG: Data finishing 86.48% ...
11/02/2015 11:04:55 PM DEBUG: Loading data...
11/02/2015 11:04:55 PM DEBUG: Loading section 02 
11/02/2015 11:05:04 PM DEBUG: Loading section 03 
11/02/2015 11:05:11 PM DEBUG: Data finishing 0.00% ...
11/02/2015 11:05:11 PM DEBUG: Data finishing 28.83% ...
11/02/2015 11:05:11 PM DEBUG: Data finishing 57.65% ...
11/02/2015 11:05:11 PM DEBUG: Data finishing 86.48% ...
11/02/2015 11:06:43 PM DEBUG: Loading data...
11/02/2015 11:06:43 PM DEBUG: Loading section 02 
11/02/2015 11:06:52 PM DEBUG: Loading section 03 
11/02/2015 11:06:59 PM DEBUG: Data finishing 0.00% ...
11/02/2015 11:06:59 PM DEBUG: Data finishing 28.83% ...
11/02/2015 11:06:59 PM DEBUG: Data finishing 57.65% ...
11/02/2015 11:06:59 PM DEBUG: Data finishing 86.48% ...
11/02/2015 11:16:33 PM DEBUG: Loading data...
11/02/2015 11:16:33 PM DEBUG: Loading section 02 
11/02/2015 11:16:41 PM DEBUG: Loading section 03 
11/02/2015 11:16:48 PM DEBUG: Data finishing 0.00% ...
11/02/2015 11:16:48 PM DEBUG: Data finishing 28.83% ...
11/02/2015 11:16:48 PM DEBUG: Data finishing 57.65% ...
11/02/2015 11:16:48 PM DEBUG: Data finishing 86.48% ...
11/02/2015 11:32:33 PM DEBUG: Loading data...
11/02/2015 11:32:33 PM DEBUG: Loading section 02 
11/02/2015 11:32:42 PM DEBUG: Loading section 03 
11/02/2015 11:32:48 PM DEBUG: Data finishing 0.00% ...
11/02/2015 11:32:48 PM DEBUG: Data finishing 28.83% ...
11/02/2015 11:32:48 PM DEBUG: Data finishing 57.65% ...
11/02/2015 11:32:48 PM DEBUG: Data finishing 86.48% ...
11/03/2015 11:47:01 AM DEBUG: Loading data...
11/03/2015 11:47:01 AM DEBUG: Loading section 02 
11/03/2015 11:47:12 AM DEBUG: Loading section 03 
11/03/2015 11:47:24 AM DEBUG: Data finishing 0.00% ...
11/03/2015 11:47:24 AM DEBUG: Data finishing 28.83% ...
11/03/2015 11:47:24 AM DEBUG: Data finishing 57.65% ...
11/03/2015 11:47:24 AM DEBUG: Data finishing 86.48% ...
11/03/2015 02:42:32 PM DEBUG: Loading data...
11/03/2015 02:42:32 PM DEBUG: Loading section 02 
11/03/2015 02:42:40 PM DEBUG: Loading section 03 
11/03/2015 02:42:47 PM DEBUG: Data finishing 0.00% ...
11/03/2015 02:42:47 PM DEBUG: Loading data...
11/03/2015 02:42:47 PM DEBUG: Loading section 02 
11/03/2015 02:42:57 PM DEBUG: Loading section 03 
11/03/2015 02:43:05 PM DEBUG: Data finishing 0.00% ...
11/03/2015 02:43:13 PM DEBUG: Loading data...
11/03/2015 02:43:13 PM DEBUG: Loading section 02 
11/03/2015 02:43:22 PM DEBUG: Loading section 03 
11/03/2015 02:43:28 PM DEBUG: Data finishing 0.00% ...
11/03/2015 02:43:36 PM DEBUG: Loading data...
11/03/2015 02:43:36 PM DEBUG: Loading section 02 
11/03/2015 02:43:46 PM DEBUG: Loading section 03 
11/03/2015 02:43:58 PM DEBUG: Data finishing 0.00% ...
11/03/2015 02:48:53 PM DEBUG: Loading data...
11/03/2015 02:48:53 PM DEBUG: Loading section 02 
11/03/2015 02:49:01 PM DEBUG: Loading section 03 
11/03/2015 02:49:08 PM DEBUG: Data finishing 0.00% ...
11/03/2015 02:49:16 PM DEBUG: Loading data...
11/03/2015 02:49:16 PM DEBUG: Loading section 02 
11/03/2015 02:49:26 PM DEBUG: Loading section 03 
11/03/2015 02:49:37 PM DEBUG: Data finishing 0.00% ...
11/03/2015 02:50:36 PM DEBUG: Loading data...
11/03/2015 02:50:36 PM DEBUG: Loading section 02 
11/03/2015 02:50:45 PM DEBUG: Loading section 03 
11/03/2015 02:50:51 PM DEBUG: Data finishing 0.00% ...
