11/18/2014 04:24:08 PM DEBUG: Loading data...
11/18/2014 04:24:08 PM DEBUG: Loading data...
11/18/2014 04:24:08 PM DEBUG: Initialize AveragePerceptronLearner ... 
11/18/2014 04:24:08 PM DEBUG: Loading data...
11/18/2014 04:24:08 PM DEBUG: Loading section 02 
11/18/2014 04:24:16 PM DEBUG: Loading section 03 
11/18/2014 04:24:25 PM DEBUG: Loading section 04 
11/18/2014 04:24:36 PM DEBUG: Loading section 05 
11/18/2014 04:24:47 PM DEBUG: Loading section 06 
11/18/2014 04:24:57 PM DEBUG: Loading section 07 
11/18/2014 04:25:09 PM DEBUG: Loading section 08 
11/18/2014 04:25:11 PM DEBUG: Loading section 09 
11/18/2014 04:25:23 PM DEBUG: Loading section 10 
11/18/2014 04:25:31 PM DEBUG: Loading section 11 
11/18/2014 04:25:44 PM DEBUG: Loading section 12 
11/18/2014 04:25:53 PM DEBUG: Loading section 13 
11/18/2014 04:26:09 PM DEBUG: Loading section 14 
11/18/2014 04:26:17 PM DEBUG: Loading section 15 
11/18/2014 04:26:34 PM DEBUG: Loading section 16 
11/18/2014 04:26:45 PM DEBUG: Loading section 17 
11/18/2014 04:26:52 PM DEBUG: Loading section 18 
11/18/2014 04:27:11 PM DEBUG: Loading section 19 
11/18/2014 04:27:18 PM DEBUG: Loading section 20 
11/18/2014 04:27:26 PM DEBUG: Loading section 21 
11/18/2014 04:27:33 PM DEBUG: Starting sequential train ... 
11/18/2014 04:27:33 PM DEBUG: Iteration: 0
11/18/2014 04:27:33 PM DEBUG: Data size: 39832
11/18/2014 04:27:33 PM DEBUG: Data finishing 0.00% ...
11/18/2014 04:29:46 PM DEBUG: Data finishing 2.51% ...
11/18/2014 04:31:53 PM DEBUG: Data finishing 5.02% ...
11/18/2014 04:34:00 PM DEBUG: Data finishing 7.53% ...
11/18/2014 04:36:03 PM DEBUG: Data finishing 10.04% ...
11/18/2014 04:38:07 PM DEBUG: Data finishing 12.55% ...
11/18/2014 04:40:17 PM DEBUG: Data finishing 15.06% ...
11/18/2014 04:42:27 PM DEBUG: Data finishing 17.57% ...
11/18/2014 04:44:34 PM DEBUG: Data finishing 20.08% ...
11/18/2014 04:46:40 PM DEBUG: Data finishing 22.59% ...
11/18/2014 04:48:49 PM DEBUG: Data finishing 25.11% ...
11/18/2014 04:50:49 PM DEBUG: Data finishing 27.62% ...
11/18/2014 04:52:49 PM DEBUG: Data finishing 30.13% ...
11/18/2014 04:55:05 PM DEBUG: Data finishing 32.64% ...
11/18/2014 04:57:11 PM DEBUG: Data finishing 35.15% ...
11/18/2014 04:59:08 PM DEBUG: Data finishing 37.66% ...
11/18/2014 05:01:19 PM DEBUG: Data finishing 40.17% ...
11/18/2014 05:03:09 PM DEBUG: Data finishing 42.68% ...
11/18/2014 05:05:08 PM DEBUG: Data finishing 45.19% ...
11/18/2014 05:07:22 PM DEBUG: Data finishing 47.70% ...
11/18/2014 05:09:17 PM DEBUG: Data finishing 50.21% ...
11/18/2014 05:11:21 PM DEBUG: Data finishing 52.72% ...
11/18/2014 05:13:22 PM DEBUG: Data finishing 55.23% ...
11/18/2014 05:15:28 PM DEBUG: Data finishing 57.74% ...
11/18/2014 05:17:27 PM DEBUG: Data finishing 60.25% ...
11/18/2014 05:19:36 PM DEBUG: Data finishing 62.76% ...
11/18/2014 05:21:40 PM DEBUG: Data finishing 65.27% ...
11/18/2014 05:23:41 PM DEBUG: Data finishing 67.78% ...
11/18/2014 05:25:38 PM DEBUG: Data finishing 70.30% ...
11/18/2014 05:27:50 PM DEBUG: Data finishing 72.81% ...
11/18/2014 05:29:55 PM DEBUG: Data finishing 75.32% ...
11/18/2014 05:32:08 PM DEBUG: Data finishing 77.83% ...
11/18/2014 05:33:54 PM DEBUG: Data finishing 80.34% ...
11/18/2014 05:36:01 PM DEBUG: Data finishing 82.85% ...
11/18/2014 05:37:57 PM DEBUG: Data finishing 85.36% ...
11/18/2014 05:40:19 PM DEBUG: Data finishing 87.87% ...
11/18/2014 05:42:25 PM DEBUG: Data finishing 90.38% ...
11/18/2014 05:44:26 PM DEBUG: Data finishing 92.89% ...
11/18/2014 05:46:25 PM DEBUG: Data finishing 95.40% ...
11/18/2014 05:48:35 PM DEBUG: Data finishing 97.91% ...
11/18/2014 05:50:32 PM DEBUG: Iteration: 1
11/18/2014 05:50:32 PM DEBUG: Data size: 39832
11/18/2014 05:50:32 PM DEBUG: Data finishing 0.00% ...
11/18/2014 05:50:39 PM DEBUG: Dumping Weight Vector to /cs/natlang-projects/glm-parser/new_results/weight/Weight_Iter_0.db 
11/18/2014 05:50:39 PM DEBUG: Total Feature Num: 8922842 
11/18/2014 05:52:50 PM DEBUG: Data finishing 2.51% ...
11/18/2014 05:55:00 PM DEBUG: Data finishing 5.02% ...
11/18/2014 05:57:09 PM DEBUG: Data finishing 7.53% ...
11/18/2014 05:59:15 PM DEBUG: Data finishing 10.04% ...
11/18/2014 06:01:20 PM DEBUG: Data finishing 12.55% ...
11/18/2014 06:03:32 PM DEBUG: Data finishing 15.06% ...
11/18/2014 06:05:43 PM DEBUG: Data finishing 17.57% ...
11/18/2014 06:07:51 PM DEBUG: Data finishing 20.08% ...
11/18/2014 06:09:58 PM DEBUG: Data finishing 22.59% ...
11/18/2014 06:12:09 PM DEBUG: Data finishing 25.11% ...
11/18/2014 06:14:11 PM DEBUG: Data finishing 27.62% ...
11/18/2014 06:16:12 PM DEBUG: Data finishing 30.13% ...
11/18/2014 06:18:28 PM DEBUG: Data finishing 32.64% ...
11/18/2014 06:20:35 PM DEBUG: Data finishing 35.15% ...
11/18/2014 06:22:33 PM DEBUG: Data finishing 37.66% ...
11/18/2014 06:24:44 PM DEBUG: Data finishing 40.17% ...
11/18/2014 06:26:35 PM DEBUG: Data finishing 42.68% ...
11/18/2014 06:28:34 PM DEBUG: Data finishing 45.19% ...
11/18/2014 06:30:48 PM DEBUG: Data finishing 47.70% ...
11/18/2014 06:32:43 PM DEBUG: Data finishing 50.21% ...
11/18/2014 06:34:48 PM DEBUG: Data finishing 52.72% ...
11/18/2014 06:36:50 PM DEBUG: Data finishing 55.23% ...
11/18/2014 06:38:57 PM DEBUG: Data finishing 57.74% ...
11/18/2014 06:40:58 PM DEBUG: Data finishing 60.25% ...
11/18/2014 06:43:07 PM DEBUG: Data finishing 62.76% ...
11/18/2014 06:45:13 PM DEBUG: Data finishing 65.27% ...
11/18/2014 06:47:15 PM DEBUG: Data finishing 67.78% ...
11/18/2014 06:49:12 PM DEBUG: Data finishing 70.30% ...
11/18/2014 06:51:23 PM DEBUG: Data finishing 72.81% ...
11/18/2014 06:53:29 PM DEBUG: Data finishing 75.32% ...
11/18/2014 06:55:43 PM DEBUG: Data finishing 77.83% ...
11/18/2014 06:57:32 PM DEBUG: Data finishing 80.34% ...
11/18/2014 06:59:41 PM DEBUG: Data finishing 82.85% ...
11/18/2014 07:01:40 PM DEBUG: Data finishing 85.36% ...
11/18/2014 07:04:05 PM DEBUG: Data finishing 87.87% ...
11/18/2014 07:06:13 PM DEBUG: Data finishing 90.38% ...
11/18/2014 07:08:17 PM DEBUG: Data finishing 92.89% ...
11/18/2014 07:10:18 PM DEBUG: Data finishing 95.40% ...
11/18/2014 07:12:30 PM DEBUG: Data finishing 97.91% ...
11/18/2014 07:14:30 PM DEBUG: Iteration: 2
11/18/2014 07:14:30 PM DEBUG: Data size: 39832
11/18/2014 07:14:30 PM DEBUG: Data finishing 0.00% ...
11/18/2014 07:14:37 PM DEBUG: Dumping Weight Vector to /cs/natlang-projects/glm-parser/new_results/weight/Weight_Iter_1.db 
11/18/2014 07:14:37 PM DEBUG: Total Feature Num: 9423694 
11/18/2014 07:16:52 PM DEBUG: Data finishing 2.51% ...
11/18/2014 07:19:02 PM DEBUG: Data finishing 5.02% ...
11/18/2014 07:21:13 PM DEBUG: Data finishing 7.53% ...
11/18/2014 07:23:20 PM DEBUG: Data finishing 10.04% ...
11/18/2014 07:25:27 PM DEBUG: Data finishing 12.55% ...
11/18/2014 07:27:41 PM DEBUG: Data finishing 15.06% ...
11/18/2014 07:29:54 PM DEBUG: Data finishing 17.57% ...
11/18/2014 07:32:05 PM DEBUG: Data finishing 20.08% ...
11/18/2014 07:34:15 PM DEBUG: Data finishing 22.59% ...
11/18/2014 07:36:28 PM DEBUG: Data finishing 25.11% ...
11/18/2014 07:38:31 PM DEBUG: Data finishing 27.62% ...
11/18/2014 07:40:34 PM DEBUG: Data finishing 30.13% ...
11/18/2014 07:42:52 PM DEBUG: Data finishing 32.64% ...
11/18/2014 07:45:01 PM DEBUG: Data finishing 35.15% ...
11/18/2014 07:47:00 PM DEBUG: Data finishing 37.66% ...
11/18/2014 07:49:13 PM DEBUG: Data finishing 40.17% ...
11/18/2014 07:51:04 PM DEBUG: Data finishing 42.68% ...
11/18/2014 07:53:05 PM DEBUG: Data finishing 45.19% ...
11/18/2014 07:55:21 PM DEBUG: Data finishing 47.70% ...
11/18/2014 07:57:17 PM DEBUG: Data finishing 50.21% ...
11/18/2014 07:59:24 PM DEBUG: Data finishing 52.72% ...
11/18/2014 08:01:27 PM DEBUG: Data finishing 55.23% ...
11/18/2014 08:03:38 PM DEBUG: Data finishing 57.74% ...
11/18/2014 08:05:42 PM DEBUG: Data finishing 60.25% ...
11/18/2014 08:07:54 PM DEBUG: Data finishing 62.76% ...
11/18/2014 08:10:01 PM DEBUG: Data finishing 65.27% ...
11/18/2014 08:12:05 PM DEBUG: Data finishing 67.78% ...
11/18/2014 08:14:03 PM DEBUG: Data finishing 70.30% ...
11/18/2014 08:16:16 PM DEBUG: Data finishing 72.81% ...
11/18/2014 08:18:23 PM DEBUG: Data finishing 75.32% ...
11/18/2014 08:20:39 PM DEBUG: Data finishing 77.83% ...
11/18/2014 08:22:27 PM DEBUG: Data finishing 80.34% ...
11/18/2014 08:24:36 PM DEBUG: Data finishing 82.85% ...
11/18/2014 08:26:36 PM DEBUG: Data finishing 85.36% ...
11/18/2014 08:29:00 PM DEBUG: Data finishing 87.87% ...
11/18/2014 08:31:08 PM DEBUG: Data finishing 90.38% ...
11/18/2014 08:33:12 PM DEBUG: Data finishing 92.89% ...
11/18/2014 08:35:13 PM DEBUG: Data finishing 95.40% ...
11/18/2014 08:37:25 PM DEBUG: Data finishing 97.91% ...
11/18/2014 08:39:28 PM DEBUG: Iteration: 3
11/18/2014 08:39:28 PM DEBUG: Data size: 39832
11/18/2014 08:39:28 PM DEBUG: Data finishing 0.00% ...
11/18/2014 08:39:35 PM DEBUG: Dumping Weight Vector to /cs/natlang-projects/glm-parser/new_results/weight/Weight_Iter_2.db 
11/18/2014 08:39:35 PM DEBUG: Total Feature Num: 9688890 
11/18/2014 08:41:49 PM DEBUG: Data finishing 2.51% ...
11/18/2014 08:44:01 PM DEBUG: Data finishing 5.02% ...
11/18/2014 08:46:14 PM DEBUG: Data finishing 7.53% ...
11/18/2014 08:48:23 PM DEBUG: Data finishing 10.04% ...
11/18/2014 08:50:32 PM DEBUG: Data finishing 12.55% ...
11/18/2014 08:52:47 PM DEBUG: Data finishing 15.06% ...
11/18/2014 08:55:02 PM DEBUG: Data finishing 17.57% ...
11/18/2014 08:57:13 PM DEBUG: Data finishing 20.08% ...
11/18/2014 08:59:25 PM DEBUG: Data finishing 22.59% ...
11/18/2014 09:01:40 PM DEBUG: Data finishing 25.11% ...
11/18/2014 09:03:44 PM DEBUG: Data finishing 27.62% ...
11/18/2014 09:05:49 PM DEBUG: Data finishing 30.13% ...
11/18/2014 09:08:09 PM DEBUG: Data finishing 32.64% ...
11/18/2014 09:10:19 PM DEBUG: Data finishing 35.15% ...
11/18/2014 09:12:20 PM DEBUG: Data finishing 37.66% ...
11/18/2014 09:14:36 PM DEBUG: Data finishing 40.17% ...
11/18/2014 09:16:29 PM DEBUG: Data finishing 42.68% ...
11/18/2014 09:18:32 PM DEBUG: Data finishing 45.19% ...
11/18/2014 09:20:49 PM DEBUG: Data finishing 47.70% ...
11/18/2014 09:22:47 PM DEBUG: Data finishing 50.21% ...
11/18/2014 09:24:55 PM DEBUG: Data finishing 52.72% ...
11/18/2014 09:27:01 PM DEBUG: Data finishing 55.23% ...
11/18/2014 09:29:11 PM DEBUG: Data finishing 57.74% ...
11/18/2014 09:31:15 PM DEBUG: Data finishing 60.25% ...
11/18/2014 09:33:29 PM DEBUG: Data finishing 62.76% ...
11/18/2014 09:35:38 PM DEBUG: Data finishing 65.27% ...
11/18/2014 09:37:43 PM DEBUG: Data finishing 67.78% ...
11/18/2014 09:39:43 PM DEBUG: Data finishing 70.30% ...
11/18/2014 09:41:57 PM DEBUG: Data finishing 72.81% ...
11/18/2014 09:44:07 PM DEBUG: Data finishing 75.32% ...
11/18/2014 09:46:24 PM DEBUG: Data finishing 77.83% ...
11/18/2014 09:48:14 PM DEBUG: Data finishing 80.34% ...
11/18/2014 09:50:25 PM DEBUG: Data finishing 82.85% ...
11/18/2014 09:52:26 PM DEBUG: Data finishing 85.36% ...
11/18/2014 09:54:53 PM DEBUG: Data finishing 87.87% ...
11/18/2014 09:57:04 PM DEBUG: Data finishing 90.38% ...
11/18/2014 09:59:09 PM DEBUG: Data finishing 92.89% ...
11/18/2014 10:01:12 PM DEBUG: Data finishing 95.40% ...
11/18/2014 10:03:26 PM DEBUG: Data finishing 97.91% ...
11/18/2014 10:05:32 PM DEBUG: Iteration: 4
11/18/2014 10:05:32 PM DEBUG: Data size: 39832
11/18/2014 10:05:32 PM DEBUG: Data finishing 0.00% ...
11/18/2014 10:05:39 PM DEBUG: Dumping Weight Vector to /cs/natlang-projects/glm-parser/new_results/weight/Weight_Iter_3.db 
11/18/2014 10:05:39 PM DEBUG: Total Feature Num: 9848843 
11/18/2014 10:07:53 PM DEBUG: Data finishing 2.51% ...
11/18/2014 10:10:06 PM DEBUG: Data finishing 5.02% ...
11/18/2014 10:12:19 PM DEBUG: Data finishing 7.53% ...
11/18/2014 10:14:29 PM DEBUG: Data finishing 10.04% ...
11/18/2014 10:16:38 PM DEBUG: Data finishing 12.55% ...
11/18/2014 10:18:54 PM DEBUG: Data finishing 15.06% ...
11/18/2014 10:21:09 PM DEBUG: Data finishing 17.57% ...
11/18/2014 10:23:21 PM DEBUG: Data finishing 20.08% ...
11/18/2014 10:25:32 PM DEBUG: Data finishing 22.59% ...
11/18/2014 10:27:48 PM DEBUG: Data finishing 25.11% ...
11/18/2014 10:29:53 PM DEBUG: Data finishing 27.62% ...
11/18/2014 10:31:58 PM DEBUG: Data finishing 30.13% ...
11/18/2014 10:34:19 PM DEBUG: Data finishing 32.64% ...
11/18/2014 10:36:29 PM DEBUG: Data finishing 35.15% ...
11/18/2014 10:38:31 PM DEBUG: Data finishing 37.66% ...
11/18/2014 10:40:46 PM DEBUG: Data finishing 40.17% ...
11/18/2014 10:42:40 PM DEBUG: Data finishing 42.68% ...
11/18/2014 10:44:43 PM DEBUG: Data finishing 45.19% ...
11/18/2014 10:47:02 PM DEBUG: Data finishing 47.70% ...
11/18/2014 10:49:00 PM DEBUG: Data finishing 50.21% ...
11/18/2014 10:51:08 PM DEBUG: Data finishing 52.72% ...
11/18/2014 10:53:13 PM DEBUG: Data finishing 55.23% ...
11/18/2014 10:55:24 PM DEBUG: Data finishing 57.74% ...
11/18/2014 10:57:29 PM DEBUG: Data finishing 60.25% ...
11/18/2014 10:59:43 PM DEBUG: Data finishing 62.76% ...
11/18/2014 11:01:52 PM DEBUG: Data finishing 65.27% ...
11/18/2014 11:03:58 PM DEBUG: Data finishing 67.78% ...
11/18/2014 11:05:58 PM DEBUG: Data finishing 70.30% ...
11/18/2014 11:08:13 PM DEBUG: Data finishing 72.81% ...
11/18/2014 11:10:22 PM DEBUG: Data finishing 75.32% ...
11/18/2014 11:12:40 PM DEBUG: Data finishing 77.83% ...
11/18/2014 11:14:30 PM DEBUG: Data finishing 80.34% ...
11/18/2014 11:16:41 PM DEBUG: Data finishing 82.85% ...
11/18/2014 11:18:42 PM DEBUG: Data finishing 85.36% ...
11/18/2014 11:21:09 PM DEBUG: Data finishing 87.87% ...
11/18/2014 11:23:20 PM DEBUG: Data finishing 90.38% ...
11/18/2014 11:25:25 PM DEBUG: Data finishing 92.89% ...
11/18/2014 11:27:29 PM DEBUG: Data finishing 95.40% ...
11/18/2014 11:29:43 PM DEBUG: Data finishing 97.91% ...
11/18/2014 11:31:50 PM DEBUG: Iteration: 5
11/18/2014 11:31:50 PM DEBUG: Data size: 39832
11/18/2014 11:31:50 PM DEBUG: Data finishing 0.00% ...
11/18/2014 11:31:57 PM DEBUG: Dumping Weight Vector to /cs/natlang-projects/glm-parser/new_results/weight/Weight_Iter_4.db 
11/18/2014 11:31:57 PM DEBUG: Total Feature Num: 9958684 
11/18/2014 11:34:12 PM DEBUG: Data finishing 2.51% ...
11/18/2014 11:36:26 PM DEBUG: Data finishing 5.02% ...
11/18/2014 11:38:39 PM DEBUG: Data finishing 7.53% ...
11/18/2014 11:40:49 PM DEBUG: Data finishing 10.04% ...
11/18/2014 11:42:58 PM DEBUG: Data finishing 12.55% ...
11/18/2014 11:45:14 PM DEBUG: Data finishing 15.06% ...
11/18/2014 11:47:31 PM DEBUG: Data finishing 17.57% ...
11/18/2014 11:49:44 PM DEBUG: Data finishing 20.08% ...
11/18/2014 11:51:58 PM DEBUG: Data finishing 22.59% ...
11/18/2014 11:54:15 PM DEBUG: Data finishing 25.11% ...
11/18/2014 11:56:22 PM DEBUG: Data finishing 27.62% ...
11/18/2014 11:58:29 PM DEBUG: Data finishing 30.13% ...
11/19/2014 12:00:51 AM DEBUG: Data finishing 32.64% ...
11/19/2014 12:03:04 AM DEBUG: Data finishing 35.15% ...
11/19/2014 12:05:06 AM DEBUG: Data finishing 37.66% ...
11/19/2014 12:07:24 AM DEBUG: Data finishing 40.17% ...
11/19/2014 12:09:19 AM DEBUG: Data finishing 42.68% ...
11/19/2014 12:11:23 AM DEBUG: Data finishing 45.19% ...
11/19/2014 12:13:43 AM DEBUG: Data finishing 47.70% ...
11/19/2014 12:15:42 AM DEBUG: Data finishing 50.21% ...
11/19/2014 12:17:52 AM DEBUG: Data finishing 52.72% ...
11/19/2014 12:19:59 AM DEBUG: Data finishing 55.23% ...
11/19/2014 12:22:11 AM DEBUG: Data finishing 57.74% ...
11/19/2014 12:24:17 AM DEBUG: Data finishing 60.25% ...
11/19/2014 12:26:33 AM DEBUG: Data finishing 62.76% ...
11/19/2014 12:28:44 AM DEBUG: Data finishing 65.27% ...
11/19/2014 12:30:52 AM DEBUG: Data finishing 67.78% ...
11/19/2014 12:32:54 AM DEBUG: Data finishing 70.30% ...
11/19/2014 12:35:10 AM DEBUG: Data finishing 72.81% ...
11/19/2014 12:37:22 AM DEBUG: Data finishing 75.32% ...
11/19/2014 12:39:42 AM DEBUG: Data finishing 77.83% ...
11/19/2014 12:41:33 AM DEBUG: Data finishing 80.34% ...
11/19/2014 12:43:46 AM DEBUG: Data finishing 82.85% ...
11/19/2014 12:45:49 AM DEBUG: Data finishing 85.36% ...
11/19/2014 12:48:18 AM DEBUG: Data finishing 87.87% ...
11/19/2014 12:50:31 AM DEBUG: Data finishing 90.38% ...
11/19/2014 12:52:38 AM DEBUG: Data finishing 92.89% ...
11/19/2014 12:54:43 AM DEBUG: Data finishing 95.40% ...
11/19/2014 12:57:00 AM DEBUG: Data finishing 97.91% ...
11/19/2014 12:59:08 AM DEBUG: Iteration: 6
11/19/2014 12:59:08 AM DEBUG: Data size: 39832
11/19/2014 12:59:08 AM DEBUG: Data finishing 0.00% ...
11/19/2014 12:59:15 AM DEBUG: Dumping Weight Vector to /cs/natlang-projects/glm-parser/new_results/weight/Weight_Iter_5.db 
11/19/2014 12:59:15 AM DEBUG: Total Feature Num: 10034841 
11/19/2014 01:01:30 AM DEBUG: Data finishing 2.51% ...
11/19/2014 01:03:43 AM DEBUG: Data finishing 5.02% ...
11/19/2014 01:05:58 AM DEBUG: Data finishing 7.53% ...
11/19/2014 01:08:09 AM DEBUG: Data finishing 10.04% ...
11/19/2014 01:10:20 AM DEBUG: Data finishing 12.55% ...
11/19/2014 01:12:37 AM DEBUG: Data finishing 15.06% ...
11/19/2014 01:14:55 AM DEBUG: Data finishing 17.57% ...
11/19/2014 01:17:09 AM DEBUG: Data finishing 20.08% ...
11/19/2014 01:19:23 AM DEBUG: Data finishing 22.59% ...
11/19/2014 01:21:40 AM DEBUG: Data finishing 25.11% ...
11/19/2014 01:23:47 AM DEBUG: Data finishing 27.62% ...
11/19/2014 01:25:54 AM DEBUG: Data finishing 30.13% ...
11/19/2014 01:28:17 AM DEBUG: Data finishing 32.64% ...
11/19/2014 01:30:28 AM DEBUG: Data finishing 35.15% ...
11/19/2014 01:32:29 AM DEBUG: Data finishing 37.66% ...
11/19/2014 01:34:45 AM DEBUG: Data finishing 40.17% ...
11/19/2014 01:36:39 AM DEBUG: Data finishing 42.68% ...
11/19/2014 01:38:42 AM DEBUG: Data finishing 45.19% ...
11/19/2014 01:41:01 AM DEBUG: Data finishing 47.70% ...
11/19/2014 01:42:59 AM DEBUG: Data finishing 50.21% ...
11/19/2014 01:45:07 AM DEBUG: Data finishing 52.72% ...
11/19/2014 01:47:12 AM DEBUG: Data finishing 55.23% ...
11/19/2014 01:49:23 AM DEBUG: Data finishing 57.74% ...
11/19/2014 01:51:28 AM DEBUG: Data finishing 60.25% ...
11/19/2014 01:53:42 AM DEBUG: Data finishing 62.76% ...
11/19/2014 01:55:51 AM DEBUG: Data finishing 65.27% ...
11/19/2014 01:57:59 AM DEBUG: Data finishing 67.78% ...
11/19/2014 02:00:01 AM DEBUG: Data finishing 70.30% ...
11/19/2014 02:02:18 AM DEBUG: Data finishing 72.81% ...
11/19/2014 02:04:30 AM DEBUG: Data finishing 75.32% ...
11/19/2014 02:06:50 AM DEBUG: Data finishing 77.83% ...
11/19/2014 02:08:42 AM DEBUG: Data finishing 80.34% ...
11/19/2014 02:10:55 AM DEBUG: Data finishing 82.85% ...
11/19/2014 02:12:58 AM DEBUG: Data finishing 85.36% ...
11/19/2014 02:15:27 AM DEBUG: Data finishing 87.87% ...
11/19/2014 02:17:39 AM DEBUG: Data finishing 90.38% ...
11/19/2014 02:19:47 AM DEBUG: Data finishing 92.89% ...
11/19/2014 02:21:52 AM DEBUG: Data finishing 95.40% ...
11/19/2014 02:24:08 AM DEBUG: Data finishing 97.91% ...
11/19/2014 02:26:18 AM DEBUG: Iteration: 7
11/19/2014 02:26:18 AM DEBUG: Data size: 39832
11/19/2014 02:26:18 AM DEBUG: Data finishing 0.00% ...
11/19/2014 02:26:25 AM DEBUG: Dumping Weight Vector to /cs/natlang-projects/glm-parser/new_results/weight/Weight_Iter_6.db 
11/19/2014 02:26:25 AM DEBUG: Total Feature Num: 10092868 
11/19/2014 02:28:39 AM DEBUG: Data finishing 2.51% ...
11/19/2014 02:30:51 AM DEBUG: Data finishing 5.02% ...
11/19/2014 02:33:03 AM DEBUG: Data finishing 7.53% ...
11/19/2014 02:35:12 AM DEBUG: Data finishing 10.04% ...
11/19/2014 02:37:19 AM DEBUG: Data finishing 12.55% ...
11/19/2014 02:39:34 AM DEBUG: Data finishing 15.06% ...
11/19/2014 02:41:48 AM DEBUG: Data finishing 17.57% ...
11/19/2014 02:43:58 AM DEBUG: Data finishing 20.08% ...
11/19/2014 02:46:09 AM DEBUG: Data finishing 22.59% ...
11/19/2014 02:48:23 AM DEBUG: Data finishing 25.11% ...
11/19/2014 02:50:27 AM DEBUG: Data finishing 27.62% ...
11/19/2014 02:52:31 AM DEBUG: Data finishing 30.13% ...
11/19/2014 02:54:50 AM DEBUG: Data finishing 32.64% ...
11/19/2014 02:57:01 AM DEBUG: Data finishing 35.15% ...
11/19/2014 02:59:03 AM DEBUG: Data finishing 37.66% ...
11/19/2014 03:01:19 AM DEBUG: Data finishing 40.17% ...
11/19/2014 03:03:13 AM DEBUG: Data finishing 42.68% ...
11/19/2014 03:05:16 AM DEBUG: Data finishing 45.19% ...
11/19/2014 03:07:35 AM DEBUG: Data finishing 47.70% ...
11/19/2014 03:09:34 AM DEBUG: Data finishing 50.21% ...
11/19/2014 03:11:43 AM DEBUG: Data finishing 52.72% ...
11/19/2014 03:13:48 AM DEBUG: Data finishing 55.23% ...
11/19/2014 03:16:00 AM DEBUG: Data finishing 57.74% ...
11/19/2014 03:18:04 AM DEBUG: Data finishing 60.25% ...
11/19/2014 03:20:18 AM DEBUG: Data finishing 62.76% ...
11/19/2014 03:22:28 AM DEBUG: Data finishing 65.27% ...
11/19/2014 03:24:34 AM DEBUG: Data finishing 67.78% ...
11/19/2014 03:26:35 AM DEBUG: Data finishing 70.30% ...
11/19/2014 03:28:49 AM DEBUG: Data finishing 72.81% ...
11/19/2014 03:30:57 AM DEBUG: Data finishing 75.32% ...
11/19/2014 03:33:14 AM DEBUG: Data finishing 77.83% ...
11/19/2014 03:35:03 AM DEBUG: Data finishing 80.34% ...
11/19/2014 03:37:13 AM DEBUG: Data finishing 82.85% ...
11/19/2014 03:39:14 AM DEBUG: Data finishing 85.36% ...
11/19/2014 03:41:40 AM DEBUG: Data finishing 87.87% ...
11/19/2014 03:43:49 AM DEBUG: Data finishing 90.38% ...
11/19/2014 03:45:54 AM DEBUG: Data finishing 92.89% ...
11/19/2014 03:47:56 AM DEBUG: Data finishing 95.40% ...
11/19/2014 03:50:09 AM DEBUG: Data finishing 97.91% ...
11/19/2014 03:52:12 AM DEBUG: Iteration: 8
11/19/2014 03:52:12 AM DEBUG: Data size: 39832
11/19/2014 03:52:12 AM DEBUG: Data finishing 0.00% ...
11/19/2014 03:52:19 AM DEBUG: Dumping Weight Vector to /cs/natlang-projects/glm-parser/new_results/weight/Weight_Iter_7.db 
11/19/2014 03:52:19 AM DEBUG: Total Feature Num: 10138664 
11/19/2014 03:54:34 AM DEBUG: Data finishing 2.51% ...
11/19/2014 03:56:46 AM DEBUG: Data finishing 5.02% ...
11/19/2014 03:58:57 AM DEBUG: Data finishing 7.53% ...
11/19/2014 04:01:06 AM DEBUG: Data finishing 10.04% ...
11/19/2014 04:03:13 AM DEBUG: Data finishing 12.55% ...
11/19/2014 04:05:27 AM DEBUG: Data finishing 15.06% ...
11/19/2014 04:07:41 AM DEBUG: Data finishing 17.57% ...
11/19/2014 04:09:52 AM DEBUG: Data finishing 20.08% ...
11/19/2014 04:12:02 AM DEBUG: Data finishing 22.59% ...
11/19/2014 04:14:16 AM DEBUG: Data finishing 25.11% ...
11/19/2014 04:16:20 AM DEBUG: Data finishing 27.62% ...
11/19/2014 04:18:23 AM DEBUG: Data finishing 30.13% ...
11/19/2014 04:20:43 AM DEBUG: Data finishing 32.64% ...
11/19/2014 04:22:52 AM DEBUG: Data finishing 35.15% ...
11/19/2014 04:24:52 AM DEBUG: Data finishing 37.66% ...
11/19/2014 04:27:07 AM DEBUG: Data finishing 40.17% ...
11/19/2014 04:28:59 AM DEBUG: Data finishing 42.68% ...
11/19/2014 04:31:00 AM DEBUG: Data finishing 45.19% ...
11/19/2014 04:33:17 AM DEBUG: Data finishing 47.70% ...
11/19/2014 04:35:14 AM DEBUG: Data finishing 50.21% ...
11/19/2014 04:37:21 AM DEBUG: Data finishing 52.72% ...
11/19/2014 04:39:25 AM DEBUG: Data finishing 55.23% ...
11/19/2014 04:41:35 AM DEBUG: Data finishing 57.74% ...
11/19/2014 04:43:38 AM DEBUG: Data finishing 60.25% ...
11/19/2014 04:45:50 AM DEBUG: Data finishing 62.76% ...
11/19/2014 04:47:58 AM DEBUG: Data finishing 65.27% ...
11/19/2014 04:50:02 AM DEBUG: Data finishing 67.78% ...
11/19/2014 04:52:01 AM DEBUG: Data finishing 70.30% ...
11/19/2014 04:54:14 AM DEBUG: Data finishing 72.81% ...
11/19/2014 04:56:23 AM DEBUG: Data finishing 75.32% ...
11/19/2014 04:58:39 AM DEBUG: Data finishing 77.83% ...
11/19/2014 05:00:28 AM DEBUG: Data finishing 80.34% ...
11/19/2014 05:02:37 AM DEBUG: Data finishing 82.85% ...
11/19/2014 05:04:37 AM DEBUG: Data finishing 85.36% ...
11/19/2014 05:07:02 AM DEBUG: Data finishing 87.87% ...
11/19/2014 05:09:11 AM DEBUG: Data finishing 90.38% ...
11/19/2014 05:11:15 AM DEBUG: Data finishing 92.89% ...
11/19/2014 05:13:17 AM DEBUG: Data finishing 95.40% ...
11/19/2014 05:15:30 AM DEBUG: Data finishing 97.91% ...
11/19/2014 05:17:33 AM DEBUG: Iteration: 9
11/19/2014 05:17:33 AM DEBUG: Data size: 39832
11/19/2014 05:17:33 AM DEBUG: Data finishing 0.00% ...
11/19/2014 05:17:40 AM DEBUG: Dumping Weight Vector to /cs/natlang-projects/glm-parser/new_results/weight/Weight_Iter_8.db 
11/19/2014 05:17:40 AM DEBUG: Total Feature Num: 10174703 
11/19/2014 05:19:55 AM DEBUG: Data finishing 2.51% ...
11/19/2014 05:22:08 AM DEBUG: Data finishing 5.02% ...
11/19/2014 05:24:21 AM DEBUG: Data finishing 7.53% ...
11/19/2014 05:26:31 AM DEBUG: Data finishing 10.04% ...
11/19/2014 05:28:39 AM DEBUG: Data finishing 12.55% ...
11/19/2014 05:30:54 AM DEBUG: Data finishing 15.06% ...
11/19/2014 05:33:10 AM DEBUG: Data finishing 17.57% ...
11/19/2014 05:35:21 AM DEBUG: Data finishing 20.08% ...
11/19/2014 05:37:32 AM DEBUG: Data finishing 22.59% ...
11/19/2014 05:39:47 AM DEBUG: Data finishing 25.11% ...
11/19/2014 05:41:52 AM DEBUG: Data finishing 27.62% ...
11/19/2014 05:43:57 AM DEBUG: Data finishing 30.13% ...
11/19/2014 05:46:17 AM DEBUG: Data finishing 32.64% ...
11/19/2014 05:48:28 AM DEBUG: Data finishing 35.15% ...
11/19/2014 05:50:29 AM DEBUG: Data finishing 37.66% ...
11/19/2014 05:52:44 AM DEBUG: Data finishing 40.17% ...
11/19/2014 05:54:38 AM DEBUG: Data finishing 42.68% ...
11/19/2014 05:56:40 AM DEBUG: Data finishing 45.19% ...
11/19/2014 05:58:58 AM DEBUG: Data finishing 47.70% ...
11/19/2014 06:00:56 AM DEBUG: Data finishing 50.21% ...
11/19/2014 06:03:04 AM DEBUG: Data finishing 52.72% ...
11/19/2014 06:05:09 AM DEBUG: Data finishing 55.23% ...
11/19/2014 06:07:20 AM DEBUG: Data finishing 57.74% ...
11/19/2014 06:09:24 AM DEBUG: Data finishing 60.25% ...
11/19/2014 06:11:38 AM DEBUG: Data finishing 62.76% ...
11/19/2014 06:13:47 AM DEBUG: Data finishing 65.27% ...
11/19/2014 06:15:53 AM DEBUG: Data finishing 67.78% ...
11/19/2014 06:17:53 AM DEBUG: Data finishing 70.30% ...
11/19/2014 06:20:07 AM DEBUG: Data finishing 72.81% ...
11/19/2014 06:22:16 AM DEBUG: Data finishing 75.32% ...
11/19/2014 06:24:34 AM DEBUG: Data finishing 77.83% ...
11/19/2014 06:26:23 AM DEBUG: Data finishing 80.34% ...
11/19/2014 06:28:34 AM DEBUG: Data finishing 82.85% ...
11/19/2014 06:30:35 AM DEBUG: Data finishing 85.36% ...
11/19/2014 06:33:02 AM DEBUG: Data finishing 87.87% ...
11/19/2014 06:35:12 AM DEBUG: Data finishing 90.38% ...
11/19/2014 06:37:17 AM DEBUG: Data finishing 92.89% ...
11/19/2014 06:39:19 AM DEBUG: Data finishing 95.40% ...
11/19/2014 06:41:34 AM DEBUG: Data finishing 97.91% ...
11/19/2014 06:43:48 AM DEBUG: Dumping Weight Vector to /cs/natlang-projects/glm-parser/new_results/weight/Weight_Iter_9.db 
11/19/2014 06:43:48 AM DEBUG: Total Feature Num: 10204381 
11/19/2014 06:44:03 AM DEBUG: Loading data...
11/19/2014 06:44:03 AM DEBUG: Loading section 00 
11/19/2014 06:44:21 AM DEBUG: Loading section 01 
11/19/2014 06:44:44 AM DEBUG: Loading section 22 
11/19/2014 06:45:07 AM DEBUG: Loading section 24 
11/19/2014 06:45:21 AM DEBUG: Start evaluating ...
11/19/2014 06:45:21 AM INFO: Feature count: 10204381
11/19/2014 06:45:21 AM DEBUG: Data finishing 0.00% ...
11/19/2014 06:47:24 AM DEBUG: Data finishing 14.37% ...
11/19/2014 06:49:57 AM DEBUG: Data finishing 28.74% ...
11/19/2014 06:52:00 AM DEBUG: Data finishing 43.10% ...
11/19/2014 06:54:08 AM DEBUG: Data finishing 57.47% ...
11/19/2014 06:56:12 AM DEBUG: Data finishing 71.84% ...
11/19/2014 06:58:16 AM DEBUG: Data finishing 86.21% ...
11/19/2014 07:00:23 AM INFO: Unlabeled accuracy: 0.908376932010 (151748, 167054)
11/19/2014 07:00:23 AM INFO: Unlabeled attachment accuracy: 0.912041559874 (158708, 174014)
