11/19/2014 03:05:58 PM DEBUG: Loading data...
11/19/2014 03:05:58 PM DEBUG: Loading data...
11/19/2014 03:05:58 PM DEBUG: Initialize AveragePerceptronLearner ... 
11/19/2014 03:05:58 PM DEBUG: Loading data...
11/19/2014 03:05:58 PM DEBUG: Loading section 02 
11/19/2014 03:06:07 PM DEBUG: Loading section 03 
11/19/2014 03:06:15 PM DEBUG: Loading section 04 
11/19/2014 03:06:27 PM DEBUG: Loading section 05 
11/19/2014 03:06:38 PM DEBUG: Loading section 06 
11/19/2014 03:06:48 PM DEBUG: Loading section 07 
11/19/2014 03:07:00 PM DEBUG: Loading section 08 
11/19/2014 03:07:02 PM DEBUG: Loading section 09 
11/19/2014 03:07:15 PM DEBUG: Loading section 10 
11/19/2014 03:07:23 PM DEBUG: Loading section 11 
11/19/2014 03:07:37 PM DEBUG: Loading section 12 
11/19/2014 03:07:46 PM DEBUG: Loading section 13 
11/19/2014 03:08:02 PM DEBUG: Loading section 14 
11/19/2014 03:08:11 PM DEBUG: Loading section 15 
11/19/2014 03:08:28 PM DEBUG: Loading section 16 
11/19/2014 03:08:39 PM DEBUG: Loading section 17 
11/19/2014 03:08:47 PM DEBUG: Loading section 18 
11/19/2014 03:09:06 PM DEBUG: Loading section 19 
11/19/2014 03:09:14 PM DEBUG: Loading section 20 
11/19/2014 03:09:22 PM DEBUG: Loading section 21 
11/19/2014 03:09:29 PM DEBUG: Starting sequential train ... 
11/19/2014 03:09:29 PM DEBUG: Iteration: 0
11/19/2014 03:09:29 PM DEBUG: Data size: 39832
11/19/2014 03:09:29 PM DEBUG: Data finishing 0.00% ...
11/19/2014 03:11:48 PM DEBUG: Data finishing 2.51% ...
11/19/2014 03:14:00 PM DEBUG: Data finishing 5.02% ...
11/19/2014 03:16:13 PM DEBUG: Data finishing 7.53% ...
11/19/2014 03:18:22 PM DEBUG: Data finishing 10.04% ...
11/19/2014 03:20:31 PM DEBUG: Data finishing 12.55% ...
11/19/2014 03:22:46 PM DEBUG: Data finishing 15.06% ...
11/19/2014 03:25:02 PM DEBUG: Data finishing 17.57% ...
11/19/2014 03:27:14 PM DEBUG: Data finishing 20.08% ...
11/19/2014 03:29:26 PM DEBUG: Data finishing 22.59% ...
11/19/2014 03:31:41 PM DEBUG: Data finishing 25.11% ...
11/19/2014 03:33:46 PM DEBUG: Data finishing 27.62% ...
11/19/2014 03:35:51 PM DEBUG: Data finishing 30.13% ...
11/19/2014 03:38:12 PM DEBUG: Data finishing 32.64% ...
11/19/2014 03:40:24 PM DEBUG: Data finishing 35.15% ...
11/19/2014 03:42:26 PM DEBUG: Data finishing 37.66% ...
11/19/2014 03:44:42 PM DEBUG: Data finishing 40.17% ...
11/19/2014 03:46:36 PM DEBUG: Data finishing 42.68% ...
11/19/2014 03:48:41 PM DEBUG: Data finishing 45.19% ...
11/19/2014 03:51:00 PM DEBUG: Data finishing 47.70% ...
11/19/2014 03:53:00 PM DEBUG: Data finishing 50.21% ...
11/19/2014 03:55:08 PM DEBUG: Data finishing 52.72% ...
11/19/2014 03:57:13 PM DEBUG: Data finishing 55.23% ...
11/19/2014 03:59:24 PM DEBUG: Data finishing 57.74% ...
11/19/2014 04:01:29 PM DEBUG: Data finishing 60.25% ...
11/19/2014 04:03:42 PM DEBUG: Data finishing 62.76% ...
11/19/2014 04:05:52 PM DEBUG: Data finishing 65.27% ...
11/19/2014 04:07:58 PM DEBUG: Data finishing 67.78% ...
11/19/2014 04:09:59 PM DEBUG: Data finishing 70.30% ...
11/19/2014 04:12:14 PM DEBUG: Data finishing 72.81% ...
11/19/2014 04:14:24 PM DEBUG: Data finishing 75.32% ...
11/19/2014 04:16:42 PM DEBUG: Data finishing 77.83% ...
11/19/2014 04:18:33 PM DEBUG: Data finishing 80.34% ...
11/19/2014 04:20:44 PM DEBUG: Data finishing 82.85% ...
11/19/2014 04:22:46 PM DEBUG: Data finishing 85.36% ...
11/19/2014 04:25:14 PM DEBUG: Data finishing 87.87% ...
11/19/2014 04:27:25 PM DEBUG: Data finishing 90.38% ...
11/19/2014 04:29:31 PM DEBUG: Data finishing 92.89% ...
11/19/2014 04:31:34 PM DEBUG: Data finishing 95.40% ...
11/19/2014 04:33:50 PM DEBUG: Data finishing 97.91% ...
11/19/2014 04:35:58 PM DEBUG: Dumping Weight Vector to /cs/natlang-projects/glm-parser/new_results/weight/OneIter0_Iter_0.db 
11/19/2014 04:35:58 PM DEBUG: Total Feature Num: 8922842 
11/19/2014 04:36:11 PM DEBUG: Loading data...
11/19/2014 04:36:12 PM DEBUG: Loading section 00 
11/19/2014 04:36:27 PM DEBUG: Loading section 01 
11/19/2014 04:36:46 PM DEBUG: Loading section 22 
11/19/2014 04:37:05 PM DEBUG: Loading section 24 
11/19/2014 04:37:17 PM DEBUG: Start evaluating ...
11/19/2014 04:37:17 PM INFO: Feature count: 8922842
11/19/2014 04:37:17 PM DEBUG: Data finishing 0.00% ...
11/19/2014 04:39:23 PM DEBUG: Data finishing 14.37% ...
11/19/2014 04:42:00 PM DEBUG: Data finishing 28.74% ...
11/19/2014 04:44:06 PM DEBUG: Data finishing 43.10% ...
11/19/2014 04:46:17 PM DEBUG: Data finishing 57.47% ...
11/19/2014 04:48:24 PM DEBUG: Data finishing 71.84% ...
11/19/2014 04:50:31 PM DEBUG: Data finishing 86.21% ...
11/19/2014 04:52:40 PM INFO: Unlabeled accuracy: 0.900301698852 (150399, 167054)
11/19/2014 04:52:40 PM INFO: Unlabeled attachment accuracy: 0.904289310056 (157359, 174014)
===============================================
Iter 1 :
11/19/2014 04:53:10 PM DEBUG: Loading Weight Vector from /cs/natlang-projects/glm-parser/new_results/weight/11-18-2014/Weight_Iter_0.db 
11/19/2014 04:53:24 PM DEBUG: Loading data...
11/19/2014 04:53:24 PM DEBUG: Loading data...
11/19/2014 04:53:24 PM DEBUG: Initialize AveragePerceptronLearner ... 
11/19/2014 04:53:24 PM DEBUG: Loading data...
11/19/2014 04:53:24 PM DEBUG: Loading section 02 
11/19/2014 04:53:36 PM DEBUG: Loading section 03 
11/19/2014 04:53:46 PM DEBUG: Loading section 04 
11/19/2014 04:54:00 PM DEBUG: Loading section 05 
11/19/2014 04:54:11 PM DEBUG: Loading section 06 
11/19/2014 04:54:22 PM DEBUG: Loading section 07 
11/19/2014 04:54:34 PM DEBUG: Loading section 08 
11/19/2014 04:54:36 PM DEBUG: Loading section 09 
11/19/2014 04:54:49 PM DEBUG: Loading section 10 
11/19/2014 04:54:57 PM DEBUG: Loading section 11 
11/19/2014 04:55:11 PM DEBUG: Loading section 12 
11/19/2014 04:55:19 PM DEBUG: Loading section 13 
11/19/2014 04:55:36 PM DEBUG: Loading section 14 
11/19/2014 04:55:45 PM DEBUG: Loading section 15 
11/19/2014 04:56:02 PM DEBUG: Loading section 16 
11/19/2014 04:56:13 PM DEBUG: Loading section 17 
11/19/2014 04:56:20 PM DEBUG: Loading section 18 
11/19/2014 04:56:40 PM DEBUG: Loading section 19 
11/19/2014 04:56:47 PM DEBUG: Loading section 20 
11/19/2014 04:56:55 PM DEBUG: Loading section 21 
11/19/2014 04:57:02 PM DEBUG: Starting sequential train ... 
11/19/2014 04:57:02 PM DEBUG: Iteration: 0
11/19/2014 04:57:02 PM DEBUG: Data size: 39832
11/19/2014 04:57:02 PM DEBUG: Data finishing 0.00% ...
11/19/2014 04:59:17 PM DEBUG: Data finishing 2.51% ...
11/19/2014 05:01:25 PM DEBUG: Data finishing 5.02% ...
11/19/2014 05:03:33 PM DEBUG: Data finishing 7.53% ...
11/19/2014 05:05:38 PM DEBUG: Data finishing 10.04% ...
11/19/2014 05:07:41 PM DEBUG: Data finishing 12.55% ...
11/19/2014 05:09:50 PM DEBUG: Data finishing 15.06% ...
11/19/2014 05:11:59 PM DEBUG: Data finishing 17.57% ...
11/19/2014 05:14:05 PM DEBUG: Data finishing 20.08% ...
11/19/2014 05:16:11 PM DEBUG: Data finishing 22.59% ...
11/19/2014 05:18:20 PM DEBUG: Data finishing 25.11% ...
11/19/2014 05:20:20 PM DEBUG: Data finishing 27.62% ...
11/19/2014 05:22:19 PM DEBUG: Data finishing 30.13% ...
11/19/2014 05:24:33 PM DEBUG: Data finishing 32.64% ...
11/19/2014 05:26:38 PM DEBUG: Data finishing 35.15% ...
11/19/2014 05:28:34 PM DEBUG: Data finishing 37.66% ...
11/19/2014 05:30:44 PM DEBUG: Data finishing 40.17% ...
11/19/2014 05:32:33 PM DEBUG: Data finishing 42.68% ...
11/19/2014 05:34:30 PM DEBUG: Data finishing 45.19% ...
11/19/2014 05:36:43 PM DEBUG: Data finishing 47.70% ...
11/19/2014 05:38:35 PM DEBUG: Data finishing 50.21% ...
11/19/2014 05:40:38 PM DEBUG: Data finishing 52.72% ...
11/19/2014 05:42:38 PM DEBUG: Data finishing 55.23% ...
11/19/2014 05:44:44 PM DEBUG: Data finishing 57.74% ...
11/19/2014 05:46:43 PM DEBUG: Data finishing 60.25% ...
11/19/2014 05:48:51 PM DEBUG: Data finishing 62.76% ...
11/19/2014 05:50:55 PM DEBUG: Data finishing 65.27% ...
11/19/2014 05:52:55 PM DEBUG: Data finishing 67.78% ...
11/19/2014 05:54:51 PM DEBUG: Data finishing 70.30% ...
11/19/2014 05:56:59 PM DEBUG: Data finishing 72.81% ...
11/19/2014 05:59:03 PM DEBUG: Data finishing 75.32% ...
11/19/2014 06:01:15 PM DEBUG: Data finishing 77.83% ...
11/19/2014 06:03:01 PM DEBUG: Data finishing 80.34% ...
11/19/2014 06:05:06 PM DEBUG: Data finishing 82.85% ...
11/19/2014 06:07:02 PM DEBUG: Data finishing 85.36% ...
11/19/2014 06:09:23 PM DEBUG: Data finishing 87.87% ...
11/19/2014 06:11:28 PM DEBUG: Data finishing 90.38% ...
11/19/2014 06:13:28 PM DEBUG: Data finishing 92.89% ...
11/19/2014 06:15:26 PM DEBUG: Data finishing 95.40% ...
11/19/2014 06:17:35 PM DEBUG: Data finishing 97.91% ...
11/19/2014 06:19:38 PM DEBUG: Dumping Weight Vector to /cs/natlang-projects/glm-parser/new_results/weight/OneIter1_Iter_0.db 
11/19/2014 06:19:38 PM DEBUG: Total Feature Num: 8382354 
11/19/2014 06:19:49 PM DEBUG: Loading data...
11/19/2014 06:19:50 PM DEBUG: Loading section 00 
11/19/2014 06:20:05 PM DEBUG: Loading section 01 
11/19/2014 06:20:23 PM DEBUG: Loading section 22 
11/19/2014 06:20:41 PM DEBUG: Loading section 24 
11/19/2014 06:20:52 PM DEBUG: Start evaluating ...
11/19/2014 06:20:52 PM INFO: Feature count: 8382354
11/19/2014 06:20:52 PM DEBUG: Data finishing 0.00% ...
11/19/2014 06:22:49 PM DEBUG: Data finishing 14.37% ...
11/19/2014 06:25:15 PM DEBUG: Data finishing 28.74% ...
11/19/2014 06:27:12 PM DEBUG: Data finishing 43.10% ...
11/19/2014 06:29:13 PM DEBUG: Data finishing 57.47% ...
11/19/2014 06:31:09 PM DEBUG: Data finishing 71.84% ...
11/19/2014 06:33:07 PM DEBUG: Data finishing 86.21% ...
11/19/2014 06:35:07 PM INFO: Unlabeled accuracy: 0.902720078537 (150803, 167054)
11/19/2014 06:35:07 PM INFO: Unlabeled attachment accuracy: 0.906610962336 (157763, 174014)
===============================================
Iter 2 :
11/19/2014 06:35:39 PM DEBUG: Loading Weight Vector from /cs/natlang-projects/glm-parser/new_results/weight/11-18-2014/Weight_Iter_1.db 
11/19/2014 06:35:54 PM DEBUG: Loading data...
11/19/2014 06:35:54 PM DEBUG: Loading data...
11/19/2014 06:35:54 PM DEBUG: Initialize AveragePerceptronLearner ... 
11/19/2014 06:35:54 PM DEBUG: Loading data...
11/19/2014 06:35:54 PM DEBUG: Loading section 02 
11/19/2014 06:36:06 PM DEBUG: Loading section 03 
11/19/2014 06:36:16 PM DEBUG: Loading section 04 
11/19/2014 06:36:30 PM DEBUG: Loading section 05 
11/19/2014 06:36:41 PM DEBUG: Loading section 06 
11/19/2014 06:36:52 PM DEBUG: Loading section 07 
11/19/2014 06:37:04 PM DEBUG: Loading section 08 
11/19/2014 06:37:06 PM DEBUG: Loading section 09 
11/19/2014 06:37:19 PM DEBUG: Loading section 10 
11/19/2014 06:37:26 PM DEBUG: Loading section 11 
11/19/2014 06:37:41 PM DEBUG: Loading section 12 
11/19/2014 06:37:49 PM DEBUG: Loading section 13 
11/19/2014 06:38:06 PM DEBUG: Loading section 14 
11/19/2014 06:38:14 PM DEBUG: Loading section 15 
11/19/2014 06:38:31 PM DEBUG: Loading section 16 
11/19/2014 06:38:42 PM DEBUG: Loading section 17 
11/19/2014 06:38:49 PM DEBUG: Loading section 18 
11/19/2014 06:39:09 PM DEBUG: Loading section 19 
11/19/2014 06:39:16 PM DEBUG: Loading section 20 
11/19/2014 06:39:24 PM DEBUG: Loading section 21 
11/19/2014 06:39:31 PM DEBUG: Starting sequential train ... 
11/19/2014 06:39:31 PM DEBUG: Iteration: 0
11/19/2014 06:39:31 PM DEBUG: Data size: 39832
11/19/2014 06:39:31 PM DEBUG: Data finishing 0.00% ...
11/19/2014 06:41:42 PM DEBUG: Data finishing 2.51% ...
11/19/2014 06:43:47 PM DEBUG: Data finishing 5.02% ...
11/19/2014 06:45:53 PM DEBUG: Data finishing 7.53% ...
11/19/2014 06:47:55 PM DEBUG: Data finishing 10.04% ...
11/19/2014 06:49:57 PM DEBUG: Data finishing 12.55% ...
11/19/2014 06:52:05 PM DEBUG: Data finishing 15.06% ...
11/19/2014 06:54:12 PM DEBUG: Data finishing 17.57% ...
11/19/2014 06:56:16 PM DEBUG: Data finishing 20.08% ...
11/19/2014 06:58:19 PM DEBUG: Data finishing 22.59% ...
11/19/2014 07:00:27 PM DEBUG: Data finishing 25.11% ...
11/19/2014 07:02:24 PM DEBUG: Data finishing 27.62% ...
11/19/2014 07:04:22 PM DEBUG: Data finishing 30.13% ...
11/19/2014 07:06:34 PM DEBUG: Data finishing 32.64% ...
11/19/2014 07:08:36 PM DEBUG: Data finishing 35.15% ...
11/19/2014 07:10:29 PM DEBUG: Data finishing 37.66% ...
11/19/2014 07:12:36 PM DEBUG: Data finishing 40.17% ...
11/19/2014 07:14:22 PM DEBUG: Data finishing 42.68% ...
11/19/2014 07:16:17 PM DEBUG: Data finishing 45.19% ...
11/19/2014 07:18:26 PM DEBUG: Data finishing 47.70% ...
11/19/2014 07:20:16 PM DEBUG: Data finishing 50.21% ...
11/19/2014 07:22:16 PM DEBUG: Data finishing 52.72% ...
11/19/2014 07:24:13 PM DEBUG: Data finishing 55.23% ...
11/19/2014 07:26:15 PM DEBUG: Data finishing 57.74% ...
11/19/2014 07:28:12 PM DEBUG: Data finishing 60.25% ...
11/19/2014 07:30:17 PM DEBUG: Data finishing 62.76% ...
11/19/2014 07:32:17 PM DEBUG: Data finishing 65.27% ...
11/19/2014 07:34:15 PM DEBUG: Data finishing 67.78% ...
11/19/2014 07:36:07 PM DEBUG: Data finishing 70.30% ...
11/19/2014 07:38:13 PM DEBUG: Data finishing 72.81% ...
11/19/2014 07:40:14 PM DEBUG: Data finishing 75.32% ...
11/19/2014 07:42:23 PM DEBUG: Data finishing 77.83% ...
11/19/2014 07:44:06 PM DEBUG: Data finishing 80.34% ...
11/19/2014 07:46:08 PM DEBUG: Data finishing 82.85% ...
11/19/2014 07:48:01 PM DEBUG: Data finishing 85.36% ...
11/19/2014 07:50:19 PM DEBUG: Data finishing 87.87% ...
11/19/2014 07:52:20 PM DEBUG: Data finishing 90.38% ...
11/19/2014 07:54:17 PM DEBUG: Data finishing 92.89% ...
11/19/2014 07:56:13 PM DEBUG: Data finishing 95.40% ...
11/19/2014 07:58:19 PM DEBUG: Data finishing 97.91% ...
11/19/2014 08:00:18 PM DEBUG: Dumping Weight Vector to /cs/natlang-projects/glm-parser/new_results/weight/OneIter2_Iter_0.db 
11/19/2014 08:00:18 PM DEBUG: Total Feature Num: 8079863 
11/19/2014 08:00:29 PM DEBUG: Loading data...
11/19/2014 08:00:30 PM DEBUG: Loading section 00 
11/19/2014 08:00:45 PM DEBUG: Loading section 01 
11/19/2014 08:01:02 PM DEBUG: Loading section 22 
11/19/2014 08:01:20 PM DEBUG: Loading section 24 
11/19/2014 08:01:32 PM DEBUG: Start evaluating ...
11/19/2014 08:01:32 PM INFO: Feature count: 8079863
11/19/2014 08:01:32 PM DEBUG: Data finishing 0.00% ...
11/19/2014 08:03:26 PM DEBUG: Data finishing 14.37% ...
11/19/2014 08:05:48 PM DEBUG: Data finishing 28.74% ...
11/19/2014 08:07:42 PM DEBUG: Data finishing 43.10% ...
11/19/2014 08:09:40 PM DEBUG: Data finishing 57.47% ...
11/19/2014 08:11:36 PM DEBUG: Data finishing 71.84% ...
11/19/2014 08:13:30 PM DEBUG: Data finishing 86.21% ...
11/19/2014 08:15:27 PM INFO: Unlabeled accuracy: 0.903294743017 (150899, 167054)
11/19/2014 08:15:27 PM INFO: Unlabeled attachment accuracy: 0.907162642086 (157859, 174014)
===============================================
Iter 3 :
11/19/2014 08:15:58 PM DEBUG: Loading Weight Vector from /cs/natlang-projects/glm-parser/new_results/weight/11-18-2014/Weight_Iter_2.db 
11/19/2014 08:16:14 PM DEBUG: Loading data...
11/19/2014 08:16:14 PM DEBUG: Loading data...
11/19/2014 08:16:14 PM DEBUG: Initialize AveragePerceptronLearner ... 
11/19/2014 08:16:14 PM DEBUG: Loading data...
11/19/2014 08:16:14 PM DEBUG: Loading section 02 
11/19/2014 08:16:26 PM DEBUG: Loading section 03 
11/19/2014 08:16:37 PM DEBUG: Loading section 04 
11/19/2014 08:16:50 PM DEBUG: Loading section 05 
11/19/2014 08:17:02 PM DEBUG: Loading section 06 
11/19/2014 08:17:13 PM DEBUG: Loading section 07 
11/19/2014 08:17:25 PM DEBUG: Loading section 08 
11/19/2014 08:17:27 PM DEBUG: Loading section 09 
11/19/2014 08:17:40 PM DEBUG: Loading section 10 
11/19/2014 08:17:48 PM DEBUG: Loading section 11 
11/19/2014 08:18:03 PM DEBUG: Loading section 12 
11/19/2014 08:18:11 PM DEBUG: Loading section 13 
11/19/2014 08:18:28 PM DEBUG: Loading section 14 
11/19/2014 08:18:37 PM DEBUG: Loading section 15 
11/19/2014 08:18:54 PM DEBUG: Loading section 16 
11/19/2014 08:19:05 PM DEBUG: Loading section 17 
11/19/2014 08:19:12 PM DEBUG: Loading section 18 
11/19/2014 08:19:32 PM DEBUG: Loading section 19 
11/19/2014 08:19:39 PM DEBUG: Loading section 20 
11/19/2014 08:19:48 PM DEBUG: Loading section 21 
11/19/2014 08:19:54 PM DEBUG: Starting sequential train ... 
11/19/2014 08:19:54 PM DEBUG: Iteration: 0
11/19/2014 08:19:54 PM DEBUG: Data size: 39832
11/19/2014 08:19:54 PM DEBUG: Data finishing 0.00% ...
11/19/2014 08:22:11 PM DEBUG: Data finishing 2.51% ...
11/19/2014 08:24:20 PM DEBUG: Data finishing 5.02% ...
11/19/2014 08:26:29 PM DEBUG: Data finishing 7.53% ...
11/19/2014 08:28:36 PM DEBUG: Data finishing 10.04% ...
11/19/2014 08:30:42 PM DEBUG: Data finishing 12.55% ...
11/19/2014 08:32:53 PM DEBUG: Data finishing 15.06% ...
11/19/2014 08:35:06 PM DEBUG: Data finishing 17.57% ...
11/19/2014 08:37:14 PM DEBUG: Data finishing 20.08% ...
11/19/2014 08:39:22 PM DEBUG: Data finishing 22.59% ...
11/19/2014 08:41:33 PM DEBUG: Data finishing 25.11% ...
11/19/2014 08:43:34 PM DEBUG: Data finishing 27.62% ...
11/19/2014 08:45:34 PM DEBUG: Data finishing 30.13% ...
11/19/2014 08:47:50 PM DEBUG: Data finishing 32.64% ...
11/19/2014 08:49:57 PM DEBUG: Data finishing 35.15% ...
11/19/2014 08:51:54 PM DEBUG: Data finishing 37.66% ...
11/19/2014 08:54:05 PM DEBUG: Data finishing 40.17% ...
11/19/2014 08:55:54 PM DEBUG: Data finishing 42.68% ...
11/19/2014 08:57:53 PM DEBUG: Data finishing 45.19% ...
11/19/2014 09:00:07 PM DEBUG: Data finishing 47.70% ...
11/19/2014 09:02:01 PM DEBUG: Data finishing 50.21% ...
11/19/2014 09:04:05 PM DEBUG: Data finishing 52.72% ...
11/19/2014 09:06:05 PM DEBUG: Data finishing 55.23% ...
11/19/2014 09:08:12 PM DEBUG: Data finishing 57.74% ...
11/19/2014 09:10:12 PM DEBUG: Data finishing 60.25% ...
11/19/2014 09:12:22 PM DEBUG: Data finishing 62.76% ...
11/19/2014 09:14:27 PM DEBUG: Data finishing 65.27% ...
11/19/2014 09:16:28 PM DEBUG: Data finishing 67.78% ...
11/19/2014 09:18:25 PM DEBUG: Data finishing 70.30% ...
11/19/2014 09:20:35 PM DEBUG: Data finishing 72.81% ...
11/19/2014 09:22:40 PM DEBUG: Data finishing 75.32% ...
11/19/2014 09:24:53 PM DEBUG: Data finishing 77.83% ...
11/19/2014 09:26:40 PM DEBUG: Data finishing 80.34% ...
11/19/2014 09:28:47 PM DEBUG: Data finishing 82.85% ...
11/19/2014 09:30:44 PM DEBUG: Data finishing 85.36% ...
11/19/2014 09:33:06 PM DEBUG: Data finishing 87.87% ...
11/19/2014 09:35:12 PM DEBUG: Data finishing 90.38% ...
11/19/2014 09:37:15 PM DEBUG: Data finishing 92.89% ...
11/19/2014 09:39:20 PM DEBUG: Data finishing 95.40% ...
11/19/2014 09:41:31 PM DEBUG: Data finishing 97.91% ...
11/19/2014 09:43:35 PM DEBUG: Dumping Weight Vector to /cs/natlang-projects/glm-parser/new_results/weight/OneIter3_Iter_0.db 
11/19/2014 09:43:35 PM DEBUG: Total Feature Num: 7894860 
11/19/2014 09:43:45 PM DEBUG: Loading data...
11/19/2014 09:43:45 PM DEBUG: Loading section 00 
11/19/2014 09:43:59 PM DEBUG: Loading section 01 
11/19/2014 09:44:16 PM DEBUG: Loading section 22 
11/19/2014 09:44:33 PM DEBUG: Loading section 24 
11/19/2014 09:44:44 PM DEBUG: Start evaluating ...
11/19/2014 09:44:44 PM INFO: Feature count: 7894860
11/19/2014 09:44:44 PM DEBUG: Data finishing 0.00% ...
11/19/2014 09:46:42 PM DEBUG: Data finishing 14.37% ...
11/19/2014 09:49:11 PM DEBUG: Data finishing 28.74% ...
11/19/2014 09:51:08 PM DEBUG: Data finishing 43.10% ...
11/19/2014 09:53:10 PM DEBUG: Data finishing 57.47% ...
11/19/2014 09:55:08 PM DEBUG: Data finishing 71.84% ...
11/19/2014 09:57:07 PM DEBUG: Data finishing 86.21% ...
11/19/2014 09:59:08 PM INFO: Unlabeled accuracy: 0.903007410777 (150851, 167054)
11/19/2014 09:59:08 PM INFO: Unlabeled attachment accuracy: 0.906886802211 (157811, 174014)
===============================================
Iter 4 :
11/19/2014 09:59:38 PM DEBUG: Loading Weight Vector from /cs/natlang-projects/glm-parser/new_results/weight/11-18-2014/Weight_Iter_3.db 
11/19/2014 09:59:55 PM DEBUG: Loading data...
11/19/2014 09:59:55 PM DEBUG: Loading data...
11/19/2014 09:59:55 PM DEBUG: Initialize AveragePerceptronLearner ... 
11/19/2014 09:59:55 PM DEBUG: Loading data...
11/19/2014 09:59:55 PM DEBUG: Loading section 02 
11/19/2014 10:00:07 PM DEBUG: Loading section 03 
11/19/2014 10:00:18 PM DEBUG: Loading section 04 
11/19/2014 10:00:32 PM DEBUG: Loading section 05 
11/19/2014 10:00:43 PM DEBUG: Loading section 06 
11/19/2014 10:00:54 PM DEBUG: Loading section 07 
11/19/2014 10:01:07 PM DEBUG: Loading section 08 
11/19/2014 10:01:08 PM DEBUG: Loading section 09 
11/19/2014 10:01:22 PM DEBUG: Loading section 10 
11/19/2014 10:01:30 PM DEBUG: Loading section 11 
11/19/2014 10:01:44 PM DEBUG: Loading section 12 
11/19/2014 10:01:53 PM DEBUG: Loading section 13 
11/19/2014 10:02:10 PM DEBUG: Loading section 14 
11/19/2014 10:02:19 PM DEBUG: Loading section 15 
11/19/2014 10:02:36 PM DEBUG: Loading section 16 
11/19/2014 10:02:47 PM DEBUG: Loading section 17 
11/19/2014 10:02:54 PM DEBUG: Loading section 18 
11/19/2014 10:03:14 PM DEBUG: Loading section 19 
11/19/2014 10:03:22 PM DEBUG: Loading section 20 
11/19/2014 10:03:30 PM DEBUG: Loading section 21 
11/19/2014 10:03:37 PM DEBUG: Starting sequential train ... 
11/19/2014 10:03:37 PM DEBUG: Iteration: 0
11/19/2014 10:03:37 PM DEBUG: Data size: 39832
11/19/2014 10:03:37 PM DEBUG: Data finishing 0.00% ...
11/19/2014 10:05:55 PM DEBUG: Data finishing 2.51% ...
11/19/2014 10:08:06 PM DEBUG: Data finishing 5.02% ...
11/19/2014 10:10:17 PM DEBUG: Data finishing 7.53% ...
11/19/2014 10:12:25 PM DEBUG: Data finishing 10.04% ...
11/19/2014 10:14:31 PM DEBUG: Data finishing 12.55% ...
11/19/2014 10:16:43 PM DEBUG: Data finishing 15.06% ...
11/19/2014 10:18:56 PM DEBUG: Data finishing 17.57% ...
11/19/2014 10:21:04 PM DEBUG: Data finishing 20.08% ...
11/19/2014 10:23:13 PM DEBUG: Data finishing 22.59% ...
11/19/2014 10:25:26 PM DEBUG: Data finishing 25.11% ...
11/19/2014 10:27:29 PM DEBUG: Data finishing 27.62% ...
11/19/2014 10:29:32 PM DEBUG: Data finishing 30.13% ...
11/19/2014 10:31:50 PM DEBUG: Data finishing 32.64% ...
11/19/2014 10:33:58 PM DEBUG: Data finishing 35.15% ...
11/19/2014 10:35:58 PM DEBUG: Data finishing 37.66% ...
11/19/2014 10:38:11 PM DEBUG: Data finishing 40.17% ...
11/19/2014 10:40:02 PM DEBUG: Data finishing 42.68% ...
11/19/2014 10:42:03 PM DEBUG: Data finishing 45.19% ...
11/19/2014 10:44:19 PM DEBUG: Data finishing 47.70% ...
11/19/2014 10:46:14 PM DEBUG: Data finishing 50.21% ...
11/19/2014 10:48:20 PM DEBUG: Data finishing 52.72% ...
11/19/2014 10:50:22 PM DEBUG: Data finishing 55.23% ...
11/19/2014 10:52:30 PM DEBUG: Data finishing 57.74% ...
11/19/2014 10:54:32 PM DEBUG: Data finishing 60.25% ...
11/19/2014 10:56:43 PM DEBUG: Data finishing 62.76% ...
11/19/2014 10:58:50 PM DEBUG: Data finishing 65.27% ...
11/19/2014 11:00:54 PM DEBUG: Data finishing 67.78% ...
11/19/2014 11:02:51 PM DEBUG: Data finishing 70.30% ...
11/19/2014 11:05:02 PM DEBUG: Data finishing 72.81% ...
11/19/2014 11:07:08 PM DEBUG: Data finishing 75.32% ...
11/19/2014 11:09:22 PM DEBUG: Data finishing 77.83% ...
11/19/2014 11:11:09 PM DEBUG: Data finishing 80.34% ...
11/19/2014 11:13:17 PM DEBUG: Data finishing 82.85% ...
11/19/2014 11:15:15 PM DEBUG: Data finishing 85.36% ...
11/19/2014 11:17:38 PM DEBUG: Data finishing 87.87% ...
11/19/2014 11:19:45 PM DEBUG: Data finishing 90.38% ...
11/19/2014 11:21:47 PM DEBUG: Data finishing 92.89% ...
11/19/2014 11:23:47 PM DEBUG: Data finishing 95.40% ...
11/19/2014 11:25:58 PM DEBUG: Data finishing 97.91% ...
11/19/2014 11:28:01 PM DEBUG: Dumping Weight Vector to /cs/natlang-projects/glm-parser/new_results/weight/OneIter4_Iter_0.db 
11/19/2014 11:28:01 PM DEBUG: Total Feature Num: 7775883 
11/19/2014 11:28:12 PM DEBUG: Loading data...
11/19/2014 11:28:12 PM DEBUG: Loading section 00 
11/19/2014 11:28:27 PM DEBUG: Loading section 01 
11/19/2014 11:28:45 PM DEBUG: Loading section 22 
11/19/2014 11:29:03 PM DEBUG: Loading section 24 
11/19/2014 11:29:14 PM DEBUG: Start evaluating ...
11/19/2014 11:29:14 PM INFO: Feature count: 7775883
11/19/2014 11:29:14 PM DEBUG: Data finishing 0.00% ...
11/19/2014 11:31:13 PM DEBUG: Data finishing 14.37% ...
11/19/2014 11:33:41 PM DEBUG: Data finishing 28.74% ...
11/19/2014 11:35:40 PM DEBUG: Data finishing 43.10% ...
11/19/2014 11:37:44 PM DEBUG: Data finishing 57.47% ...
11/19/2014 11:39:43 PM DEBUG: Data finishing 71.84% ...
11/19/2014 11:41:43 PM DEBUG: Data finishing 86.21% ...
11/19/2014 11:43:45 PM INFO: Unlabeled accuracy: 0.900744669388 (150473, 167054)
11/19/2014 11:43:45 PM INFO: Unlabeled attachment accuracy: 0.904714563196 (157433, 174014)
===============================================
Iter 5 :
11/19/2014 11:44:13 PM DEBUG: Loading Weight Vector from /cs/natlang-projects/glm-parser/new_results/weight/11-18-2014/Weight_Iter_4.db 
11/19/2014 11:44:29 PM DEBUG: Loading data...
11/19/2014 11:44:29 PM DEBUG: Loading data...
11/19/2014 11:44:29 PM DEBUG: Initialize AveragePerceptronLearner ... 
11/19/2014 11:44:29 PM DEBUG: Loading data...
11/19/2014 11:44:29 PM DEBUG: Loading section 02 
11/19/2014 11:44:41 PM DEBUG: Loading section 03 
11/19/2014 11:44:52 PM DEBUG: Loading section 04 
11/19/2014 11:45:05 PM DEBUG: Loading section 05 
11/19/2014 11:45:17 PM DEBUG: Loading section 06 
11/19/2014 11:45:28 PM DEBUG: Loading section 07 
11/19/2014 11:45:40 PM DEBUG: Loading section 08 
11/19/2014 11:45:42 PM DEBUG: Loading section 09 
11/19/2014 11:45:55 PM DEBUG: Loading section 10 
11/19/2014 11:46:03 PM DEBUG: Loading section 11 
11/19/2014 11:46:18 PM DEBUG: Loading section 12 
11/19/2014 11:46:26 PM DEBUG: Loading section 13 
11/19/2014 11:46:43 PM DEBUG: Loading section 14 
11/19/2014 11:46:51 PM DEBUG: Loading section 15 
11/19/2014 11:47:09 PM DEBUG: Loading section 16 
11/19/2014 11:47:20 PM DEBUG: Loading section 17 
11/19/2014 11:47:27 PM DEBUG: Loading section 18 
11/19/2014 11:47:47 PM DEBUG: Loading section 19 
11/19/2014 11:47:54 PM DEBUG: Loading section 20 
11/19/2014 11:48:02 PM DEBUG: Loading section 21 
11/19/2014 11:48:09 PM DEBUG: Starting sequential train ... 
11/19/2014 11:48:09 PM DEBUG: Iteration: 0
11/19/2014 11:48:09 PM DEBUG: Data size: 39832
11/19/2014 11:48:09 PM DEBUG: Data finishing 0.00% ...
11/19/2014 11:50:26 PM DEBUG: Data finishing 2.51% ...
11/19/2014 11:52:36 PM DEBUG: Data finishing 5.02% ...
11/19/2014 11:54:46 PM DEBUG: Data finishing 7.53% ...
11/19/2014 11:56:52 PM DEBUG: Data finishing 10.04% ...
11/19/2014 11:58:58 PM DEBUG: Data finishing 12.55% ...
11/20/2014 12:01:10 AM DEBUG: Data finishing 15.06% ...
11/20/2014 12:03:22 AM DEBUG: Data finishing 17.57% ...
11/20/2014 12:05:30 AM DEBUG: Data finishing 20.08% ...
11/20/2014 12:07:38 AM DEBUG: Data finishing 22.59% ...
11/20/2014 12:09:50 AM DEBUG: Data finishing 25.11% ...
11/20/2014 12:11:51 AM DEBUG: Data finishing 27.62% ...
11/20/2014 12:13:52 AM DEBUG: Data finishing 30.13% ...
11/20/2014 12:16:08 AM DEBUG: Data finishing 32.64% ...
11/20/2014 12:18:15 AM DEBUG: Data finishing 35.15% ...
11/20/2014 12:20:13 AM DEBUG: Data finishing 37.66% ...
11/20/2014 12:22:24 AM DEBUG: Data finishing 40.17% ...
11/20/2014 12:24:14 AM DEBUG: Data finishing 42.68% ...
11/20/2014 12:26:13 AM DEBUG: Data finishing 45.19% ...
11/20/2014 12:28:27 AM DEBUG: Data finishing 47.70% ...
11/20/2014 12:30:21 AM DEBUG: Data finishing 50.21% ...
11/20/2014 12:32:26 AM DEBUG: Data finishing 52.72% ...
11/20/2014 12:34:27 AM DEBUG: Data finishing 55.23% ...
11/20/2014 12:36:34 AM DEBUG: Data finishing 57.74% ...
11/20/2014 12:38:34 AM DEBUG: Data finishing 60.25% ...
11/20/2014 12:40:44 AM DEBUG: Data finishing 62.76% ...
11/20/2014 12:42:49 AM DEBUG: Data finishing 65.27% ...
11/20/2014 12:44:51 AM DEBUG: Data finishing 67.78% ...
11/20/2014 12:46:48 AM DEBUG: Data finishing 70.30% ...
11/20/2014 12:48:57 AM DEBUG: Data finishing 72.81% ...
11/20/2014 12:51:03 AM DEBUG: Data finishing 75.32% ...
11/20/2014 12:53:16 AM DEBUG: Data finishing 77.83% ...
11/20/2014 12:55:02 AM DEBUG: Data finishing 80.34% ...
11/20/2014 12:57:09 AM DEBUG: Data finishing 82.85% ...
11/20/2014 12:59:06 AM DEBUG: Data finishing 85.36% ...
11/20/2014 01:01:28 AM DEBUG: Data finishing 87.87% ...
11/20/2014 01:03:34 AM DEBUG: Data finishing 90.38% ...
11/20/2014 01:05:35 AM DEBUG: Data finishing 92.89% ...
11/20/2014 01:07:34 AM DEBUG: Data finishing 95.40% ...
11/20/2014 01:09:44 AM DEBUG: Data finishing 97.91% ...
11/20/2014 01:11:46 AM DEBUG: Dumping Weight Vector to /cs/natlang-projects/glm-parser/new_results/weight/OneIter5_Iter_0.db 
11/20/2014 01:11:46 AM DEBUG: Total Feature Num: 7690717 
11/20/2014 01:11:57 AM DEBUG: Loading data...
11/20/2014 01:11:57 AM DEBUG: Loading section 00 
11/20/2014 01:12:12 AM DEBUG: Loading section 01 
11/20/2014 01:12:29 AM DEBUG: Loading section 22 
11/20/2014 01:12:47 AM DEBUG: Loading section 24 
11/20/2014 01:12:58 AM DEBUG: Start evaluating ...
11/20/2014 01:12:58 AM INFO: Feature count: 7690717
11/20/2014 01:12:58 AM DEBUG: Data finishing 0.00% ...
11/20/2014 01:14:56 AM DEBUG: Data finishing 14.37% ...
11/20/2014 01:17:23 AM DEBUG: Data finishing 28.74% ...
11/20/2014 01:19:20 AM DEBUG: Data finishing 43.10% ...
11/20/2014 01:21:22 AM DEBUG: Data finishing 57.47% ...
11/20/2014 01:23:20 AM DEBUG: Data finishing 71.84% ...
11/20/2014 01:25:18 AM DEBUG: Data finishing 86.21% ...
11/20/2014 01:27:18 AM INFO: Unlabeled accuracy: 0.898260442731 (150058, 167054)
11/20/2014 01:27:18 AM INFO: Unlabeled attachment accuracy: 0.902329697611 (157018, 174014)
===============================================
Iter 6 :
11/20/2014 01:27:49 AM DEBUG: Loading Weight Vector from /cs/natlang-projects/glm-parser/new_results/weight/11-18-2014/Weight_Iter_5.db 
11/20/2014 01:28:05 AM DEBUG: Loading data...
11/20/2014 01:28:05 AM DEBUG: Loading data...
11/20/2014 01:28:05 AM DEBUG: Initialize AveragePerceptronLearner ... 
11/20/2014 01:28:05 AM DEBUG: Loading data...
11/20/2014 01:28:05 AM DEBUG: Loading section 02 
11/20/2014 01:28:17 AM DEBUG: Loading section 03 
11/20/2014 01:28:28 AM DEBUG: Loading section 04 
11/20/2014 01:28:42 AM DEBUG: Loading section 05 
11/20/2014 01:28:53 AM DEBUG: Loading section 06 
11/20/2014 01:29:03 AM DEBUG: Loading section 07 
11/20/2014 01:29:16 AM DEBUG: Loading section 08 
11/20/2014 01:29:18 AM DEBUG: Loading section 09 
11/20/2014 01:29:31 AM DEBUG: Loading section 10 
11/20/2014 01:29:38 AM DEBUG: Loading section 11 
11/20/2014 01:29:53 AM DEBUG: Loading section 12 
11/20/2014 01:30:01 AM DEBUG: Loading section 13 
11/20/2014 01:30:18 AM DEBUG: Loading section 14 
11/20/2014 01:30:27 AM DEBUG: Loading section 15 
11/20/2014 01:30:44 AM DEBUG: Loading section 16 
11/20/2014 01:30:55 AM DEBUG: Loading section 17 
11/20/2014 01:31:02 AM DEBUG: Loading section 18 
11/20/2014 01:31:21 AM DEBUG: Loading section 19 
11/20/2014 01:31:29 AM DEBUG: Loading section 20 
11/20/2014 01:31:37 AM DEBUG: Loading section 21 
11/20/2014 01:31:43 AM DEBUG: Starting sequential train ... 
11/20/2014 01:31:43 AM DEBUG: Iteration: 0
11/20/2014 01:31:43 AM DEBUG: Data size: 39832
11/20/2014 01:31:43 AM DEBUG: Data finishing 0.00% ...
11/20/2014 01:33:59 AM DEBUG: Data finishing 2.51% ...
11/20/2014 01:36:08 AM DEBUG: Data finishing 5.02% ...
11/20/2014 01:38:16 AM DEBUG: Data finishing 7.53% ...
11/20/2014 01:40:22 AM DEBUG: Data finishing 10.04% ...
11/20/2014 01:42:26 AM DEBUG: Data finishing 12.55% ...
11/20/2014 01:44:37 AM DEBUG: Data finishing 15.06% ...
11/20/2014 01:46:49 AM DEBUG: Data finishing 17.57% ...
11/20/2014 01:48:56 AM DEBUG: Data finishing 20.08% ...
11/20/2014 01:51:03 AM DEBUG: Data finishing 22.59% ...
11/20/2014 01:53:14 AM DEBUG: Data finishing 25.11% ...
11/20/2014 01:55:15 AM DEBUG: Data finishing 27.62% ...
11/20/2014 01:57:16 AM DEBUG: Data finishing 30.13% ...
11/20/2014 01:59:32 AM DEBUG: Data finishing 32.64% ...
11/20/2014 02:01:39 AM DEBUG: Data finishing 35.15% ...
11/20/2014 02:03:36 AM DEBUG: Data finishing 37.66% ...
11/20/2014 02:05:47 AM DEBUG: Data finishing 40.17% ...
11/20/2014 02:07:37 AM DEBUG: Data finishing 42.68% ...
11/20/2014 02:09:36 AM DEBUG: Data finishing 45.19% ...
11/20/2014 02:11:50 AM DEBUG: Data finishing 47.70% ...
11/20/2014 02:13:44 AM DEBUG: Data finishing 50.21% ...
11/20/2014 02:15:49 AM DEBUG: Data finishing 52.72% ...
11/20/2014 02:17:50 AM DEBUG: Data finishing 55.23% ...
11/20/2014 02:19:56 AM DEBUG: Data finishing 57.74% ...
11/20/2014 02:21:56 AM DEBUG: Data finishing 60.25% ...
11/20/2014 02:24:06 AM DEBUG: Data finishing 62.76% ...
11/20/2014 02:26:11 AM DEBUG: Data finishing 65.27% ...
11/20/2014 02:28:13 AM DEBUG: Data finishing 67.78% ...
11/20/2014 02:30:10 AM DEBUG: Data finishing 70.30% ...
11/20/2014 02:32:20 AM DEBUG: Data finishing 72.81% ...
11/20/2014 02:34:25 AM DEBUG: Data finishing 75.32% ...
11/20/2014 02:36:38 AM DEBUG: Data finishing 77.83% ...
11/20/2014 02:38:25 AM DEBUG: Data finishing 80.34% ...
11/20/2014 02:40:32 AM DEBUG: Data finishing 82.85% ...
11/20/2014 02:42:29 AM DEBUG: Data finishing 85.36% ...
11/20/2014 02:44:51 AM DEBUG: Data finishing 87.87% ...
11/20/2014 02:46:57 AM DEBUG: Data finishing 90.38% ...
11/20/2014 02:48:59 AM DEBUG: Data finishing 92.89% ...
11/20/2014 02:50:58 AM DEBUG: Data finishing 95.40% ...
11/20/2014 02:53:08 AM DEBUG: Data finishing 97.91% ...
11/20/2014 02:55:09 AM DEBUG: Dumping Weight Vector to /cs/natlang-projects/glm-parser/new_results/weight/OneIter6_Iter_0.db 
11/20/2014 02:55:09 AM DEBUG: Total Feature Num: 7631799 
11/20/2014 02:55:20 AM DEBUG: Loading data...
11/20/2014 02:55:21 AM DEBUG: Loading section 00 
11/20/2014 02:55:35 AM DEBUG: Loading section 01 
11/20/2014 02:55:52 AM DEBUG: Loading section 22 
11/20/2014 02:56:10 AM DEBUG: Loading section 24 
11/20/2014 02:56:21 AM DEBUG: Start evaluating ...
11/20/2014 02:56:21 AM INFO: Feature count: 7631799
11/20/2014 02:56:21 AM DEBUG: Data finishing 0.00% ...
11/20/2014 02:58:18 AM DEBUG: Data finishing 14.37% ...
11/20/2014 03:00:42 AM DEBUG: Data finishing 28.74% ...
11/20/2014 03:02:38 AM DEBUG: Data finishing 43.10% ...
11/20/2014 03:04:38 AM DEBUG: Data finishing 57.47% ...
11/20/2014 03:06:35 AM DEBUG: Data finishing 71.84% ...
11/20/2014 03:08:32 AM DEBUG: Data finishing 86.21% ...
11/20/2014 03:10:31 AM INFO: Unlabeled accuracy: 0.893597279921 (149279, 167054)
11/20/2014 03:10:31 AM INFO: Unlabeled attachment accuracy: 0.897853046307 (156239, 174014)
===============================================
Iter 7 :
11/20/2014 03:10:59 AM DEBUG: Loading Weight Vector from /cs/natlang-projects/glm-parser/new_results/weight/11-18-2014/Weight_Iter_6.db 
11/20/2014 03:11:14 AM DEBUG: Loading data...
11/20/2014 03:11:14 AM DEBUG: Loading data...
11/20/2014 03:11:14 AM DEBUG: Initialize AveragePerceptronLearner ... 
11/20/2014 03:11:14 AM DEBUG: Loading data...
11/20/2014 03:11:14 AM DEBUG: Loading section 02 
11/20/2014 03:11:26 AM DEBUG: Loading section 03 
11/20/2014 03:11:37 AM DEBUG: Loading section 04 
11/20/2014 03:11:51 AM DEBUG: Loading section 05 
11/20/2014 03:12:03 AM DEBUG: Loading section 06 
11/20/2014 03:12:13 AM DEBUG: Loading section 07 
11/20/2014 03:12:26 AM DEBUG: Loading section 08 
11/20/2014 03:12:28 AM DEBUG: Loading section 09 
11/20/2014 03:12:41 AM DEBUG: Loading section 10 
11/20/2014 03:12:49 AM DEBUG: Loading section 11 
11/20/2014 03:13:04 AM DEBUG: Loading section 12 
11/20/2014 03:13:12 AM DEBUG: Loading section 13 
11/20/2014 03:13:29 AM DEBUG: Loading section 14 
11/20/2014 03:13:38 AM DEBUG: Loading section 15 
11/20/2014 03:13:56 AM DEBUG: Loading section 16 
11/20/2014 03:14:07 AM DEBUG: Loading section 17 
11/20/2014 03:14:14 AM DEBUG: Loading section 18 
11/20/2014 03:14:34 AM DEBUG: Loading section 19 
11/20/2014 03:14:42 AM DEBUG: Loading section 20 
11/20/2014 03:14:50 AM DEBUG: Loading section 21 
11/20/2014 03:14:57 AM DEBUG: Starting sequential train ... 
11/20/2014 03:14:57 AM DEBUG: Iteration: 0
11/20/2014 03:14:57 AM DEBUG: Data size: 39832
11/20/2014 03:14:57 AM DEBUG: Data finishing 0.00% ...
11/20/2014 03:17:14 AM DEBUG: Data finishing 2.51% ...
11/20/2014 03:19:24 AM DEBUG: Data finishing 5.02% ...
11/20/2014 03:21:37 AM DEBUG: Data finishing 7.53% ...
11/20/2014 03:23:45 AM DEBUG: Data finishing 10.04% ...
11/20/2014 03:25:51 AM DEBUG: Data finishing 12.55% ...
11/20/2014 03:28:04 AM DEBUG: Data finishing 15.06% ...
11/20/2014 03:30:16 AM DEBUG: Data finishing 17.57% ...
11/20/2014 03:32:25 AM DEBUG: Data finishing 20.08% ...
11/20/2014 03:34:34 AM DEBUG: Data finishing 22.59% ...
11/20/2014 03:36:45 AM DEBUG: Data finishing 25.11% ...
11/20/2014 03:38:47 AM DEBUG: Data finishing 27.62% ...
11/20/2014 03:40:48 AM DEBUG: Data finishing 30.13% ...
11/20/2014 03:43:04 AM DEBUG: Data finishing 32.64% ...
11/20/2014 03:45:11 AM DEBUG: Data finishing 35.15% ...
11/20/2014 03:47:08 AM DEBUG: Data finishing 37.66% ...
11/20/2014 03:49:19 AM DEBUG: Data finishing 40.17% ...
11/20/2014 03:51:09 AM DEBUG: Data finishing 42.68% ...
11/20/2014 03:53:08 AM DEBUG: Data finishing 45.19% ...
11/20/2014 03:55:21 AM DEBUG: Data finishing 47.70% ...
11/20/2014 03:57:15 AM DEBUG: Data finishing 50.21% ...
11/20/2014 03:59:19 AM DEBUG: Data finishing 52.72% ...
11/20/2014 04:01:19 AM DEBUG: Data finishing 55.23% ...
11/20/2014 04:03:26 AM DEBUG: Data finishing 57.74% ...
11/20/2014 04:05:26 AM DEBUG: Data finishing 60.25% ...
11/20/2014 04:07:34 AM DEBUG: Data finishing 62.76% ...
11/20/2014 04:09:40 AM DEBUG: Data finishing 65.27% ...
11/20/2014 04:11:41 AM DEBUG: Data finishing 67.78% ...
11/20/2014 04:13:38 AM DEBUG: Data finishing 70.30% ...
11/20/2014 04:15:47 AM DEBUG: Data finishing 72.81% ...
11/20/2014 04:17:53 AM DEBUG: Data finishing 75.32% ...
11/20/2014 04:20:05 AM DEBUG: Data finishing 77.83% ...
11/20/2014 04:21:52 AM DEBUG: Data finishing 80.34% ...
11/20/2014 04:23:58 AM DEBUG: Data finishing 82.85% ...
11/20/2014 04:25:55 AM DEBUG: Data finishing 85.36% ...
11/20/2014 04:28:17 AM DEBUG: Data finishing 87.87% ...
11/20/2014 04:30:22 AM DEBUG: Data finishing 90.38% ...
11/20/2014 04:32:23 AM DEBUG: Data finishing 92.89% ...
11/20/2014 04:34:22 AM DEBUG: Data finishing 95.40% ...
11/20/2014 04:36:32 AM DEBUG: Data finishing 97.91% ...
11/20/2014 04:38:34 AM DEBUG: Dumping Weight Vector to /cs/natlang-projects/glm-parser/new_results/weight/OneIter7_Iter_0.db 
11/20/2014 04:38:34 AM DEBUG: Total Feature Num: 7587737 
11/20/2014 04:38:45 AM DEBUG: Loading data...
11/20/2014 04:38:46 AM DEBUG: Loading section 00 
11/20/2014 04:39:00 AM DEBUG: Loading section 01 
11/20/2014 04:39:17 AM DEBUG: Loading section 22 
11/20/2014 04:39:35 AM DEBUG: Loading section 24 
11/20/2014 04:39:46 AM DEBUG: Start evaluating ...
11/20/2014 04:39:46 AM INFO: Feature count: 7587737
11/20/2014 04:39:46 AM DEBUG: Data finishing 0.00% ...
11/20/2014 04:41:44 AM DEBUG: Data finishing 14.37% ...
11/20/2014 04:44:11 AM DEBUG: Data finishing 28.74% ...
11/20/2014 04:46:10 AM DEBUG: Data finishing 43.10% ...
11/20/2014 04:48:13 AM DEBUG: Data finishing 57.47% ...
11/20/2014 04:50:11 AM DEBUG: Data finishing 71.84% ...
11/20/2014 04:52:11 AM DEBUG: Data finishing 86.21% ...
11/20/2014 04:54:13 AM INFO: Unlabeled accuracy: 0.899804853520 (150316, 167054)
11/20/2014 04:54:13 AM INFO: Unlabeled attachment accuracy: 0.903812336938 (157276, 174014)
===============================================
Iter 8 :
11/20/2014 04:54:43 AM DEBUG: Loading Weight Vector from /cs/natlang-projects/glm-parser/new_results/weight/11-18-2014/Weight_Iter_7.db 
11/20/2014 04:54:59 AM DEBUG: Loading data...
11/20/2014 04:54:59 AM DEBUG: Loading data...
11/20/2014 04:54:59 AM DEBUG: Initialize AveragePerceptronLearner ... 
11/20/2014 04:54:59 AM DEBUG: Loading data...
11/20/2014 04:54:59 AM DEBUG: Loading section 02 
11/20/2014 04:55:11 AM DEBUG: Loading section 03 
11/20/2014 04:55:22 AM DEBUG: Loading section 04 
11/20/2014 04:55:36 AM DEBUG: Loading section 05 
11/20/2014 04:55:47 AM DEBUG: Loading section 06 
11/20/2014 04:55:58 AM DEBUG: Loading section 07 
11/20/2014 04:56:11 AM DEBUG: Loading section 08 
11/20/2014 04:56:13 AM DEBUG: Loading section 09 
11/20/2014 04:56:26 AM DEBUG: Loading section 10 
11/20/2014 04:56:34 AM DEBUG: Loading section 11 
11/20/2014 04:56:49 AM DEBUG: Loading section 12 
11/20/2014 04:56:57 AM DEBUG: Loading section 13 
11/20/2014 04:57:14 AM DEBUG: Loading section 14 
11/20/2014 04:57:23 AM DEBUG: Loading section 15 
11/20/2014 04:57:41 AM DEBUG: Loading section 16 
11/20/2014 04:57:52 AM DEBUG: Loading section 17 
11/20/2014 04:57:59 AM DEBUG: Loading section 18 
11/20/2014 04:58:19 AM DEBUG: Loading section 19 
11/20/2014 04:58:27 AM DEBUG: Loading section 20 
11/20/2014 04:58:35 AM DEBUG: Loading section 21 
11/20/2014 04:58:42 AM DEBUG: Starting sequential train ... 
11/20/2014 04:58:42 AM DEBUG: Iteration: 0
11/20/2014 04:58:42 AM DEBUG: Data size: 39832
11/20/2014 04:58:42 AM DEBUG: Data finishing 0.00% ...
11/20/2014 05:01:00 AM DEBUG: Data finishing 2.51% ...
11/20/2014 05:03:11 AM DEBUG: Data finishing 5.02% ...
11/20/2014 05:05:22 AM DEBUG: Data finishing 7.53% ...
11/20/2014 05:07:30 AM DEBUG: Data finishing 10.04% ...
11/20/2014 05:09:36 AM DEBUG: Data finishing 12.55% ...
11/20/2014 05:11:49 AM DEBUG: Data finishing 15.06% ...
11/20/2014 05:14:01 AM DEBUG: Data finishing 17.57% ...
11/20/2014 05:16:10 AM DEBUG: Data finishing 20.08% ...
11/20/2014 05:18:19 AM DEBUG: Data finishing 22.59% ...
11/20/2014 05:20:32 AM DEBUG: Data finishing 25.11% ...
11/20/2014 05:22:34 AM DEBUG: Data finishing 27.62% ...
11/20/2014 05:24:37 AM DEBUG: Data finishing 30.13% ...
11/20/2014 05:26:55 AM DEBUG: Data finishing 32.64% ...
11/20/2014 05:29:03 AM DEBUG: Data finishing 35.15% ...
11/20/2014 05:31:02 AM DEBUG: Data finishing 37.66% ...
11/20/2014 05:33:15 AM DEBUG: Data finishing 40.17% ...
11/20/2014 05:35:07 AM DEBUG: Data finishing 42.68% ...
11/20/2014 05:37:07 AM DEBUG: Data finishing 45.19% ...
11/20/2014 05:39:23 AM DEBUG: Data finishing 47.70% ...
11/20/2014 05:41:18 AM DEBUG: Data finishing 50.21% ...
11/20/2014 05:43:24 AM DEBUG: Data finishing 52.72% ...
11/20/2014 05:45:27 AM DEBUG: Data finishing 55.23% ...
11/20/2014 05:47:36 AM DEBUG: Data finishing 57.74% ...
11/20/2014 05:49:37 AM DEBUG: Data finishing 60.25% ...
11/20/2014 05:51:48 AM DEBUG: Data finishing 62.76% ...
11/20/2014 05:53:55 AM DEBUG: Data finishing 65.27% ...
11/20/2014 05:55:58 AM DEBUG: Data finishing 67.78% ...
11/20/2014 05:57:56 AM DEBUG: Data finishing 70.30% ...
11/20/2014 06:00:07 AM DEBUG: Data finishing 72.81% ...
11/20/2014 06:02:13 AM DEBUG: Data finishing 75.32% ...
11/20/2014 06:04:27 AM DEBUG: Data finishing 77.83% ...
11/20/2014 06:06:15 AM DEBUG: Data finishing 80.34% ...
11/20/2014 06:08:23 AM DEBUG: Data finishing 82.85% ...
11/20/2014 06:10:21 AM DEBUG: Data finishing 85.36% ...
11/20/2014 06:12:44 AM DEBUG: Data finishing 87.87% ...
11/20/2014 06:14:51 AM DEBUG: Data finishing 90.38% ...
11/20/2014 06:16:53 AM DEBUG: Data finishing 92.89% ...
11/20/2014 06:18:53 AM DEBUG: Data finishing 95.40% ...
11/20/2014 06:21:04 AM DEBUG: Data finishing 97.91% ...
11/20/2014 06:23:08 AM DEBUG: Dumping Weight Vector to /cs/natlang-projects/glm-parser/new_results/weight/OneIter8_Iter_0.db 
11/20/2014 06:23:08 AM DEBUG: Total Feature Num: 7561910 
11/20/2014 06:23:17 AM DEBUG: Loading data...
11/20/2014 06:23:18 AM DEBUG: Loading section 00 
11/20/2014 06:23:32 AM DEBUG: Loading section 01 
11/20/2014 06:23:48 AM DEBUG: Loading section 22 
11/20/2014 06:24:05 AM DEBUG: Loading section 24 
11/20/2014 06:24:16 AM DEBUG: Start evaluating ...
11/20/2014 06:24:16 AM INFO: Feature count: 7561910
11/20/2014 06:24:16 AM DEBUG: Data finishing 0.00% ...
11/20/2014 06:26:14 AM DEBUG: Data finishing 14.37% ...
11/20/2014 06:28:42 AM DEBUG: Data finishing 28.74% ...
11/20/2014 06:30:41 AM DEBUG: Data finishing 43.10% ...
11/20/2014 06:32:43 AM DEBUG: Data finishing 57.47% ...
11/20/2014 06:34:43 AM DEBUG: Data finishing 71.84% ...
11/20/2014 06:36:42 AM DEBUG: Data finishing 86.21% ...
11/20/2014 06:38:43 AM INFO: Unlabeled accuracy: 0.897601973015 (149948, 167054)
11/20/2014 06:38:43 AM INFO: Unlabeled attachment accuracy: 0.901697564564 (156908, 174014)
===============================================
Iter 9 :
11/20/2014 06:39:15 AM DEBUG: Loading Weight Vector from /cs/natlang-projects/glm-parser/new_results/weight/11-18-2014/Weight_Iter_8.db 
11/20/2014 06:39:31 AM DEBUG: Loading data...
11/20/2014 06:39:31 AM DEBUG: Loading data...
11/20/2014 06:39:31 AM DEBUG: Initialize AveragePerceptronLearner ... 
11/20/2014 06:39:31 AM DEBUG: Loading data...
11/20/2014 06:39:31 AM DEBUG: Loading section 02 
11/20/2014 06:39:43 AM DEBUG: Loading section 03 
11/20/2014 06:39:54 AM DEBUG: Loading section 04 
11/20/2014 06:40:08 AM DEBUG: Loading section 05 
11/20/2014 06:40:20 AM DEBUG: Loading section 06 
11/20/2014 06:40:30 AM DEBUG: Loading section 07 
11/20/2014 06:40:43 AM DEBUG: Loading section 08 
11/20/2014 06:40:45 AM DEBUG: Loading section 09 
11/20/2014 06:40:58 AM DEBUG: Loading section 10 
11/20/2014 06:41:06 AM DEBUG: Loading section 11 
11/20/2014 06:41:21 AM DEBUG: Loading section 12 
11/20/2014 06:41:29 AM DEBUG: Loading section 13 
11/20/2014 06:41:46 AM DEBUG: Loading section 14 
11/20/2014 06:41:55 AM DEBUG: Loading section 15 
11/20/2014 06:42:12 AM DEBUG: Loading section 16 
11/20/2014 06:42:24 AM DEBUG: Loading section 17 
11/20/2014 06:42:30 AM DEBUG: Loading section 18 
11/20/2014 06:42:51 AM DEBUG: Loading section 19 
11/20/2014 06:42:58 AM DEBUG: Loading section 20 
11/20/2014 06:43:06 AM DEBUG: Loading section 21 
11/20/2014 06:43:13 AM DEBUG: Starting sequential train ... 
11/20/2014 06:43:13 AM DEBUG: Iteration: 0
11/20/2014 06:43:13 AM DEBUG: Data size: 39832
11/20/2014 06:43:13 AM DEBUG: Data finishing 0.00% ...
11/20/2014 06:45:30 AM DEBUG: Data finishing 2.51% ...
11/20/2014 06:47:40 AM DEBUG: Data finishing 5.02% ...
11/20/2014 06:49:50 AM DEBUG: Data finishing 7.53% ...
11/20/2014 06:51:56 AM DEBUG: Data finishing 10.04% ...
11/20/2014 06:54:01 AM DEBUG: Data finishing 12.55% ...
11/20/2014 06:56:13 AM DEBUG: Data finishing 15.06% ...
11/20/2014 06:58:24 AM DEBUG: Data finishing 17.57% ...
11/20/2014 07:00:32 AM DEBUG: Data finishing 20.08% ...
11/20/2014 07:02:39 AM DEBUG: Data finishing 22.59% ...
11/20/2014 07:04:51 AM DEBUG: Data finishing 25.11% ...
11/20/2014 07:06:52 AM DEBUG: Data finishing 27.62% ...
11/20/2014 07:08:53 AM DEBUG: Data finishing 30.13% ...
11/20/2014 07:11:10 AM DEBUG: Data finishing 32.64% ...
11/20/2014 07:13:16 AM DEBUG: Data finishing 35.15% ...
11/20/2014 07:15:14 AM DEBUG: Data finishing 37.66% ...
11/20/2014 07:17:26 AM DEBUG: Data finishing 40.17% ...
11/20/2014 07:19:16 AM DEBUG: Data finishing 42.68% ...
11/20/2014 07:21:15 AM DEBUG: Data finishing 45.19% ...
11/20/2014 07:23:29 AM DEBUG: Data finishing 47.70% ...
11/20/2014 07:25:24 AM DEBUG: Data finishing 50.21% ...
11/20/2014 07:27:28 AM DEBUG: Data finishing 52.72% ...
11/20/2014 07:29:29 AM DEBUG: Data finishing 55.23% ...
11/20/2014 07:31:36 AM DEBUG: Data finishing 57.74% ...
11/20/2014 07:33:37 AM DEBUG: Data finishing 60.25% ...
11/20/2014 07:35:46 AM DEBUG: Data finishing 62.76% ...
11/20/2014 07:37:52 AM DEBUG: Data finishing 65.27% ...
11/20/2014 07:39:54 AM DEBUG: Data finishing 67.78% ...
11/20/2014 07:41:51 AM DEBUG: Data finishing 70.30% ...
11/20/2014 07:44:01 AM DEBUG: Data finishing 72.81% ...
11/20/2014 07:46:07 AM DEBUG: Data finishing 75.32% ...
11/20/2014 07:48:20 AM DEBUG: Data finishing 77.83% ...
11/20/2014 07:50:07 AM DEBUG: Data finishing 80.34% ...
11/20/2014 07:52:14 AM DEBUG: Data finishing 82.85% ...
11/20/2014 07:54:11 AM DEBUG: Data finishing 85.36% ...
11/20/2014 07:56:34 AM DEBUG: Data finishing 87.87% ...
11/20/2014 07:58:40 AM DEBUG: Data finishing 90.38% ...
11/20/2014 08:00:42 AM DEBUG: Data finishing 92.89% ...
11/20/2014 08:02:41 AM DEBUG: Data finishing 95.40% ...
11/20/2014 08:04:54 AM DEBUG: Data finishing 97.91% ...
11/20/2014 08:07:07 AM DEBUG: Dumping Weight Vector to /cs/natlang-projects/glm-parser/new_results/weight/OneIter9_Iter_0.db 
11/20/2014 08:07:07 AM DEBUG: Total Feature Num: 7539642 
11/20/2014 08:07:18 AM DEBUG: Loading data...
11/20/2014 08:07:19 AM DEBUG: Loading section 00 
11/20/2014 08:07:33 AM DEBUG: Loading section 01 
11/20/2014 08:07:52 AM DEBUG: Loading section 22 
11/20/2014 08:08:12 AM DEBUG: Loading section 24 
11/20/2014 08:08:24 AM DEBUG: Start evaluating ...
11/20/2014 08:08:24 AM INFO: Feature count: 7539642
11/20/2014 08:08:24 AM DEBUG: Data finishing 0.00% ...
11/20/2014 08:10:26 AM DEBUG: Data finishing 14.37% ...
11/20/2014 08:12:56 AM DEBUG: Data finishing 28.74% ...
11/20/2014 08:14:56 AM DEBUG: Data finishing 43.10% ...
11/20/2014 08:17:01 AM DEBUG: Data finishing 57.47% ...
11/20/2014 08:19:03 AM DEBUG: Data finishing 71.84% ...
11/20/2014 08:21:04 AM DEBUG: Data finishing 86.21% ...
11/20/2014 08:23:08 AM INFO: Unlabeled accuracy: 0.893459599890 (149256, 167054)
11/20/2014 08:23:08 AM INFO: Unlabeled attachment accuracy: 0.897720873033 (156216, 174014)
===============================================
Iter 10 :
11/20/2014 08:23:38 AM DEBUG: Loading Weight Vector from /cs/natlang-projects/glm-parser/new_results/weight/11-18-2014/Weight_Iter_9.db 
11/20/2014 08:23:54 AM DEBUG: Loading data...
11/20/2014 08:23:54 AM DEBUG: Loading data...
11/20/2014 08:23:54 AM DEBUG: Initialize AveragePerceptronLearner ... 
11/20/2014 08:23:54 AM DEBUG: Loading data...
11/20/2014 08:23:54 AM DEBUG: Loading section 02 
11/20/2014 08:24:07 AM DEBUG: Loading section 03 
11/20/2014 08:24:18 AM DEBUG: Loading section 04 
11/20/2014 08:24:31 AM DEBUG: Loading section 05 
11/20/2014 08:24:43 AM DEBUG: Loading section 06 
11/20/2014 08:24:54 AM DEBUG: Loading section 07 
11/20/2014 08:25:06 AM DEBUG: Loading section 08 
11/20/2014 08:25:08 AM DEBUG: Loading section 09 
11/20/2014 08:25:22 AM DEBUG: Loading section 10 
11/20/2014 08:25:29 AM DEBUG: Loading section 11 
11/20/2014 08:25:44 AM DEBUG: Loading section 12 
11/20/2014 08:25:52 AM DEBUG: Loading section 13 
11/20/2014 08:26:09 AM DEBUG: Loading section 14 
11/20/2014 08:26:18 AM DEBUG: Loading section 15 
11/20/2014 08:26:35 AM DEBUG: Loading section 16 
11/20/2014 08:26:47 AM DEBUG: Loading section 17 
11/20/2014 08:26:54 AM DEBUG: Loading section 18 
11/20/2014 08:27:14 AM DEBUG: Loading section 19 
11/20/2014 08:27:21 AM DEBUG: Loading section 20 
11/20/2014 08:27:29 AM DEBUG: Loading section 21 
11/20/2014 08:27:36 AM DEBUG: Starting sequential train ... 
11/20/2014 08:27:36 AM DEBUG: Iteration: 0
11/20/2014 08:27:36 AM DEBUG: Data size: 39832
11/20/2014 08:27:36 AM DEBUG: Data finishing 0.00% ...
11/20/2014 08:29:53 AM DEBUG: Data finishing 2.51% ...
11/20/2014 08:32:03 AM DEBUG: Data finishing 5.02% ...
11/20/2014 08:34:13 AM DEBUG: Data finishing 7.53% ...
11/20/2014 08:36:20 AM DEBUG: Data finishing 10.04% ...
11/20/2014 08:38:25 AM DEBUG: Data finishing 12.55% ...
11/20/2014 08:40:36 AM DEBUG: Data finishing 15.06% ...
11/20/2014 08:42:48 AM DEBUG: Data finishing 17.57% ...
11/20/2014 08:44:55 AM DEBUG: Data finishing 20.08% ...
11/20/2014 08:47:03 AM DEBUG: Data finishing 22.59% ...
11/20/2014 08:49:15 AM DEBUG: Data finishing 25.11% ...
11/20/2014 08:51:16 AM DEBUG: Data finishing 27.62% ...
11/20/2014 08:53:17 AM DEBUG: Data finishing 30.13% ...
11/20/2014 08:55:34 AM DEBUG: Data finishing 32.64% ...
11/20/2014 08:57:41 AM DEBUG: Data finishing 35.15% ...
11/20/2014 08:59:39 AM DEBUG: Data finishing 37.66% ...
11/20/2014 09:01:51 AM DEBUG: Data finishing 40.17% ...
11/20/2014 09:03:41 AM DEBUG: Data finishing 42.68% ...
11/20/2014 09:05:40 AM DEBUG: Data finishing 45.19% ...
11/20/2014 09:07:54 AM DEBUG: Data finishing 47.70% ...
11/20/2014 09:09:49 AM DEBUG: Data finishing 50.21% ...
11/20/2014 09:11:53 AM DEBUG: Data finishing 52.72% ...
11/20/2014 09:13:55 AM DEBUG: Data finishing 55.23% ...
11/20/2014 09:16:02 AM DEBUG: Data finishing 57.74% ...
11/20/2014 09:18:02 AM DEBUG: Data finishing 60.25% ...
11/20/2014 09:20:12 AM DEBUG: Data finishing 62.76% ...
11/20/2014 09:22:18 AM DEBUG: Data finishing 65.27% ...
11/20/2014 09:24:20 AM DEBUG: Data finishing 67.78% ...
11/20/2014 09:26:17 AM DEBUG: Data finishing 70.30% ...
11/20/2014 09:28:27 AM DEBUG: Data finishing 72.81% ...
11/20/2014 09:30:33 AM DEBUG: Data finishing 75.32% ...
11/20/2014 09:32:46 AM DEBUG: Data finishing 77.83% ...
11/20/2014 09:34:33 AM DEBUG: Data finishing 80.34% ...
11/20/2014 09:36:40 AM DEBUG: Data finishing 82.85% ...
11/20/2014 09:38:37 AM DEBUG: Data finishing 85.36% ...
11/20/2014 09:41:00 AM DEBUG: Data finishing 87.87% ...
11/20/2014 09:43:06 AM DEBUG: Data finishing 90.38% ...
11/20/2014 09:45:07 AM DEBUG: Data finishing 92.89% ...
11/20/2014 09:47:06 AM DEBUG: Data finishing 95.40% ...
11/20/2014 09:49:16 AM DEBUG: Data finishing 97.91% ...
11/20/2014 09:51:17 AM DEBUG: Dumping Weight Vector to /cs/natlang-projects/glm-parser/new_results/weight/OneIter10_Iter_0.db 
11/20/2014 09:51:17 AM DEBUG: Total Feature Num: 7525153 
11/20/2014 09:51:28 AM DEBUG: Loading data...
11/20/2014 09:51:29 AM DEBUG: Loading section 00 
11/20/2014 09:51:43 AM DEBUG: Loading section 01 
11/20/2014 09:52:00 AM DEBUG: Loading section 22 
11/20/2014 09:52:18 AM DEBUG: Loading section 24 
11/20/2014 09:52:29 AM DEBUG: Start evaluating ...
11/20/2014 09:52:29 AM INFO: Feature count: 7525153
11/20/2014 09:52:29 AM DEBUG: Data finishing 0.00% ...
11/20/2014 09:54:26 AM DEBUG: Data finishing 14.37% ...
11/20/2014 09:56:53 AM DEBUG: Data finishing 28.74% ...
11/20/2014 09:58:50 AM DEBUG: Data finishing 43.10% ...
11/20/2014 10:00:52 AM DEBUG: Data finishing 57.47% ...
11/20/2014 10:02:51 AM DEBUG: Data finishing 71.84% ...
11/20/2014 10:04:49 AM DEBUG: Data finishing 86.21% ...
11/20/2014 10:06:49 AM INFO: Unlabeled accuracy: 0.897063225065 (149858, 167054)
11/20/2014 10:06:49 AM INFO: Unlabeled attachment accuracy: 0.901180364798 (156818, 174014)
