06/08/2016 09:53:35 AM DEBUG: Initialize AveragePerceptronLearner ...
06/08/2016 09:53:40 AM DEBUG: Initialize ParallelPerceptronLearner ...
06/08/2016 09:53:43 AM DEBUG: Start evaluating ...
06/08/2016 09:53:43 AM INFO: Training time usage(seconds): 7.526403
06/08/2016 09:53:43 AM INFO: Feature count: 0
06/08/2016 09:56:21 AM DEBUG: Initialize AveragePerceptronLearner ...
06/08/2016 09:56:21 AM DEBUG: Starting sequential train ...
06/08/2016 09:56:21 AM DEBUG: Iteration: 0
06/08/2016 09:56:21 AM DEBUG: Data size: 0
06/08/2016 09:56:21 AM DEBUG: Iteration: 1
06/08/2016 09:56:21 AM DEBUG: Data size: 0
06/08/2016 09:56:21 AM DEBUG: Iteration: 2
06/08/2016 09:56:21 AM DEBUG: Data size: 0
06/08/2016 09:56:21 AM DEBUG: Iteration: 3
06/08/2016 09:56:21 AM DEBUG: Data size: 0
06/08/2016 09:56:21 AM DEBUG: Iteration: 4
06/08/2016 09:56:21 AM DEBUG: Data size: 0
06/08/2016 09:56:21 AM DEBUG: Start evaluating ...
06/08/2016 09:56:21 AM INFO: Training time usage(seconds): 0.001799
06/08/2016 09:56:21 AM INFO: Feature count: 0
06/08/2016 10:00:10 AM DEBUG: Initialize AveragePerceptronLearner ...
06/08/2016 10:00:24 AM DEBUG: Starting sequential train ...
06/08/2016 10:00:24 AM DEBUG: Iteration: 0
06/08/2016 10:00:24 AM DEBUG: Data size: 5938
06/08/2016 10:02:55 AM DEBUG: Initialize AveragePerceptronLearner ...
06/08/2016 10:02:58 AM DEBUG: Initialize ParallelPerceptronLearner ...
06/08/2016 10:36:22 AM DEBUG: Start evaluating ...
06/08/2016 10:43:43 AM INFO: Training time usage(seconds): 2007.416834
06/08/2016 10:43:43 AM INFO: Feature count: 2247516
06/08/2016 10:43:43 AM INFO: Unlabeled accuracy: 0.842076460011 (75397, 89537)
06/08/2016 10:43:43 AM INFO: Unlabeled attachment accuracy: 0.848444249135 (79159, 93299)