11/24/2014 12:32:29 PM DEBUG: Loading data...
11/24/2014 12:32:29 PM DEBUG: Loading data...
11/24/2014 12:32:29 PM DEBUG: Initialize AveragePerceptronLearner ... 
11/24/2014 12:32:29 PM DEBUG: Loading data...
11/24/2014 12:32:29 PM DEBUG: Loading section 02 
11/24/2014 12:32:37 PM DEBUG: Loading section 03 
11/24/2014 12:32:45 PM DEBUG: Loading section 04 
11/24/2014 12:32:57 PM DEBUG: Loading section 05 
11/24/2014 12:33:07 PM DEBUG: Loading section 06 
11/24/2014 12:33:17 PM DEBUG: Loading section 07 
11/24/2014 12:33:29 PM DEBUG: Loading section 08 
11/24/2014 12:33:30 PM DEBUG: Loading section 09 
11/24/2014 12:33:43 PM DEBUG: Loading section 10 
11/24/2014 12:33:50 PM DEBUG: Loading section 11 
11/24/2014 12:34:04 PM DEBUG: Loading section 12 
11/24/2014 12:34:12 PM DEBUG: Loading section 13 
11/24/2014 12:34:28 PM DEBUG: Loading section 14 
11/24/2014 12:34:37 PM DEBUG: Loading section 15 
11/24/2014 12:34:53 PM DEBUG: Loading section 16 
11/24/2014 12:35:04 PM DEBUG: Loading section 17 
11/24/2014 12:35:11 PM DEBUG: Loading section 18 
11/24/2014 12:35:30 PM DEBUG: Loading section 19 
11/24/2014 12:35:37 PM DEBUG: Loading section 20 
11/24/2014 12:35:46 PM DEBUG: Loading section 21 
11/24/2014 12:35:52 PM DEBUG: Starting sequential train ... 
11/24/2014 12:35:52 PM DEBUG: Iteration: 0
11/24/2014 12:35:52 PM DEBUG: Data size: 39832
11/24/2014 12:35:52 PM DEBUG: Data finishing 0.00% ...
11/24/2014 12:38:03 PM DEBUG: Data finishing 2.51% ...
11/24/2014 12:40:08 PM DEBUG: Data finishing 5.02% ...
11/24/2014 12:42:13 PM DEBUG: Data finishing 7.53% ...
11/24/2014 12:44:16 PM DEBUG: Data finishing 10.04% ...
11/24/2014 12:46:17 PM DEBUG: Data finishing 12.55% ...
11/24/2014 12:48:26 PM DEBUG: Data finishing 15.06% ...
11/24/2014 12:50:35 PM DEBUG: Data finishing 17.57% ...
11/24/2014 12:52:39 PM DEBUG: Data finishing 20.08% ...
11/24/2014 12:54:44 PM DEBUG: Data finishing 22.59% ...
11/24/2014 12:56:52 PM DEBUG: Data finishing 25.11% ...
11/24/2014 12:58:50 PM DEBUG: Data finishing 27.62% ...
11/24/2014 01:00:49 PM DEBUG: Data finishing 30.13% ...
11/24/2014 01:03:02 PM DEBUG: Data finishing 32.64% ...
11/24/2014 01:05:07 PM DEBUG: Data finishing 35.15% ...
11/24/2014 01:07:02 PM DEBUG: Data finishing 37.66% ...
11/24/2014 01:09:11 PM DEBUG: Data finishing 40.17% ...
11/24/2014 01:10:59 PM DEBUG: Data finishing 42.68% ...
11/24/2014 01:12:57 PM DEBUG: Data finishing 45.19% ...
11/24/2014 01:15:09 PM DEBUG: Data finishing 47.70% ...
11/24/2014 01:17:03 PM DEBUG: Data finishing 50.21% ...
11/24/2014 01:19:05 PM DEBUG: Data finishing 52.72% ...
11/24/2014 01:21:03 PM DEBUG: Data finishing 55.23% ...
11/24/2014 01:23:07 PM DEBUG: Data finishing 57.74% ...
11/24/2014 01:25:06 PM DEBUG: Data finishing 60.25% ...
11/24/2014 01:27:12 PM DEBUG: Data finishing 62.76% ...
11/24/2014 01:29:15 PM DEBUG: Data finishing 65.27% ...
11/24/2014 01:31:14 PM DEBUG: Data finishing 67.78% ...
11/24/2014 01:33:09 PM DEBUG: Data finishing 70.30% ...
11/24/2014 01:35:16 PM DEBUG: Data finishing 72.81% ...
11/24/2014 01:37:20 PM DEBUG: Data finishing 75.32% ...
11/24/2014 01:39:31 PM DEBUG: Data finishing 77.83% ...
11/24/2014 01:41:15 PM DEBUG: Data finishing 80.34% ...
11/24/2014 01:43:20 PM DEBUG: Data finishing 82.85% ...
11/24/2014 01:45:15 PM DEBUG: Data finishing 85.36% ...
11/24/2014 01:47:35 PM DEBUG: Data finishing 87.87% ...
11/24/2014 01:49:39 PM DEBUG: Data finishing 90.38% ...
11/24/2014 01:51:39 PM DEBUG: Data finishing 92.89% ...
11/24/2014 01:53:37 PM DEBUG: Data finishing 95.40% ...
11/24/2014 01:55:46 PM DEBUG: Data finishing 97.91% ...
11/24/2014 01:57:49 PM DEBUG: Dumping Weight Vector to /cs/natlang-projects/glm-parser/new_results/weight/OneIter0_Iter_0.db 
11/24/2014 01:57:49 PM DEBUG: Total Feature Num: 8922842 
11/24/2014 01:58:02 PM DEBUG: Loading data...
11/24/2014 01:58:02 PM DEBUG: Loading section 00 
11/24/2014 01:58:18 PM DEBUG: Loading section 01 
11/24/2014 01:58:39 PM DEBUG: Loading section 22 
11/24/2014 01:59:00 PM DEBUG: Loading section 24 
11/24/2014 01:59:14 PM DEBUG: Start evaluating ...
11/24/2014 01:59:14 PM INFO: Feature count: 8922842
11/24/2014 01:59:14 PM DEBUG: Data finishing 0.00% ...
11/24/2014 02:01:13 PM DEBUG: Data finishing 14.37% ...
11/24/2014 02:03:41 PM DEBUG: Data finishing 28.74% ...
11/24/2014 02:05:40 PM DEBUG: Data finishing 43.10% ...
11/24/2014 02:07:44 PM DEBUG: Data finishing 57.47% ...
11/24/2014 02:09:45 PM DEBUG: Data finishing 71.84% ...
11/24/2014 02:11:45 PM DEBUG: Data finishing 86.21% ...
11/24/2014 02:13:48 PM INFO: Unlabeled accuracy: 0.900301698852 (150399, 167054)
11/24/2014 02:13:48 PM INFO: Unlabeled attachment accuracy: 0.904289310056 (157359, 174014)
===============================================
Iter 1 :
11/24/2014 02:14:18 PM DEBUG: Loading Weight Vector from /cs/natlang-projects/glm-parser/new_results/weight/11-18-2014/Weight_Iter_0.db 
11/24/2014 02:14:31 PM DEBUG: Loading data...
11/24/2014 02:14:31 PM DEBUG: Loading data...
11/24/2014 02:14:31 PM DEBUG: Initialize AveragePerceptronLearner ... 
11/24/2014 02:14:31 PM DEBUG: Loading data...
11/24/2014 02:14:31 PM DEBUG: Loading section 02 
11/24/2014 02:14:43 PM DEBUG: Loading section 03 
11/24/2014 02:14:54 PM DEBUG: Loading section 04 
11/24/2014 02:15:07 PM DEBUG: Loading section 05 
11/24/2014 02:15:18 PM DEBUG: Loading section 06 
11/24/2014 02:15:29 PM DEBUG: Loading section 07 
11/24/2014 02:15:41 PM DEBUG: Loading section 08 
11/24/2014 02:15:43 PM DEBUG: Loading section 09 
11/24/2014 02:15:56 PM DEBUG: Loading section 10 
11/24/2014 02:16:04 PM DEBUG: Loading section 11 
11/24/2014 02:16:18 PM DEBUG: Loading section 12 
11/24/2014 02:16:27 PM DEBUG: Loading section 13 
11/24/2014 02:16:43 PM DEBUG: Loading section 14 
11/24/2014 02:16:52 PM DEBUG: Loading section 15 
11/24/2014 02:17:09 PM DEBUG: Loading section 16 
11/24/2014 02:17:20 PM DEBUG: Loading section 17 
11/24/2014 02:17:27 PM DEBUG: Loading section 18 
11/24/2014 02:17:47 PM DEBUG: Loading section 19 
11/24/2014 02:17:55 PM DEBUG: Loading section 20 
11/24/2014 02:18:03 PM DEBUG: Loading section 21 
11/24/2014 02:18:10 PM DEBUG: Starting sequential train ... 
11/24/2014 02:18:10 PM DEBUG: Iteration: 0
11/24/2014 02:18:10 PM DEBUG: Data size: 39832
11/24/2014 02:18:10 PM DEBUG: Data finishing 0.00% ...
11/24/2014 02:20:25 PM DEBUG: Data finishing 2.51% ...
11/24/2014 02:22:34 PM DEBUG: Data finishing 5.02% ...
11/24/2014 02:24:44 PM DEBUG: Data finishing 7.53% ...
11/24/2014 02:26:50 PM DEBUG: Data finishing 10.04% ...
11/24/2014 02:28:54 PM DEBUG: Data finishing 12.55% ...
11/24/2014 02:31:04 PM DEBUG: Data finishing 15.06% ...
11/24/2014 02:33:17 PM DEBUG: Data finishing 17.57% ...
11/24/2014 02:35:23 PM DEBUG: Data finishing 20.08% ...
11/24/2014 02:37:31 PM DEBUG: Data finishing 22.59% ...
11/24/2014 02:39:43 PM DEBUG: Data finishing 25.11% ...
11/24/2014 02:41:44 PM DEBUG: Data finishing 27.62% ...
11/24/2014 02:43:45 PM DEBUG: Data finishing 30.13% ...
11/24/2014 02:46:01 PM DEBUG: Data finishing 32.64% ...
11/24/2014 02:48:06 PM DEBUG: Data finishing 35.15% ...
11/24/2014 02:50:03 PM DEBUG: Data finishing 37.66% ...
11/24/2014 02:52:14 PM DEBUG: Data finishing 40.17% ...
11/24/2014 02:54:03 PM DEBUG: Data finishing 42.68% ...
11/24/2014 02:56:02 PM DEBUG: Data finishing 45.19% ...
11/24/2014 02:58:15 PM DEBUG: Data finishing 47.70% ...
11/24/2014 03:00:09 PM DEBUG: Data finishing 50.21% ...
11/24/2014 03:02:12 PM DEBUG: Data finishing 52.72% ...
11/24/2014 03:04:13 PM DEBUG: Data finishing 55.23% ...
11/24/2014 03:06:19 PM DEBUG: Data finishing 57.74% ...
11/24/2014 03:08:19 PM DEBUG: Data finishing 60.25% ...
11/24/2014 03:10:27 PM DEBUG: Data finishing 62.76% ...
11/24/2014 03:12:31 PM DEBUG: Data finishing 65.27% ...
11/24/2014 03:14:32 PM DEBUG: Data finishing 67.78% ...
11/24/2014 03:16:28 PM DEBUG: Data finishing 70.30% ...
11/24/2014 03:18:37 PM DEBUG: Data finishing 72.81% ...
11/24/2014 03:20:42 PM DEBUG: Data finishing 75.32% ...
11/24/2014 03:22:54 PM DEBUG: Data finishing 77.83% ...
11/24/2014 03:24:40 PM DEBUG: Data finishing 80.34% ...
11/24/2014 03:26:47 PM DEBUG: Data finishing 82.85% ...
11/24/2014 03:28:43 PM DEBUG: Data finishing 85.36% ...
11/24/2014 03:31:05 PM DEBUG: Data finishing 87.87% ...
11/24/2014 03:33:10 PM DEBUG: Data finishing 90.38% ...
11/24/2014 03:35:14 PM DEBUG: Data finishing 92.89% ...
11/24/2014 03:37:13 PM DEBUG: Data finishing 95.40% ...
11/24/2014 03:39:22 PM DEBUG: Data finishing 97.91% ...
11/24/2014 03:41:26 PM DEBUG: Dumping Weight Vector to /cs/natlang-projects/glm-parser/new_results/weight/OneIter1_Iter_0.db 
11/24/2014 03:41:26 PM DEBUG: Total Feature Num: 8382354 
11/24/2014 03:41:37 PM DEBUG: Loading data...
11/24/2014 03:41:37 PM DEBUG: Loading section 00 
11/24/2014 03:41:53 PM DEBUG: Loading section 01 
11/24/2014 03:42:12 PM DEBUG: Loading section 22 
11/24/2014 03:42:31 PM DEBUG: Loading section 24 
11/24/2014 03:42:43 PM DEBUG: Start evaluating ...
11/24/2014 03:42:43 PM INFO: Feature count: 8382354
11/24/2014 03:42:43 PM DEBUG: Data finishing 0.00% ...
11/24/2014 03:44:41 PM DEBUG: Data finishing 14.37% ...
11/24/2014 03:47:09 PM DEBUG: Data finishing 28.74% ...
11/24/2014 03:49:07 PM DEBUG: Data finishing 43.10% ...
11/24/2014 03:51:10 PM DEBUG: Data finishing 57.47% ...
11/24/2014 03:53:09 PM DEBUG: Data finishing 71.84% ...
11/24/2014 03:55:10 PM DEBUG: Data finishing 86.21% ...
11/24/2014 03:57:14 PM INFO: Unlabeled accuracy: 0.902720078537 (150803, 167054)
11/24/2014 03:57:14 PM INFO: Unlabeled attachment accuracy: 0.906610962336 (157763, 174014)
===============================================
Iter 2 :
11/24/2014 03:57:46 PM DEBUG: Loading Weight Vector from /cs/natlang-projects/glm-parser/new_results/weight/11-18-2014/Weight_Iter_1.db 
11/24/2014 03:58:01 PM DEBUG: Loading data...
11/24/2014 03:58:01 PM DEBUG: Loading data...
11/24/2014 03:58:01 PM DEBUG: Initialize AveragePerceptronLearner ... 
11/24/2014 03:58:01 PM DEBUG: Loading data...
11/24/2014 03:58:01 PM DEBUG: Loading section 02 
11/24/2014 03:58:13 PM DEBUG: Loading section 03 
11/24/2014 03:58:24 PM DEBUG: Loading section 04 
11/24/2014 03:58:38 PM DEBUG: Loading section 05 
11/24/2014 03:58:49 PM DEBUG: Loading section 06 
11/24/2014 03:59:00 PM DEBUG: Loading section 07 
11/24/2014 03:59:13 PM DEBUG: Loading section 08 
11/24/2014 03:59:15 PM DEBUG: Loading section 09 
11/24/2014 03:59:28 PM DEBUG: Loading section 10 
11/24/2014 03:59:36 PM DEBUG: Loading section 11 
11/24/2014 03:59:50 PM DEBUG: Loading section 12 
11/24/2014 03:59:59 PM DEBUG: Loading section 13 
11/24/2014 04:00:16 PM DEBUG: Loading section 14 
11/24/2014 04:00:24 PM DEBUG: Loading section 15 
11/24/2014 04:00:42 PM DEBUG: Loading section 16 
11/24/2014 04:00:53 PM DEBUG: Loading section 17 
11/24/2014 04:01:00 PM DEBUG: Loading section 18 
11/24/2014 04:01:20 PM DEBUG: Loading section 19 
11/24/2014 04:01:27 PM DEBUG: Loading section 20 
11/24/2014 04:01:35 PM DEBUG: Loading section 21 
11/24/2014 04:01:42 PM DEBUG: Starting sequential train ... 
11/24/2014 04:01:42 PM DEBUG: Iteration: 0
11/24/2014 04:01:42 PM DEBUG: Data size: 39832
11/24/2014 04:01:42 PM DEBUG: Data finishing 0.00% ...
11/24/2014 04:03:59 PM DEBUG: Data finishing 2.51% ...
11/24/2014 04:06:12 PM DEBUG: Data finishing 5.02% ...
11/24/2014 04:08:23 PM DEBUG: Data finishing 7.53% ...
11/24/2014 04:10:31 PM DEBUG: Data finishing 10.04% ...
11/24/2014 04:12:39 PM DEBUG: Data finishing 12.55% ...
11/24/2014 04:14:52 PM DEBUG: Data finishing 15.06% ...
11/24/2014 04:17:06 PM DEBUG: Data finishing 17.57% ...
11/24/2014 04:19:14 PM DEBUG: Data finishing 20.08% ...
11/24/2014 04:21:22 PM DEBUG: Data finishing 22.59% ...
11/24/2014 04:23:34 PM DEBUG: Data finishing 25.11% ...
11/24/2014 04:25:36 PM DEBUG: Data finishing 27.62% ...
11/24/2014 04:27:37 PM DEBUG: Data finishing 30.13% ...
11/24/2014 04:29:54 PM DEBUG: Data finishing 32.64% ...
11/24/2014 04:32:01 PM DEBUG: Data finishing 35.15% ...
11/24/2014 04:33:58 PM DEBUG: Data finishing 37.66% ...
11/24/2014 04:36:10 PM DEBUG: Data finishing 40.17% ...
11/24/2014 04:38:00 PM DEBUG: Data finishing 42.68% ...
11/24/2014 04:39:59 PM DEBUG: Data finishing 45.19% ...
11/24/2014 04:42:13 PM DEBUG: Data finishing 47.70% ...
11/24/2014 04:44:07 PM DEBUG: Data finishing 50.21% ...
11/24/2014 04:46:12 PM DEBUG: Data finishing 52.72% ...
11/24/2014 04:48:13 PM DEBUG: Data finishing 55.23% ...
11/24/2014 04:50:20 PM DEBUG: Data finishing 57.74% ...
11/24/2014 04:52:21 PM DEBUG: Data finishing 60.25% ...
11/24/2014 04:54:31 PM DEBUG: Data finishing 62.76% ...
11/24/2014 04:56:37 PM DEBUG: Data finishing 65.27% ...
11/24/2014 04:58:39 PM DEBUG: Data finishing 67.78% ...
11/24/2014 05:00:37 PM DEBUG: Data finishing 70.30% ...
11/24/2014 05:02:47 PM DEBUG: Data finishing 72.81% ...
11/24/2014 05:04:53 PM DEBUG: Data finishing 75.32% ...
11/24/2014 05:07:06 PM DEBUG: Data finishing 77.83% ...
11/24/2014 05:08:53 PM DEBUG: Data finishing 80.34% ...
11/24/2014 05:11:00 PM DEBUG: Data finishing 82.85% ...
11/24/2014 05:12:58 PM DEBUG: Data finishing 85.36% ...
11/24/2014 05:15:22 PM DEBUG: Data finishing 87.87% ...
11/24/2014 05:17:30 PM DEBUG: Data finishing 90.38% ...
11/24/2014 05:19:31 PM DEBUG: Data finishing 92.89% ...
11/24/2014 05:21:31 PM DEBUG: Data finishing 95.40% ...
11/24/2014 05:23:42 PM DEBUG: Data finishing 97.91% ...
11/24/2014 05:25:47 PM DEBUG: Dumping Weight Vector to /cs/natlang-projects/glm-parser/new_results/weight/OneIter2_Iter_0.db 
11/24/2014 05:25:47 PM DEBUG: Total Feature Num: 8079863 
11/24/2014 05:25:57 PM DEBUG: Loading data...
11/24/2014 05:25:58 PM DEBUG: Loading section 00 
11/24/2014 05:26:13 PM DEBUG: Loading section 01 
11/24/2014 05:26:30 PM DEBUG: Loading section 22 
11/24/2014 05:26:48 PM DEBUG: Loading section 24 
11/24/2014 05:27:00 PM DEBUG: Start evaluating ...
11/24/2014 05:27:00 PM INFO: Feature count: 8079863
11/24/2014 05:27:00 PM DEBUG: Data finishing 0.00% ...
11/24/2014 05:28:59 PM DEBUG: Data finishing 14.37% ...
11/24/2014 05:31:27 PM DEBUG: Data finishing 28.74% ...
11/24/2014 05:33:25 PM DEBUG: Data finishing 43.10% ...
11/24/2014 05:35:28 PM DEBUG: Data finishing 57.47% ...
11/24/2014 05:37:27 PM DEBUG: Data finishing 71.84% ...
11/24/2014 05:39:26 PM DEBUG: Data finishing 86.21% ...
11/24/2014 05:41:27 PM INFO: Unlabeled accuracy: 0.903294743017 (150899, 167054)
11/24/2014 05:41:27 PM INFO: Unlabeled attachment accuracy: 0.907162642086 (157859, 174014)
===============================================
Iter 3 :
11/24/2014 05:41:56 PM DEBUG: Loading Weight Vector from /cs/natlang-projects/glm-parser/new_results/weight/11-18-2014/Weight_Iter_2.db 
11/24/2014 05:42:10 PM DEBUG: Loading data...
11/24/2014 05:42:10 PM DEBUG: Loading data...
11/24/2014 05:42:10 PM DEBUG: Initialize AveragePerceptronLearner ... 
11/24/2014 05:42:10 PM DEBUG: Loading data...
11/24/2014 05:42:10 PM DEBUG: Loading section 02 
11/24/2014 05:42:22 PM DEBUG: Loading section 03 
11/24/2014 05:42:34 PM DEBUG: Loading section 04 
11/24/2014 05:42:47 PM DEBUG: Loading section 05 
11/24/2014 05:42:59 PM DEBUG: Loading section 06 
11/24/2014 05:43:10 PM DEBUG: Loading section 07 
11/24/2014 05:43:23 PM DEBUG: Loading section 08 
11/24/2014 05:43:25 PM DEBUG: Loading section 09 
11/24/2014 05:43:38 PM DEBUG: Loading section 10 
11/24/2014 05:43:46 PM DEBUG: Loading section 11 
11/24/2014 05:44:01 PM DEBUG: Loading section 12 
11/24/2014 05:44:09 PM DEBUG: Loading section 13 
11/24/2014 05:44:26 PM DEBUG: Loading section 14 
11/24/2014 05:44:35 PM DEBUG: Loading section 15 
11/24/2014 05:44:53 PM DEBUG: Loading section 16 
11/24/2014 05:45:04 PM DEBUG: Loading section 17 
11/24/2014 05:45:11 PM DEBUG: Loading section 18 
11/24/2014 05:45:31 PM DEBUG: Loading section 19 
11/24/2014 05:45:39 PM DEBUG: Loading section 20 
11/24/2014 05:45:47 PM DEBUG: Loading section 21 
11/24/2014 05:45:54 PM DEBUG: Starting sequential train ... 
11/24/2014 05:45:54 PM DEBUG: Iteration: 0
11/24/2014 05:45:54 PM DEBUG: Data size: 39832
11/24/2014 05:45:54 PM DEBUG: Data finishing 0.00% ...
11/24/2014 05:48:12 PM DEBUG: Data finishing 2.51% ...
11/24/2014 05:50:22 PM DEBUG: Data finishing 5.02% ...
11/24/2014 05:52:32 PM DEBUG: Data finishing 7.53% ...
11/24/2014 05:54:40 PM DEBUG: Data finishing 10.04% ...
11/24/2014 05:56:47 PM DEBUG: Data finishing 12.55% ...
11/24/2014 05:59:01 PM DEBUG: Data finishing 15.06% ...
11/24/2014 06:01:15 PM DEBUG: Data finishing 17.57% ...
11/24/2014 06:03:25 PM DEBUG: Data finishing 20.08% ...
11/24/2014 06:05:35 PM DEBUG: Data finishing 22.59% ...
11/24/2014 06:07:47 PM DEBUG: Data finishing 25.11% ...
11/24/2014 06:09:48 PM DEBUG: Data finishing 27.62% ...
11/24/2014 06:11:49 PM DEBUG: Data finishing 30.13% ...
11/24/2014 06:14:06 PM DEBUG: Data finishing 32.64% ...
11/24/2014 06:16:13 PM DEBUG: Data finishing 35.15% ...
11/24/2014 06:18:11 PM DEBUG: Data finishing 37.66% ...
11/24/2014 06:20:22 PM DEBUG: Data finishing 40.17% ...
11/24/2014 06:22:13 PM DEBUG: Data finishing 42.68% ...
11/24/2014 06:24:12 PM DEBUG: Data finishing 45.19% ...
11/24/2014 06:26:27 PM DEBUG: Data finishing 47.70% ...
11/24/2014 06:28:21 PM DEBUG: Data finishing 50.21% ...
11/24/2014 06:30:26 PM DEBUG: Data finishing 52.72% ...
11/24/2014 06:32:27 PM DEBUG: Data finishing 55.23% ...
11/24/2014 06:34:35 PM DEBUG: Data finishing 57.74% ...
11/24/2014 06:36:35 PM DEBUG: Data finishing 60.25% ...
11/24/2014 06:38:46 PM DEBUG: Data finishing 62.76% ...
11/24/2014 06:40:52 PM DEBUG: Data finishing 65.27% ...
11/24/2014 06:42:54 PM DEBUG: Data finishing 67.78% ...
11/24/2014 06:44:51 PM DEBUG: Data finishing 70.30% ...
11/24/2014 06:47:02 PM DEBUG: Data finishing 72.81% ...
11/24/2014 06:49:08 PM DEBUG: Data finishing 75.32% ...
11/24/2014 06:51:22 PM DEBUG: Data finishing 77.83% ...
11/24/2014 06:53:09 PM DEBUG: Data finishing 80.34% ...
11/24/2014 06:55:16 PM DEBUG: Data finishing 82.85% ...
11/24/2014 06:57:14 PM DEBUG: Data finishing 85.36% ...
11/24/2014 06:59:37 PM DEBUG: Data finishing 87.87% ...
11/24/2014 07:01:44 PM DEBUG: Data finishing 90.38% ...
11/24/2014 07:03:46 PM DEBUG: Data finishing 92.89% ...
11/24/2014 07:05:45 PM DEBUG: Data finishing 95.40% ...
11/24/2014 07:07:56 PM DEBUG: Data finishing 97.91% ...
11/24/2014 07:09:59 PM DEBUG: Dumping Weight Vector to /cs/natlang-projects/glm-parser/new_results/weight/OneIter3_Iter_0.db 
11/24/2014 07:09:59 PM DEBUG: Total Feature Num: 7894860 
11/24/2014 07:10:10 PM DEBUG: Loading data...
11/24/2014 07:10:11 PM DEBUG: Loading section 00 
11/24/2014 07:10:29 PM DEBUG: Loading section 01 
11/24/2014 07:10:47 PM DEBUG: Loading section 22 
11/24/2014 07:11:08 PM DEBUG: Loading section 24 
11/24/2014 07:11:19 PM DEBUG: Start evaluating ...
11/24/2014 07:11:19 PM INFO: Feature count: 7894860
11/24/2014 07:11:19 PM DEBUG: Data finishing 0.00% ...
11/24/2014 07:13:19 PM DEBUG: Data finishing 14.37% ...
11/24/2014 07:15:48 PM DEBUG: Data finishing 28.74% ...
11/24/2014 07:17:47 PM DEBUG: Data finishing 43.10% ...
11/24/2014 07:19:50 PM DEBUG: Data finishing 57.47% ...
11/24/2014 07:21:48 PM DEBUG: Data finishing 71.84% ...
11/24/2014 07:23:48 PM DEBUG: Data finishing 86.21% ...
11/24/2014 07:25:50 PM INFO: Unlabeled accuracy: 0.903007410777 (150851, 167054)
11/24/2014 07:25:50 PM INFO: Unlabeled attachment accuracy: 0.906886802211 (157811, 174014)
===============================================
Iter 4 :
11/24/2014 07:26:20 PM DEBUG: Loading Weight Vector from /cs/natlang-projects/glm-parser/new_results/weight/11-18-2014/Weight_Iter_3.db 
11/24/2014 07:26:36 PM DEBUG: Loading data...
11/24/2014 07:26:36 PM DEBUG: Loading data...
11/24/2014 07:26:36 PM DEBUG: Initialize AveragePerceptronLearner ... 
11/24/2014 07:26:36 PM DEBUG: Loading data...
11/24/2014 07:26:36 PM DEBUG: Loading section 02 
11/24/2014 07:26:48 PM DEBUG: Loading section 03 
11/24/2014 07:26:59 PM DEBUG: Loading section 04 
11/24/2014 07:27:12 PM DEBUG: Loading section 05 
11/24/2014 07:27:24 PM DEBUG: Loading section 06 
11/24/2014 07:27:35 PM DEBUG: Loading section 07 
11/24/2014 07:27:47 PM DEBUG: Loading section 08 
11/24/2014 07:27:49 PM DEBUG: Loading section 09 
11/24/2014 07:28:02 PM DEBUG: Loading section 10 
11/24/2014 07:28:10 PM DEBUG: Loading section 11 
11/24/2014 07:28:25 PM DEBUG: Loading section 12 
11/24/2014 07:28:33 PM DEBUG: Loading section 13 
11/24/2014 07:28:50 PM DEBUG: Loading section 14 
11/24/2014 07:28:58 PM DEBUG: Loading section 15 
11/24/2014 07:29:16 PM DEBUG: Loading section 16 
11/24/2014 07:29:27 PM DEBUG: Loading section 17 
11/24/2014 07:29:33 PM DEBUG: Loading section 18 
11/24/2014 07:29:53 PM DEBUG: Loading section 19 
11/24/2014 07:30:01 PM DEBUG: Loading section 20 
11/24/2014 07:30:09 PM DEBUG: Loading section 21 
11/24/2014 07:30:16 PM DEBUG: Starting sequential train ... 
11/24/2014 07:30:16 PM DEBUG: Iteration: 0
11/24/2014 07:30:16 PM DEBUG: Data size: 39832
11/24/2014 07:30:16 PM DEBUG: Data finishing 0.00% ...
11/24/2014 07:32:31 PM DEBUG: Data finishing 2.51% ...
11/24/2014 07:34:40 PM DEBUG: Data finishing 5.02% ...
11/24/2014 07:36:48 PM DEBUG: Data finishing 7.53% ...
11/24/2014 07:38:53 PM DEBUG: Data finishing 10.04% ...
11/24/2014 07:40:57 PM DEBUG: Data finishing 12.55% ...
11/24/2014 07:43:07 PM DEBUG: Data finishing 15.06% ...
11/24/2014 07:45:18 PM DEBUG: Data finishing 17.57% ...
11/24/2014 07:47:24 PM DEBUG: Data finishing 20.08% ...
11/24/2014 07:49:31 PM DEBUG: Data finishing 22.59% ...
11/24/2014 07:51:41 PM DEBUG: Data finishing 25.11% ...
11/24/2014 07:53:42 PM DEBUG: Data finishing 27.62% ...
11/24/2014 07:55:42 PM DEBUG: Data finishing 30.13% ...
11/24/2014 07:57:58 PM DEBUG: Data finishing 32.64% ...
11/24/2014 08:00:04 PM DEBUG: Data finishing 35.15% ...
11/24/2014 08:02:01 PM DEBUG: Data finishing 37.66% ...
11/24/2014 08:04:12 PM DEBUG: Data finishing 40.17% ...
11/24/2014 08:06:01 PM DEBUG: Data finishing 42.68% ...
11/24/2014 08:08:00 PM DEBUG: Data finishing 45.19% ...
11/24/2014 08:10:13 PM DEBUG: Data finishing 47.70% ...
11/24/2014 08:12:07 PM DEBUG: Data finishing 50.21% ...
11/24/2014 08:14:10 PM DEBUG: Data finishing 52.72% ...
11/24/2014 08:16:11 PM DEBUG: Data finishing 55.23% ...
11/24/2014 08:18:17 PM DEBUG: Data finishing 57.74% ...
11/24/2014 08:20:17 PM DEBUG: Data finishing 60.25% ...
11/24/2014 08:22:26 PM DEBUG: Data finishing 62.76% ...
11/24/2014 08:24:31 PM DEBUG: Data finishing 65.27% ...
11/24/2014 08:26:33 PM DEBUG: Data finishing 67.78% ...
11/24/2014 08:28:29 PM DEBUG: Data finishing 70.30% ...
11/24/2014 08:30:38 PM DEBUG: Data finishing 72.81% ...
11/24/2014 08:32:43 PM DEBUG: Data finishing 75.32% ...
11/24/2014 08:34:55 PM DEBUG: Data finishing 77.83% ...
11/24/2014 08:36:41 PM DEBUG: Data finishing 80.34% ...
11/24/2014 08:38:47 PM DEBUG: Data finishing 82.85% ...
11/24/2014 08:40:43 PM DEBUG: Data finishing 85.36% ...
11/24/2014 08:43:05 PM DEBUG: Data finishing 87.87% ...
11/24/2014 08:45:10 PM DEBUG: Data finishing 90.38% ...
11/24/2014 08:47:11 PM DEBUG: Data finishing 92.89% ...
11/24/2014 08:49:09 PM DEBUG: Data finishing 95.40% ...
11/24/2014 08:51:18 PM DEBUG: Data finishing 97.91% ...
11/24/2014 08:53:20 PM DEBUG: Dumping Weight Vector to /cs/natlang-projects/glm-parser/new_results/weight/OneIter4_Iter_0.db 
11/24/2014 08:53:20 PM DEBUG: Total Feature Num: 7775883 
11/24/2014 08:53:31 PM DEBUG: Loading data...
11/24/2014 08:53:32 PM DEBUG: Loading section 00 
11/24/2014 08:53:46 PM DEBUG: Loading section 01 
11/24/2014 08:54:03 PM DEBUG: Loading section 22 
11/24/2014 08:54:21 PM DEBUG: Loading section 24 
11/24/2014 08:54:32 PM DEBUG: Start evaluating ...
11/24/2014 08:54:32 PM INFO: Feature count: 7775883
11/24/2014 08:54:32 PM DEBUG: Data finishing 0.00% ...
11/24/2014 08:56:29 PM DEBUG: Data finishing 14.37% ...
11/24/2014 08:58:56 PM DEBUG: Data finishing 28.74% ...
11/24/2014 09:00:53 PM DEBUG: Data finishing 43.10% ...
11/24/2014 09:02:55 PM DEBUG: Data finishing 57.47% ...
11/24/2014 09:04:53 PM DEBUG: Data finishing 71.84% ...
11/24/2014 09:06:51 PM DEBUG: Data finishing 86.21% ...
11/24/2014 09:08:51 PM INFO: Unlabeled accuracy: 0.900744669388 (150473, 167054)
11/24/2014 09:08:51 PM INFO: Unlabeled attachment accuracy: 0.904714563196 (157433, 174014)
===============================================
Iter 5 :
11/24/2014 09:09:19 PM DEBUG: Loading Weight Vector from /cs/natlang-projects/glm-parser/new_results/weight/11-18-2014/Weight_Iter_4.db 
11/24/2014 09:09:34 PM DEBUG: Loading data...
11/24/2014 09:09:34 PM DEBUG: Loading data...
11/24/2014 09:09:34 PM DEBUG: Initialize AveragePerceptronLearner ... 
11/24/2014 09:09:34 PM DEBUG: Loading data...
11/24/2014 09:09:34 PM DEBUG: Loading section 02 
11/24/2014 09:09:46 PM DEBUG: Loading section 03 
11/24/2014 09:09:57 PM DEBUG: Loading section 04 
11/24/2014 09:10:11 PM DEBUG: Loading section 05 
11/24/2014 09:10:23 PM DEBUG: Loading section 06 
11/24/2014 09:10:33 PM DEBUG: Loading section 07 
11/24/2014 09:10:46 PM DEBUG: Loading section 08 
11/24/2014 09:10:48 PM DEBUG: Loading section 09 
11/24/2014 09:11:01 PM DEBUG: Loading section 10 
11/24/2014 09:11:09 PM DEBUG: Loading section 11 
11/24/2014 09:11:24 PM DEBUG: Loading section 12 
11/24/2014 09:11:32 PM DEBUG: Loading section 13 
11/24/2014 09:11:49 PM DEBUG: Loading section 14 
11/24/2014 09:11:58 PM DEBUG: Loading section 15 
11/24/2014 09:12:15 PM DEBUG: Loading section 16 
11/24/2014 09:12:27 PM DEBUG: Loading section 17 
11/24/2014 09:12:34 PM DEBUG: Loading section 18 
11/24/2014 09:12:54 PM DEBUG: Loading section 19 
11/24/2014 09:13:01 PM DEBUG: Loading section 20 
11/24/2014 09:13:09 PM DEBUG: Loading section 21 
11/24/2014 09:13:16 PM DEBUG: Starting sequential train ... 
11/24/2014 09:13:16 PM DEBUG: Iteration: 0
11/24/2014 09:13:16 PM DEBUG: Data size: 39832
11/24/2014 09:13:16 PM DEBUG: Data finishing 0.00% ...
11/24/2014 09:15:33 PM DEBUG: Data finishing 2.51% ...
11/24/2014 09:17:43 PM DEBUG: Data finishing 5.02% ...
11/24/2014 09:19:53 PM DEBUG: Data finishing 7.53% ...
11/24/2014 09:21:59 PM DEBUG: Data finishing 10.04% ...
11/24/2014 09:24:04 PM DEBUG: Data finishing 12.55% ...
11/24/2014 09:26:15 PM DEBUG: Data finishing 15.06% ...
11/24/2014 09:28:26 PM DEBUG: Data finishing 17.57% ...
11/24/2014 09:30:34 PM DEBUG: Data finishing 20.08% ...
11/24/2014 09:32:41 PM DEBUG: Data finishing 22.59% ...
11/24/2014 09:34:52 PM DEBUG: Data finishing 25.11% ...
11/24/2014 09:36:52 PM DEBUG: Data finishing 27.62% ...
11/24/2014 09:38:53 PM DEBUG: Data finishing 30.13% ...
11/24/2014 09:41:08 PM DEBUG: Data finishing 32.64% ...
11/24/2014 09:43:14 PM DEBUG: Data finishing 35.15% ...
11/24/2014 09:45:11 PM DEBUG: Data finishing 37.66% ...
11/24/2014 09:47:22 PM DEBUG: Data finishing 40.17% ...
11/24/2014 09:49:11 PM DEBUG: Data finishing 42.68% ...
11/24/2014 09:51:10 PM DEBUG: Data finishing 45.19% ...
11/24/2014 09:53:23 PM DEBUG: Data finishing 47.70% ...
11/24/2014 09:55:17 PM DEBUG: Data finishing 50.21% ...
11/24/2014 09:57:21 PM DEBUG: Data finishing 52.72% ...
11/24/2014 09:59:21 PM DEBUG: Data finishing 55.23% ...
11/24/2014 10:01:27 PM DEBUG: Data finishing 57.74% ...
11/24/2014 10:03:27 PM DEBUG: Data finishing 60.25% ...
11/24/2014 10:05:36 PM DEBUG: Data finishing 62.76% ...
11/24/2014 10:07:40 PM DEBUG: Data finishing 65.27% ...
11/24/2014 10:09:41 PM DEBUG: Data finishing 67.78% ...
11/24/2014 10:11:37 PM DEBUG: Data finishing 70.30% ...
11/24/2014 10:13:45 PM DEBUG: Data finishing 72.81% ...
11/24/2014 10:15:50 PM DEBUG: Data finishing 75.32% ...
11/24/2014 10:18:02 PM DEBUG: Data finishing 77.83% ...
11/24/2014 10:19:48 PM DEBUG: Data finishing 80.34% ...
11/24/2014 10:21:54 PM DEBUG: Data finishing 82.85% ...
11/24/2014 10:23:50 PM DEBUG: Data finishing 85.36% ...
11/24/2014 10:26:11 PM DEBUG: Data finishing 87.87% ...
11/24/2014 10:28:16 PM DEBUG: Data finishing 90.38% ...
11/24/2014 10:30:16 PM DEBUG: Data finishing 92.89% ...
11/24/2014 10:32:14 PM DEBUG: Data finishing 95.40% ...
11/24/2014 10:34:23 PM DEBUG: Data finishing 97.91% ...
11/24/2014 10:36:25 PM DEBUG: Dumping Weight Vector to /cs/natlang-projects/glm-parser/new_results/weight/OneIter5_Iter_0.db 
11/24/2014 10:36:25 PM DEBUG: Total Feature Num: 7690717 
11/24/2014 10:36:36 PM DEBUG: Loading data...
11/24/2014 10:36:36 PM DEBUG: Loading section 00 
11/24/2014 10:36:51 PM DEBUG: Loading section 01 
11/24/2014 10:37:08 PM DEBUG: Loading section 22 
11/24/2014 10:37:26 PM DEBUG: Loading section 24 
11/24/2014 10:37:37 PM DEBUG: Start evaluating ...
11/24/2014 10:37:37 PM INFO: Feature count: 7690717
11/24/2014 10:37:37 PM DEBUG: Data finishing 0.00% ...
11/24/2014 10:39:35 PM DEBUG: Data finishing 14.37% ...
11/24/2014 10:42:01 PM DEBUG: Data finishing 28.74% ...
11/24/2014 10:43:57 PM DEBUG: Data finishing 43.10% ...
11/24/2014 10:45:59 PM DEBUG: Data finishing 57.47% ...
11/24/2014 10:47:56 PM DEBUG: Data finishing 71.84% ...
11/24/2014 10:49:54 PM DEBUG: Data finishing 86.21% ...
11/24/2014 10:51:54 PM INFO: Unlabeled accuracy: 0.898260442731 (150058, 167054)
11/24/2014 10:51:54 PM INFO: Unlabeled attachment accuracy: 0.902329697611 (157018, 174014)
===============================================
Iter 6 :
11/24/2014 10:52:24 PM DEBUG: Loading Weight Vector from /cs/natlang-projects/glm-parser/new_results/weight/11-18-2014/Weight_Iter_5.db 
11/24/2014 10:52:38 PM DEBUG: Loading data...
11/24/2014 10:52:38 PM DEBUG: Loading data...
11/24/2014 10:52:38 PM DEBUG: Initialize AveragePerceptronLearner ... 
11/24/2014 10:52:38 PM DEBUG: Loading data...
11/24/2014 10:52:39 PM DEBUG: Loading section 02 
11/24/2014 10:52:51 PM DEBUG: Loading section 03 
11/24/2014 10:53:02 PM DEBUG: Loading section 04 
11/24/2014 10:53:16 PM DEBUG: Loading section 05 
11/24/2014 10:53:27 PM DEBUG: Loading section 06 
11/24/2014 10:53:38 PM DEBUG: Loading section 07 
11/24/2014 10:53:51 PM DEBUG: Loading section 08 
11/24/2014 10:53:52 PM DEBUG: Loading section 09 
11/24/2014 10:54:06 PM DEBUG: Loading section 10 
11/24/2014 10:54:13 PM DEBUG: Loading section 11 
11/24/2014 10:54:28 PM DEBUG: Loading section 12 
11/24/2014 10:54:37 PM DEBUG: Loading section 13 
11/24/2014 10:54:54 PM DEBUG: Loading section 14 
11/24/2014 10:55:02 PM DEBUG: Loading section 15 
11/24/2014 10:55:20 PM DEBUG: Loading section 16 
11/24/2014 10:55:31 PM DEBUG: Loading section 17 
11/24/2014 10:55:38 PM DEBUG: Loading section 18 
11/24/2014 10:55:58 PM DEBUG: Loading section 19 
11/24/2014 10:56:05 PM DEBUG: Loading section 20 
11/24/2014 10:56:14 PM DEBUG: Loading section 21 
11/24/2014 10:56:20 PM DEBUG: Starting sequential train ... 
11/24/2014 10:56:20 PM DEBUG: Iteration: 0
11/24/2014 10:56:20 PM DEBUG: Data size: 39832
11/24/2014 10:56:20 PM DEBUG: Data finishing 0.00% ...
11/24/2014 10:58:37 PM DEBUG: Data finishing 2.51% ...
11/24/2014 11:00:46 PM DEBUG: Data finishing 5.02% ...
11/24/2014 11:02:55 PM DEBUG: Data finishing 7.53% ...
11/24/2014 11:05:01 PM DEBUG: Data finishing 10.04% ...
11/24/2014 11:07:07 PM DEBUG: Data finishing 12.55% ...
11/24/2014 11:09:18 PM DEBUG: Data finishing 15.06% ...
11/24/2014 11:11:30 PM DEBUG: Data finishing 17.57% ...
11/24/2014 11:13:38 PM DEBUG: Data finishing 20.08% ...
11/24/2014 11:15:47 PM DEBUG: Data finishing 22.59% ...
11/24/2014 11:17:59 PM DEBUG: Data finishing 25.11% ...
11/24/2014 11:20:02 PM DEBUG: Data finishing 27.62% ...
11/24/2014 11:22:03 PM DEBUG: Data finishing 30.13% ...
11/24/2014 11:24:21 PM DEBUG: Data finishing 32.64% ...
11/24/2014 11:26:31 PM DEBUG: Data finishing 35.15% ...
11/24/2014 11:28:31 PM DEBUG: Data finishing 37.66% ...
11/24/2014 11:30:44 PM DEBUG: Data finishing 40.17% ...
11/24/2014 11:32:36 PM DEBUG: Data finishing 42.68% ...
11/24/2014 11:34:36 PM DEBUG: Data finishing 45.19% ...
11/24/2014 11:36:51 PM DEBUG: Data finishing 47.70% ...
11/24/2014 11:38:46 PM DEBUG: Data finishing 50.21% ...
11/24/2014 11:40:52 PM DEBUG: Data finishing 52.72% ...
11/24/2014 11:42:54 PM DEBUG: Data finishing 55.23% ...
11/24/2014 11:45:02 PM DEBUG: Data finishing 57.74% ...
11/24/2014 11:47:04 PM DEBUG: Data finishing 60.25% ...
11/24/2014 11:49:14 PM DEBUG: Data finishing 62.76% ...
11/24/2014 11:51:21 PM DEBUG: Data finishing 65.27% ...
11/24/2014 11:53:24 PM DEBUG: Data finishing 67.78% ...
11/24/2014 11:55:22 PM DEBUG: Data finishing 70.30% ...
11/24/2014 11:57:34 PM DEBUG: Data finishing 72.81% ...
11/24/2014 11:59:44 PM DEBUG: Data finishing 75.32% ...
11/25/2014 12:02:02 AM DEBUG: Data finishing 77.83% ...
11/25/2014 12:03:50 AM DEBUG: Data finishing 80.34% ...
11/25/2014 12:05:58 AM DEBUG: Data finishing 82.85% ...
11/25/2014 12:07:58 AM DEBUG: Data finishing 85.36% ...
11/25/2014 12:10:24 AM DEBUG: Data finishing 87.87% ...
11/25/2014 12:12:31 AM DEBUG: Data finishing 90.38% ...
11/25/2014 12:14:37 AM DEBUG: Data finishing 92.89% ...
11/25/2014 12:16:37 AM DEBUG: Data finishing 95.40% ...
11/25/2014 12:18:49 AM DEBUG: Data finishing 97.91% ...
11/25/2014 12:20:52 AM DEBUG: Dumping Weight Vector to /cs/natlang-projects/glm-parser/new_results/weight/OneIter6_Iter_0.db 
11/25/2014 12:20:52 AM DEBUG: Total Feature Num: 7631799 
11/25/2014 12:21:03 AM DEBUG: Loading data...
11/25/2014 12:21:04 AM DEBUG: Loading section 00 
11/25/2014 12:21:18 AM DEBUG: Loading section 01 
11/25/2014 12:21:36 AM DEBUG: Loading section 22 
11/25/2014 12:21:54 AM DEBUG: Loading section 24 
11/25/2014 12:22:06 AM DEBUG: Start evaluating ...
11/25/2014 12:22:06 AM INFO: Feature count: 7631799
11/25/2014 12:22:06 AM DEBUG: Data finishing 0.00% ...
11/25/2014 12:24:05 AM DEBUG: Data finishing 14.37% ...
11/25/2014 12:26:32 AM DEBUG: Data finishing 28.74% ...
11/25/2014 12:28:31 AM DEBUG: Data finishing 43.10% ...
11/25/2014 12:30:35 AM DEBUG: Data finishing 57.47% ...
11/25/2014 12:32:34 AM DEBUG: Data finishing 71.84% ...
11/25/2014 12:34:34 AM DEBUG: Data finishing 86.21% ...
11/25/2014 12:36:36 AM INFO: Unlabeled accuracy: 0.893597279921 (149279, 167054)
11/25/2014 12:36:36 AM INFO: Unlabeled attachment accuracy: 0.897853046307 (156239, 174014)
===============================================
Iter 7 :
11/25/2014 12:37:04 AM DEBUG: Loading Weight Vector from /cs/natlang-projects/glm-parser/new_results/weight/11-18-2014/Weight_Iter_6.db 
11/25/2014 12:37:19 AM DEBUG: Loading data...
11/25/2014 12:37:19 AM DEBUG: Loading data...
11/25/2014 12:37:19 AM DEBUG: Initialize AveragePerceptronLearner ... 
11/25/2014 12:37:19 AM DEBUG: Loading data...
11/25/2014 12:37:19 AM DEBUG: Loading section 02 
11/25/2014 12:37:31 AM DEBUG: Loading section 03 
11/25/2014 12:37:42 AM DEBUG: Loading section 04 
11/25/2014 12:37:56 AM DEBUG: Loading section 05 
11/25/2014 12:38:09 AM DEBUG: Loading section 06 
11/25/2014 12:38:21 AM DEBUG: Loading section 07 
11/25/2014 12:38:36 AM DEBUG: Loading section 08 
11/25/2014 12:38:38 AM DEBUG: Loading section 09 
11/25/2014 12:38:53 AM DEBUG: Loading section 10 
11/25/2014 12:39:01 AM DEBUG: Loading section 11 
11/25/2014 12:39:19 AM DEBUG: Loading section 12 
11/25/2014 12:39:27 AM DEBUG: Loading section 13 
11/25/2014 12:39:47 AM DEBUG: Loading section 14 
11/25/2014 12:39:56 AM DEBUG: Loading section 15 
11/25/2014 12:40:18 AM DEBUG: Loading section 16 
11/25/2014 12:40:29 AM DEBUG: Loading section 17 
11/25/2014 12:40:36 AM DEBUG: Loading section 18 
11/25/2014 12:41:01 AM DEBUG: Loading section 19 
11/25/2014 12:41:09 AM DEBUG: Loading section 20 
11/25/2014 12:41:17 AM DEBUG: Loading section 21 
11/25/2014 12:41:24 AM DEBUG: Starting sequential train ... 
11/25/2014 12:41:24 AM DEBUG: Iteration: 0
11/25/2014 12:41:24 AM DEBUG: Data size: 39832
11/25/2014 12:41:24 AM DEBUG: Data finishing 0.00% ...
11/25/2014 12:43:45 AM DEBUG: Data finishing 2.51% ...
11/25/2014 12:45:58 AM DEBUG: Data finishing 5.02% ...
11/25/2014 12:48:09 AM DEBUG: Data finishing 7.53% ...
11/25/2014 12:50:17 AM DEBUG: Data finishing 10.04% ...
11/25/2014 12:52:23 AM DEBUG: Data finishing 12.55% ...
11/25/2014 12:54:36 AM DEBUG: Data finishing 15.06% ...
11/25/2014 12:56:48 AM DEBUG: Data finishing 17.57% ...
11/25/2014 12:58:57 AM DEBUG: Data finishing 20.08% ...
11/25/2014 01:01:06 AM DEBUG: Data finishing 22.59% ...
11/25/2014 01:03:17 AM DEBUG: Data finishing 25.11% ...
11/25/2014 01:05:19 AM DEBUG: Data finishing 27.62% ...
11/25/2014 01:07:20 AM DEBUG: Data finishing 30.13% ...
11/25/2014 01:09:35 AM DEBUG: Data finishing 32.64% ...
11/25/2014 01:11:42 AM DEBUG: Data finishing 35.15% ...
11/25/2014 01:13:39 AM DEBUG: Data finishing 37.66% ...
11/25/2014 01:15:49 AM DEBUG: Data finishing 40.17% ...
11/25/2014 01:17:39 AM DEBUG: Data finishing 42.68% ...
11/25/2014 01:19:37 AM DEBUG: Data finishing 45.19% ...
11/25/2014 01:21:50 AM DEBUG: Data finishing 47.70% ...
11/25/2014 01:23:45 AM DEBUG: Data finishing 50.21% ...
11/25/2014 01:25:50 AM DEBUG: Data finishing 52.72% ...
11/25/2014 01:27:51 AM DEBUG: Data finishing 55.23% ...
11/25/2014 01:29:58 AM DEBUG: Data finishing 57.74% ...
11/25/2014 01:31:58 AM DEBUG: Data finishing 60.25% ...
11/25/2014 01:34:08 AM DEBUG: Data finishing 62.76% ...
11/25/2014 01:36:14 AM DEBUG: Data finishing 65.27% ...
11/25/2014 01:38:16 AM DEBUG: Data finishing 67.78% ...
11/25/2014 01:40:13 AM DEBUG: Data finishing 70.30% ...
11/25/2014 01:42:23 AM DEBUG: Data finishing 72.81% ...
11/25/2014 01:44:28 AM DEBUG: Data finishing 75.32% ...
11/25/2014 01:46:42 AM DEBUG: Data finishing 77.83% ...
11/25/2014 01:48:28 AM DEBUG: Data finishing 80.34% ...
11/25/2014 01:50:35 AM DEBUG: Data finishing 82.85% ...
11/25/2014 01:52:33 AM DEBUG: Data finishing 85.36% ...
11/25/2014 01:54:55 AM DEBUG: Data finishing 87.87% ...
11/25/2014 01:57:01 AM DEBUG: Data finishing 90.38% ...
11/25/2014 01:59:03 AM DEBUG: Data finishing 92.89% ...
11/25/2014 02:01:02 AM DEBUG: Data finishing 95.40% ...
11/25/2014 02:03:13 AM DEBUG: Data finishing 97.91% ...
11/25/2014 02:05:17 AM DEBUG: Dumping Weight Vector to /cs/natlang-projects/glm-parser/new_results/weight/OneIter7_Iter_0.db 
11/25/2014 02:05:17 AM DEBUG: Total Feature Num: 7587737 
11/25/2014 02:05:27 AM DEBUG: Loading data...
11/25/2014 02:05:28 AM DEBUG: Loading section 00 
11/25/2014 02:05:42 AM DEBUG: Loading section 01 
11/25/2014 02:06:04 AM DEBUG: Loading section 22 
11/25/2014 02:06:22 AM DEBUG: Loading section 24 
11/25/2014 02:06:34 AM DEBUG: Start evaluating ...
11/25/2014 02:06:34 AM INFO: Feature count: 7587737
11/25/2014 02:06:34 AM DEBUG: Data finishing 0.00% ...
11/25/2014 02:08:33 AM DEBUG: Data finishing 14.37% ...
11/25/2014 02:11:00 AM DEBUG: Data finishing 28.74% ...
11/25/2014 02:12:59 AM DEBUG: Data finishing 43.10% ...
11/25/2014 02:15:02 AM DEBUG: Data finishing 57.47% ...
11/25/2014 02:17:01 AM DEBUG: Data finishing 71.84% ...
11/25/2014 02:19:00 AM DEBUG: Data finishing 86.21% ...
11/25/2014 02:21:02 AM INFO: Unlabeled accuracy: 0.899804853520 (150316, 167054)
11/25/2014 02:21:02 AM INFO: Unlabeled attachment accuracy: 0.903812336938 (157276, 174014)
===============================================
Iter 8 :
11/25/2014 02:21:31 AM DEBUG: Loading Weight Vector from /cs/natlang-projects/glm-parser/new_results/weight/11-18-2014/Weight_Iter_7.db 
11/25/2014 02:21:46 AM DEBUG: Loading data...
11/25/2014 02:21:46 AM DEBUG: Loading data...
11/25/2014 02:21:46 AM DEBUG: Initialize AveragePerceptronLearner ... 
11/25/2014 02:21:46 AM DEBUG: Loading data...
11/25/2014 02:21:46 AM DEBUG: Loading section 02 
11/25/2014 02:21:58 AM DEBUG: Loading section 03 
11/25/2014 02:22:09 AM DEBUG: Loading section 04 
11/25/2014 02:22:23 AM DEBUG: Loading section 05 
11/25/2014 02:22:35 AM DEBUG: Loading section 06 
11/25/2014 02:22:45 AM DEBUG: Loading section 07 
11/25/2014 02:22:58 AM DEBUG: Loading section 08 
11/25/2014 02:23:00 AM DEBUG: Loading section 09 
11/25/2014 02:23:13 AM DEBUG: Loading section 10 
11/25/2014 02:23:21 AM DEBUG: Loading section 11 
11/25/2014 02:23:36 AM DEBUG: Loading section 12 
11/25/2014 02:23:44 AM DEBUG: Loading section 13 
11/25/2014 02:24:01 AM DEBUG: Loading section 14 
11/25/2014 02:24:09 AM DEBUG: Loading section 15 
11/25/2014 02:24:27 AM DEBUG: Loading section 16 
11/25/2014 02:24:38 AM DEBUG: Loading section 17 
11/25/2014 02:24:45 AM DEBUG: Loading section 18 
11/25/2014 02:25:05 AM DEBUG: Loading section 19 
11/25/2014 02:25:12 AM DEBUG: Loading section 20 
11/25/2014 02:25:20 AM DEBUG: Loading section 21 
11/25/2014 02:25:27 AM DEBUG: Starting sequential train ... 
11/25/2014 02:25:27 AM DEBUG: Iteration: 0
11/25/2014 02:25:27 AM DEBUG: Data size: 39832
11/25/2014 02:25:27 AM DEBUG: Data finishing 0.00% ...
11/25/2014 02:27:43 AM DEBUG: Data finishing 2.51% ...
11/25/2014 02:29:52 AM DEBUG: Data finishing 5.02% ...
11/25/2014 02:32:01 AM DEBUG: Data finishing 7.53% ...
11/25/2014 02:34:06 AM DEBUG: Data finishing 10.04% ...
11/25/2014 02:36:10 AM DEBUG: Data finishing 12.55% ...
11/25/2014 02:38:21 AM DEBUG: Data finishing 15.06% ...
11/25/2014 02:40:32 AM DEBUG: Data finishing 17.57% ...
11/25/2014 02:42:38 AM DEBUG: Data finishing 20.08% ...
11/25/2014 02:44:45 AM DEBUG: Data finishing 22.59% ...
11/25/2014 02:46:56 AM DEBUG: Data finishing 25.11% ...
11/25/2014 02:48:56 AM DEBUG: Data finishing 27.62% ...
11/25/2014 02:50:57 AM DEBUG: Data finishing 30.13% ...
11/25/2014 02:53:12 AM DEBUG: Data finishing 32.64% ...
11/25/2014 02:55:18 AM DEBUG: Data finishing 35.15% ...
11/25/2014 02:57:15 AM DEBUG: Data finishing 37.66% ...
11/25/2014 02:59:25 AM DEBUG: Data finishing 40.17% ...
11/25/2014 03:01:15 AM DEBUG: Data finishing 42.68% ...
11/25/2014 03:03:13 AM DEBUG: Data finishing 45.19% ...
11/25/2014 03:05:27 AM DEBUG: Data finishing 47.70% ...
11/25/2014 03:07:20 AM DEBUG: Data finishing 50.21% ...
11/25/2014 03:09:24 AM DEBUG: Data finishing 52.72% ...
11/25/2014 03:11:24 AM DEBUG: Data finishing 55.23% ...
11/25/2014 03:13:30 AM DEBUG: Data finishing 57.74% ...
11/25/2014 03:15:30 AM DEBUG: Data finishing 60.25% ...
11/25/2014 03:17:39 AM DEBUG: Data finishing 62.76% ...
11/25/2014 03:19:43 AM DEBUG: Data finishing 65.27% ...
11/25/2014 03:21:44 AM DEBUG: Data finishing 67.78% ...
11/25/2014 03:23:39 AM DEBUG: Data finishing 70.30% ...
11/25/2014 03:25:47 AM DEBUG: Data finishing 72.81% ...
11/25/2014 03:27:51 AM DEBUG: Data finishing 75.32% ...
11/25/2014 03:30:03 AM DEBUG: Data finishing 77.83% ...
11/25/2014 03:31:48 AM DEBUG: Data finishing 80.34% ...
11/25/2014 03:33:54 AM DEBUG: Data finishing 82.85% ...
11/25/2014 03:35:50 AM DEBUG: Data finishing 85.36% ...
11/25/2014 03:38:10 AM DEBUG: Data finishing 87.87% ...
11/25/2014 03:40:15 AM DEBUG: Data finishing 90.38% ...
11/25/2014 03:42:15 AM DEBUG: Data finishing 92.89% ...
11/25/2014 03:44:13 AM DEBUG: Data finishing 95.40% ...
11/25/2014 03:46:21 AM DEBUG: Data finishing 97.91% ...
11/25/2014 03:48:22 AM DEBUG: Dumping Weight Vector to /cs/natlang-projects/glm-parser/new_results/weight/OneIter8_Iter_0.db 
11/25/2014 03:48:22 AM DEBUG: Total Feature Num: 7561910 
11/25/2014 03:48:33 AM DEBUG: Loading data...
11/25/2014 03:48:34 AM DEBUG: Loading section 00 
11/25/2014 03:48:48 AM DEBUG: Loading section 01 
11/25/2014 03:49:05 AM DEBUG: Loading section 22 
11/25/2014 03:49:22 AM DEBUG: Loading section 24 
11/25/2014 03:49:34 AM DEBUG: Start evaluating ...
11/25/2014 03:49:34 AM INFO: Feature count: 7561910
11/25/2014 03:49:34 AM DEBUG: Data finishing 0.00% ...
11/25/2014 03:51:30 AM DEBUG: Data finishing 14.37% ...
11/25/2014 03:53:55 AM DEBUG: Data finishing 28.74% ...
11/25/2014 03:55:51 AM DEBUG: Data finishing 43.10% ...
11/25/2014 03:57:51 AM DEBUG: Data finishing 57.47% ...
11/25/2014 03:59:48 AM DEBUG: Data finishing 71.84% ...
11/25/2014 04:01:45 AM DEBUG: Data finishing 86.21% ...
11/25/2014 04:03:44 AM INFO: Unlabeled accuracy: 0.897601973015 (149948, 167054)
11/25/2014 04:03:44 AM INFO: Unlabeled attachment accuracy: 0.901697564564 (156908, 174014)
===============================================
Iter 9 :
11/25/2014 04:04:15 AM DEBUG: Loading Weight Vector from /cs/natlang-projects/glm-parser/new_results/weight/11-18-2014/Weight_Iter_8.db 
11/25/2014 04:04:30 AM DEBUG: Loading data...
11/25/2014 04:04:30 AM DEBUG: Loading data...
11/25/2014 04:04:30 AM DEBUG: Initialize AveragePerceptronLearner ... 
11/25/2014 04:04:30 AM DEBUG: Loading data...
11/25/2014 04:04:30 AM DEBUG: Loading section 02 
11/25/2014 04:04:42 AM DEBUG: Loading section 03 
11/25/2014 04:04:54 AM DEBUG: Loading section 04 
11/25/2014 04:05:07 AM DEBUG: Loading section 05 
11/25/2014 04:05:19 AM DEBUG: Loading section 06 
11/25/2014 04:05:30 AM DEBUG: Loading section 07 
11/25/2014 04:05:43 AM DEBUG: Loading section 08 
11/25/2014 04:05:44 AM DEBUG: Loading section 09 
11/25/2014 04:05:58 AM DEBUG: Loading section 10 
11/25/2014 04:06:06 AM DEBUG: Loading section 11 
11/25/2014 04:06:20 AM DEBUG: Loading section 12 
11/25/2014 04:06:29 AM DEBUG: Loading section 13 
11/25/2014 04:06:46 AM DEBUG: Loading section 14 
11/25/2014 04:06:55 AM DEBUG: Loading section 15 
11/25/2014 04:07:12 AM DEBUG: Loading section 16 
11/25/2014 04:07:23 AM DEBUG: Loading section 17 
11/25/2014 04:07:30 AM DEBUG: Loading section 18 
11/25/2014 04:07:51 AM DEBUG: Loading section 19 
11/25/2014 04:07:58 AM DEBUG: Loading section 20 
11/25/2014 04:08:06 AM DEBUG: Loading section 21 
11/25/2014 04:08:13 AM DEBUG: Starting sequential train ... 
11/25/2014 04:08:13 AM DEBUG: Iteration: 0
11/25/2014 04:08:13 AM DEBUG: Data size: 39832
11/25/2014 04:08:13 AM DEBUG: Data finishing 0.00% ...
11/25/2014 04:10:31 AM DEBUG: Data finishing 2.51% ...
11/25/2014 04:12:41 AM DEBUG: Data finishing 5.02% ...
11/25/2014 04:14:51 AM DEBUG: Data finishing 7.53% ...
11/25/2014 04:16:58 AM DEBUG: Data finishing 10.04% ...
11/25/2014 04:19:04 AM DEBUG: Data finishing 12.55% ...
11/25/2014 04:21:17 AM DEBUG: Data finishing 15.06% ...
11/25/2014 04:23:29 AM DEBUG: Data finishing 17.57% ...
11/25/2014 04:25:37 AM DEBUG: Data finishing 20.08% ...
11/25/2014 04:27:46 AM DEBUG: Data finishing 22.59% ...
11/25/2014 04:29:58 AM DEBUG: Data finishing 25.11% ...
11/25/2014 04:32:00 AM DEBUG: Data finishing 27.62% ...
11/25/2014 04:34:02 AM DEBUG: Data finishing 30.13% ...
11/25/2014 04:36:20 AM DEBUG: Data finishing 32.64% ...
11/25/2014 04:38:27 AM DEBUG: Data finishing 35.15% ...
11/25/2014 04:40:26 AM DEBUG: Data finishing 37.66% ...
11/25/2014 04:42:38 AM DEBUG: Data finishing 40.17% ...
11/25/2014 04:44:29 AM DEBUG: Data finishing 42.68% ...
11/25/2014 04:46:30 AM DEBUG: Data finishing 45.19% ...
11/25/2014 04:48:44 AM DEBUG: Data finishing 47.70% ...
11/25/2014 04:50:39 AM DEBUG: Data finishing 50.21% ...
11/25/2014 04:52:45 AM DEBUG: Data finishing 52.72% ...
11/25/2014 04:54:47 AM DEBUG: Data finishing 55.23% ...
11/25/2014 04:56:55 AM DEBUG: Data finishing 57.74% ...
11/25/2014 04:58:57 AM DEBUG: Data finishing 60.25% ...
11/25/2014 05:01:07 AM DEBUG: Data finishing 62.76% ...
11/25/2014 05:03:14 AM DEBUG: Data finishing 65.27% ...
11/25/2014 05:05:17 AM DEBUG: Data finishing 67.78% ...
11/25/2014 05:07:15 AM DEBUG: Data finishing 70.30% ...
11/25/2014 05:09:26 AM DEBUG: Data finishing 72.81% ...
11/25/2014 05:11:33 AM DEBUG: Data finishing 75.32% ...
11/25/2014 05:13:47 AM DEBUG: Data finishing 77.83% ...
11/25/2014 05:15:35 AM DEBUG: Data finishing 80.34% ...
11/25/2014 05:17:43 AM DEBUG: Data finishing 82.85% ...
11/25/2014 05:19:41 AM DEBUG: Data finishing 85.36% ...
11/25/2014 05:22:05 AM DEBUG: Data finishing 87.87% ...
11/25/2014 05:24:12 AM DEBUG: Data finishing 90.38% ...
11/25/2014 05:26:14 AM DEBUG: Data finishing 92.89% ...
11/25/2014 05:28:14 AM DEBUG: Data finishing 95.40% ...
11/25/2014 05:30:25 AM DEBUG: Data finishing 97.91% ...
11/25/2014 05:32:28 AM DEBUG: Dumping Weight Vector to /cs/natlang-projects/glm-parser/new_results/weight/OneIter9_Iter_0.db 
11/25/2014 05:32:28 AM DEBUG: Total Feature Num: 7539642 
11/25/2014 05:32:39 AM DEBUG: Loading data...
11/25/2014 05:32:40 AM DEBUG: Loading section 00 
11/25/2014 05:32:54 AM DEBUG: Loading section 01 
11/25/2014 05:33:12 AM DEBUG: Loading section 22 
11/25/2014 05:33:29 AM DEBUG: Loading section 24 
11/25/2014 05:33:41 AM DEBUG: Start evaluating ...
11/25/2014 05:33:41 AM INFO: Feature count: 7539642
11/25/2014 05:33:41 AM DEBUG: Data finishing 0.00% ...
11/25/2014 05:35:39 AM DEBUG: Data finishing 14.37% ...
11/25/2014 05:38:06 AM DEBUG: Data finishing 28.74% ...
11/25/2014 05:40:04 AM DEBUG: Data finishing 43.10% ...
11/25/2014 05:42:07 AM DEBUG: Data finishing 57.47% ...
11/25/2014 05:44:06 AM DEBUG: Data finishing 71.84% ...
11/25/2014 05:46:05 AM DEBUG: Data finishing 86.21% ...
11/25/2014 05:48:06 AM INFO: Unlabeled accuracy: 0.893459599890 (149256, 167054)
11/25/2014 05:48:06 AM INFO: Unlabeled attachment accuracy: 0.897720873033 (156216, 174014)
===============================================
Iter 10 :
11/25/2014 05:48:36 AM DEBUG: Loading Weight Vector from /cs/natlang-projects/glm-parser/new_results/weight/11-18-2014/Weight_Iter_9.db 
11/25/2014 05:48:51 AM DEBUG: Loading data...
11/25/2014 05:48:51 AM DEBUG: Loading data...
11/25/2014 05:48:51 AM DEBUG: Initialize AveragePerceptronLearner ... 
11/25/2014 05:48:51 AM DEBUG: Loading data...
11/25/2014 05:48:51 AM DEBUG: Loading section 02 
11/25/2014 05:49:03 AM DEBUG: Loading section 03 
11/25/2014 05:49:14 AM DEBUG: Loading section 04 
11/25/2014 05:49:28 AM DEBUG: Loading section 05 
11/25/2014 05:49:40 AM DEBUG: Loading section 06 
11/25/2014 05:49:50 AM DEBUG: Loading section 07 
11/25/2014 05:50:03 AM DEBUG: Loading section 08 
11/25/2014 05:50:05 AM DEBUG: Loading section 09 
11/25/2014 05:50:18 AM DEBUG: Loading section 10 
11/25/2014 05:50:26 AM DEBUG: Loading section 11 
11/25/2014 05:50:41 AM DEBUG: Loading section 12 
11/25/2014 05:50:49 AM DEBUG: Loading section 13 
11/25/2014 05:51:06 AM DEBUG: Loading section 14 
11/25/2014 05:51:14 AM DEBUG: Loading section 15 
11/25/2014 05:51:32 AM DEBUG: Loading section 16 
11/25/2014 05:51:43 AM DEBUG: Loading section 17 
11/25/2014 05:51:50 AM DEBUG: Loading section 18 
11/25/2014 05:52:10 AM DEBUG: Loading section 19 
11/25/2014 05:52:17 AM DEBUG: Loading section 20 
11/25/2014 05:52:25 AM DEBUG: Loading section 21 
11/25/2014 05:52:32 AM DEBUG: Starting sequential train ... 
11/25/2014 05:52:32 AM DEBUG: Iteration: 0
11/25/2014 05:52:32 AM DEBUG: Data size: 39832
11/25/2014 05:52:32 AM DEBUG: Data finishing 0.00% ...
11/25/2014 05:54:49 AM DEBUG: Data finishing 2.51% ...
11/25/2014 05:56:59 AM DEBUG: Data finishing 5.02% ...
11/25/2014 05:59:08 AM DEBUG: Data finishing 7.53% ...
11/25/2014 06:01:15 AM DEBUG: Data finishing 10.04% ...
11/25/2014 06:03:20 AM DEBUG: Data finishing 12.55% ...
11/25/2014 06:05:31 AM DEBUG: Data finishing 15.06% ...
11/25/2014 06:07:43 AM DEBUG: Data finishing 17.57% ...
11/25/2014 06:09:51 AM DEBUG: Data finishing 20.08% ...
11/25/2014 06:11:59 AM DEBUG: Data finishing 22.59% ...
11/25/2014 06:14:10 AM DEBUG: Data finishing 25.11% ...
11/25/2014 06:16:12 AM DEBUG: Data finishing 27.62% ...
11/25/2014 06:18:13 AM DEBUG: Data finishing 30.13% ...
11/25/2014 06:20:30 AM DEBUG: Data finishing 32.64% ...
11/25/2014 06:22:37 AM DEBUG: Data finishing 35.15% ...
11/25/2014 06:24:35 AM DEBUG: Data finishing 37.66% ...
11/25/2014 06:26:47 AM DEBUG: Data finishing 40.17% ...
11/25/2014 06:28:38 AM DEBUG: Data finishing 42.68% ...
11/25/2014 06:30:37 AM DEBUG: Data finishing 45.19% ...
11/25/2014 06:32:51 AM DEBUG: Data finishing 47.70% ...
11/25/2014 06:34:46 AM DEBUG: Data finishing 50.21% ...
11/25/2014 06:36:51 AM DEBUG: Data finishing 52.72% ...
11/25/2014 06:38:52 AM DEBUG: Data finishing 55.23% ...
11/25/2014 06:41:00 AM DEBUG: Data finishing 57.74% ...
11/25/2014 06:43:00 AM DEBUG: Data finishing 60.25% ...
11/25/2014 06:45:10 AM DEBUG: Data finishing 62.76% ...
11/25/2014 06:47:17 AM DEBUG: Data finishing 65.27% ...
11/25/2014 06:49:19 AM DEBUG: Data finishing 67.78% ...
11/25/2014 06:51:16 AM DEBUG: Data finishing 70.30% ...
11/25/2014 06:53:27 AM DEBUG: Data finishing 72.81% ...
11/25/2014 06:55:33 AM DEBUG: Data finishing 75.32% ...
11/25/2014 06:57:46 AM DEBUG: Data finishing 77.83% ...
11/25/2014 06:59:33 AM DEBUG: Data finishing 80.34% ...
11/25/2014 07:01:40 AM DEBUG: Data finishing 82.85% ...
11/25/2014 07:03:38 AM DEBUG: Data finishing 85.36% ...
11/25/2014 07:06:01 AM DEBUG: Data finishing 87.87% ...
11/25/2014 07:08:07 AM DEBUG: Data finishing 90.38% ...
11/25/2014 07:10:08 AM DEBUG: Data finishing 92.89% ...
11/25/2014 07:12:07 AM DEBUG: Data finishing 95.40% ...
11/25/2014 07:14:17 AM DEBUG: Data finishing 97.91% ...
11/25/2014 07:16:19 AM DEBUG: Dumping Weight Vector to /cs/natlang-projects/glm-parser/new_results/weight/OneIter10_Iter_0.db 
11/25/2014 07:16:19 AM DEBUG: Total Feature Num: 7525153 
11/25/2014 07:16:29 AM DEBUG: Loading data...
11/25/2014 07:16:30 AM DEBUG: Loading section 00 
11/25/2014 07:16:43 AM DEBUG: Loading section 01 
11/25/2014 07:17:00 AM DEBUG: Loading section 22 
11/25/2014 07:17:16 AM DEBUG: Loading section 24 
11/25/2014 07:17:26 AM DEBUG: Start evaluating ...
11/25/2014 07:17:26 AM INFO: Feature count: 7525153
11/25/2014 07:17:26 AM DEBUG: Data finishing 0.00% ...
11/25/2014 07:19:23 AM DEBUG: Data finishing 14.37% ...
11/25/2014 07:21:50 AM DEBUG: Data finishing 28.74% ...
11/25/2014 07:23:46 AM DEBUG: Data finishing 43.10% ...
11/25/2014 07:25:48 AM DEBUG: Data finishing 57.47% ...
11/25/2014 07:27:46 AM DEBUG: Data finishing 71.84% ...
11/25/2014 07:29:44 AM DEBUG: Data finishing 86.21% ...
11/25/2014 07:31:43 AM INFO: Unlabeled accuracy: 0.897063225065 (149858, 167054)
11/25/2014 07:31:43 AM INFO: Unlabeled attachment accuracy: 0.901180364798 (156818, 174014)
