zwa4792: vi ../../glm_parser.log
02/10/2015 01:47:44 AM DEBUG: Data finishing 57.65% ...
02/10/2015 01:50:03 AM DEBUG: Data finishing 86.48% ...
02/10/2015 01:51:07 AM DEBUG: Iteration: 9
02/10/2015 01:51:07 AM DEBUG: Data size: 3469
02/10/2015 01:51:07 AM DEBUG: Data finishing 0.00% ...
02/10/2015 01:53:34 AM DEBUG: Data finishing 28.83% ...
02/10/2015 01:55:53 AM DEBUG: Data finishing 57.65% ...
02/10/2015 01:58:12 AM DEBUG: Data finishing 86.48% ...
02/10/2015 01:59:17 AM DEBUG: Loading data...
02/10/2015 01:59:17 AM DEBUG: Loading section 00
02/10/2015 01:59:27 AM DEBUG: Loading section 01
02/10/2015 01:59:40 AM DEBUG: Loading section 22
02/10/2015 01:59:50 AM DEBUG: Loading section 24
02/10/2015 01:59:58 AM DEBUG: Start evaluating ...
02/10/2015 01:59:58 AM INFO: Feature count: 1835821
02/10/2015 01:59:58 AM DEBUG: Data finishing 0.00% ...
02/10/2015 02:02:09 AM DEBUG: Data finishing 14.37% ...
02/10/2015 02:04:54 AM DEBUG: Data finishing 28.74% ...
02/10/2015 02:07:04 AM DEBUG: Data finishing 43.10% ...
02/10/2015 02:09:21 AM DEBUG: Data finishing 57.47% ...
02/10/2015 02:11:33 AM DEBUG: Data finishing 71.84% ...
02/10/2015 02:13:46 AM DEBUG: Data finishing 86.21% ...
02/10/2015 02:16:01 AM INFO: Unlabeled accuracy: 0.860356531421 (143726, 167054)