12/12/2014 12:05:26 AM DEBUG: Loading data...
12/12/2014 12:05:26 AM DEBUG: Loading data...
12/12/2014 12:05:26 AM DEBUG: Initialize AveragePerceptronLearner ... 
12/12/2014 12:05:26 AM DEBUG: Loading data...
12/12/2014 12:05:26 AM DEBUG: Loading section 02 
12/12/2014 12:05:36 AM DEBUG: Loading section 03 
12/12/2014 12:05:46 AM DEBUG: Loading section 04 
12/12/2014 12:06:01 AM DEBUG: Loading section 05 
12/12/2014 12:06:14 AM DEBUG: Loading section 06 
12/12/2014 12:06:26 AM DEBUG: Loading section 07 
12/12/2014 12:06:40 AM DEBUG: Loading section 08 
12/12/2014 12:06:42 AM DEBUG: Loading section 09 
12/12/2014 12:06:58 AM DEBUG: Loading section 10 
12/12/2014 12:07:07 AM DEBUG: Loading section 11 
12/12/2014 12:07:24 AM DEBUG: Loading section 12 
12/12/2014 12:07:34 AM DEBUG: Loading section 13 
12/12/2014 12:07:54 AM DEBUG: Loading section 14 
12/12/2014 12:08:04 AM DEBUG: Loading section 15 
12/12/2014 12:08:24 AM DEBUG: Loading section 16 
12/12/2014 12:08:38 AM DEBUG: Loading section 17 
12/12/2014 12:08:47 AM DEBUG: Loading section 18 
12/12/2014 12:09:10 AM DEBUG: Loading section 19 
12/12/2014 12:09:19 AM DEBUG: Loading section 20 
12/12/2014 12:09:29 AM DEBUG: Loading section 21 
12/12/2014 12:09:37 AM DEBUG: Starting sequential train ... 
12/12/2014 12:09:37 AM DEBUG: Iteration: 0
12/12/2014 12:09:37 AM DEBUG: Data size: 39832
12/12/2014 12:09:37 AM DEBUG: Data finishing 0.00% ...
12/12/2014 12:12:17 AM DEBUG: Data finishing 2.51% ...
12/12/2014 12:14:49 AM DEBUG: Data finishing 5.02% ...
12/12/2014 12:17:22 AM DEBUG: Data finishing 7.53% ...
12/12/2014 12:19:43 AM DEBUG: Data finishing 10.04% ...
12/12/2014 12:22:07 AM DEBUG: Data finishing 12.55% ...
12/12/2014 12:24:56 AM DEBUG: Data finishing 15.06% ...
12/12/2014 12:27:25 AM DEBUG: Data finishing 17.57% ...
12/12/2014 12:30:01 AM DEBUG: Data finishing 20.08% ...
12/12/2014 12:32:41 AM DEBUG: Data finishing 22.59% ...
12/12/2014 12:35:09 AM DEBUG: Data finishing 25.11% ...
12/12/2014 12:37:36 AM DEBUG: Data finishing 27.62% ...
12/12/2014 12:39:57 AM DEBUG: Data finishing 30.13% ...
12/12/2014 12:42:38 AM DEBUG: Data finishing 32.64% ...
12/12/2014 12:45:09 AM DEBUG: Data finishing 35.15% ...
12/12/2014 12:47:41 AM DEBUG: Data finishing 37.66% ...
12/12/2014 12:50:13 AM DEBUG: Data finishing 40.17% ...
12/12/2014 12:52:43 AM DEBUG: Data finishing 42.68% ...
12/12/2014 12:55:03 AM DEBUG: Data finishing 45.19% ...
12/12/2014 12:57:35 AM DEBUG: Data finishing 47.70% ...
12/12/2014 12:59:52 AM DEBUG: Data finishing 50.21% ...
12/12/2014 01:02:10 AM DEBUG: Data finishing 52.72% ...
12/12/2014 01:04:33 AM DEBUG: Data finishing 55.23% ...
12/12/2014 01:06:58 AM DEBUG: Data finishing 57.74% ...
12/12/2014 01:09:39 AM DEBUG: Data finishing 60.25% ...
12/12/2014 01:12:03 AM DEBUG: Data finishing 62.76% ...
12/12/2014 01:14:33 AM DEBUG: Data finishing 65.27% ...
12/12/2014 01:16:56 AM DEBUG: Data finishing 67.78% ...
12/12/2014 01:19:31 AM DEBUG: Data finishing 70.30% ...
12/12/2014 01:22:13 AM DEBUG: Data finishing 72.81% ...
12/12/2014 01:24:37 AM DEBUG: Data finishing 75.32% ...
12/12/2014 01:26:52 AM DEBUG: Data finishing 77.83% ...
12/12/2014 01:29:21 AM DEBUG: Data finishing 80.34% ...
12/12/2014 01:31:55 AM DEBUG: Data finishing 82.85% ...
12/12/2014 01:34:23 AM DEBUG: Data finishing 85.36% ...
12/12/2014 01:37:06 AM DEBUG: Data finishing 87.87% ...
12/12/2014 01:39:27 AM DEBUG: Data finishing 90.38% ...
12/12/2014 01:41:50 AM DEBUG: Data finishing 92.89% ...
12/12/2014 01:44:20 AM DEBUG: Data finishing 95.40% ...
12/12/2014 01:46:47 AM DEBUG: Data finishing 97.91% ...
12/12/2014 01:49:15 AM DEBUG: Iteration: 1
12/12/2014 01:49:15 AM DEBUG: Data size: 39832
12/12/2014 01:49:15 AM DEBUG: Data finishing 0.00% ...
12/12/2014 01:49:23 AM DEBUG: Dumping Weight Vector to /cs/natlang-projects/glm-parser/new_results/weight/Spinal_Weight_Iter_0.db 
12/12/2014 01:49:23 AM DEBUG: Total Feature Num: 9534142 
12/12/2014 01:52:00 AM DEBUG: Data finishing 2.51% ...
12/12/2014 01:54:36 AM DEBUG: Data finishing 5.02% ...
12/12/2014 01:57:11 AM DEBUG: Data finishing 7.53% ...
12/12/2014 01:59:36 AM DEBUG: Data finishing 10.04% ...
12/12/2014 02:02:03 AM DEBUG: Data finishing 12.55% ...
12/12/2014 02:04:53 AM DEBUG: Data finishing 15.06% ...
12/12/2014 02:07:25 AM DEBUG: Data finishing 17.57% ...
12/12/2014 02:10:04 AM DEBUG: Data finishing 20.08% ...
12/12/2014 02:12:45 AM DEBUG: Data finishing 22.59% ...
12/12/2014 02:15:16 AM DEBUG: Data finishing 25.11% ...
12/12/2014 02:17:45 AM DEBUG: Data finishing 27.62% ...
12/12/2014 02:20:08 AM DEBUG: Data finishing 30.13% ...
12/12/2014 02:22:51 AM DEBUG: Data finishing 32.64% ...
12/12/2014 02:25:23 AM DEBUG: Data finishing 35.15% ...
12/12/2014 02:27:56 AM DEBUG: Data finishing 37.66% ...
12/12/2014 02:30:29 AM DEBUG: Data finishing 40.17% ...
12/12/2014 02:32:59 AM DEBUG: Data finishing 42.68% ...
12/12/2014 02:35:19 AM DEBUG: Data finishing 45.19% ...
12/12/2014 02:37:53 AM DEBUG: Data finishing 47.70% ...
12/12/2014 02:40:11 AM DEBUG: Data finishing 50.21% ...
12/12/2014 02:42:32 AM DEBUG: Data finishing 52.72% ...
12/12/2014 02:44:56 AM DEBUG: Data finishing 55.23% ...
12/12/2014 02:47:23 AM DEBUG: Data finishing 57.74% ...
12/12/2014 02:50:06 AM DEBUG: Data finishing 60.25% ...
12/12/2014 02:52:32 AM DEBUG: Data finishing 62.76% ...
12/12/2014 02:55:03 AM DEBUG: Data finishing 65.27% ...
12/12/2014 02:57:27 AM DEBUG: Data finishing 67.78% ...
12/12/2014 03:00:05 AM DEBUG: Data finishing 70.30% ...
12/12/2014 03:02:48 AM DEBUG: Data finishing 72.81% ...
12/12/2014 03:05:13 AM DEBUG: Data finishing 75.32% ...
12/12/2014 03:07:29 AM DEBUG: Data finishing 77.83% ...
12/12/2014 03:09:59 AM DEBUG: Data finishing 80.34% ...
12/12/2014 03:12:33 AM DEBUG: Data finishing 82.85% ...
12/12/2014 03:15:02 AM DEBUG: Data finishing 85.36% ...
12/12/2014 03:17:46 AM DEBUG: Data finishing 87.87% ...
12/12/2014 03:20:08 AM DEBUG: Data finishing 90.38% ...
12/12/2014 03:22:32 AM DEBUG: Data finishing 92.89% ...
12/12/2014 03:25:02 AM DEBUG: Data finishing 95.40% ...
12/12/2014 03:27:30 AM DEBUG: Data finishing 97.91% ...
12/12/2014 03:29:59 AM DEBUG: Iteration: 2
12/12/2014 03:29:59 AM DEBUG: Data size: 39832
12/12/2014 03:29:59 AM DEBUG: Data finishing 0.00% ...
12/12/2014 03:30:07 AM DEBUG: Dumping Weight Vector to /cs/natlang-projects/glm-parser/new_results/weight/Spinal_Weight_Iter_1.db 
12/12/2014 03:30:07 AM DEBUG: Total Feature Num: 9886118 
12/12/2014 03:32:44 AM DEBUG: Data finishing 2.51% ...
12/12/2014 03:35:20 AM DEBUG: Data finishing 5.02% ...
12/12/2014 03:37:56 AM DEBUG: Data finishing 7.53% ...
12/12/2014 03:40:20 AM DEBUG: Data finishing 10.04% ...
12/12/2014 03:42:46 AM DEBUG: Data finishing 12.55% ...
12/12/2014 03:45:36 AM DEBUG: Data finishing 15.06% ...
12/12/2014 03:48:07 AM DEBUG: Data finishing 17.57% ...
12/12/2014 03:50:46 AM DEBUG: Data finishing 20.08% ...
12/12/2014 03:53:27 AM DEBUG: Data finishing 22.59% ...
12/12/2014 03:55:58 AM DEBUG: Data finishing 25.11% ...
12/12/2014 03:58:27 AM DEBUG: Data finishing 27.62% ...
12/12/2014 04:00:49 AM DEBUG: Data finishing 30.13% ...
12/12/2014 04:03:31 AM DEBUG: Data finishing 32.64% ...
12/12/2014 04:06:03 AM DEBUG: Data finishing 35.15% ...
12/12/2014 04:08:36 AM DEBUG: Data finishing 37.66% ...
12/12/2014 04:11:08 AM DEBUG: Data finishing 40.17% ...
12/12/2014 04:13:38 AM DEBUG: Data finishing 42.68% ...
12/12/2014 04:15:57 AM DEBUG: Data finishing 45.19% ...
12/12/2014 04:18:30 AM DEBUG: Data finishing 47.70% ...
12/12/2014 04:20:49 AM DEBUG: Data finishing 50.21% ...
12/12/2014 04:23:09 AM DEBUG: Data finishing 52.72% ...
12/12/2014 04:25:33 AM DEBUG: Data finishing 55.23% ...
12/12/2014 04:28:00 AM DEBUG: Data finishing 57.74% ...
12/12/2014 04:30:42 AM DEBUG: Data finishing 60.25% ...
12/12/2014 04:33:08 AM DEBUG: Data finishing 62.76% ...
12/12/2014 04:35:38 AM DEBUG: Data finishing 65.27% ...
12/12/2014 04:38:02 AM DEBUG: Data finishing 67.78% ...
12/12/2014 04:40:39 AM DEBUG: Data finishing 70.30% ...
12/12/2014 04:43:22 AM DEBUG: Data finishing 72.81% ...
12/12/2014 04:45:47 AM DEBUG: Data finishing 75.32% ...
12/12/2014 04:48:03 AM DEBUG: Data finishing 77.83% ...
12/12/2014 04:50:33 AM DEBUG: Data finishing 80.34% ...
12/12/2014 04:53:07 AM DEBUG: Data finishing 82.85% ...
12/12/2014 04:55:36 AM DEBUG: Data finishing 85.36% ...
12/12/2014 04:58:19 AM DEBUG: Data finishing 87.87% ...
12/12/2014 05:00:41 AM DEBUG: Data finishing 90.38% ...
12/12/2014 05:03:05 AM DEBUG: Data finishing 92.89% ...
12/12/2014 05:05:34 AM DEBUG: Data finishing 95.40% ...
12/12/2014 05:08:02 AM DEBUG: Data finishing 97.91% ...
12/12/2014 05:10:31 AM DEBUG: Iteration: 3
12/12/2014 05:10:31 AM DEBUG: Data size: 39832
12/12/2014 05:10:31 AM DEBUG: Data finishing 0.00% ...
12/12/2014 05:10:39 AM DEBUG: Dumping Weight Vector to /cs/natlang-projects/glm-parser/new_results/weight/Spinal_Weight_Iter_2.db 
12/12/2014 05:10:39 AM DEBUG: Total Feature Num: 10066840 
12/12/2014 05:13:16 AM DEBUG: Data finishing 2.51% ...
12/12/2014 05:15:52 AM DEBUG: Data finishing 5.02% ...
12/12/2014 05:18:27 AM DEBUG: Data finishing 7.53% ...
12/12/2014 05:20:51 AM DEBUG: Data finishing 10.04% ...
12/12/2014 05:23:18 AM DEBUG: Data finishing 12.55% ...
12/12/2014 05:26:08 AM DEBUG: Data finishing 15.06% ...
12/12/2014 05:28:39 AM DEBUG: Data finishing 17.57% ...
12/12/2014 05:31:18 AM DEBUG: Data finishing 20.08% ...
12/12/2014 05:33:59 AM DEBUG: Data finishing 22.59% ...
12/12/2014 05:36:29 AM DEBUG: Data finishing 25.11% ...
12/12/2014 05:38:58 AM DEBUG: Data finishing 27.62% ...
12/12/2014 05:41:21 AM DEBUG: Data finishing 30.13% ...
12/12/2014 05:44:03 AM DEBUG: Data finishing 32.64% ...
12/12/2014 05:46:35 AM DEBUG: Data finishing 35.15% ...
12/12/2014 05:49:08 AM DEBUG: Data finishing 37.66% ...
12/12/2014 05:51:40 AM DEBUG: Data finishing 40.17% ...
12/12/2014 05:54:10 AM DEBUG: Data finishing 42.68% ...
12/12/2014 05:56:29 AM DEBUG: Data finishing 45.19% ...
12/12/2014 05:59:02 AM DEBUG: Data finishing 47.70% ...
12/12/2014 06:01:20 AM DEBUG: Data finishing 50.21% ...
12/12/2014 06:03:41 AM DEBUG: Data finishing 52.72% ...
12/12/2014 06:06:05 AM DEBUG: Data finishing 55.23% ...
12/12/2014 06:08:32 AM DEBUG: Data finishing 57.74% ...
12/12/2014 06:11:14 AM DEBUG: Data finishing 60.25% ...
12/12/2014 06:13:40 AM DEBUG: Data finishing 62.76% ...
12/12/2014 06:16:10 AM DEBUG: Data finishing 65.27% ...
12/12/2014 06:18:35 AM DEBUG: Data finishing 67.78% ...
12/12/2014 06:21:12 AM DEBUG: Data finishing 70.30% ...
12/12/2014 06:23:54 AM DEBUG: Data finishing 72.81% ...
12/12/2014 06:26:19 AM DEBUG: Data finishing 75.32% ...
12/12/2014 06:28:35 AM DEBUG: Data finishing 77.83% ...
12/12/2014 06:31:06 AM DEBUG: Data finishing 80.34% ...
12/12/2014 06:33:39 AM DEBUG: Data finishing 82.85% ...
12/12/2014 06:36:08 AM DEBUG: Data finishing 85.36% ...
12/12/2014 06:38:52 AM DEBUG: Data finishing 87.87% ...
12/12/2014 06:41:14 AM DEBUG: Data finishing 90.38% ...
12/12/2014 06:43:37 AM DEBUG: Data finishing 92.89% ...
12/12/2014 06:46:06 AM DEBUG: Data finishing 95.40% ...
12/12/2014 06:48:34 AM DEBUG: Data finishing 97.91% ...
12/12/2014 06:51:04 AM DEBUG: Iteration: 4
12/12/2014 06:51:04 AM DEBUG: Data size: 39832
12/12/2014 06:51:04 AM DEBUG: Data finishing 0.00% ...
12/12/2014 06:51:12 AM DEBUG: Dumping Weight Vector to /cs/natlang-projects/glm-parser/new_results/weight/Spinal_Weight_Iter_3.db 
12/12/2014 06:51:12 AM DEBUG: Total Feature Num: 10174094 
12/12/2014 06:53:54 AM DEBUG: Data finishing 2.51% ...
12/12/2014 06:56:33 AM DEBUG: Data finishing 5.02% ...
12/12/2014 06:59:11 AM DEBUG: Data finishing 7.53% ...
12/12/2014 07:01:38 AM DEBUG: Data finishing 10.04% ...
12/12/2014 07:04:07 AM DEBUG: Data finishing 12.55% ...
12/12/2014 07:07:00 AM DEBUG: Data finishing 15.06% ...
12/12/2014 07:09:34 AM DEBUG: Data finishing 17.57% ...
12/12/2014 07:12:15 AM DEBUG: Data finishing 20.08% ...
12/12/2014 07:14:59 AM DEBUG: Data finishing 22.59% ...
12/12/2014 07:17:32 AM DEBUG: Data finishing 25.11% ...
12/12/2014 07:20:04 AM DEBUG: Data finishing 27.62% ...
12/12/2014 07:22:29 AM DEBUG: Data finishing 30.13% ...
12/12/2014 07:25:13 AM DEBUG: Data finishing 32.64% ...
12/12/2014 07:27:48 AM DEBUG: Data finishing 35.15% ...
12/12/2014 07:30:24 AM DEBUG: Data finishing 37.66% ...
12/12/2014 07:32:58 AM DEBUG: Data finishing 40.17% ...
12/12/2014 07:35:31 AM DEBUG: Data finishing 42.68% ...
12/12/2014 07:37:52 AM DEBUG: Data finishing 45.19% ...
12/12/2014 07:40:28 AM DEBUG: Data finishing 47.70% ...
12/12/2014 07:42:49 AM DEBUG: Data finishing 50.21% ...
12/12/2014 07:45:12 AM DEBUG: Data finishing 52.72% ...
12/12/2014 07:47:38 AM DEBUG: Data finishing 55.23% ...
12/12/2014 07:50:08 AM DEBUG: Data finishing 57.74% ...
12/12/2014 07:52:53 AM DEBUG: Data finishing 60.25% ...
12/12/2014 07:55:21 AM DEBUG: Data finishing 62.76% ...
12/12/2014 07:57:54 AM DEBUG: Data finishing 65.27% ...
12/12/2014 08:00:20 AM DEBUG: Data finishing 67.78% ...
12/12/2014 08:03:00 AM DEBUG: Data finishing 70.30% ...
12/12/2014 08:05:45 AM DEBUG: Data finishing 72.81% ...
12/12/2014 08:08:12 AM DEBUG: Data finishing 75.32% ...
12/12/2014 08:10:30 AM DEBUG: Data finishing 77.83% ...
12/12/2014 08:13:03 AM DEBUG: Data finishing 80.34% ...
12/12/2014 08:15:39 AM DEBUG: Data finishing 82.85% ...
12/12/2014 08:18:11 AM DEBUG: Data finishing 85.36% ...
12/12/2014 08:20:57 AM DEBUG: Data finishing 87.87% ...
12/12/2014 08:23:21 AM DEBUG: Data finishing 90.38% ...
12/12/2014 08:25:47 AM DEBUG: Data finishing 92.89% ...
12/12/2014 08:28:19 AM DEBUG: Data finishing 95.40% ...
12/12/2014 08:30:49 AM DEBUG: Data finishing 97.91% ...
12/12/2014 08:33:23 AM DEBUG: Iteration: 5
12/12/2014 08:33:23 AM DEBUG: Data size: 39832
12/12/2014 08:33:23 AM DEBUG: Data finishing 0.00% ...
12/12/2014 08:33:31 AM DEBUG: Dumping Weight Vector to /cs/natlang-projects/glm-parser/new_results/weight/Spinal_Weight_Iter_4.db 
12/12/2014 08:33:31 AM DEBUG: Total Feature Num: 10248242 
12/12/2014 08:36:14 AM DEBUG: Data finishing 2.51% ...
12/12/2014 08:38:55 AM DEBUG: Data finishing 5.02% ...
12/12/2014 08:41:35 AM DEBUG: Data finishing 7.53% ...
12/12/2014 08:44:02 AM DEBUG: Data finishing 10.04% ...
12/12/2014 08:46:32 AM DEBUG: Data finishing 12.55% ...
12/12/2014 08:49:26 AM DEBUG: Data finishing 15.06% ...
12/12/2014 08:52:00 AM DEBUG: Data finishing 17.57% ...
12/12/2014 08:54:42 AM DEBUG: Data finishing 20.08% ...
12/12/2014 08:57:27 AM DEBUG: Data finishing 22.59% ...
12/12/2014 09:00:01 AM DEBUG: Data finishing 25.11% ...
12/12/2014 09:02:33 AM DEBUG: Data finishing 27.62% ...
12/12/2014 09:04:58 AM DEBUG: Data finishing 30.13% ...
12/12/2014 09:07:44 AM DEBUG: Data finishing 32.64% ...
12/12/2014 09:10:19 AM DEBUG: Data finishing 35.15% ...
12/12/2014 09:12:55 AM DEBUG: Data finishing 37.66% ...
12/12/2014 09:15:31 AM DEBUG: Data finishing 40.17% ...
12/12/2014 09:18:04 AM DEBUG: Data finishing 42.68% ...
12/12/2014 09:20:26 AM DEBUG: Data finishing 45.19% ...
12/12/2014 09:23:03 AM DEBUG: Data finishing 47.70% ...
12/12/2014 09:25:24 AM DEBUG: Data finishing 50.21% ...
12/12/2014 09:27:47 AM DEBUG: Data finishing 52.72% ...
12/12/2014 09:30:14 AM DEBUG: Data finishing 55.23% ...
12/12/2014 09:32:44 AM DEBUG: Data finishing 57.74% ...
12/12/2014 09:35:30 AM DEBUG: Data finishing 60.25% ...
12/12/2014 09:37:58 AM DEBUG: Data finishing 62.76% ...
12/12/2014 09:40:32 AM DEBUG: Data finishing 65.27% ...
12/12/2014 09:42:59 AM DEBUG: Data finishing 67.78% ...
12/12/2014 09:45:39 AM DEBUG: Data finishing 70.30% ...
12/12/2014 09:48:25 AM DEBUG: Data finishing 72.81% ...
12/12/2014 09:50:53 AM DEBUG: Data finishing 75.32% ...
12/12/2014 09:53:11 AM DEBUG: Data finishing 77.83% ...
12/12/2014 09:55:45 AM DEBUG: Data finishing 80.34% ...
12/12/2014 09:58:22 AM DEBUG: Data finishing 82.85% ...
12/12/2014 10:00:53 AM DEBUG: Data finishing 85.36% ...
12/12/2014 10:03:40 AM DEBUG: Data finishing 87.87% ...
12/12/2014 10:06:05 AM DEBUG: Data finishing 90.38% ...
12/12/2014 10:08:31 AM DEBUG: Data finishing 92.89% ...
12/12/2014 10:11:03 AM DEBUG: Data finishing 95.40% ...
12/12/2014 10:13:34 AM DEBUG: Data finishing 97.91% ...
12/12/2014 10:16:09 AM DEBUG: Iteration: 6
12/12/2014 10:16:09 AM DEBUG: Data size: 39832
12/12/2014 10:16:09 AM DEBUG: Data finishing 0.00% ...
12/12/2014 10:16:17 AM DEBUG: Dumping Weight Vector to /cs/natlang-projects/glm-parser/new_results/weight/Spinal_Weight_Iter_5.db 
12/12/2014 10:16:17 AM DEBUG: Total Feature Num: 10302575 
12/12/2014 10:18:59 AM DEBUG: Data finishing 2.51% ...
12/12/2014 10:21:39 AM DEBUG: Data finishing 5.02% ...
12/12/2014 10:24:17 AM DEBUG: Data finishing 7.53% ...
12/12/2014 10:26:44 AM DEBUG: Data finishing 10.04% ...
12/12/2014 10:29:15 AM DEBUG: Data finishing 12.55% ...
12/12/2014 10:32:09 AM DEBUG: Data finishing 15.06% ...
12/12/2014 10:34:43 AM DEBUG: Data finishing 17.57% ...
12/12/2014 10:37:25 AM DEBUG: Data finishing 20.08% ...
12/12/2014 10:40:09 AM DEBUG: Data finishing 22.59% ...
12/12/2014 10:42:43 AM DEBUG: Data finishing 25.11% ...
12/12/2014 10:45:14 AM DEBUG: Data finishing 27.62% ...
12/12/2014 10:47:40 AM DEBUG: Data finishing 30.13% ...
12/12/2014 10:50:25 AM DEBUG: Data finishing 32.64% ...
12/12/2014 10:53:00 AM DEBUG: Data finishing 35.15% ...
12/12/2014 10:55:36 AM DEBUG: Data finishing 37.66% ...
12/12/2014 10:58:12 AM DEBUG: Data finishing 40.17% ...
12/12/2014 11:00:44 AM DEBUG: Data finishing 42.68% ...
12/12/2014 11:03:07 AM DEBUG: Data finishing 45.19% ...
12/12/2014 11:05:43 AM DEBUG: Data finishing 47.70% ...
12/12/2014 11:08:04 AM DEBUG: Data finishing 50.21% ...
12/12/2014 11:10:27 AM DEBUG: Data finishing 52.72% ...
12/12/2014 11:12:54 AM DEBUG: Data finishing 55.23% ...
12/12/2014 11:15:24 AM DEBUG: Data finishing 57.74% ...
12/12/2014 11:18:10 AM DEBUG: Data finishing 60.25% ...
12/12/2014 11:20:37 AM DEBUG: Data finishing 62.76% ...
12/12/2014 11:23:11 AM DEBUG: Data finishing 65.27% ...
12/12/2014 11:25:38 AM DEBUG: Data finishing 67.78% ...
12/12/2014 11:28:17 AM DEBUG: Data finishing 70.30% ...
12/12/2014 11:31:03 AM DEBUG: Data finishing 72.81% ...
12/12/2014 11:33:31 AM DEBUG: Data finishing 75.32% ...
12/12/2014 11:35:49 AM DEBUG: Data finishing 77.83% ...
12/12/2014 11:38:22 AM DEBUG: Data finishing 80.34% ...
12/12/2014 11:40:59 AM DEBUG: Data finishing 82.85% ...
12/12/2014 11:43:31 AM DEBUG: Data finishing 85.36% ...
12/12/2014 11:46:17 AM DEBUG: Data finishing 87.87% ...
12/12/2014 11:48:41 AM DEBUG: Data finishing 90.38% ...
12/12/2014 11:51:07 AM DEBUG: Data finishing 92.89% ...
12/12/2014 11:53:40 AM DEBUG: Data finishing 95.40% ...
12/12/2014 11:56:10 AM DEBUG: Data finishing 97.91% ...
12/12/2014 11:58:45 AM DEBUG: Iteration: 7
12/12/2014 11:58:45 AM DEBUG: Data size: 39832
12/12/2014 11:58:45 AM DEBUG: Data finishing 0.00% ...
12/12/2014 11:58:54 AM DEBUG: Dumping Weight Vector to /cs/natlang-projects/glm-parser/new_results/weight/Spinal_Weight_Iter_6.db 
12/12/2014 11:58:54 AM DEBUG: Total Feature Num: 10342271 
12/12/2014 12:01:32 PM DEBUG: Data finishing 2.51% ...
12/12/2014 12:04:10 PM DEBUG: Data finishing 5.02% ...
12/12/2014 12:06:47 PM DEBUG: Data finishing 7.53% ...
12/12/2014 12:09:12 PM DEBUG: Data finishing 10.04% ...
12/12/2014 12:11:40 PM DEBUG: Data finishing 12.55% ...
12/12/2014 12:14:32 PM DEBUG: Data finishing 15.06% ...
12/12/2014 12:17:05 PM DEBUG: Data finishing 17.57% ...
12/12/2014 12:19:46 PM DEBUG: Data finishing 20.08% ...
12/12/2014 12:22:29 PM DEBUG: Data finishing 22.59% ...
12/12/2014 12:25:01 PM DEBUG: Data finishing 25.11% ...
12/12/2014 12:27:31 PM DEBUG: Data finishing 27.62% ...
12/12/2014 12:29:55 PM DEBUG: Data finishing 30.13% ...
12/12/2014 12:32:39 PM DEBUG: Data finishing 32.64% ...
12/12/2014 12:35:13 PM DEBUG: Data finishing 35.15% ...
12/12/2014 12:37:47 PM DEBUG: Data finishing 37.66% ...
12/12/2014 12:40:21 PM DEBUG: Data finishing 40.17% ...
12/12/2014 12:42:52 PM DEBUG: Data finishing 42.68% ...
12/12/2014 12:45:13 PM DEBUG: Data finishing 45.19% ...
12/12/2014 12:47:48 PM DEBUG: Data finishing 47.70% ...
12/12/2014 12:50:08 PM DEBUG: Data finishing 50.21% ...
12/12/2014 12:52:29 PM DEBUG: Data finishing 52.72% ...
12/12/2014 12:54:55 PM DEBUG: Data finishing 55.23% ...
12/12/2014 12:57:23 PM DEBUG: Data finishing 57.74% ...
12/12/2014 01:00:07 PM DEBUG: Data finishing 60.25% ...
12/12/2014 01:02:34 PM DEBUG: Data finishing 62.76% ...
12/12/2014 01:05:07 PM DEBUG: Data finishing 65.27% ...
12/12/2014 01:07:32 PM DEBUG: Data finishing 67.78% ...
12/12/2014 01:10:10 PM DEBUG: Data finishing 70.30% ...
12/12/2014 01:12:55 PM DEBUG: Data finishing 72.81% ...
12/12/2014 01:15:21 PM DEBUG: Data finishing 75.32% ...
12/12/2014 01:17:38 PM DEBUG: Data finishing 77.83% ...
12/12/2014 01:20:10 PM DEBUG: Data finishing 80.34% ...
12/12/2014 01:22:46 PM DEBUG: Data finishing 82.85% ...
12/12/2014 01:25:16 PM DEBUG: Data finishing 85.36% ...
12/12/2014 01:28:01 PM DEBUG: Data finishing 87.87% ...
12/12/2014 01:30:24 PM DEBUG: Data finishing 90.38% ...
12/12/2014 01:32:49 PM DEBUG: Data finishing 92.89% ...
12/12/2014 01:35:20 PM DEBUG: Data finishing 95.40% ...
12/12/2014 01:37:49 PM DEBUG: Data finishing 97.91% ...
12/12/2014 01:40:21 PM DEBUG: Iteration: 8
12/12/2014 01:40:21 PM DEBUG: Data size: 39832
12/12/2014 01:40:21 PM DEBUG: Data finishing 0.00% ...
12/12/2014 01:40:30 PM DEBUG: Dumping Weight Vector to /cs/natlang-projects/glm-parser/new_results/weight/Spinal_Weight_Iter_7.db 
12/12/2014 01:40:30 PM DEBUG: Total Feature Num: 10373455 
12/12/2014 01:43:07 PM DEBUG: Data finishing 2.51% ...
12/12/2014 01:45:44 PM DEBUG: Data finishing 5.02% ...
12/12/2014 01:48:19 PM DEBUG: Data finishing 7.53% ...
12/12/2014 01:50:44 PM DEBUG: Data finishing 10.04% ...
12/12/2014 01:53:11 PM DEBUG: Data finishing 12.55% ...
12/12/2014 01:56:04 PM DEBUG: Data finishing 15.06% ...
12/12/2014 01:58:37 PM DEBUG: Data finishing 17.57% ...
12/12/2014 02:01:16 PM DEBUG: Data finishing 20.08% ...
12/12/2014 02:03:58 PM DEBUG: Data finishing 22.59% ...
12/12/2014 02:06:29 PM DEBUG: Data finishing 25.11% ...
12/12/2014 02:08:59 PM DEBUG: Data finishing 27.62% ...
12/12/2014 02:11:22 PM DEBUG: Data finishing 30.13% ...
12/12/2014 02:14:04 PM DEBUG: Data finishing 32.64% ...
12/12/2014 02:16:36 PM DEBUG: Data finishing 35.15% ...
12/12/2014 02:19:10 PM DEBUG: Data finishing 37.66% ...
12/12/2014 02:21:43 PM DEBUG: Data finishing 40.17% ...
12/12/2014 02:24:13 PM DEBUG: Data finishing 42.68% ...
12/12/2014 02:26:33 PM DEBUG: Data finishing 45.19% ...
12/12/2014 02:29:07 PM DEBUG: Data finishing 47.70% ...
12/12/2014 02:31:25 PM DEBUG: Data finishing 50.21% ...
12/12/2014 02:33:46 PM DEBUG: Data finishing 52.72% ...
12/12/2014 02:36:11 PM DEBUG: Data finishing 55.23% ...
12/12/2014 02:38:38 PM DEBUG: Data finishing 57.74% ...
12/12/2014 02:41:21 PM DEBUG: Data finishing 60.25% ...
12/12/2014 02:43:47 PM DEBUG: Data finishing 62.76% ...
12/12/2014 02:46:18 PM DEBUG: Data finishing 65.27% ...
12/12/2014 02:48:42 PM DEBUG: Data finishing 67.78% ...
12/12/2014 02:51:20 PM DEBUG: Data finishing 70.30% ...
12/12/2014 02:54:03 PM DEBUG: Data finishing 72.81% ...
12/12/2014 02:56:28 PM DEBUG: Data finishing 75.32% ...
12/12/2014 02:58:44 PM DEBUG: Data finishing 77.83% ...
12/12/2014 03:01:15 PM DEBUG: Data finishing 80.34% ...
12/12/2014 03:03:49 PM DEBUG: Data finishing 82.85% ...
12/12/2014 03:06:19 PM DEBUG: Data finishing 85.36% ...
12/12/2014 03:09:03 PM DEBUG: Data finishing 87.87% ...
12/12/2014 03:11:26 PM DEBUG: Data finishing 90.38% ...
12/12/2014 03:13:50 PM DEBUG: Data finishing 92.89% ...
12/12/2014 03:16:20 PM DEBUG: Data finishing 95.40% ...
12/12/2014 03:18:49 PM DEBUG: Data finishing 97.91% ...
12/12/2014 03:21:19 PM DEBUG: Iteration: 9
12/12/2014 03:21:19 PM DEBUG: Data size: 39832
12/12/2014 03:21:19 PM DEBUG: Data finishing 0.00% ...
12/12/2014 03:21:28 PM DEBUG: Dumping Weight Vector to /cs/natlang-projects/glm-parser/new_results/weight/Spinal_Weight_Iter_8.db 
12/12/2014 03:21:28 PM DEBUG: Total Feature Num: 10398905 
12/12/2014 03:24:05 PM DEBUG: Data finishing 2.51% ...
12/12/2014 03:26:42 PM DEBUG: Data finishing 5.02% ...
12/12/2014 03:29:17 PM DEBUG: Data finishing 7.53% ...
12/12/2014 03:31:42 PM DEBUG: Data finishing 10.04% ...
12/12/2014 03:34:09 PM DEBUG: Data finishing 12.55% ...
12/12/2014 03:37:00 PM DEBUG: Data finishing 15.06% ...
12/12/2014 03:39:32 PM DEBUG: Data finishing 17.57% ...
12/12/2014 03:42:11 PM DEBUG: Data finishing 20.08% ...
12/12/2014 03:44:54 PM DEBUG: Data finishing 22.59% ...
12/12/2014 03:47:24 PM DEBUG: Data finishing 25.11% ...
12/12/2014 03:49:54 PM DEBUG: Data finishing 27.62% ...
12/12/2014 03:52:17 PM DEBUG: Data finishing 30.13% ...
12/12/2014 03:55:00 PM DEBUG: Data finishing 32.64% ...
12/12/2014 03:57:32 PM DEBUG: Data finishing 35.15% ...
12/12/2014 04:00:06 PM DEBUG: Data finishing 37.66% ...
12/12/2014 04:02:38 PM DEBUG: Data finishing 40.17% ...
12/12/2014 04:05:08 PM DEBUG: Data finishing 42.68% ...
12/12/2014 04:07:28 PM DEBUG: Data finishing 45.19% ...
12/12/2014 04:10:03 PM DEBUG: Data finishing 47.70% ...
12/12/2014 04:12:21 PM DEBUG: Data finishing 50.21% ...
12/12/2014 04:14:42 PM DEBUG: Data finishing 52.72% ...
12/12/2014 04:17:07 PM DEBUG: Data finishing 55.23% ...
12/12/2014 04:19:35 PM DEBUG: Data finishing 57.74% ...
12/12/2014 04:22:18 PM DEBUG: Data finishing 60.25% ...
12/12/2014 04:24:43 PM DEBUG: Data finishing 62.76% ...
12/12/2014 04:27:14 PM DEBUG: Data finishing 65.27% ...
12/12/2014 04:29:39 PM DEBUG: Data finishing 67.78% ...
12/12/2014 04:32:16 PM DEBUG: Data finishing 70.30% ...
12/12/2014 04:34:59 PM DEBUG: Data finishing 72.81% ...
12/12/2014 04:37:24 PM DEBUG: Data finishing 75.32% ...
12/12/2014 04:39:40 PM DEBUG: Data finishing 77.83% ...
12/12/2014 04:42:11 PM DEBUG: Data finishing 80.34% ...
12/12/2014 04:44:46 PM DEBUG: Data finishing 82.85% ...
12/12/2014 04:47:16 PM DEBUG: Data finishing 85.36% ...
12/12/2014 04:49:59 PM DEBUG: Data finishing 87.87% ...
12/12/2014 04:52:22 PM DEBUG: Data finishing 90.38% ...
12/12/2014 04:54:45 PM DEBUG: Data finishing 92.89% ...
12/12/2014 04:57:15 PM DEBUG: Data finishing 95.40% ...
12/12/2014 04:59:43 PM DEBUG: Data finishing 97.91% ...
12/12/2014 05:02:13 PM DEBUG: Iteration: 10
12/12/2014 05:02:13 PM DEBUG: Data size: 39832
12/12/2014 05:02:13 PM DEBUG: Data finishing 0.00% ...
12/12/2014 05:02:21 PM DEBUG: Dumping Weight Vector to /cs/natlang-projects/glm-parser/new_results/weight/Spinal_Weight_Iter_9.db 
12/12/2014 05:02:21 PM DEBUG: Total Feature Num: 10420623 
12/12/2014 05:05:04 PM DEBUG: Data finishing 2.51% ...
12/12/2014 05:07:42 PM DEBUG: Data finishing 5.02% ...
12/12/2014 05:10:19 PM DEBUG: Data finishing 7.53% ...
12/12/2014 05:12:45 PM DEBUG: Data finishing 10.04% ...
12/12/2014 05:15:13 PM DEBUG: Data finishing 12.55% ...
12/12/2014 05:18:05 PM DEBUG: Data finishing 15.06% ...
12/12/2014 05:20:38 PM DEBUG: Data finishing 17.57% ...
12/12/2014 05:23:19 PM DEBUG: Data finishing 20.08% ...
12/12/2014 05:26:02 PM DEBUG: Data finishing 22.59% ...
12/12/2014 05:28:34 PM DEBUG: Data finishing 25.11% ...
12/12/2014 05:31:05 PM DEBUG: Data finishing 27.62% ...
12/12/2014 05:33:29 PM DEBUG: Data finishing 30.13% ...
12/12/2014 05:36:13 PM DEBUG: Data finishing 32.64% ...
12/12/2014 05:38:46 PM DEBUG: Data finishing 35.15% ...
12/12/2014 05:41:21 PM DEBUG: Data finishing 37.66% ...
12/12/2014 05:43:55 PM DEBUG: Data finishing 40.17% ...
12/12/2014 05:46:26 PM DEBUG: Data finishing 42.68% ...
12/12/2014 05:48:47 PM DEBUG: Data finishing 45.19% ...
12/12/2014 05:51:22 PM DEBUG: Data finishing 47.70% ...
12/12/2014 05:53:42 PM DEBUG: Data finishing 50.21% ...
12/12/2014 05:56:03 PM DEBUG: Data finishing 52.72% ...
12/12/2014 05:58:29 PM DEBUG: Data finishing 55.23% ...
12/12/2014 06:00:57 PM DEBUG: Data finishing 57.74% ...
12/12/2014 06:03:41 PM DEBUG: Data finishing 60.25% ...
12/12/2014 06:06:08 PM DEBUG: Data finishing 62.76% ...
12/12/2014 06:08:40 PM DEBUG: Data finishing 65.27% ...
12/12/2014 06:11:06 PM DEBUG: Data finishing 67.78% ...
12/12/2014 06:13:44 PM DEBUG: Data finishing 70.30% ...
12/12/2014 06:16:29 PM DEBUG: Data finishing 72.81% ...
12/12/2014 06:18:55 PM DEBUG: Data finishing 75.32% ...
12/12/2014 06:21:12 PM DEBUG: Data finishing 77.83% ...
12/12/2014 06:23:44 PM DEBUG: Data finishing 80.34% ...
12/12/2014 06:26:19 PM DEBUG: Data finishing 82.85% ...
12/12/2014 06:28:50 PM DEBUG: Data finishing 85.36% ...
12/12/2014 06:31:35 PM DEBUG: Data finishing 87.87% ...
12/12/2014 06:33:58 PM DEBUG: Data finishing 90.38% ...
12/12/2014 06:36:23 PM DEBUG: Data finishing 92.89% ...
12/12/2014 06:38:54 PM DEBUG: Data finishing 95.40% ...
12/12/2014 06:41:24 PM DEBUG: Data finishing 97.91% ...
12/12/2014 06:43:57 PM DEBUG: Iteration: 11
12/12/2014 06:43:57 PM DEBUG: Data size: 39832
12/12/2014 06:43:57 PM DEBUG: Data finishing 0.00% ...
12/12/2014 06:44:06 PM DEBUG: Dumping Weight Vector to /cs/natlang-projects/glm-parser/new_results/weight/Spinal_Weight_Iter_10.db 
12/12/2014 06:44:06 PM DEBUG: Total Feature Num: 10437224 
12/12/2014 06:46:43 PM DEBUG: Data finishing 2.51% ...
12/12/2014 06:49:20 PM DEBUG: Data finishing 5.02% ...
12/12/2014 06:51:56 PM DEBUG: Data finishing 7.53% ...
12/12/2014 06:54:21 PM DEBUG: Data finishing 10.04% ...
12/12/2014 06:56:48 PM DEBUG: Data finishing 12.55% ...
12/12/2014 06:59:39 PM DEBUG: Data finishing 15.06% ...
12/12/2014 07:02:11 PM DEBUG: Data finishing 17.57% ...
12/12/2014 07:04:51 PM DEBUG: Data finishing 20.08% ...
12/12/2014 07:07:33 PM DEBUG: Data finishing 22.59% ...
12/12/2014 07:10:05 PM DEBUG: Data finishing 25.11% ...
12/12/2014 07:12:35 PM DEBUG: Data finishing 27.62% ...
12/12/2014 07:14:58 PM DEBUG: Data finishing 30.13% ...
12/12/2014 07:17:41 PM DEBUG: Data finishing 32.64% ...
12/12/2014 07:20:14 PM DEBUG: Data finishing 35.15% ...
12/12/2014 07:22:48 PM DEBUG: Data finishing 37.66% ...
12/12/2014 07:25:21 PM DEBUG: Data finishing 40.17% ...
12/12/2014 07:27:52 PM DEBUG: Data finishing 42.68% ...
12/12/2014 07:30:13 PM DEBUG: Data finishing 45.19% ...
12/12/2014 07:32:47 PM DEBUG: Data finishing 47.70% ...
12/12/2014 07:35:07 PM DEBUG: Data finishing 50.21% ...
12/12/2014 07:37:28 PM DEBUG: Data finishing 52.72% ...
12/12/2014 07:39:53 PM DEBUG: Data finishing 55.23% ...
12/12/2014 07:42:21 PM DEBUG: Data finishing 57.74% ...
12/12/2014 07:45:04 PM DEBUG: Data finishing 60.25% ...
12/12/2014 07:47:30 PM DEBUG: Data finishing 62.76% ...
12/12/2014 07:50:01 PM DEBUG: Data finishing 65.27% ...
12/12/2014 07:52:26 PM DEBUG: Data finishing 67.78% ...
12/12/2014 07:55:03 PM DEBUG: Data finishing 70.30% ...
12/12/2014 07:57:47 PM DEBUG: Data finishing 72.81% ...
12/12/2014 08:00:13 PM DEBUG: Data finishing 75.32% ...
12/12/2014 08:02:29 PM DEBUG: Data finishing 77.83% ...
12/12/2014 08:05:00 PM DEBUG: Data finishing 80.34% ...
12/12/2014 08:07:35 PM DEBUG: Data finishing 82.85% ...
12/12/2014 08:10:04 PM DEBUG: Data finishing 85.36% ...
12/12/2014 08:12:49 PM DEBUG: Data finishing 87.87% ...
12/12/2014 08:15:12 PM DEBUG: Data finishing 90.38% ...
12/12/2014 08:17:36 PM DEBUG: Data finishing 92.89% ...
12/12/2014 08:20:06 PM DEBUG: Data finishing 95.40% ...
12/12/2014 08:22:35 PM DEBUG: Data finishing 97.91% ...
12/12/2014 08:25:06 PM DEBUG: Iteration: 12
12/12/2014 08:25:06 PM DEBUG: Data size: 39832
12/12/2014 08:25:06 PM DEBUG: Data finishing 0.00% ...
12/12/2014 08:25:15 PM DEBUG: Dumping Weight Vector to /cs/natlang-projects/glm-parser/new_results/weight/Spinal_Weight_Iter_11.db 
12/12/2014 08:25:15 PM DEBUG: Total Feature Num: 10451538 
12/12/2014 08:27:57 PM DEBUG: Data finishing 2.51% ...
12/12/2014 08:30:36 PM DEBUG: Data finishing 5.02% ...
12/12/2014 08:33:13 PM DEBUG: Data finishing 7.53% ...
12/12/2014 08:35:39 PM DEBUG: Data finishing 10.04% ...
12/12/2014 08:38:08 PM DEBUG: Data finishing 12.55% ...
12/12/2014 08:41:00 PM DEBUG: Data finishing 15.06% ...
12/12/2014 08:43:34 PM DEBUG: Data finishing 17.57% ...
12/12/2014 08:46:14 PM DEBUG: Data finishing 20.08% ...
12/12/2014 08:48:58 PM DEBUG: Data finishing 22.59% ...
12/12/2014 08:51:30 PM DEBUG: Data finishing 25.11% ...
12/12/2014 08:54:01 PM DEBUG: Data finishing 27.62% ...
12/12/2014 08:56:26 PM DEBUG: Data finishing 30.13% ...
12/12/2014 08:59:10 PM DEBUG: Data finishing 32.64% ...
12/12/2014 09:01:44 PM DEBUG: Data finishing 35.15% ...
12/12/2014 09:04:19 PM DEBUG: Data finishing 37.66% ...
12/12/2014 09:06:53 PM DEBUG: Data finishing 40.17% ...
12/12/2014 09:09:25 PM DEBUG: Data finishing 42.68% ...
12/12/2014 09:11:47 PM DEBUG: Data finishing 45.19% ...
12/12/2014 09:14:22 PM DEBUG: Data finishing 47.70% ...
12/12/2014 09:16:42 PM DEBUG: Data finishing 50.21% ...
12/12/2014 09:19:04 PM DEBUG: Data finishing 52.72% ...
12/12/2014 09:21:30 PM DEBUG: Data finishing 55.23% ...
12/12/2014 09:23:59 PM DEBUG: Data finishing 57.74% ...
12/12/2014 09:26:44 PM DEBUG: Data finishing 60.25% ...
12/12/2014 09:29:11 PM DEBUG: Data finishing 62.76% ...
12/12/2014 09:31:44 PM DEBUG: Data finishing 65.27% ...
12/12/2014 09:34:10 PM DEBUG: Data finishing 67.78% ...
12/12/2014 09:36:49 PM DEBUG: Data finishing 70.30% ...
12/12/2014 09:39:34 PM DEBUG: Data finishing 72.81% ...
12/12/2014 09:42:01 PM DEBUG: Data finishing 75.32% ...
12/12/2014 09:44:19 PM DEBUG: Data finishing 77.83% ...
12/12/2014 09:46:51 PM DEBUG: Data finishing 80.34% ...
12/12/2014 09:49:26 PM DEBUG: Data finishing 82.85% ...
12/12/2014 09:51:57 PM DEBUG: Data finishing 85.36% ...
12/12/2014 09:54:42 PM DEBUG: Data finishing 87.87% ...
12/12/2014 09:57:06 PM DEBUG: Data finishing 90.38% ...
12/12/2014 09:59:31 PM DEBUG: Data finishing 92.89% ...
12/12/2014 10:02:03 PM DEBUG: Data finishing 95.40% ...
12/12/2014 10:04:33 PM DEBUG: Data finishing 97.91% ...
12/12/2014 10:07:07 PM DEBUG: Iteration: 13
12/12/2014 10:07:07 PM DEBUG: Data size: 39832
12/12/2014 10:07:07 PM DEBUG: Data finishing 0.00% ...
12/12/2014 10:07:16 PM DEBUG: Dumping Weight Vector to /cs/natlang-projects/glm-parser/new_results/weight/Spinal_Weight_Iter_12.db 
12/12/2014 10:07:16 PM DEBUG: Total Feature Num: 10465201 
12/12/2014 10:09:59 PM DEBUG: Data finishing 2.51% ...
12/12/2014 10:12:38 PM DEBUG: Data finishing 5.02% ...
12/12/2014 10:15:15 PM DEBUG: Data finishing 7.53% ...
12/12/2014 10:17:42 PM DEBUG: Data finishing 10.04% ...
12/12/2014 10:20:11 PM DEBUG: Data finishing 12.55% ...
12/12/2014 10:23:04 PM DEBUG: Data finishing 15.06% ...
12/12/2014 10:25:37 PM DEBUG: Data finishing 17.57% ...
12/12/2014 10:28:19 PM DEBUG: Data finishing 20.08% ...
12/12/2014 10:31:03 PM DEBUG: Data finishing 22.59% ...
12/12/2014 10:33:36 PM DEBUG: Data finishing 25.11% ...
12/12/2014 10:36:08 PM DEBUG: Data finishing 27.62% ...
12/12/2014 10:38:33 PM DEBUG: Data finishing 30.13% ...
12/12/2014 10:41:18 PM DEBUG: Data finishing 32.64% ...
12/12/2014 10:43:52 PM DEBUG: Data finishing 35.15% ...
12/12/2014 10:46:28 PM DEBUG: Data finishing 37.66% ...
12/12/2014 10:49:03 PM DEBUG: Data finishing 40.17% ...
12/12/2014 10:51:35 PM DEBUG: Data finishing 42.68% ...
12/12/2014 10:53:57 PM DEBUG: Data finishing 45.19% ...
12/12/2014 10:56:33 PM DEBUG: Data finishing 47.70% ...
12/12/2014 10:58:54 PM DEBUG: Data finishing 50.21% ...
12/12/2014 11:01:17 PM DEBUG: Data finishing 52.72% ...
12/12/2014 11:03:44 PM DEBUG: Data finishing 55.23% ...
12/12/2014 11:06:13 PM DEBUG: Data finishing 57.74% ...
12/12/2014 11:08:58 PM DEBUG: Data finishing 60.25% ...
12/12/2014 11:11:26 PM DEBUG: Data finishing 62.76% ...
12/12/2014 11:13:59 PM DEBUG: Data finishing 65.27% ...
12/12/2014 11:16:27 PM DEBUG: Data finishing 67.78% ...
12/12/2014 11:19:06 PM DEBUG: Data finishing 70.30% ...
12/12/2014 11:21:52 PM DEBUG: Data finishing 72.81% ...
12/12/2014 11:24:19 PM DEBUG: Data finishing 75.32% ...
12/12/2014 11:26:37 PM DEBUG: Data finishing 77.83% ...
12/12/2014 11:29:10 PM DEBUG: Data finishing 80.34% ...
12/12/2014 11:31:47 PM DEBUG: Data finishing 82.85% ...
12/12/2014 11:34:18 PM DEBUG: Data finishing 85.36% ...
12/12/2014 11:37:04 PM DEBUG: Data finishing 87.87% ...
12/12/2014 11:39:29 PM DEBUG: Data finishing 90.38% ...
12/12/2014 11:41:55 PM DEBUG: Data finishing 92.89% ...
12/12/2014 11:44:27 PM DEBUG: Data finishing 95.40% ...
12/12/2014 11:46:57 PM DEBUG: Data finishing 97.91% ...
12/12/2014 11:49:32 PM DEBUG: Iteration: 14
12/12/2014 11:49:32 PM DEBUG: Data size: 39832
12/12/2014 11:49:32 PM DEBUG: Data finishing 0.00% ...
12/12/2014 11:49:41 PM DEBUG: Dumping Weight Vector to /cs/natlang-projects/glm-parser/new_results/weight/Spinal_Weight_Iter_13.db 
12/12/2014 11:49:41 PM DEBUG: Total Feature Num: 10476563 
12/12/2014 11:52:19 PM DEBUG: Data finishing 2.51% ...
12/12/2014 11:54:57 PM DEBUG: Data finishing 5.02% ...
12/12/2014 11:57:34 PM DEBUG: Data finishing 7.53% ...
12/13/2014 12:00:00 AM DEBUG: Data finishing 10.04% ...
12/13/2014 12:02:28 AM DEBUG: Data finishing 12.55% ...
12/13/2014 12:05:20 AM DEBUG: Data finishing 15.06% ...
12/13/2014 12:07:53 AM DEBUG: Data finishing 17.57% ...
12/13/2014 12:10:33 AM DEBUG: Data finishing 20.08% ...
12/13/2014 12:13:16 AM DEBUG: Data finishing 22.59% ...
12/13/2014 12:15:49 AM DEBUG: Data finishing 25.11% ...
12/13/2014 12:18:19 AM DEBUG: Data finishing 27.62% ...
12/13/2014 12:20:43 AM DEBUG: Data finishing 30.13% ...
12/13/2014 12:23:27 AM DEBUG: Data finishing 32.64% ...
12/13/2014 12:26:01 AM DEBUG: Data finishing 35.15% ...
12/13/2014 12:28:36 AM DEBUG: Data finishing 37.66% ...
12/13/2014 12:31:09 AM DEBUG: Data finishing 40.17% ...
12/13/2014 12:33:41 AM DEBUG: Data finishing 42.68% ...
12/13/2014 12:36:02 AM DEBUG: Data finishing 45.19% ...
12/13/2014 12:38:37 AM DEBUG: Data finishing 47.70% ...
12/13/2014 12:40:57 AM DEBUG: Data finishing 50.21% ...
12/13/2014 12:43:19 AM DEBUG: Data finishing 52.72% ...
12/13/2014 12:45:45 AM DEBUG: Data finishing 55.23% ...
12/13/2014 12:48:13 AM DEBUG: Data finishing 57.74% ...
12/13/2014 12:50:58 AM DEBUG: Data finishing 60.25% ...
12/13/2014 12:53:24 AM DEBUG: Data finishing 62.76% ...
12/13/2014 12:55:57 AM DEBUG: Data finishing 65.27% ...
12/13/2014 12:58:22 AM DEBUG: Data finishing 67.78% ...
12/13/2014 01:01:01 AM DEBUG: Data finishing 70.30% ...
12/13/2014 01:03:46 AM DEBUG: Data finishing 72.81% ...
12/13/2014 01:06:12 AM DEBUG: Data finishing 75.32% ...
12/13/2014 01:08:29 AM DEBUG: Data finishing 77.83% ...
12/13/2014 01:11:00 AM DEBUG: Data finishing 80.34% ...
12/13/2014 01:13:36 AM DEBUG: Data finishing 82.85% ...
12/13/2014 01:16:06 AM DEBUG: Data finishing 85.36% ...
12/13/2014 01:18:51 AM DEBUG: Data finishing 87.87% ...
12/13/2014 01:21:14 AM DEBUG: Data finishing 90.38% ...
12/13/2014 01:23:40 AM DEBUG: Data finishing 92.89% ...
12/13/2014 01:26:11 AM DEBUG: Data finishing 95.40% ...
12/13/2014 01:28:40 AM DEBUG: Data finishing 97.91% ...
12/13/2014 01:31:13 AM DEBUG: Iteration: 15
12/13/2014 01:31:13 AM DEBUG: Data size: 39832
12/13/2014 01:31:13 AM DEBUG: Data finishing 0.00% ...
12/13/2014 01:31:21 AM DEBUG: Dumping Weight Vector to /cs/natlang-projects/glm-parser/new_results/weight/Spinal_Weight_Iter_14.db 
12/13/2014 01:31:21 AM DEBUG: Total Feature Num: 10487148 
12/13/2014 01:34:00 AM DEBUG: Data finishing 2.51% ...
12/13/2014 01:36:37 AM DEBUG: Data finishing 5.02% ...
12/13/2014 01:39:14 AM DEBUG: Data finishing 7.53% ...
12/13/2014 01:41:39 AM DEBUG: Data finishing 10.04% ...
12/13/2014 01:44:07 AM DEBUG: Data finishing 12.55% ...
12/13/2014 01:46:59 AM DEBUG: Data finishing 15.06% ...
12/13/2014 01:49:32 AM DEBUG: Data finishing 17.57% ...
12/13/2014 01:52:12 AM DEBUG: Data finishing 20.08% ...
12/13/2014 01:54:55 AM DEBUG: Data finishing 22.59% ...
12/13/2014 01:57:27 AM DEBUG: Data finishing 25.11% ...
12/13/2014 01:59:57 AM DEBUG: Data finishing 27.62% ...
12/13/2014 02:02:22 AM DEBUG: Data finishing 30.13% ...
12/13/2014 02:05:05 AM DEBUG: Data finishing 32.64% ...
12/13/2014 02:07:39 AM DEBUG: Data finishing 35.15% ...
12/13/2014 02:10:13 AM DEBUG: Data finishing 37.66% ...
12/13/2014 02:12:47 AM DEBUG: Data finishing 40.17% ...
12/13/2014 02:15:18 AM DEBUG: Data finishing 42.68% ...
12/13/2014 02:17:39 AM DEBUG: Data finishing 45.19% ...
12/13/2014 02:20:14 AM DEBUG: Data finishing 47.70% ...
12/13/2014 02:22:34 AM DEBUG: Data finishing 50.21% ...
12/13/2014 02:24:55 AM DEBUG: Data finishing 52.72% ...
12/13/2014 02:27:21 AM DEBUG: Data finishing 55.23% ...
12/13/2014 02:29:49 AM DEBUG: Data finishing 57.74% ...
12/13/2014 02:32:33 AM DEBUG: Data finishing 60.25% ...
12/13/2014 02:35:00 AM DEBUG: Data finishing 62.76% ...
12/13/2014 02:37:32 AM DEBUG: Data finishing 65.27% ...
12/13/2014 02:39:57 AM DEBUG: Data finishing 67.78% ...
12/13/2014 02:42:35 AM DEBUG: Data finishing 70.30% ...
12/13/2014 02:45:20 AM DEBUG: Data finishing 72.81% ...
12/13/2014 02:47:45 AM DEBUG: Data finishing 75.32% ...
12/13/2014 02:50:02 AM DEBUG: Data finishing 77.83% ...
12/13/2014 02:52:34 AM DEBUG: Data finishing 80.34% ...
12/13/2014 02:55:09 AM DEBUG: Data finishing 82.85% ...
12/13/2014 02:57:39 AM DEBUG: Data finishing 85.36% ...
12/13/2014 03:00:24 AM DEBUG: Data finishing 87.87% ...
12/13/2014 03:02:47 AM DEBUG: Data finishing 90.38% ...
12/13/2014 03:05:12 AM DEBUG: Data finishing 92.89% ...
12/13/2014 03:07:43 AM DEBUG: Data finishing 95.40% ...
12/13/2014 03:10:12 AM DEBUG: Data finishing 97.91% ...
12/13/2014 03:12:43 AM DEBUG: Iteration: 16
12/13/2014 03:12:43 AM DEBUG: Data size: 39832
12/13/2014 03:12:43 AM DEBUG: Data finishing 0.00% ...
12/13/2014 03:12:52 AM DEBUG: Dumping Weight Vector to /cs/natlang-projects/glm-parser/new_results/weight/Spinal_Weight_Iter_15.db 
12/13/2014 03:12:52 AM DEBUG: Total Feature Num: 10496335 
12/13/2014 03:15:30 AM DEBUG: Data finishing 2.51% ...
12/13/2014 03:18:07 AM DEBUG: Data finishing 5.02% ...
12/13/2014 03:20:43 AM DEBUG: Data finishing 7.53% ...
12/13/2014 03:23:08 AM DEBUG: Data finishing 10.04% ...
12/13/2014 03:25:35 AM DEBUG: Data finishing 12.55% ...
12/13/2014 03:28:27 AM DEBUG: Data finishing 15.06% ...
12/13/2014 03:30:59 AM DEBUG: Data finishing 17.57% ...
12/13/2014 03:33:39 AM DEBUG: Data finishing 20.08% ...
12/13/2014 03:36:21 AM DEBUG: Data finishing 22.59% ...
12/13/2014 03:38:53 AM DEBUG: Data finishing 25.11% ...
12/13/2014 03:41:23 AM DEBUG: Data finishing 27.62% ...
12/13/2014 03:43:46 AM DEBUG: Data finishing 30.13% ...
12/13/2014 03:46:30 AM DEBUG: Data finishing 32.64% ...
12/13/2014 03:49:03 AM DEBUG: Data finishing 35.15% ...
12/13/2014 03:51:37 AM DEBUG: Data finishing 37.66% ...
12/13/2014 03:54:10 AM DEBUG: Data finishing 40.17% ...
12/13/2014 03:56:41 AM DEBUG: Data finishing 42.68% ...
12/13/2014 03:59:02 AM DEBUG: Data finishing 45.19% ...
12/13/2014 04:01:36 AM DEBUG: Data finishing 47.70% ...
12/13/2014 04:03:56 AM DEBUG: Data finishing 50.21% ...
12/13/2014 04:06:17 AM DEBUG: Data finishing 52.72% ...
12/13/2014 04:08:42 AM DEBUG: Data finishing 55.23% ...
12/13/2014 04:11:10 AM DEBUG: Data finishing 57.74% ...
12/13/2014 04:13:54 AM DEBUG: Data finishing 60.25% ...
12/13/2014 04:16:20 AM DEBUG: Data finishing 62.76% ...
12/13/2014 04:18:52 AM DEBUG: Data finishing 65.27% ...
12/13/2014 04:21:17 AM DEBUG: Data finishing 67.78% ...
12/13/2014 04:23:55 AM DEBUG: Data finishing 70.30% ...
12/13/2014 04:26:39 AM DEBUG: Data finishing 72.81% ...
12/13/2014 04:29:04 AM DEBUG: Data finishing 75.32% ...
12/13/2014 04:31:21 AM DEBUG: Data finishing 77.83% ...
12/13/2014 04:33:52 AM DEBUG: Data finishing 80.34% ...
12/13/2014 04:36:27 AM DEBUG: Data finishing 82.85% ...
12/13/2014 04:38:57 AM DEBUG: Data finishing 85.36% ...
12/13/2014 04:41:41 AM DEBUG: Data finishing 87.87% ...
12/13/2014 04:44:04 AM DEBUG: Data finishing 90.38% ...
12/13/2014 04:46:28 AM DEBUG: Data finishing 92.89% ...
12/13/2014 04:48:59 AM DEBUG: Data finishing 95.40% ...
12/13/2014 04:51:27 AM DEBUG: Data finishing 97.91% ...
12/13/2014 04:53:58 AM DEBUG: Iteration: 17
12/13/2014 04:53:58 AM DEBUG: Data size: 39832
12/13/2014 04:53:58 AM DEBUG: Data finishing 0.00% ...
12/13/2014 04:54:07 AM DEBUG: Dumping Weight Vector to /cs/natlang-projects/glm-parser/new_results/weight/Spinal_Weight_Iter_16.db 
12/13/2014 04:54:07 AM DEBUG: Total Feature Num: 10505453 
12/13/2014 04:56:45 AM DEBUG: Data finishing 2.51% ...
12/13/2014 04:59:22 AM DEBUG: Data finishing 5.02% ...
12/13/2014 05:01:58 AM DEBUG: Data finishing 7.53% ...
12/13/2014 05:04:23 AM DEBUG: Data finishing 10.04% ...
12/13/2014 05:06:50 AM DEBUG: Data finishing 12.55% ...
12/13/2014 05:09:41 AM DEBUG: Data finishing 15.06% ...
12/13/2014 05:12:13 AM DEBUG: Data finishing 17.57% ...
12/13/2014 05:14:53 AM DEBUG: Data finishing 20.08% ...
12/13/2014 05:17:35 AM DEBUG: Data finishing 22.59% ...
12/13/2014 05:20:07 AM DEBUG: Data finishing 25.11% ...
12/13/2014 05:22:36 AM DEBUG: Data finishing 27.62% ...
12/13/2014 05:25:00 AM DEBUG: Data finishing 30.13% ...
12/13/2014 05:27:43 AM DEBUG: Data finishing 32.64% ...
12/13/2014 05:30:16 AM DEBUG: Data finishing 35.15% ...
12/13/2014 05:32:50 AM DEBUG: Data finishing 37.66% ...
12/13/2014 05:35:22 AM DEBUG: Data finishing 40.17% ...
12/13/2014 05:37:53 AM DEBUG: Data finishing 42.68% ...
12/13/2014 05:40:14 AM DEBUG: Data finishing 45.19% ...
12/13/2014 05:42:48 AM DEBUG: Data finishing 47.70% ...
12/13/2014 05:45:07 AM DEBUG: Data finishing 50.21% ...
12/13/2014 05:47:28 AM DEBUG: Data finishing 52.72% ...
12/13/2014 05:49:53 AM DEBUG: Data finishing 55.23% ...
12/13/2014 05:52:21 AM DEBUG: Data finishing 57.74% ...
12/13/2014 05:55:05 AM DEBUG: Data finishing 60.25% ...
12/13/2014 05:57:31 AM DEBUG: Data finishing 62.76% ...
12/13/2014 06:00:02 AM DEBUG: Data finishing 65.27% ...
12/13/2014 06:02:27 AM DEBUG: Data finishing 67.78% ...
12/13/2014 06:05:05 AM DEBUG: Data finishing 70.30% ...
12/13/2014 06:07:48 AM DEBUG: Data finishing 72.81% ...
12/13/2014 06:10:14 AM DEBUG: Data finishing 75.32% ...
12/13/2014 06:12:31 AM DEBUG: Data finishing 77.83% ...
12/13/2014 06:15:02 AM DEBUG: Data finishing 80.34% ...
12/13/2014 06:17:36 AM DEBUG: Data finishing 82.85% ...
12/13/2014 06:20:06 AM DEBUG: Data finishing 85.36% ...
12/13/2014 06:22:50 AM DEBUG: Data finishing 87.87% ...
12/13/2014 06:25:13 AM DEBUG: Data finishing 90.38% ...
12/13/2014 06:27:37 AM DEBUG: Data finishing 92.89% ...
12/13/2014 06:30:08 AM DEBUG: Data finishing 95.40% ...
12/13/2014 06:32:36 AM DEBUG: Data finishing 97.91% ...
12/13/2014 06:35:07 AM DEBUG: Iteration: 18
12/13/2014 06:35:07 AM DEBUG: Data size: 39832
12/13/2014 06:35:07 AM DEBUG: Data finishing 0.00% ...
12/13/2014 06:35:16 AM DEBUG: Dumping Weight Vector to /cs/natlang-projects/glm-parser/new_results/weight/Spinal_Weight_Iter_17.db 
12/13/2014 06:35:16 AM DEBUG: Total Feature Num: 10513245 
12/13/2014 06:37:54 AM DEBUG: Data finishing 2.51% ...
12/13/2014 06:40:31 AM DEBUG: Data finishing 5.02% ...
12/13/2014 06:43:14 AM DEBUG: Data finishing 7.53% ...
12/13/2014 06:45:42 AM DEBUG: Data finishing 10.04% ...
12/13/2014 06:48:16 AM DEBUG: Data finishing 12.55% ...
12/13/2014 06:51:12 AM DEBUG: Data finishing 15.06% ...
12/13/2014 06:53:45 AM DEBUG: Data finishing 17.57% ...
12/13/2014 06:56:25 AM DEBUG: Data finishing 20.08% ...
12/13/2014 06:59:08 AM DEBUG: Data finishing 22.59% ...
12/13/2014 07:01:40 AM DEBUG: Data finishing 25.11% ...
12/13/2014 07:04:11 AM DEBUG: Data finishing 27.62% ...
12/13/2014 07:06:35 AM DEBUG: Data finishing 30.13% ...
12/13/2014 07:09:18 AM DEBUG: Data finishing 32.64% ...
12/13/2014 07:11:52 AM DEBUG: Data finishing 35.15% ...
12/13/2014 07:14:26 AM DEBUG: Data finishing 37.66% ...
12/13/2014 07:17:00 AM DEBUG: Data finishing 40.17% ...
12/13/2014 07:19:31 AM DEBUG: Data finishing 42.68% ...
12/13/2014 07:21:52 AM DEBUG: Data finishing 45.19% ...
12/13/2014 07:24:28 AM DEBUG: Data finishing 47.70% ...
12/13/2014 07:26:48 AM DEBUG: Data finishing 50.21% ...
12/13/2014 07:29:09 AM DEBUG: Data finishing 52.72% ...
12/13/2014 07:31:35 AM DEBUG: Data finishing 55.23% ...
12/13/2014 07:34:03 AM DEBUG: Data finishing 57.74% ...
12/13/2014 07:36:48 AM DEBUG: Data finishing 60.25% ...
12/13/2014 07:39:14 AM DEBUG: Data finishing 62.76% ...
12/13/2014 07:41:46 AM DEBUG: Data finishing 65.27% ...
12/13/2014 07:44:11 AM DEBUG: Data finishing 67.78% ...
12/13/2014 07:46:49 AM DEBUG: Data finishing 70.30% ...
12/13/2014 07:49:33 AM DEBUG: Data finishing 72.81% ...
12/13/2014 07:51:59 AM DEBUG: Data finishing 75.32% ...
12/13/2014 07:54:16 AM DEBUG: Data finishing 77.83% ...
12/13/2014 07:56:48 AM DEBUG: Data finishing 80.34% ...
12/13/2014 07:59:23 AM DEBUG: Data finishing 82.85% ...
12/13/2014 08:01:53 AM DEBUG: Data finishing 85.36% ...
12/13/2014 08:04:38 AM DEBUG: Data finishing 87.87% ...
12/13/2014 08:07:01 AM DEBUG: Data finishing 90.38% ...
12/13/2014 08:09:26 AM DEBUG: Data finishing 92.89% ...
12/13/2014 08:11:57 AM DEBUG: Data finishing 95.40% ...
12/13/2014 08:14:26 AM DEBUG: Data finishing 97.91% ...
12/13/2014 08:16:57 AM DEBUG: Iteration: 19
12/13/2014 08:16:57 AM DEBUG: Data size: 39832
12/13/2014 08:16:57 AM DEBUG: Data finishing 0.00% ...
12/13/2014 08:17:06 AM DEBUG: Dumping Weight Vector to /cs/natlang-projects/glm-parser/new_results/weight/Spinal_Weight_Iter_18.db 
12/13/2014 08:17:06 AM DEBUG: Total Feature Num: 10520667 
12/13/2014 08:19:44 AM DEBUG: Data finishing 2.51% ...
12/13/2014 08:22:21 AM DEBUG: Data finishing 5.02% ...
12/13/2014 08:24:57 AM DEBUG: Data finishing 7.53% ...
12/13/2014 08:27:22 AM DEBUG: Data finishing 10.04% ...
12/13/2014 08:29:50 AM DEBUG: Data finishing 12.55% ...
12/13/2014 08:32:41 AM DEBUG: Data finishing 15.06% ...
12/13/2014 08:35:14 AM DEBUG: Data finishing 17.57% ...
12/13/2014 08:37:53 AM DEBUG: Data finishing 20.08% ...
12/13/2014 08:40:35 AM DEBUG: Data finishing 22.59% ...
12/13/2014 08:43:07 AM DEBUG: Data finishing 25.11% ...
12/13/2014 08:45:37 AM DEBUG: Data finishing 27.62% ...
12/13/2014 08:48:00 AM DEBUG: Data finishing 30.13% ...
12/13/2014 08:50:43 AM DEBUG: Data finishing 32.64% ...
12/13/2014 08:53:16 AM DEBUG: Data finishing 35.15% ...
12/13/2014 08:55:50 AM DEBUG: Data finishing 37.66% ...
12/13/2014 08:58:23 AM DEBUG: Data finishing 40.17% ...
12/13/2014 09:00:53 AM DEBUG: Data finishing 42.68% ...
12/13/2014 09:03:14 AM DEBUG: Data finishing 45.19% ...
12/13/2014 09:05:48 AM DEBUG: Data finishing 47.70% ...
12/13/2014 09:08:08 AM DEBUG: Data finishing 50.21% ...
12/13/2014 09:10:29 AM DEBUG: Data finishing 52.72% ...
12/13/2014 09:12:54 AM DEBUG: Data finishing 55.23% ...
12/13/2014 09:15:22 AM DEBUG: Data finishing 57.74% ...
12/13/2014 09:18:06 AM DEBUG: Data finishing 60.25% ...
12/13/2014 09:20:32 AM DEBUG: Data finishing 62.76% ...
12/13/2014 09:23:04 AM DEBUG: Data finishing 65.27% ...
12/13/2014 09:25:29 AM DEBUG: Data finishing 67.78% ...
12/13/2014 09:28:06 AM DEBUG: Data finishing 70.30% ...
12/13/2014 09:30:50 AM DEBUG: Data finishing 72.81% ...
12/13/2014 09:33:16 AM DEBUG: Data finishing 75.32% ...
12/13/2014 09:35:33 AM DEBUG: Data finishing 77.83% ...
12/13/2014 09:38:04 AM DEBUG: Data finishing 80.34% ...
12/13/2014 09:40:39 AM DEBUG: Data finishing 82.85% ...
12/13/2014 09:43:09 AM DEBUG: Data finishing 85.36% ...
12/13/2014 09:45:54 AM DEBUG: Data finishing 87.87% ...
12/13/2014 09:48:17 AM DEBUG: Data finishing 90.38% ...
12/13/2014 09:50:41 AM DEBUG: Data finishing 92.89% ...
12/13/2014 09:53:12 AM DEBUG: Data finishing 95.40% ...
12/13/2014 09:55:41 AM DEBUG: Data finishing 97.91% ...
12/13/2014 09:58:20 AM DEBUG: Dumping Weight Vector to /cs/natlang-projects/glm-parser/new_results/weight/Spinal_Weight_Iter_19.db 
12/13/2014 09:58:20 AM DEBUG: Total Feature Num: 10527897 
12/13/2014 09:58:38 AM DEBUG: Loading data...
12/13/2014 09:58:38 AM DEBUG: Loading section 23 
12/13/2014 09:59:06 AM DEBUG: Start evaluating ...
12/13/2014 09:59:06 AM INFO: Feature count: 10527897
12/13/2014 09:59:06 AM DEBUG: Data finishing 0.00% ...
12/13/2014 10:01:23 AM DEBUG: Data finishing 41.39% ...
12/13/2014 10:03:57 AM DEBUG: Data finishing 82.78% ...
12/13/2014 10:04:53 AM INFO: Unlabeled accuracy: 0.941182697057 (53350, 56684)
12/13/2014 10:04:53 AM INFO: Unlabeled attachment accuracy: 0.943587140440 (55766, 59100)
===============================================
Iter 1 :
12/13/2014 02:04:49 PM DEBUG: Loading Weight Vector from /cs/natlang-projects/glm-parser/new_results/weight/Spinal_Weight_Iter_0.db 
12/13/2014 02:05:03 PM DEBUG: Loading data...
12/13/2014 02:05:03 PM DEBUG: Loading data...
12/13/2014 02:05:03 PM DEBUG: Initialize AveragePerceptronLearner ... 
12/13/2014 02:05:03 PM DEBUG: Loading data...
12/13/2014 02:05:03 PM DEBUG: Loading section 00 
12/13/2014 02:05:17 PM DEBUG: Loading section 01 
12/13/2014 02:05:33 PM DEBUG: Loading section 22 
12/13/2014 02:05:47 PM DEBUG: Loading section 24 
12/13/2014 02:05:57 PM DEBUG: Start evaluating ...
12/13/2014 02:05:57 PM INFO: Feature count: 9534142
12/13/2014 02:05:57 PM DEBUG: Data finishing 0.00% ...
12/13/2014 02:09:02 PM DEBUG: Data finishing 14.37% ...
12/13/2014 02:11:33 PM DEBUG: Data finishing 28.74% ...
12/13/2014 02:14:14 PM DEBUG: Data finishing 43.10% ...
12/13/2014 02:16:37 PM DEBUG: Data finishing 57.47% ...
12/13/2014 02:19:12 PM DEBUG: Data finishing 71.84% ...
12/13/2014 02:21:33 PM DEBUG: Data finishing 86.21% ...
12/13/2014 02:24:15 PM INFO: Unlabeled accuracy: 0.936912615083 (156515, 167054)
12/13/2014 02:24:15 PM INFO: Unlabeled attachment accuracy: 0.939435907456 (163475, 174014)
===============================================
Iter 2 :
12/13/2014 02:24:19 PM DEBUG: Loading Weight Vector from /cs/natlang-projects/glm-parser/new_results/weight/Spinal_Weight_Iter_1.db 
12/13/2014 02:24:34 PM DEBUG: Loading data...
12/13/2014 02:24:34 PM DEBUG: Loading data...
12/13/2014 02:24:34 PM DEBUG: Initialize AveragePerceptronLearner ... 
12/13/2014 02:24:34 PM DEBUG: Loading data...
12/13/2014 02:24:34 PM DEBUG: Loading section 00 
12/13/2014 02:24:48 PM DEBUG: Loading section 01 
12/13/2014 02:25:03 PM DEBUG: Loading section 22 
12/13/2014 02:25:17 PM DEBUG: Loading section 24 
12/13/2014 02:25:27 PM DEBUG: Start evaluating ...
12/13/2014 02:25:27 PM INFO: Feature count: 9886118
12/13/2014 02:25:27 PM DEBUG: Data finishing 0.00% ...
12/13/2014 02:28:22 PM DEBUG: Data finishing 14.37% ...
12/13/2014 02:30:46 PM DEBUG: Data finishing 28.74% ...
12/13/2014 02:33:19 PM DEBUG: Data finishing 43.10% ...
12/13/2014 02:35:35 PM DEBUG: Data finishing 57.47% ...
12/13/2014 02:38:01 PM DEBUG: Data finishing 71.84% ...
12/13/2014 02:40:15 PM DEBUG: Data finishing 86.21% ...
12/13/2014 02:42:50 PM INFO: Unlabeled accuracy: 0.940689836819 (157146, 167054)
12/13/2014 02:42:50 PM INFO: Unlabeled attachment accuracy: 0.943062052479 (164106, 174014)
===============================================
Iter 3 :
12/13/2014 02:42:54 PM DEBUG: Loading Weight Vector from /cs/natlang-projects/glm-parser/new_results/weight/Spinal_Weight_Iter_2.db 
12/13/2014 02:43:09 PM DEBUG: Loading data...
12/13/2014 02:43:09 PM DEBUG: Loading data...
12/13/2014 02:43:09 PM DEBUG: Initialize AveragePerceptronLearner ... 
12/13/2014 02:43:09 PM DEBUG: Loading data...
12/13/2014 02:43:09 PM DEBUG: Loading section 00 
12/13/2014 02:43:23 PM DEBUG: Loading section 01 
12/13/2014 02:43:39 PM DEBUG: Loading section 22 
12/13/2014 02:43:52 PM DEBUG: Loading section 24 
12/13/2014 02:44:02 PM DEBUG: Start evaluating ...
12/13/2014 02:44:02 PM INFO: Feature count: 10066840
12/13/2014 02:44:02 PM DEBUG: Data finishing 0.00% ...
12/13/2014 02:46:57 PM DEBUG: Data finishing 14.37% ...
12/13/2014 02:49:21 PM DEBUG: Data finishing 28.74% ...
12/13/2014 02:51:53 PM DEBUG: Data finishing 43.10% ...
12/13/2014 02:54:08 PM DEBUG: Data finishing 57.47% ...
12/13/2014 02:56:35 PM DEBUG: Data finishing 71.84% ...
12/13/2014 02:58:48 PM DEBUG: Data finishing 86.21% ...
12/13/2014 03:01:22 PM INFO: Unlabeled accuracy: 0.942144456284 (157389, 167054)
12/13/2014 03:01:22 PM INFO: Unlabeled attachment accuracy: 0.944458491845 (164349, 174014)
===============================================
Iter 4 :
12/13/2014 03:01:27 PM DEBUG: Loading Weight Vector from /cs/natlang-projects/glm-parser/new_results/weight/Spinal_Weight_Iter_3.db 
12/13/2014 03:01:41 PM DEBUG: Loading data...
12/13/2014 03:01:41 PM DEBUG: Loading data...
12/13/2014 03:01:41 PM DEBUG: Initialize AveragePerceptronLearner ... 
12/13/2014 03:01:41 PM DEBUG: Loading data...
12/13/2014 03:01:41 PM DEBUG: Loading section 00 
12/13/2014 03:01:55 PM DEBUG: Loading section 01 
12/13/2014 03:02:11 PM DEBUG: Loading section 22 
12/13/2014 03:02:24 PM DEBUG: Loading section 24 
12/13/2014 03:02:34 PM DEBUG: Start evaluating ...
12/13/2014 03:02:34 PM INFO: Feature count: 10174094
12/13/2014 03:02:34 PM DEBUG: Data finishing 0.00% ...
12/13/2014 03:05:30 PM DEBUG: Data finishing 14.37% ...
12/13/2014 03:07:53 PM DEBUG: Data finishing 28.74% ...
12/13/2014 03:10:27 PM DEBUG: Data finishing 43.10% ...
12/13/2014 03:12:42 PM DEBUG: Data finishing 57.47% ...
12/13/2014 03:15:09 PM DEBUG: Data finishing 71.84% ...
12/13/2014 03:17:23 PM DEBUG: Data finishing 86.21% ...
12/13/2014 03:19:57 PM INFO: Unlabeled accuracy: 0.942024734517 (157369, 167054)
12/13/2014 03:19:57 PM INFO: Unlabeled attachment accuracy: 0.944343558564 (164329, 174014)
===============================================
Iter 5 :
12/13/2014 03:20:02 PM DEBUG: Loading Weight Vector from /cs/natlang-projects/glm-parser/new_results/weight/Spinal_Weight_Iter_4.db 
12/13/2014 03:20:17 PM DEBUG: Loading data...
12/13/2014 03:20:17 PM DEBUG: Loading data...
12/13/2014 03:20:17 PM DEBUG: Initialize AveragePerceptronLearner ... 
12/13/2014 03:20:17 PM DEBUG: Loading data...
12/13/2014 03:20:17 PM DEBUG: Loading section 00 
12/13/2014 03:20:31 PM DEBUG: Loading section 01 
12/13/2014 03:20:46 PM DEBUG: Loading section 22 
12/13/2014 03:21:00 PM DEBUG: Loading section 24 
12/13/2014 03:21:10 PM DEBUG: Start evaluating ...
12/13/2014 03:21:10 PM INFO: Feature count: 10248242
12/13/2014 03:21:10 PM DEBUG: Data finishing 0.00% ...
12/13/2014 03:24:02 PM DEBUG: Data finishing 14.37% ...
12/13/2014 03:26:24 PM DEBUG: Data finishing 28.74% ...
12/13/2014 03:28:54 PM DEBUG: Data finishing 43.10% ...
12/13/2014 03:31:07 PM DEBUG: Data finishing 57.47% ...
12/13/2014 03:33:31 PM DEBUG: Data finishing 71.84% ...
12/13/2014 03:35:43 PM DEBUG: Data finishing 86.21% ...
12/13/2014 03:38:15 PM INFO: Unlabeled accuracy: 0.942192344990 (157397, 167054)
12/13/2014 03:38:15 PM INFO: Unlabeled attachment accuracy: 0.944504465158 (164357, 174014)
===============================================
Iter 6 :
12/13/2014 03:38:19 PM DEBUG: Loading Weight Vector from /cs/natlang-projects/glm-parser/new_results/weight/Spinal_Weight_Iter_5.db 
12/13/2014 03:38:35 PM DEBUG: Loading data...
12/13/2014 03:38:35 PM DEBUG: Loading data...
12/13/2014 03:38:35 PM DEBUG: Initialize AveragePerceptronLearner ... 
12/13/2014 03:38:35 PM DEBUG: Loading data...
12/13/2014 03:38:35 PM DEBUG: Loading section 00 
12/13/2014 03:38:49 PM DEBUG: Loading section 01 
12/13/2014 03:39:05 PM DEBUG: Loading section 22 
12/13/2014 03:39:19 PM DEBUG: Loading section 24 
12/13/2014 03:39:29 PM DEBUG: Start evaluating ...
12/13/2014 03:39:29 PM INFO: Feature count: 10302575
12/13/2014 03:39:29 PM DEBUG: Data finishing 0.00% ...
12/13/2014 03:42:27 PM DEBUG: Data finishing 14.37% ...
12/13/2014 03:44:54 PM DEBUG: Data finishing 28.74% ...
12/13/2014 03:47:29 PM DEBUG: Data finishing 43.10% ...
12/13/2014 03:49:47 PM DEBUG: Data finishing 57.47% ...
12/13/2014 03:52:17 PM DEBUG: Data finishing 71.84% ...
12/13/2014 03:54:33 PM DEBUG: Data finishing 86.21% ...
12/13/2014 03:57:10 PM INFO: Unlabeled accuracy: 0.942144456284 (157389, 167054)
12/13/2014 03:57:10 PM INFO: Unlabeled attachment accuracy: 0.944458491845 (164349, 174014)
===============================================
Iter 7 :
12/13/2014 03:57:15 PM DEBUG: Loading Weight Vector from /cs/natlang-projects/glm-parser/new_results/weight/Spinal_Weight_Iter_6.db 
12/13/2014 03:57:31 PM DEBUG: Loading data...
12/13/2014 03:57:31 PM DEBUG: Loading data...
12/13/2014 03:57:31 PM DEBUG: Initialize AveragePerceptronLearner ... 
12/13/2014 03:57:31 PM DEBUG: Loading data...
12/13/2014 03:57:31 PM DEBUG: Loading section 00 
12/13/2014 03:57:46 PM DEBUG: Loading section 01 
12/13/2014 03:58:01 PM DEBUG: Loading section 22 
12/13/2014 03:58:15 PM DEBUG: Loading section 24 
12/13/2014 03:58:26 PM DEBUG: Start evaluating ...
12/13/2014 03:58:26 PM INFO: Feature count: 10342271
12/13/2014 03:58:26 PM DEBUG: Data finishing 0.00% ...
12/13/2014 04:01:30 PM DEBUG: Data finishing 14.37% ...
12/13/2014 04:04:01 PM DEBUG: Data finishing 28.74% ...
12/13/2014 04:06:41 PM DEBUG: Data finishing 43.10% ...
12/13/2014 04:09:04 PM DEBUG: Data finishing 57.47% ...
12/13/2014 04:11:38 PM DEBUG: Data finishing 71.84% ...
12/13/2014 04:13:58 PM DEBUG: Data finishing 86.21% ...
12/13/2014 04:16:40 PM INFO: Unlabeled accuracy: 0.941845151867 (157339, 167054)
12/13/2014 04:16:40 PM INFO: Unlabeled attachment accuracy: 0.944171158642 (164299, 174014)
===============================================
Iter 8 :
12/13/2014 04:16:44 PM DEBUG: Loading Weight Vector from /cs/natlang-projects/glm-parser/new_results/weight/Spinal_Weight_Iter_7.db 
12/13/2014 04:17:01 PM DEBUG: Loading data...
12/13/2014 04:17:01 PM DEBUG: Loading data...
12/13/2014 04:17:01 PM DEBUG: Initialize AveragePerceptronLearner ... 
12/13/2014 04:17:01 PM DEBUG: Loading data...
12/13/2014 04:17:01 PM DEBUG: Loading section 00 
12/13/2014 04:17:15 PM DEBUG: Loading section 01 
12/13/2014 04:17:31 PM DEBUG: Loading section 22 
12/13/2014 04:17:44 PM DEBUG: Loading section 24 
12/13/2014 04:17:55 PM DEBUG: Start evaluating ...
12/13/2014 04:17:55 PM INFO: Feature count: 10373455
12/13/2014 04:17:55 PM DEBUG: Data finishing 0.00% ...
12/13/2014 04:20:52 PM DEBUG: Data finishing 14.37% ...
12/13/2014 04:23:17 PM DEBUG: Data finishing 28.74% ...
12/13/2014 04:25:51 PM DEBUG: Data finishing 43.10% ...
12/13/2014 04:28:08 PM DEBUG: Data finishing 57.47% ...
12/13/2014 04:30:36 PM DEBUG: Data finishing 71.84% ...
12/13/2014 04:32:51 PM DEBUG: Data finishing 86.21% ...
12/13/2014 04:35:27 PM INFO: Unlabeled accuracy: 0.941887054485 (157346, 167054)
12/13/2014 04:35:27 PM INFO: Unlabeled attachment accuracy: 0.944211385291 (164306, 174014)
===============================================
Iter 9 :
12/13/2014 04:35:31 PM DEBUG: Loading Weight Vector from /cs/natlang-projects/glm-parser/new_results/weight/Spinal_Weight_Iter_8.db 
12/13/2014 04:35:48 PM DEBUG: Loading data...
12/13/2014 04:35:48 PM DEBUG: Loading data...
12/13/2014 04:35:48 PM DEBUG: Initialize AveragePerceptronLearner ... 
12/13/2014 04:35:48 PM DEBUG: Loading data...
12/13/2014 04:35:48 PM DEBUG: Loading section 00 
12/13/2014 04:36:02 PM DEBUG: Loading section 01 
12/13/2014 04:36:17 PM DEBUG: Loading section 22 
12/13/2014 04:36:31 PM DEBUG: Loading section 24 
12/13/2014 04:36:41 PM DEBUG: Start evaluating ...
12/13/2014 04:36:41 PM INFO: Feature count: 10398905
12/13/2014 04:36:41 PM DEBUG: Data finishing 0.00% ...
12/13/2014 04:39:41 PM DEBUG: Data finishing 14.37% ...
12/13/2014 04:42:08 PM DEBUG: Data finishing 28.74% ...
12/13/2014 04:44:44 PM DEBUG: Data finishing 43.10% ...
12/13/2014 04:47:03 PM DEBUG: Data finishing 57.47% ...
12/13/2014 04:49:33 PM DEBUG: Data finishing 71.84% ...
12/13/2014 04:51:50 PM DEBUG: Data finishing 86.21% ...
12/13/2014 04:54:27 PM INFO: Unlabeled accuracy: 0.941881068397 (157345, 167054)
12/13/2014 04:54:27 PM INFO: Unlabeled attachment accuracy: 0.944205638627 (164305, 174014)
===============================================
Iter 10 :
12/13/2014 04:54:33 PM DEBUG: Loading Weight Vector from /cs/natlang-projects/glm-parser/new_results/weight/Spinal_Weight_Iter_9.db 
12/13/2014 04:54:49 PM DEBUG: Loading data...
12/13/2014 04:54:49 PM DEBUG: Loading data...
12/13/2014 04:54:49 PM DEBUG: Initialize AveragePerceptronLearner ... 
12/13/2014 04:54:49 PM DEBUG: Loading data...
12/13/2014 04:54:49 PM DEBUG: Loading section 00 
12/13/2014 04:55:03 PM DEBUG: Loading section 01 
12/13/2014 04:55:18 PM DEBUG: Loading section 22 
12/13/2014 04:55:32 PM DEBUG: Loading section 24 
12/13/2014 04:55:42 PM DEBUG: Start evaluating ...
12/13/2014 04:55:42 PM INFO: Feature count: 10420623
12/13/2014 04:55:42 PM DEBUG: Data finishing 0.00% ...
12/13/2014 04:58:39 PM DEBUG: Data finishing 14.37% ...
12/13/2014 05:01:04 PM DEBUG: Data finishing 28.74% ...
12/13/2014 05:03:38 PM DEBUG: Data finishing 43.10% ...
12/13/2014 05:05:55 PM DEBUG: Data finishing 57.47% ...
12/13/2014 05:08:23 PM DEBUG: Data finishing 71.84% ...
12/13/2014 05:10:38 PM DEBUG: Data finishing 86.21% ...
12/13/2014 05:13:14 PM INFO: Unlabeled accuracy: 0.941928957104 (157353, 167054)
12/13/2014 05:13:14 PM INFO: Unlabeled attachment accuracy: 0.944251611939 (164313, 174014)
===============================================
Iter 11 :
12/13/2014 05:13:18 PM DEBUG: Loading Weight Vector from /cs/natlang-projects/glm-parser/new_results/weight/Spinal_Weight_Iter_10.db 
12/13/2014 05:13:33 PM DEBUG: Loading data...
12/13/2014 05:13:33 PM DEBUG: Loading data...
12/13/2014 05:13:33 PM DEBUG: Initialize AveragePerceptronLearner ... 
12/13/2014 05:13:33 PM DEBUG: Loading data...
12/13/2014 05:13:33 PM DEBUG: Loading section 00 
12/13/2014 05:13:47 PM DEBUG: Loading section 01 
12/13/2014 05:14:03 PM DEBUG: Loading section 22 
12/13/2014 05:14:17 PM DEBUG: Loading section 24 
12/13/2014 05:14:27 PM DEBUG: Start evaluating ...
12/13/2014 05:14:27 PM INFO: Feature count: 10437224
12/13/2014 05:14:27 PM DEBUG: Data finishing 0.00% ...
12/13/2014 05:17:25 PM DEBUG: Data finishing 14.37% ...
12/13/2014 05:19:50 PM DEBUG: Data finishing 28.74% ...
12/13/2014 05:22:25 PM DEBUG: Data finishing 43.10% ...
12/13/2014 05:24:42 PM DEBUG: Data finishing 57.47% ...
12/13/2014 05:27:11 PM DEBUG: Data finishing 71.84% ...
12/13/2014 05:29:26 PM DEBUG: Data finishing 86.21% ...
12/13/2014 05:32:02 PM INFO: Unlabeled accuracy: 0.941797263160 (157331, 167054)
12/13/2014 05:32:02 PM INFO: Unlabeled attachment accuracy: 0.944125185330 (164291, 174014)
===============================================
Iter 12 :
12/13/2014 05:32:07 PM DEBUG: Loading Weight Vector from /cs/natlang-projects/glm-parser/new_results/weight/Spinal_Weight_Iter_11.db 
12/13/2014 05:32:22 PM DEBUG: Loading data...
12/13/2014 05:32:22 PM DEBUG: Loading data...
12/13/2014 05:32:22 PM DEBUG: Initialize AveragePerceptronLearner ... 
12/13/2014 05:32:22 PM DEBUG: Loading data...
12/13/2014 05:32:22 PM DEBUG: Loading section 00 
12/13/2014 05:32:36 PM DEBUG: Loading section 01 
12/13/2014 05:32:52 PM DEBUG: Loading section 22 
12/13/2014 05:33:06 PM DEBUG: Loading section 24 
12/13/2014 05:33:17 PM DEBUG: Start evaluating ...
12/13/2014 05:33:17 PM INFO: Feature count: 10451538
12/13/2014 05:33:17 PM DEBUG: Data finishing 0.00% ...
12/13/2014 05:36:21 PM DEBUG: Data finishing 14.37% ...
12/13/2014 05:38:53 PM DEBUG: Data finishing 28.74% ...
12/13/2014 05:41:35 PM DEBUG: Data finishing 43.10% ...
12/13/2014 05:43:58 PM DEBUG: Data finishing 57.47% ...
12/13/2014 05:46:33 PM DEBUG: Data finishing 71.84% ...
12/13/2014 05:48:54 PM DEBUG: Data finishing 86.21% ...
12/13/2014 05:51:37 PM INFO: Unlabeled accuracy: 0.941701485747 (157315, 167054)
12/13/2014 05:51:37 PM INFO: Unlabeled attachment accuracy: 0.944033238705 (164275, 174014)
===============================================
Iter 13 :
12/13/2014 05:51:43 PM DEBUG: Loading Weight Vector from /cs/natlang-projects/glm-parser/new_results/weight/Spinal_Weight_Iter_12.db 
12/13/2014 05:51:58 PM DEBUG: Loading data...
12/13/2014 05:51:58 PM DEBUG: Loading data...
12/13/2014 05:51:58 PM DEBUG: Initialize AveragePerceptronLearner ... 
12/13/2014 05:51:58 PM DEBUG: Loading data...
12/13/2014 05:51:58 PM DEBUG: Loading section 00 
12/13/2014 05:52:12 PM DEBUG: Loading section 01 
12/13/2014 05:52:27 PM DEBUG: Loading section 22 
12/13/2014 05:52:41 PM DEBUG: Loading section 24 
12/13/2014 05:52:51 PM DEBUG: Start evaluating ...
12/13/2014 05:52:51 PM INFO: Feature count: 10465201
12/13/2014 05:52:51 PM DEBUG: Data finishing 0.00% ...
12/13/2014 05:55:48 PM DEBUG: Data finishing 14.37% ...
12/13/2014 05:58:14 PM DEBUG: Data finishing 28.74% ...
12/13/2014 06:00:48 PM DEBUG: Data finishing 43.10% ...
12/13/2014 06:03:05 PM DEBUG: Data finishing 57.47% ...
12/13/2014 06:05:34 PM DEBUG: Data finishing 71.84% ...
12/13/2014 06:07:49 PM DEBUG: Data finishing 86.21% ...
12/13/2014 06:10:25 PM INFO: Unlabeled accuracy: 0.941623666599 (157302, 167054)
12/13/2014 06:10:25 PM INFO: Unlabeled attachment accuracy: 0.943958532072 (164262, 174014)
===============================================
Iter 14 :
12/13/2014 06:10:30 PM DEBUG: Loading Weight Vector from /cs/natlang-projects/glm-parser/new_results/weight/Spinal_Weight_Iter_13.db 
12/13/2014 06:10:46 PM DEBUG: Loading data...
12/13/2014 06:10:46 PM DEBUG: Loading data...
12/13/2014 06:10:46 PM DEBUG: Initialize AveragePerceptronLearner ... 
12/13/2014 06:10:46 PM DEBUG: Loading data...
12/13/2014 06:10:46 PM DEBUG: Loading section 00 
12/13/2014 06:11:00 PM DEBUG: Loading section 01 
12/13/2014 06:11:16 PM DEBUG: Loading section 22 
12/13/2014 06:11:29 PM DEBUG: Loading section 24 
12/13/2014 06:11:39 PM DEBUG: Start evaluating ...
12/13/2014 06:11:39 PM INFO: Feature count: 10476563
12/13/2014 06:11:39 PM DEBUG: Data finishing 0.00% ...
12/13/2014 06:14:37 PM DEBUG: Data finishing 14.37% ...
12/13/2014 06:17:03 PM DEBUG: Data finishing 28.74% ...
12/13/2014 06:19:37 PM DEBUG: Data finishing 43.10% ...
12/13/2014 06:21:55 PM DEBUG: Data finishing 57.47% ...
12/13/2014 06:24:23 PM DEBUG: Data finishing 71.84% ...
12/13/2014 06:26:39 PM DEBUG: Data finishing 86.21% ...
12/13/2014 06:29:15 PM INFO: Unlabeled accuracy: 0.941731416189 (157320, 167054)
12/13/2014 06:29:15 PM INFO: Unlabeled attachment accuracy: 0.944061972025 (164280, 174014)
===============================================
Iter 15 :
12/13/2014 06:29:19 PM DEBUG: Loading Weight Vector from /cs/natlang-projects/glm-parser/new_results/weight/Spinal_Weight_Iter_14.db 
12/13/2014 06:29:35 PM DEBUG: Loading data...
12/13/2014 06:29:35 PM DEBUG: Loading data...
12/13/2014 06:29:35 PM DEBUG: Initialize AveragePerceptronLearner ... 
12/13/2014 06:29:35 PM DEBUG: Loading data...
12/13/2014 06:29:35 PM DEBUG: Loading section 00 
12/13/2014 06:29:49 PM DEBUG: Loading section 01 
12/13/2014 06:30:05 PM DEBUG: Loading section 22 
12/13/2014 06:30:19 PM DEBUG: Loading section 24 
12/13/2014 06:30:29 PM DEBUG: Start evaluating ...
12/13/2014 06:30:29 PM INFO: Feature count: 10487148
12/13/2014 06:30:29 PM DEBUG: Data finishing 0.00% ...
12/13/2014 06:33:26 PM DEBUG: Data finishing 14.37% ...
12/13/2014 06:35:51 PM DEBUG: Data finishing 28.74% ...
12/13/2014 06:38:26 PM DEBUG: Data finishing 43.10% ...
12/13/2014 06:40:43 PM DEBUG: Data finishing 57.47% ...
12/13/2014 06:43:11 PM DEBUG: Data finishing 71.84% ...
12/13/2014 06:45:27 PM DEBUG: Data finishing 86.21% ...
12/13/2014 06:48:03 PM INFO: Unlabeled accuracy: 0.941743388365 (157322, 167054)
12/13/2014 06:48:03 PM INFO: Unlabeled attachment accuracy: 0.944073465353 (164282, 174014)
===============================================
Iter 16 :
12/13/2014 06:48:08 PM DEBUG: Loading Weight Vector from /cs/natlang-projects/glm-parser/new_results/weight/Spinal_Weight_Iter_15.db 
12/13/2014 06:48:24 PM DEBUG: Loading data...
12/13/2014 06:48:24 PM DEBUG: Loading data...
12/13/2014 06:48:24 PM DEBUG: Initialize AveragePerceptronLearner ... 
12/13/2014 06:48:24 PM DEBUG: Loading data...
12/13/2014 06:48:24 PM DEBUG: Loading section 00 
12/13/2014 06:48:38 PM DEBUG: Loading section 01 
12/13/2014 06:48:53 PM DEBUG: Loading section 22 
12/13/2014 06:49:07 PM DEBUG: Loading section 24 
12/13/2014 06:49:17 PM DEBUG: Start evaluating ...
12/13/2014 06:49:17 PM INFO: Feature count: 10496335
12/13/2014 06:49:17 PM DEBUG: Data finishing 0.00% ...
12/13/2014 06:52:16 PM DEBUG: Data finishing 14.37% ...
12/13/2014 06:54:42 PM DEBUG: Data finishing 28.74% ...
12/13/2014 06:57:17 PM DEBUG: Data finishing 43.10% ...
12/13/2014 06:59:35 PM DEBUG: Data finishing 57.47% ...
12/13/2014 07:02:04 PM DEBUG: Data finishing 71.84% ...
12/13/2014 07:04:21 PM DEBUG: Data finishing 86.21% ...
12/13/2014 07:06:57 PM INFO: Unlabeled accuracy: 0.941611694422 (157300, 167054)
12/13/2014 07:06:57 PM INFO: Unlabeled attachment accuracy: 0.943947038744 (164260, 174014)
===============================================
Iter 17 :
12/13/2014 07:07:02 PM DEBUG: Loading Weight Vector from /cs/natlang-projects/glm-parser/new_results/weight/Spinal_Weight_Iter_16.db 
12/13/2014 07:07:17 PM DEBUG: Loading data...
12/13/2014 07:07:17 PM DEBUG: Loading data...
12/13/2014 07:07:17 PM DEBUG: Initialize AveragePerceptronLearner ... 
12/13/2014 07:07:17 PM DEBUG: Loading data...
12/13/2014 07:07:17 PM DEBUG: Loading section 00 
12/13/2014 07:07:31 PM DEBUG: Loading section 01 
12/13/2014 07:07:47 PM DEBUG: Loading section 22 
12/13/2014 07:08:00 PM DEBUG: Loading section 24 
12/13/2014 07:08:10 PM DEBUG: Start evaluating ...
12/13/2014 07:08:10 PM INFO: Feature count: 10505453
12/13/2014 07:08:10 PM DEBUG: Data finishing 0.00% ...
12/13/2014 07:11:03 PM DEBUG: Data finishing 14.37% ...
12/13/2014 07:13:25 PM DEBUG: Data finishing 28.74% ...
12/13/2014 07:15:56 PM DEBUG: Data finishing 43.10% ...
12/13/2014 07:18:10 PM DEBUG: Data finishing 57.47% ...
12/13/2014 07:20:36 PM DEBUG: Data finishing 71.84% ...
12/13/2014 07:22:48 PM DEBUG: Data finishing 86.21% ...
12/13/2014 07:25:20 PM INFO: Unlabeled accuracy: 0.941354292624 (157257, 167054)
12/13/2014 07:25:20 PM INFO: Unlabeled attachment accuracy: 0.943699932189 (164217, 174014)
===============================================
Iter 18 :
12/13/2014 07:25:25 PM DEBUG: Loading Weight Vector from /cs/natlang-projects/glm-parser/new_results/weight/Spinal_Weight_Iter_17.db 
12/13/2014 07:25:41 PM DEBUG: Loading data...
12/13/2014 07:25:41 PM DEBUG: Loading data...
12/13/2014 07:25:41 PM DEBUG: Initialize AveragePerceptronLearner ... 
12/13/2014 07:25:41 PM DEBUG: Loading data...
12/13/2014 07:25:41 PM DEBUG: Loading section 00 
12/13/2014 07:25:55 PM DEBUG: Loading section 01 
12/13/2014 07:26:11 PM DEBUG: Loading section 22 
12/13/2014 07:26:25 PM DEBUG: Loading section 24 
12/13/2014 07:26:35 PM DEBUG: Start evaluating ...
12/13/2014 07:26:35 PM INFO: Feature count: 10513245
12/13/2014 07:26:35 PM DEBUG: Data finishing 0.00% ...
12/13/2014 07:29:31 PM DEBUG: Data finishing 14.37% ...
12/13/2014 07:31:56 PM DEBUG: Data finishing 28.74% ...
12/13/2014 07:34:30 PM DEBUG: Data finishing 43.10% ...
12/13/2014 07:36:47 PM DEBUG: Data finishing 57.47% ...
12/13/2014 07:39:14 PM DEBUG: Data finishing 71.84% ...
12/13/2014 07:41:29 PM DEBUG: Data finishing 86.21% ...
12/13/2014 07:44:05 PM INFO: Unlabeled accuracy: 0.941102876914 (157215, 167054)
12/13/2014 07:44:05 PM INFO: Unlabeled attachment accuracy: 0.943458572299 (164175, 174014)
===============================================
Iter 19 :
12/13/2014 07:44:10 PM DEBUG: Loading Weight Vector from /cs/natlang-projects/glm-parser/new_results/weight/Spinal_Weight_Iter_18.db 
12/13/2014 07:44:26 PM DEBUG: Loading data...
12/13/2014 07:44:26 PM DEBUG: Loading data...
12/13/2014 07:44:26 PM DEBUG: Initialize AveragePerceptronLearner ... 
12/13/2014 07:44:26 PM DEBUG: Loading data...
12/13/2014 07:44:26 PM DEBUG: Loading section 00 
12/13/2014 07:44:40 PM DEBUG: Loading section 01 
12/13/2014 07:44:56 PM DEBUG: Loading section 22 
12/13/2014 07:45:10 PM DEBUG: Loading section 24 
12/13/2014 07:45:20 PM DEBUG: Start evaluating ...
12/13/2014 07:45:20 PM INFO: Feature count: 10520667
12/13/2014 07:45:20 PM DEBUG: Data finishing 0.00% ...
12/13/2014 07:48:18 PM DEBUG: Data finishing 14.37% ...
12/13/2014 07:50:44 PM DEBUG: Data finishing 28.74% ...
12/13/2014 07:53:19 PM DEBUG: Data finishing 43.10% ...
12/13/2014 07:55:37 PM DEBUG: Data finishing 57.47% ...
12/13/2014 07:58:07 PM DEBUG: Data finishing 71.84% ...
12/13/2014 08:00:23 PM DEBUG: Data finishing 86.21% ...
12/13/2014 08:03:00 PM INFO: Unlabeled accuracy: 0.940989141236 (157196, 167054)
12/13/2014 08:03:00 PM INFO: Unlabeled attachment accuracy: 0.943349385682 (164156, 174014)
===============================================
Iter 20 :
12/13/2014 08:03:04 PM DEBUG: Loading Weight Vector from /cs/natlang-projects/glm-parser/new_results/weight/Spinal_Weight_Iter_19.db 
12/13/2014 08:03:20 PM DEBUG: Loading data...
12/13/2014 08:03:20 PM DEBUG: Loading data...
12/13/2014 08:03:20 PM DEBUG: Initialize AveragePerceptronLearner ... 
12/13/2014 08:03:20 PM DEBUG: Loading data...
12/13/2014 08:03:20 PM DEBUG: Loading section 00 
12/13/2014 08:03:35 PM DEBUG: Loading section 01 
12/13/2014 08:03:50 PM DEBUG: Loading section 22 
12/13/2014 08:04:04 PM DEBUG: Loading section 24 
12/13/2014 08:04:14 PM DEBUG: Start evaluating ...
12/13/2014 08:04:14 PM INFO: Feature count: 10527897
12/13/2014 08:04:14 PM DEBUG: Data finishing 0.00% ...
12/13/2014 08:07:09 PM DEBUG: Data finishing 14.37% ...
12/13/2014 08:09:32 PM DEBUG: Data finishing 28.74% ...
12/13/2014 08:12:05 PM DEBUG: Data finishing 43.10% ...
12/13/2014 08:14:21 PM DEBUG: Data finishing 57.47% ...
12/13/2014 08:16:48 PM DEBUG: Data finishing 71.84% ...
12/13/2014 08:19:02 PM DEBUG: Data finishing 86.21% ...
12/13/2014 08:21:36 PM INFO: Unlabeled accuracy: 0.940995127324 (157197, 167054)
12/13/2014 08:21:36 PM INFO: Unlabeled attachment accuracy: 0.943355132346 (164157, 174014)
